[0.099s] Invoking command in '/home/fsp/TE3001-Robotics_Fundamentals/ROS2/xArm_ws/build/xarm_sdk': CMAKE_PREFIX_PATH=/opt/ros/humble /usr/bin/cmake /home/fsp/TE3001-Robotics_Fundamentals/ROS2/xArm_ws/src/xarm_ros2/xarm_sdk -DAMENT_CMAKE_SYMLINK_INSTALL=1 -DCMAKE_INSTALL_PREFIX=/home/fsp/TE3001-Robotics_Fundamentals/ROS2/xArm_ws/install/xarm_sdk
[0.208s] -- The C compiler identification is GNU 11.4.0
[0.347s] -- The CXX compiler identification is GNU 11.4.0
[0.362s] -- Detecting C compiler ABI info
[0.473s] -- Detecting C compiler ABI info - done
[0.490s] -- Check for working C compiler: /usr/bin/cc - skipped
[0.490s] -- Detecting C compile features
[0.491s] -- Detecting C compile features - done
[0.501s] -- Detecting CXX compiler ABI info
[0.694s] -- Detecting CXX compiler ABI info - done
[0.718s] -- Check for working CXX compiler: /usr/bin/c++ - skipped
[0.719s] -- Detecting CXX compile features
[0.720s] -- Detecting CXX compile features - done
[0.730s] -- Found ament_cmake: 1.3.8 (/opt/ros/humble/share/ament_cmake/cmake)
[1.061s] -- Found Python3: /usr/bin/python3 (found version "3.10.12") found components: Interpreter 
[1.223s] -- Override CMake install command with custom implementation using symlinks instead of copying resources
[1.288s] -- Found ament_lint_auto: 0.12.10 (/opt/ros/humble/share/ament_lint_auto/cmake)
[1.443s] [31mCMake Error at CMakeLists.txt:57 (message):
[1.444s]   xarm_sdk contains sub-modules, Please use the following command to get or
[1.444s]   update the sub-module code first
[1.444s] 
[1.444s]     $ git pull
[1.444s]     $ git submodule sync
[1.444s]     $ git submodule update --init --remote
[1.445s] 
[1.445s] [0m
[1.445s] -- Configuring incomplete, errors occurred!
[1.445s] See also "/home/fsp/TE3001-Robotics_Fundamentals/ROS2/xArm_ws/build/xarm_sdk/CMakeFiles/CMakeOutput.log".
[1.456s] Invoked command in '/home/fsp/TE3001-Robotics_Fundamentals/ROS2/xArm_ws/build/xarm_sdk' returned '1': CMAKE_PREFIX_PATH=/opt/ros/humble /usr/bin/cmake /home/fsp/TE3001-Robotics_Fundamentals/ROS2/xArm_ws/src/xarm_ros2/xarm_sdk -DAMENT_CMAKE_SYMLINK_INSTALL=1 -DCMAKE_INSTALL_PREFIX=/home/fsp/TE3001-Robotics_Fundamentals/ROS2/xArm_ws/install/xarm_sdk
