[2.268s] Invoking command in '/home/fsp/puzzle_bot/Week1_ws/src/courseworks': PYTHONPATH=/home/fsp/puzzle_bot/Week1_ws/build/courseworks/prefix_override:/home/fsp/puzzle_bot/Week1_ws/install/courseworks/lib/python3.10/site-packages:${PYTHONPATH} /usr/bin/python3 setup.py egg_info --egg-base ../../build/courseworks build --build-base /home/fsp/puzzle_bot/Week1_ws/build/courseworks/build install --record /home/fsp/puzzle_bot/Week1_ws/build/courseworks/install.log --single-version-externally-managed
[2.944s] running egg_info
[2.945s] writing ../../build/courseworks/courseworks.egg-info/PKG-INFO
[2.948s] writing dependency_links to ../../build/courseworks/courseworks.egg-info/dependency_links.txt
[2.951s] writing entry points to ../../build/courseworks/courseworks.egg-info/entry_points.txt
[2.951s] writing requirements to ../../build/courseworks/courseworks.egg-info/requires.txt
[2.951s] writing top-level names to ../../build/courseworks/courseworks.egg-info/top_level.txt
[2.951s] reading manifest file '../../build/courseworks/courseworks.egg-info/SOURCES.txt'
[2.954s] writing manifest file '../../build/courseworks/courseworks.egg-info/SOURCES.txt'
[2.954s] running build
[2.955s] running build_py
[2.955s] copying courseworks/process.py -> /home/fsp/puzzle_bot/Week1_ws/build/courseworks/build/lib/courseworks
[2.955s] running install
[2.955s] /usr/lib/python3/dist-packages/setuptools/command/install.py:34: SetuptoolsDeprecationWarning: setup.py install is deprecated. Use build and pip and other standards-based tools.
[2.955s]   warnings.warn(
[2.955s] running install_lib
[2.957s] copying /home/fsp/puzzle_bot/Week1_ws/build/courseworks/build/lib/courseworks/process.py -> /home/fsp/puzzle_bot/Week1_ws/install/courseworks/lib/python3.10/site-packages/courseworks
[2.958s] byte-compiling /home/fsp/puzzle_bot/Week1_ws/install/courseworks/lib/python3.10/site-packages/courseworks/process.py to process.cpython-310.pyc
[2.960s] running install_data
[2.963s] running install_egg_info
[2.965s] removing '/home/fsp/puzzle_bot/Week1_ws/install/courseworks/lib/python3.10/site-packages/courseworks-0.0.0-py3.10.egg-info' (and everything under it)
[2.966s] Copying ../../build/courseworks/courseworks.egg-info to /home/fsp/puzzle_bot/Week1_ws/install/courseworks/lib/python3.10/site-packages/courseworks-0.0.0-py3.10.egg-info
[2.968s] running install_scripts
[3.018s] Installing process script to /home/fsp/puzzle_bot/Week1_ws/install/courseworks/lib/courseworks
[3.019s] Installing signal_generator script to /home/fsp/puzzle_bot/Week1_ws/install/courseworks/lib/courseworks
[3.020s] writing list of installed files to '/home/fsp/puzzle_bot/Week1_ws/build/courseworks/install.log'
[3.067s] Invoked command in '/home/fsp/puzzle_bot/Week1_ws/src/courseworks' returned '0': PYTHONPATH=/home/fsp/puzzle_bot/Week1_ws/build/courseworks/prefix_override:/home/fsp/puzzle_bot/Week1_ws/install/courseworks/lib/python3.10/site-packages:${PYTHONPATH} /usr/bin/python3 setup.py egg_info --egg-base ../../build/courseworks build --build-base /home/fsp/puzzle_bot/Week1_ws/build/courseworks/build install --record /home/fsp/puzzle_bot/Week1_ws/build/courseworks/install.log --single-version-externally-managed
