[3.239s] Invoking command in '/home/fsp/TE3001-Robotics_Fundamentals/ROS2/miniChallenges_ws/build/courseworks': PYTHONPATH=/home/fsp/TE3001-Robotics_Fundamentals/ROS2/miniChallenges_ws/build/courseworks/prefix_override:/home/fsp/TE3001-Robotics_Fundamentals/ROS2/miniChallenges_ws/install/courseworks/lib/python3.10/site-packages:${PYTHONPATH} /usr/bin/python3 setup.py develop --editable --build-directory /home/fsp/TE3001-Robotics_Fundamentals/ROS2/miniChallenges_ws/build/courseworks/build --no-deps install_data
[4.009s] running develop
[4.009s] /usr/lib/python3/dist-packages/setuptools/command/easy_install.py:158: EasyInstallDeprecationWarning: easy_install command is deprecated. Use build and pip and other standards-based tools.
[4.009s]   warnings.warn(
[4.011s] /usr/lib/python3/dist-packages/setuptools/command/install.py:34: SetuptoolsDeprecationWarning: setup.py install is deprecated. Use build and pip and other standards-based tools.
[4.012s]   warnings.warn(
[4.469s] running egg_info
[4.470s] writing courseworks.egg-info/PKG-INFO
[4.470s] writing dependency_links to courseworks.egg-info/dependency_links.txt
[4.471s] writing entry points to courseworks.egg-info/entry_points.txt
[4.471s] writing requirements to courseworks.egg-info/requires.txt
[4.471s] writing top-level names to courseworks.egg-info/top_level.txt
[4.476s] reading manifest file 'courseworks.egg-info/SOURCES.txt'
[4.479s] writing manifest file 'courseworks.egg-info/SOURCES.txt'
[4.482s] running build_ext
[4.483s] Creating /home/fsp/TE3001-Robotics_Fundamentals/ROS2/miniChallenges_ws/install/courseworks/lib/python3.10/site-packages/courseworks.egg-link (link to .)
[4.485s] Installing process script to /home/fsp/TE3001-Robotics_Fundamentals/ROS2/miniChallenges_ws/install/courseworks/lib/courseworks
[4.486s] Installing signal_generator script to /home/fsp/TE3001-Robotics_Fundamentals/ROS2/miniChallenges_ws/install/courseworks/lib/courseworks
[4.486s] 
[4.486s] Installed /home/fsp/TE3001-Robotics_Fundamentals/ROS2/miniChallenges_ws/build/courseworks
[4.486s] running install_data
