[1.571s] Invoking command in '/home/fsp/puzzle_bot/Week1_ws/src/courseworks': PYTHONPATH=/home/fsp/puzzle_bot/Week1_ws/build/courseworks/prefix_override:/home/fsp/puzzle_bot/Week1_ws/install/courseworks/lib/python3.10/site-packages:${PYTHONPATH} /usr/bin/python3 setup.py egg_info --egg-base ../../build/courseworks build --build-base /home/fsp/puzzle_bot/Week1_ws/build/courseworks/build install --record /home/fsp/puzzle_bot/Week1_ws/build/courseworks/install.log --single-version-externally-managed
[1.921s] running egg_info
[1.922s] writing ../../build/courseworks/courseworks.egg-info/PKG-INFO
[1.923s] writing dependency_links to ../../build/courseworks/courseworks.egg-info/dependency_links.txt
[1.923s] writing entry points to ../../build/courseworks/courseworks.egg-info/entry_points.txt
[1.924s] writing requirements to ../../build/courseworks/courseworks.egg-info/requires.txt
[1.924s] writing top-level names to ../../build/courseworks/courseworks.egg-info/top_level.txt
[1.927s] reading manifest file '../../build/courseworks/courseworks.egg-info/SOURCES.txt'
[1.930s] writing manifest file '../../build/courseworks/courseworks.egg-info/SOURCES.txt'
[1.930s] running build
[1.930s] running build_py
[1.930s] copying courseworks/process.py -> /home/fsp/puzzle_bot/Week1_ws/build/courseworks/build/lib/courseworks
[1.931s] running install
[1.932s] /usr/lib/python3/dist-packages/setuptools/command/install.py:34: SetuptoolsDeprecationWarning: setup.py install is deprecated. Use build and pip and other standards-based tools.
[1.932s]   warnings.warn(
[1.932s] running install_lib
[1.934s] copying /home/fsp/puzzle_bot/Week1_ws/build/courseworks/build/lib/courseworks/process.py -> /home/fsp/puzzle_bot/Week1_ws/install/courseworks/lib/python3.10/site-packages/courseworks
[1.935s] byte-compiling /home/fsp/puzzle_bot/Week1_ws/install/courseworks/lib/python3.10/site-packages/courseworks/process.py to process.cpython-310.pyc
[1.937s] running install_data
[1.938s] running install_egg_info
[1.941s] removing '/home/fsp/puzzle_bot/Week1_ws/install/courseworks/lib/python3.10/site-packages/courseworks-0.0.0-py3.10.egg-info' (and everything under it)
[1.942s] Copying ../../build/courseworks/courseworks.egg-info to /home/fsp/puzzle_bot/Week1_ws/install/courseworks/lib/python3.10/site-packages/courseworks-0.0.0-py3.10.egg-info
[1.943s] running install_scripts
[1.971s] Installing process script to /home/fsp/puzzle_bot/Week1_ws/install/courseworks/lib/courseworks
[1.972s] Installing signal_generator script to /home/fsp/puzzle_bot/Week1_ws/install/courseworks/lib/courseworks
[1.972s] writing list of installed files to '/home/fsp/puzzle_bot/Week1_ws/build/courseworks/install.log'
[2.015s] Invoked command in '/home/fsp/puzzle_bot/Week1_ws/src/courseworks' returned '0': PYTHONPATH=/home/fsp/puzzle_bot/Week1_ws/build/courseworks/prefix_override:/home/fsp/puzzle_bot/Week1_ws/install/courseworks/lib/python3.10/site-packages:${PYTHONPATH} /usr/bin/python3 setup.py egg_info --egg-base ../../build/courseworks build --build-base /home/fsp/puzzle_bot/Week1_ws/build/courseworks/build install --record /home/fsp/puzzle_bot/Week1_ws/build/courseworks/install.log --single-version-externally-managed
