[2.009s] DEBUG:colcon:Command line arguments: ['/usr/bin/colcon', 'build']
[2.010s] DEBUG:colcon:Parsed command line arguments: Namespace(log_base=None, log_level=None, verb_name='build', build_base='build', install_base='install', merge_install=False, symlink_install=False, test_result_base=None, continue_on_error=False, executor='parallel', parallel_workers=4, event_handlers=None, ignore_user_meta=False, metas=['./colcon.meta'], base_paths=['.'], packages_ignore=None, packages_ignore_regex=None, paths=None, packages_up_to=None, packages_up_to_regex=None, packages_above=None, packages_above_and_dependencies=None, packages_above_depth=None, packages_select_by_dep=None, packages_skip_by_dep=None, packages_skip_up_to=None, packages_select_build_failed=False, packages_skip_build_finished=False, packages_select_test_failures=False, packages_skip_test_passed=False, packages_select=None, packages_skip=None, packages_select_regex=None, packages_skip_regex=None, packages_start=None, packages_end=None, allow_overriding=[], cmake_args=None, cmake_target=None, cmake_target_skip_unavailable=False, cmake_clean_cache=False, cmake_clean_first=False, cmake_force_configure=False, ament_cmake_args=None, catkin_cmake_args=None, catkin_skip_building_tests=False, verb_parser=<colcon_defaults.argument_parser.defaults.DefaultArgumentsDecorator object at 0x7f737550e590>, verb_extension=<colcon_core.verb.build.BuildVerb object at 0x7f73759c7700>, main=<bound method BuildVerb.main of <colcon_core.verb.build.BuildVerb object at 0x7f73759c7700>>)
[2.132s] Level 1:colcon.colcon_core.package_discovery:discover_packages(colcon_meta) check parameters
[2.133s] Level 1:colcon.colcon_core.package_discovery:discover_packages(recursive) check parameters
[2.133s] Level 1:colcon.colcon_core.package_discovery:discover_packages(ignore) check parameters
[2.133s] Level 1:colcon.colcon_core.package_discovery:discover_packages(path) check parameters
[2.133s] Level 1:colcon.colcon_core.package_discovery:discover_packages(colcon_meta) discover
[2.133s] Level 1:colcon.colcon_core.package_discovery:discover_packages(recursive) discover
[2.133s] INFO:colcon.colcon_core.package_discovery:Crawling recursively for packages in '/home/fsp/ROS2_puzzle_bot/Week1_ws'
[2.134s] Level 1:colcon.colcon_core.package_identification:_identify(.) by extensions ['ignore', 'ignore_ament_install']
[2.134s] Level 1:colcon.colcon_core.package_identification:_identify(.) by extension 'ignore'
[2.134s] Level 1:colcon.colcon_core.package_identification:_identify(.) by extension 'ignore_ament_install'
[2.134s] Level 1:colcon.colcon_core.package_identification:_identify(.) by extensions ['colcon_pkg']
[2.134s] Level 1:colcon.colcon_core.package_identification:_identify(.) by extension 'colcon_pkg'
[2.135s] Level 1:colcon.colcon_core.package_identification:_identify(.) by extensions ['colcon_meta']
[2.135s] Level 1:colcon.colcon_core.package_identification:_identify(.) by extension 'colcon_meta'
[2.135s] Level 1:colcon.colcon_core.package_identification:_identify(.) by extensions ['ros']
[2.135s] Level 1:colcon.colcon_core.package_identification:_identify(.) by extension 'ros'
[2.167s] Level 1:colcon.colcon_core.package_identification:_identify(.) by extensions ['cmake', 'python']
[2.167s] Level 1:colcon.colcon_core.package_identification:_identify(.) by extension 'cmake'
[2.167s] Level 1:colcon.colcon_core.package_identification:_identify(.) by extension 'python'
[2.167s] Level 1:colcon.colcon_core.package_identification:_identify(.) by extensions ['python_setup_py']
[2.167s] Level 1:colcon.colcon_core.package_identification:_identify(.) by extension 'python_setup_py'
[2.168s] Level 1:colcon.colcon_core.package_identification:_identify(build) by extensions ['ignore', 'ignore_ament_install']
[2.168s] Level 1:colcon.colcon_core.package_identification:_identify(build) by extension 'ignore'
[2.168s] Level 1:colcon.colcon_core.package_identification:_identify(build) ignored
[2.168s] Level 1:colcon.colcon_core.package_identification:_identify(install) by extensions ['ignore', 'ignore_ament_install']
[2.168s] Level 1:colcon.colcon_core.package_identification:_identify(install) by extension 'ignore'
[2.169s] Level 1:colcon.colcon_core.package_identification:_identify(install) ignored
[2.169s] Level 1:colcon.colcon_core.package_identification:_identify(log) by extensions ['ignore', 'ignore_ament_install']
[2.170s] Level 1:colcon.colcon_core.package_identification:_identify(log) by extension 'ignore'
[2.170s] Level 1:colcon.colcon_core.package_identification:_identify(log) ignored
[2.171s] Level 1:colcon.colcon_core.package_identification:_identify(src) by extensions ['ignore', 'ignore_ament_install']
[2.171s] Level 1:colcon.colcon_core.package_identification:_identify(src) by extension 'ignore'
[2.171s] Level 1:colcon.colcon_core.package_identification:_identify(src) by extension 'ignore_ament_install'
[2.172s] Level 1:colcon.colcon_core.package_identification:_identify(src) by extensions ['colcon_pkg']
[2.172s] Level 1:colcon.colcon_core.package_identification:_identify(src) by extension 'colcon_pkg'
[2.172s] Level 1:colcon.colcon_core.package_identification:_identify(src) by extensions ['colcon_meta']
[2.172s] Level 1:colcon.colcon_core.package_identification:_identify(src) by extension 'colcon_meta'
[2.172s] Level 1:colcon.colcon_core.package_identification:_identify(src) by extensions ['ros']
[2.172s] Level 1:colcon.colcon_core.package_identification:_identify(src) by extension 'ros'
[2.172s] Level 1:colcon.colcon_core.package_identification:_identify(src) by extensions ['cmake', 'python']
[2.172s] Level 1:colcon.colcon_core.package_identification:_identify(src) by extension 'cmake'
[2.173s] Level 1:colcon.colcon_core.package_identification:_identify(src) by extension 'python'
[2.173s] Level 1:colcon.colcon_core.package_identification:_identify(src) by extensions ['python_setup_py']
[2.173s] Level 1:colcon.colcon_core.package_identification:_identify(src) by extension 'python_setup_py'
[2.173s] Level 1:colcon.colcon_core.package_identification:_identify(src/basic_comms) by extensions ['ignore', 'ignore_ament_install']
[2.174s] Level 1:colcon.colcon_core.package_identification:_identify(src/basic_comms) by extension 'ignore'
[2.174s] Level 1:colcon.colcon_core.package_identification:_identify(src/basic_comms) by extension 'ignore_ament_install'
[2.174s] Level 1:colcon.colcon_core.package_identification:_identify(src/basic_comms) by extensions ['colcon_pkg']
[2.175s] Level 1:colcon.colcon_core.package_identification:_identify(src/basic_comms) by extension 'colcon_pkg'
[2.175s] Level 1:colcon.colcon_core.package_identification:_identify(src/basic_comms) by extensions ['colcon_meta']
[2.175s] Level 1:colcon.colcon_core.package_identification:_identify(src/basic_comms) by extension 'colcon_meta'
[2.175s] Level 1:colcon.colcon_core.package_identification:_identify(src/basic_comms) by extensions ['ros']
[2.175s] Level 1:colcon.colcon_core.package_identification:_identify(src/basic_comms) by extension 'ros'
[2.181s] DEBUG:colcon.colcon_core.package_identification:Package 'src/basic_comms' with type 'ros.ament_python' and name 'basic_comms'
[2.181s] Level 1:colcon.colcon_core.package_identification:_identify(src/courseworks) by extensions ['ignore', 'ignore_ament_install']
[2.181s] Level 1:colcon.colcon_core.package_identification:_identify(src/courseworks) by extension 'ignore'
[2.182s] Level 1:colcon.colcon_core.package_identification:_identify(src/courseworks) by extension 'ignore_ament_install'
[2.182s] Level 1:colcon.colcon_core.package_identification:_identify(src/courseworks) by extensions ['colcon_pkg']
[2.182s] Level 1:colcon.colcon_core.package_identification:_identify(src/courseworks) by extension 'colcon_pkg'
[2.182s] Level 1:colcon.colcon_core.package_identification:_identify(src/courseworks) by extensions ['colcon_meta']
[2.182s] Level 1:colcon.colcon_core.package_identification:_identify(src/courseworks) by extension 'colcon_meta'
[2.182s] Level 1:colcon.colcon_core.package_identification:_identify(src/courseworks) by extensions ['ros']
[2.182s] Level 1:colcon.colcon_core.package_identification:_identify(src/courseworks) by extension 'ros'
[2.184s] DEBUG:colcon.colcon_core.package_identification:Package 'src/courseworks' with type 'ros.ament_python' and name 'courseworks'
[2.184s] Level 1:colcon.colcon_core.package_discovery:discover_packages(recursive) using defaults
[2.184s] Level 1:colcon.colcon_core.package_discovery:discover_packages(ignore) discover
[2.184s] Level 1:colcon.colcon_core.package_discovery:discover_packages(ignore) using defaults
[2.184s] Level 1:colcon.colcon_core.package_discovery:discover_packages(path) discover
[2.184s] Level 1:colcon.colcon_core.package_discovery:discover_packages(path) using defaults
[2.420s] Level 1:colcon.colcon_core.package_discovery:discover_packages(prefix_path) check parameters
[2.420s] Level 1:colcon.colcon_core.package_discovery:discover_packages(prefix_path) discover
[2.489s] DEBUG:colcon.colcon_installed_package_information.package_discovery:Found 2 installed packages in /home/fsp/ROS2_puzzle_bot/Week1_ws/install
[2.532s] DEBUG:colcon.colcon_installed_package_information.package_discovery:Found 272 installed packages in /opt/ros/humble
[2.536s] Level 1:colcon.colcon_core.package_discovery:discover_packages(prefix_path) using defaults
[2.783s] Level 5:colcon.colcon_core.verb:set package 'basic_comms' build argument 'cmake_args' from command line to 'None'
[2.783s] Level 5:colcon.colcon_core.verb:set package 'basic_comms' build argument 'cmake_target' from command line to 'None'
[2.783s] Level 5:colcon.colcon_core.verb:set package 'basic_comms' build argument 'cmake_target_skip_unavailable' from command line to 'False'
[2.783s] Level 5:colcon.colcon_core.verb:set package 'basic_comms' build argument 'cmake_clean_cache' from command line to 'False'
[2.783s] Level 5:colcon.colcon_core.verb:set package 'basic_comms' build argument 'cmake_clean_first' from command line to 'False'
[2.783s] Level 5:colcon.colcon_core.verb:set package 'basic_comms' build argument 'cmake_force_configure' from command line to 'False'
[2.783s] Level 5:colcon.colcon_core.verb:set package 'basic_comms' build argument 'ament_cmake_args' from command line to 'None'
[2.783s] Level 5:colcon.colcon_core.verb:set package 'basic_comms' build argument 'catkin_cmake_args' from command line to 'None'
[2.783s] Level 5:colcon.colcon_core.verb:set package 'basic_comms' build argument 'catkin_skip_building_tests' from command line to 'False'
[2.783s] DEBUG:colcon.colcon_core.verb:Building package 'basic_comms' with the following arguments: {'ament_cmake_args': None, 'build_base': '/home/fsp/ROS2_puzzle_bot/Week1_ws/build/basic_comms', 'catkin_cmake_args': None, 'catkin_skip_building_tests': False, 'cmake_args': None, 'cmake_clean_cache': False, 'cmake_clean_first': False, 'cmake_force_configure': False, 'cmake_target': None, 'cmake_target_skip_unavailable': False, 'install_base': '/home/fsp/ROS2_puzzle_bot/Week1_ws/install/basic_comms', 'merge_install': False, 'path': '/home/fsp/ROS2_puzzle_bot/Week1_ws/src/basic_comms', 'symlink_install': False, 'test_result_base': None}
[2.836s] Level 5:colcon.colcon_core.verb:set package 'courseworks' build argument 'cmake_args' from command line to 'None'
[2.836s] Level 5:colcon.colcon_core.verb:set package 'courseworks' build argument 'cmake_target' from command line to 'None'
[2.836s] Level 5:colcon.colcon_core.verb:set package 'courseworks' build argument 'cmake_target_skip_unavailable' from command line to 'False'
[2.836s] Level 5:colcon.colcon_core.verb:set package 'courseworks' build argument 'cmake_clean_cache' from command line to 'False'
[2.836s] Level 5:colcon.colcon_core.verb:set package 'courseworks' build argument 'cmake_clean_first' from command line to 'False'
[2.836s] Level 5:colcon.colcon_core.verb:set package 'courseworks' build argument 'cmake_force_configure' from command line to 'False'
[2.837s] Level 5:colcon.colcon_core.verb:set package 'courseworks' build argument 'ament_cmake_args' from command line to 'None'
[2.837s] Level 5:colcon.colcon_core.verb:set package 'courseworks' build argument 'catkin_cmake_args' from command line to 'None'
[2.837s] Level 5:colcon.colcon_core.verb:set package 'courseworks' build argument 'catkin_skip_building_tests' from command line to 'False'
[2.837s] DEBUG:colcon.colcon_core.verb:Building package 'courseworks' with the following arguments: {'ament_cmake_args': None, 'build_base': '/home/fsp/ROS2_puzzle_bot/Week1_ws/build/courseworks', 'catkin_cmake_args': None, 'catkin_skip_building_tests': False, 'cmake_args': None, 'cmake_clean_cache': False, 'cmake_clean_first': False, 'cmake_force_configure': False, 'cmake_target': None, 'cmake_target_skip_unavailable': False, 'install_base': '/home/fsp/ROS2_puzzle_bot/Week1_ws/install/courseworks', 'merge_install': False, 'path': '/home/fsp/ROS2_puzzle_bot/Week1_ws/src/courseworks', 'symlink_install': False, 'test_result_base': None}
[2.876s] INFO:colcon.colcon_core.executor:Executing jobs using 'parallel' executor
[2.909s] DEBUG:colcon.colcon_parallel_executor.executor.parallel:run_until_complete
[2.910s] INFO:colcon.colcon_ros.task.ament_python.build:Building ROS package in '/home/fsp/ROS2_puzzle_bot/Week1_ws/src/basic_comms' with build type 'ament_python'
[2.911s] Level 1:colcon.colcon_core.shell:create_environment_hook('basic_comms', 'ament_prefix_path')
[2.949s] INFO:colcon.colcon_core.plugin_system:Skipping extension 'colcon_core.shell.bat': Not used on non-Windows systems
[2.950s] INFO:colcon.colcon_core.shell:Creating environment hook '/home/fsp/ROS2_puzzle_bot/Week1_ws/install/basic_comms/share/basic_comms/hook/ament_prefix_path.ps1'
[2.951s] INFO:colcon.colcon_core.shell:Creating environment descriptor '/home/fsp/ROS2_puzzle_bot/Week1_ws/install/basic_comms/share/basic_comms/hook/ament_prefix_path.dsv'
[2.952s] INFO:colcon.colcon_core.shell:Creating environment hook '/home/fsp/ROS2_puzzle_bot/Week1_ws/install/basic_comms/share/basic_comms/hook/ament_prefix_path.sh'
[2.988s] INFO:colcon.colcon_core.shell:Skip shell extension 'powershell' for command environment: Not usable outside of PowerShell
[2.988s] DEBUG:colcon.colcon_core.shell:Skip shell extension 'dsv' for command environment
[3.108s] INFO:colcon.colcon_ros.task.ament_python.build:Building ROS package in '/home/fsp/ROS2_puzzle_bot/Week1_ws/src/courseworks' with build type 'ament_python'
[3.108s] Level 1:colcon.colcon_core.shell:create_environment_hook('courseworks', 'ament_prefix_path')
[3.154s] INFO:colcon.colcon_core.shell:Creating environment hook '/home/fsp/ROS2_puzzle_bot/Week1_ws/install/courseworks/share/courseworks/hook/ament_prefix_path.ps1'
[3.155s] INFO:colcon.colcon_core.shell:Creating environment descriptor '/home/fsp/ROS2_puzzle_bot/Week1_ws/install/courseworks/share/courseworks/hook/ament_prefix_path.dsv'
[3.157s] INFO:colcon.colcon_core.shell:Creating environment hook '/home/fsp/ROS2_puzzle_bot/Week1_ws/install/courseworks/share/courseworks/hook/ament_prefix_path.sh'
[3.189s] INFO:colcon.colcon_core.shell:Skip shell extension 'powershell' for command environment: Not usable outside of PowerShell
[3.189s] DEBUG:colcon.colcon_core.shell:Skip shell extension 'dsv' for command environment
[3.797s] INFO:colcon.colcon_core.task.python.build:Building Python package in '/home/fsp/ROS2_puzzle_bot/Week1_ws/src/basic_comms'
[3.832s] INFO:colcon.colcon_core.shell:Skip shell extension 'powershell' for command environment: Not usable outside of PowerShell
[3.833s] DEBUG:colcon.colcon_core.shell:Skip shell extension 'dsv' for command environment
[4.475s] INFO:colcon.colcon_core.task.python.build:Building Python package in '/home/fsp/ROS2_puzzle_bot/Week1_ws/src/courseworks'
[4.500s] INFO:colcon.colcon_core.shell:Skip shell extension 'powershell' for command environment: Not usable outside of PowerShell
[4.500s] DEBUG:colcon.colcon_core.shell:Skip shell extension 'dsv' for command environment
[5.459s] DEBUG:colcon.colcon_core.event_handler.log_command:Invoking command in '/home/fsp/ROS2_puzzle_bot/Week1_ws/src/basic_comms': PYTHONPATH=/home/fsp/ROS2_puzzle_bot/Week1_ws/build/basic_comms/prefix_override:/home/fsp/ROS2_puzzle_bot/Week1_ws/install/basic_comms/lib/python3.10/site-packages:${PYTHONPATH} /usr/bin/python3 setup.py egg_info --egg-base ../../build/basic_comms build --build-base /home/fsp/ROS2_puzzle_bot/Week1_ws/build/basic_comms/build install --record /home/fsp/ROS2_puzzle_bot/Week1_ws/build/basic_comms/install.log --single-version-externally-managed
[5.471s] DEBUG:colcon.colcon_core.event_handler.log_command:Invoking command in '/home/fsp/ROS2_puzzle_bot/Week1_ws/src/courseworks': PYTHONPATH=/home/fsp/ROS2_puzzle_bot/Week1_ws/build/courseworks/prefix_override:/home/fsp/ROS2_puzzle_bot/Week1_ws/install/courseworks/lib/python3.10/site-packages:${PYTHONPATH} /usr/bin/python3 setup.py egg_info --egg-base ../../build/courseworks build --build-base /home/fsp/ROS2_puzzle_bot/Week1_ws/build/courseworks/build install --record /home/fsp/ROS2_puzzle_bot/Week1_ws/build/courseworks/install.log --single-version-externally-managed
[6.194s] DEBUG:colcon.colcon_core.event_handler.log_command:Invoked command in '/home/fsp/ROS2_puzzle_bot/Week1_ws/src/basic_comms' returned '0': PYTHONPATH=/home/fsp/ROS2_puzzle_bot/Week1_ws/build/basic_comms/prefix_override:/home/fsp/ROS2_puzzle_bot/Week1_ws/install/basic_comms/lib/python3.10/site-packages:${PYTHONPATH} /usr/bin/python3 setup.py egg_info --egg-base ../../build/basic_comms build --build-base /home/fsp/ROS2_puzzle_bot/Week1_ws/build/basic_comms/build install --record /home/fsp/ROS2_puzzle_bot/Week1_ws/build/basic_comms/install.log --single-version-externally-managed
[6.221s] Level 1:colcon.colcon_core.environment:checking '/home/fsp/ROS2_puzzle_bot/Week1_ws/install/basic_comms' for CMake module files
[6.222s] Level 1:colcon.colcon_core.environment:checking '/home/fsp/ROS2_puzzle_bot/Week1_ws/install/basic_comms' for CMake config files
[6.223s] Level 1:colcon.colcon_core.environment:checking '/home/fsp/ROS2_puzzle_bot/Week1_ws/install/basic_comms/lib'
[6.223s] Level 1:colcon.colcon_core.environment:checking '/home/fsp/ROS2_puzzle_bot/Week1_ws/install/basic_comms/bin'
[6.223s] Level 1:colcon.colcon_core.environment:checking '/home/fsp/ROS2_puzzle_bot/Week1_ws/install/basic_comms/lib/pkgconfig/basic_comms.pc'
[6.224s] Level 1:colcon.colcon_core.environment:checking '/home/fsp/ROS2_puzzle_bot/Week1_ws/install/basic_comms/lib/python3.10/site-packages'
[6.224s] Level 1:colcon.colcon_core.shell:create_environment_hook('basic_comms', 'pythonpath')
[6.248s] INFO:colcon.colcon_core.shell:Creating environment hook '/home/fsp/ROS2_puzzle_bot/Week1_ws/install/basic_comms/share/basic_comms/hook/pythonpath.ps1'
[6.249s] INFO:colcon.colcon_core.shell:Creating environment descriptor '/home/fsp/ROS2_puzzle_bot/Week1_ws/install/basic_comms/share/basic_comms/hook/pythonpath.dsv'
[6.250s] INFO:colcon.colcon_core.shell:Creating environment hook '/home/fsp/ROS2_puzzle_bot/Week1_ws/install/basic_comms/share/basic_comms/hook/pythonpath.sh'
[6.250s] Level 1:colcon.colcon_core.environment:checking '/home/fsp/ROS2_puzzle_bot/Week1_ws/install/basic_comms/bin'
[6.251s] Level 1:colcon.colcon_core.environment:create_environment_scripts_only(basic_comms)
[6.274s] INFO:colcon.colcon_core.shell:Creating package script '/home/fsp/ROS2_puzzle_bot/Week1_ws/install/basic_comms/share/basic_comms/package.ps1'
[6.275s] INFO:colcon.colcon_core.shell:Creating package descriptor '/home/fsp/ROS2_puzzle_bot/Week1_ws/install/basic_comms/share/basic_comms/package.dsv'
[6.276s] INFO:colcon.colcon_core.shell:Creating package script '/home/fsp/ROS2_puzzle_bot/Week1_ws/install/basic_comms/share/basic_comms/package.sh'
[6.277s] INFO:colcon.colcon_core.shell:Creating package script '/home/fsp/ROS2_puzzle_bot/Week1_ws/install/basic_comms/share/basic_comms/package.bash'
[6.278s] INFO:colcon.colcon_core.shell:Creating package script '/home/fsp/ROS2_puzzle_bot/Week1_ws/install/basic_comms/share/basic_comms/package.zsh'
[6.279s] Level 1:colcon.colcon_core.environment:create_file_with_runtime_dependencies(/home/fsp/ROS2_puzzle_bot/Week1_ws/install/basic_comms/share/colcon-core/packages/basic_comms)
[6.283s] DEBUG:colcon.colcon_core.event_handler.log_command:Invoked command in '/home/fsp/ROS2_puzzle_bot/Week1_ws/src/courseworks' returned '0': PYTHONPATH=/home/fsp/ROS2_puzzle_bot/Week1_ws/build/courseworks/prefix_override:/home/fsp/ROS2_puzzle_bot/Week1_ws/install/courseworks/lib/python3.10/site-packages:${PYTHONPATH} /usr/bin/python3 setup.py egg_info --egg-base ../../build/courseworks build --build-base /home/fsp/ROS2_puzzle_bot/Week1_ws/build/courseworks/build install --record /home/fsp/ROS2_puzzle_bot/Week1_ws/build/courseworks/install.log --single-version-externally-managed
[6.307s] Level 1:colcon.colcon_core.environment:checking '/home/fsp/ROS2_puzzle_bot/Week1_ws/install/courseworks' for CMake module files
[6.308s] Level 1:colcon.colcon_core.environment:checking '/home/fsp/ROS2_puzzle_bot/Week1_ws/install/courseworks' for CMake config files
[6.308s] Level 1:colcon.colcon_core.environment:checking '/home/fsp/ROS2_puzzle_bot/Week1_ws/install/courseworks/lib'
[6.309s] Level 1:colcon.colcon_core.environment:checking '/home/fsp/ROS2_puzzle_bot/Week1_ws/install/courseworks/bin'
[6.309s] Level 1:colcon.colcon_core.environment:checking '/home/fsp/ROS2_puzzle_bot/Week1_ws/install/courseworks/lib/pkgconfig/courseworks.pc'
[6.309s] Level 1:colcon.colcon_core.environment:checking '/home/fsp/ROS2_puzzle_bot/Week1_ws/install/courseworks/lib/python3.10/site-packages'
[6.309s] Level 1:colcon.colcon_core.shell:create_environment_hook('courseworks', 'pythonpath')
[6.336s] INFO:colcon.colcon_core.shell:Creating environment hook '/home/fsp/ROS2_puzzle_bot/Week1_ws/install/courseworks/share/courseworks/hook/pythonpath.ps1'
[6.337s] INFO:colcon.colcon_core.shell:Creating environment descriptor '/home/fsp/ROS2_puzzle_bot/Week1_ws/install/courseworks/share/courseworks/hook/pythonpath.dsv'
[6.338s] INFO:colcon.colcon_core.shell:Creating environment hook '/home/fsp/ROS2_puzzle_bot/Week1_ws/install/courseworks/share/courseworks/hook/pythonpath.sh'
[6.339s] Level 1:colcon.colcon_core.environment:checking '/home/fsp/ROS2_puzzle_bot/Week1_ws/install/courseworks/bin'
[6.339s] Level 1:colcon.colcon_core.environment:create_environment_scripts_only(courseworks)
[6.362s] INFO:colcon.colcon_core.shell:Creating package script '/home/fsp/ROS2_puzzle_bot/Week1_ws/install/courseworks/share/courseworks/package.ps1'
[6.364s] INFO:colcon.colcon_core.shell:Creating package descriptor '/home/fsp/ROS2_puzzle_bot/Week1_ws/install/courseworks/share/courseworks/package.dsv'
[6.364s] INFO:colcon.colcon_core.shell:Creating package script '/home/fsp/ROS2_puzzle_bot/Week1_ws/install/courseworks/share/courseworks/package.sh'
[6.365s] INFO:colcon.colcon_core.shell:Creating package script '/home/fsp/ROS2_puzzle_bot/Week1_ws/install/courseworks/share/courseworks/package.bash'
[6.366s] INFO:colcon.colcon_core.shell:Creating package script '/home/fsp/ROS2_puzzle_bot/Week1_ws/install/courseworks/share/courseworks/package.zsh'
[6.367s] Level 1:colcon.colcon_core.environment:create_file_with_runtime_dependencies(/home/fsp/ROS2_puzzle_bot/Week1_ws/install/courseworks/share/colcon-core/packages/courseworks)
[6.367s] DEBUG:colcon.colcon_parallel_executor.executor.parallel:closing loop
[6.368s] DEBUG:colcon.colcon_parallel_executor.executor.parallel:loop closed
[6.368s] DEBUG:colcon.colcon_parallel_executor.executor.parallel:run_until_complete finished with '0'
[6.368s] DEBUG:colcon.colcon_core.event_reactor:joining thread
[6.397s] INFO:colcon.colcon_core.plugin_system:Skipping extension 'colcon_notification.desktop_notification.terminal_notifier': Not used on non-Darwin systems
[6.397s] INFO:colcon.colcon_core.plugin_system:Skipping extension 'colcon_notification.desktop_notification.win32': Not used on non-Windows systems
[6.397s] INFO:colcon.colcon_notification.desktop_notification:Sending desktop notification using 'notify2'
[6.412s] DEBUG:colcon.colcon_core.event_reactor:joined thread
[6.446s] INFO:colcon.colcon_core.shell:Creating prefix script '/home/fsp/ROS2_puzzle_bot/Week1_ws/install/local_setup.ps1'
[6.450s] INFO:colcon.colcon_core.shell:Creating prefix util module '/home/fsp/ROS2_puzzle_bot/Week1_ws/install/_local_setup_util_ps1.py'
[6.453s] INFO:colcon.colcon_core.shell:Creating prefix chain script '/home/fsp/ROS2_puzzle_bot/Week1_ws/install/setup.ps1'
[6.496s] INFO:colcon.colcon_core.shell:Creating prefix script '/home/fsp/ROS2_puzzle_bot/Week1_ws/install/local_setup.sh'
[6.498s] INFO:colcon.colcon_core.shell:Creating prefix util module '/home/fsp/ROS2_puzzle_bot/Week1_ws/install/_local_setup_util_sh.py'
[6.499s] INFO:colcon.colcon_core.shell:Creating prefix chain script '/home/fsp/ROS2_puzzle_bot/Week1_ws/install/setup.sh'
[6.537s] INFO:colcon.colcon_core.shell:Creating prefix script '/home/fsp/ROS2_puzzle_bot/Week1_ws/install/local_setup.bash'
[6.538s] INFO:colcon.colcon_core.shell:Creating prefix chain script '/home/fsp/ROS2_puzzle_bot/Week1_ws/install/setup.bash'
[6.594s] INFO:colcon.colcon_core.shell:Creating prefix script '/home/fsp/ROS2_puzzle_bot/Week1_ws/install/local_setup.zsh'
[6.595s] INFO:colcon.colcon_core.shell:Creating prefix chain script '/home/fsp/ROS2_puzzle_bot/Week1_ws/install/setup.zsh'
