[1.827s] Invoking command in '/home/fsp/puzzle_bot/Week1_ws/src/basic_comms': PYTHONPATH=/home/fsp/puzzle_bot/Week1_ws/build/basic_comms/prefix_override:/home/fsp/puzzle_bot/Week1_ws/install/basic_comms/lib/python3.10/site-packages:${PYTHONPATH} /usr/bin/python3 setup.py egg_info --egg-base ../../build/basic_comms build --build-base /home/fsp/puzzle_bot/Week1_ws/build/basic_comms/build install --record /home/fsp/puzzle_bot/Week1_ws/build/basic_comms/install.log --single-version-externally-managed
[2.298s] running egg_info
[2.299s] writing ../../build/basic_comms/basic_comms.egg-info/PKG-INFO
[2.299s] writing dependency_links to ../../build/basic_comms/basic_comms.egg-info/dependency_links.txt
[2.300s] writing entry points to ../../build/basic_comms/basic_comms.egg-info/entry_points.txt
[2.300s] writing requirements to ../../build/basic_comms/basic_comms.egg-info/requires.txt
[2.300s] writing top-level names to ../../build/basic_comms/basic_comms.egg-info/top_level.txt
[2.305s] reading manifest file '../../build/basic_comms/basic_comms.egg-info/SOURCES.txt'
[2.306s] writing manifest file '../../build/basic_comms/basic_comms.egg-info/SOURCES.txt'
[2.308s] running build
[2.309s] running build_py
[2.309s] running install
[2.309s] /usr/lib/python3/dist-packages/setuptools/command/install.py:34: SetuptoolsDeprecationWarning: setup.py install is deprecated. Use build and pip and other standards-based tools.
[2.309s]   warnings.warn(
[2.309s] running install_lib
[2.312s] running install_data
[2.313s] running install_egg_info
[2.316s] removing '/home/fsp/puzzle_bot/Week1_ws/install/basic_comms/lib/python3.10/site-packages/basic_comms-0.0.0-py3.10.egg-info' (and everything under it)
[2.316s] Copying ../../build/basic_comms/basic_comms.egg-info to /home/fsp/puzzle_bot/Week1_ws/install/basic_comms/lib/python3.10/site-packages/basic_comms-0.0.0-py3.10.egg-info
[2.318s] running install_scripts
[2.360s] Installing listener script to /home/fsp/puzzle_bot/Week1_ws/install/basic_comms/lib/basic_comms
[2.360s] Installing talker script to /home/fsp/puzzle_bot/Week1_ws/install/basic_comms/lib/basic_comms
[2.361s] writing list of installed files to '/home/fsp/puzzle_bot/Week1_ws/build/basic_comms/install.log'
[2.411s] Invoked command in '/home/fsp/puzzle_bot/Week1_ws/src/basic_comms' returned '0': PYTHONPATH=/home/fsp/puzzle_bot/Week1_ws/build/basic_comms/prefix_override:/home/fsp/puzzle_bot/Week1_ws/install/basic_comms/lib/python3.10/site-packages:${PYTHONPATH} /usr/bin/python3 setup.py egg_info --egg-base ../../build/basic_comms build --build-base /home/fsp/puzzle_bot/Week1_ws/build/basic_comms/build install --record /home/fsp/puzzle_bot/Week1_ws/build/basic_comms/install.log --single-version-externally-managed
