[1.586s] DEBUG:colcon:Command line arguments: ['/usr/bin/colcon', 'build', '--symlink-install']
[1.587s] DEBUG:colcon:Parsed command line arguments: Namespace(log_base=None, log_level=None, verb_name='build', build_base='build', install_base='install', merge_install=False, symlink_install=True, test_result_base=None, continue_on_error=False, executor='parallel', parallel_workers=4, event_handlers=None, ignore_user_meta=False, metas=['./colcon.meta'], base_paths=['.'], packages_ignore=None, packages_ignore_regex=None, paths=None, packages_up_to=None, packages_up_to_regex=None, packages_above=None, packages_above_and_dependencies=None, packages_above_depth=None, packages_select_by_dep=None, packages_skip_by_dep=None, packages_skip_up_to=None, packages_select_build_failed=False, packages_skip_build_finished=False, packages_select_test_failures=False, packages_skip_test_passed=False, packages_select=None, packages_skip=None, packages_select_regex=None, packages_skip_regex=None, packages_start=None, packages_end=None, allow_overriding=[], cmake_args=None, cmake_target=None, cmake_target_skip_unavailable=False, cmake_clean_cache=False, cmake_clean_first=False, cmake_force_configure=False, ament_cmake_args=None, catkin_cmake_args=None, catkin_skip_building_tests=False, verb_parser=<colcon_defaults.argument_parser.defaults.DefaultArgumentsDecorator object at 0x7f2b64d82050>, verb_extension=<colcon_core.verb.build.BuildVerb object at 0x7f2b651e7a90>, main=<bound method BuildVerb.main of <colcon_core.verb.build.BuildVerb object at 0x7f2b651e7a90>>)
[1.684s] Level 1:colcon.colcon_core.package_discovery:discover_packages(colcon_meta) check parameters
[1.684s] Level 1:colcon.colcon_core.package_discovery:discover_packages(recursive) check parameters
[1.685s] Level 1:colcon.colcon_core.package_discovery:discover_packages(ignore) check parameters
[1.685s] Level 1:colcon.colcon_core.package_discovery:discover_packages(path) check parameters
[1.685s] Level 1:colcon.colcon_core.package_discovery:discover_packages(colcon_meta) discover
[1.685s] Level 1:colcon.colcon_core.package_discovery:discover_packages(recursive) discover
[1.685s] INFO:colcon.colcon_core.package_discovery:Crawling recursively for packages in '/home/fsp/TE3001-Robotics_Fundamentals/ROS2/ros2_utilities_ws'
[1.685s] Level 1:colcon.colcon_core.package_identification:_identify(.) by extensions ['ignore', 'ignore_ament_install']
[1.685s] Level 1:colcon.colcon_core.package_identification:_identify(.) by extension 'ignore'
[1.685s] Level 1:colcon.colcon_core.package_identification:_identify(.) by extension 'ignore_ament_install'
[1.686s] Level 1:colcon.colcon_core.package_identification:_identify(.) by extensions ['colcon_pkg']
[1.686s] Level 1:colcon.colcon_core.package_identification:_identify(.) by extension 'colcon_pkg'
[1.686s] Level 1:colcon.colcon_core.package_identification:_identify(.) by extensions ['colcon_meta']
[1.686s] Level 1:colcon.colcon_core.package_identification:_identify(.) by extension 'colcon_meta'
[1.686s] Level 1:colcon.colcon_core.package_identification:_identify(.) by extensions ['ros']
[1.686s] Level 1:colcon.colcon_core.package_identification:_identify(.) by extension 'ros'
[1.701s] Level 1:colcon.colcon_core.package_identification:_identify(.) by extensions ['cmake', 'python']
[1.701s] Level 1:colcon.colcon_core.package_identification:_identify(.) by extension 'cmake'
[1.701s] Level 1:colcon.colcon_core.package_identification:_identify(.) by extension 'python'
[1.701s] Level 1:colcon.colcon_core.package_identification:_identify(.) by extensions ['python_setup_py']
[1.701s] Level 1:colcon.colcon_core.package_identification:_identify(.) by extension 'python_setup_py'
[1.702s] Level 1:colcon.colcon_core.package_identification:_identify(build) by extensions ['ignore', 'ignore_ament_install']
[1.702s] Level 1:colcon.colcon_core.package_identification:_identify(build) by extension 'ignore'
[1.702s] Level 1:colcon.colcon_core.package_identification:_identify(build) ignored
[1.702s] Level 1:colcon.colcon_core.package_identification:_identify(install) by extensions ['ignore', 'ignore_ament_install']
[1.702s] Level 1:colcon.colcon_core.package_identification:_identify(install) by extension 'ignore'
[1.702s] Level 1:colcon.colcon_core.package_identification:_identify(install) ignored
[1.703s] Level 1:colcon.colcon_core.package_identification:_identify(log) by extensions ['ignore', 'ignore_ament_install']
[1.703s] Level 1:colcon.colcon_core.package_identification:_identify(log) by extension 'ignore'
[1.703s] Level 1:colcon.colcon_core.package_identification:_identify(log) ignored
[1.703s] Level 1:colcon.colcon_core.package_identification:_identify(src) by extensions ['ignore', 'ignore_ament_install']
[1.703s] Level 1:colcon.colcon_core.package_identification:_identify(src) by extension 'ignore'
[1.703s] Level 1:colcon.colcon_core.package_identification:_identify(src) by extension 'ignore_ament_install'
[1.704s] Level 1:colcon.colcon_core.package_identification:_identify(src) by extensions ['colcon_pkg']
[1.704s] Level 1:colcon.colcon_core.package_identification:_identify(src) by extension 'colcon_pkg'
[1.704s] Level 1:colcon.colcon_core.package_identification:_identify(src) by extensions ['colcon_meta']
[1.704s] Level 1:colcon.colcon_core.package_identification:_identify(src) by extension 'colcon_meta'
[1.704s] Level 1:colcon.colcon_core.package_identification:_identify(src) by extensions ['ros']
[1.704s] Level 1:colcon.colcon_core.package_identification:_identify(src) by extension 'ros'
[1.704s] Level 1:colcon.colcon_core.package_identification:_identify(src) by extensions ['cmake', 'python']
[1.704s] Level 1:colcon.colcon_core.package_identification:_identify(src) by extension 'cmake'
[1.704s] Level 1:colcon.colcon_core.package_identification:_identify(src) by extension 'python'
[1.704s] Level 1:colcon.colcon_core.package_identification:_identify(src) by extensions ['python_setup_py']
[1.705s] Level 1:colcon.colcon_core.package_identification:_identify(src) by extension 'python_setup_py'
[1.705s] Level 1:colcon.colcon_core.package_identification:_identify(src/micro_ros_setup) by extensions ['ignore', 'ignore_ament_install']
[1.705s] Level 1:colcon.colcon_core.package_identification:_identify(src/micro_ros_setup) by extension 'ignore'
[1.705s] Level 1:colcon.colcon_core.package_identification:_identify(src/micro_ros_setup) by extension 'ignore_ament_install'
[1.705s] Level 1:colcon.colcon_core.package_identification:_identify(src/micro_ros_setup) by extensions ['colcon_pkg']
[1.705s] Level 1:colcon.colcon_core.package_identification:_identify(src/micro_ros_setup) by extension 'colcon_pkg'
[1.705s] Level 1:colcon.colcon_core.package_identification:_identify(src/micro_ros_setup) by extensions ['colcon_meta']
[1.705s] Level 1:colcon.colcon_core.package_identification:_identify(src/micro_ros_setup) by extension 'colcon_meta'
[1.706s] Level 1:colcon.colcon_core.package_identification:_identify(src/micro_ros_setup) by extensions ['ros']
[1.706s] Level 1:colcon.colcon_core.package_identification:_identify(src/micro_ros_setup) by extension 'ros'
[1.709s] DEBUG:colcon.colcon_core.package_identification:Package 'src/micro_ros_setup' with type 'ros.ament_cmake' and name 'micro_ros_setup'
[1.709s] Level 1:colcon.colcon_core.package_discovery:discover_packages(recursive) using defaults
[1.709s] Level 1:colcon.colcon_core.package_discovery:discover_packages(ignore) discover
[1.709s] Level 1:colcon.colcon_core.package_discovery:discover_packages(ignore) using defaults
[1.709s] Level 1:colcon.colcon_core.package_discovery:discover_packages(path) discover
[1.710s] Level 1:colcon.colcon_core.package_discovery:discover_packages(path) using defaults
[1.851s] Level 1:colcon.colcon_core.package_discovery:discover_packages(prefix_path) check parameters
[1.851s] Level 1:colcon.colcon_core.package_discovery:discover_packages(prefix_path) discover
[1.899s] DEBUG:colcon.colcon_installed_package_information.package_discovery:Found 338 installed packages in /opt/ros/humble
[1.901s] Level 1:colcon.colcon_core.package_discovery:discover_packages(prefix_path) using defaults
[2.057s] Level 5:colcon.colcon_core.verb:set package 'micro_ros_setup' build argument 'cmake_args' from command line to 'None'
[2.057s] Level 5:colcon.colcon_core.verb:set package 'micro_ros_setup' build argument 'cmake_target' from command line to 'None'
[2.057s] Level 5:colcon.colcon_core.verb:set package 'micro_ros_setup' build argument 'cmake_target_skip_unavailable' from command line to 'False'
[2.057s] Level 5:colcon.colcon_core.verb:set package 'micro_ros_setup' build argument 'cmake_clean_cache' from command line to 'False'
[2.057s] Level 5:colcon.colcon_core.verb:set package 'micro_ros_setup' build argument 'cmake_clean_first' from command line to 'False'
[2.057s] Level 5:colcon.colcon_core.verb:set package 'micro_ros_setup' build argument 'cmake_force_configure' from command line to 'False'
[2.057s] Level 5:colcon.colcon_core.verb:set package 'micro_ros_setup' build argument 'ament_cmake_args' from command line to 'None'
[2.057s] Level 5:colcon.colcon_core.verb:set package 'micro_ros_setup' build argument 'catkin_cmake_args' from command line to 'None'
[2.057s] Level 5:colcon.colcon_core.verb:set package 'micro_ros_setup' build argument 'catkin_skip_building_tests' from command line to 'False'
[2.057s] DEBUG:colcon.colcon_core.verb:Building package 'micro_ros_setup' with the following arguments: {'ament_cmake_args': None, 'build_base': '/home/fsp/TE3001-Robotics_Fundamentals/ROS2/ros2_utilities_ws/build/micro_ros_setup', 'catkin_cmake_args': None, 'catkin_skip_building_tests': False, 'cmake_args': None, 'cmake_clean_cache': False, 'cmake_clean_first': False, 'cmake_force_configure': False, 'cmake_target': None, 'cmake_target_skip_unavailable': False, 'install_base': '/home/fsp/TE3001-Robotics_Fundamentals/ROS2/ros2_utilities_ws/install/micro_ros_setup', 'merge_install': False, 'path': '/home/fsp/TE3001-Robotics_Fundamentals/ROS2/ros2_utilities_ws/src/micro_ros_setup', 'symlink_install': True, 'test_result_base': None}
[2.079s] INFO:colcon.colcon_core.executor:Executing jobs using 'parallel' executor
[2.103s] DEBUG:colcon.colcon_parallel_executor.executor.parallel:run_until_complete
[2.104s] INFO:colcon.colcon_ros.task.ament_cmake.build:Building ROS package in '/home/fsp/TE3001-Robotics_Fundamentals/ROS2/ros2_utilities_ws/src/micro_ros_setup' with build type 'ament_cmake'
[2.104s] INFO:colcon.colcon_cmake.task.cmake.build:Building CMake package in '/home/fsp/TE3001-Robotics_Fundamentals/ROS2/ros2_utilities_ws/src/micro_ros_setup'
[2.143s] INFO:colcon.colcon_core.plugin_system:Skipping extension 'colcon_core.shell.bat': Not used on non-Windows systems
[2.143s] INFO:colcon.colcon_core.shell:Skip shell extension 'powershell' for command environment: Not usable outside of PowerShell
[2.144s] DEBUG:colcon.colcon_core.shell:Skip shell extension 'dsv' for command environment
[2.210s] DEBUG:colcon.colcon_core.event_handler.log_command:Invoking command in '/home/fsp/TE3001-Robotics_Fundamentals/ROS2/ros2_utilities_ws/build/micro_ros_setup': CMAKE_PREFIX_PATH=/opt/ros/humble /usr/bin/cmake /home/fsp/TE3001-Robotics_Fundamentals/ROS2/ros2_utilities_ws/src/micro_ros_setup -DAMENT_CMAKE_SYMLINK_INSTALL=1 -DCMAKE_INSTALL_PREFIX=/home/fsp/TE3001-Robotics_Fundamentals/ROS2/ros2_utilities_ws/install/micro_ros_setup
[3.252s] DEBUG:colcon.colcon_core.event_handler.log_command:Invoked command in '/home/fsp/TE3001-Robotics_Fundamentals/ROS2/ros2_utilities_ws/build/micro_ros_setup' returned '0': CMAKE_PREFIX_PATH=/opt/ros/humble /usr/bin/cmake /home/fsp/TE3001-Robotics_Fundamentals/ROS2/ros2_utilities_ws/src/micro_ros_setup -DAMENT_CMAKE_SYMLINK_INSTALL=1 -DCMAKE_INSTALL_PREFIX=/home/fsp/TE3001-Robotics_Fundamentals/ROS2/ros2_utilities_ws/install/micro_ros_setup
[3.255s] DEBUG:colcon.colcon_core.event_handler.log_command:Invoking command in '/home/fsp/TE3001-Robotics_Fundamentals/ROS2/ros2_utilities_ws/build/micro_ros_setup': CMAKE_PREFIX_PATH=/opt/ros/humble /usr/bin/cmake --build /home/fsp/TE3001-Robotics_Fundamentals/ROS2/ros2_utilities_ws/build/micro_ros_setup -- -j4 -l4
[3.300s] DEBUG:colcon.colcon_core.event_handler.log_command:Invoked command in '/home/fsp/TE3001-Robotics_Fundamentals/ROS2/ros2_utilities_ws/build/micro_ros_setup' returned '0': CMAKE_PREFIX_PATH=/opt/ros/humble /usr/bin/cmake --build /home/fsp/TE3001-Robotics_Fundamentals/ROS2/ros2_utilities_ws/build/micro_ros_setup -- -j4 -l4
[3.345s] DEBUG:colcon.colcon_core.event_handler.log_command:Invoking command in '/home/fsp/TE3001-Robotics_Fundamentals/ROS2/ros2_utilities_ws/build/micro_ros_setup': CMAKE_PREFIX_PATH=/opt/ros/humble /usr/bin/cmake --install /home/fsp/TE3001-Robotics_Fundamentals/ROS2/ros2_utilities_ws/build/micro_ros_setup
[3.678s] Level 1:colcon.colcon_core.environment:create_environment_scripts_only(micro_ros_setup)
[3.679s] DEBUG:colcon.colcon_core.event_handler.log_command:Invoked command in '/home/fsp/TE3001-Robotics_Fundamentals/ROS2/ros2_utilities_ws/build/micro_ros_setup' returned '0': CMAKE_PREFIX_PATH=/opt/ros/humble /usr/bin/cmake --install /home/fsp/TE3001-Robotics_Fundamentals/ROS2/ros2_utilities_ws/build/micro_ros_setup
[3.708s] Level 1:colcon.colcon_core.environment:checking '/home/fsp/TE3001-Robotics_Fundamentals/ROS2/ros2_utilities_ws/install/micro_ros_setup' for CMake module files
[3.709s] Level 1:colcon.colcon_core.environment:checking '/home/fsp/TE3001-Robotics_Fundamentals/ROS2/ros2_utilities_ws/install/micro_ros_setup' for CMake config files
[3.710s] Level 1:colcon.colcon_core.shell:create_environment_hook('micro_ros_setup', 'cmake_prefix_path')
[3.734s] INFO:colcon.colcon_core.shell:Creating environment hook '/home/fsp/TE3001-Robotics_Fundamentals/ROS2/ros2_utilities_ws/install/micro_ros_setup/share/micro_ros_setup/hook/cmake_prefix_path.ps1'
[3.736s] INFO:colcon.colcon_core.shell:Creating environment descriptor '/home/fsp/TE3001-Robotics_Fundamentals/ROS2/ros2_utilities_ws/install/micro_ros_setup/share/micro_ros_setup/hook/cmake_prefix_path.dsv'
[3.736s] INFO:colcon.colcon_core.shell:Creating environment hook '/home/fsp/TE3001-Robotics_Fundamentals/ROS2/ros2_utilities_ws/install/micro_ros_setup/share/micro_ros_setup/hook/cmake_prefix_path.sh'
[3.737s] Level 1:colcon.colcon_core.environment:checking '/home/fsp/TE3001-Robotics_Fundamentals/ROS2/ros2_utilities_ws/install/micro_ros_setup/lib'
[3.738s] Level 1:colcon.colcon_core.environment:checking '/home/fsp/TE3001-Robotics_Fundamentals/ROS2/ros2_utilities_ws/install/micro_ros_setup/bin'
[3.738s] Level 1:colcon.colcon_core.environment:checking '/home/fsp/TE3001-Robotics_Fundamentals/ROS2/ros2_utilities_ws/install/micro_ros_setup/lib/pkgconfig/micro_ros_setup.pc'
[3.738s] Level 1:colcon.colcon_core.environment:checking '/home/fsp/TE3001-Robotics_Fundamentals/ROS2/ros2_utilities_ws/install/micro_ros_setup/lib/python3.10/site-packages'
[3.739s] Level 1:colcon.colcon_core.environment:checking '/home/fsp/TE3001-Robotics_Fundamentals/ROS2/ros2_utilities_ws/install/micro_ros_setup/bin'
[3.764s] INFO:colcon.colcon_core.shell:Creating package script '/home/fsp/TE3001-Robotics_Fundamentals/ROS2/ros2_utilities_ws/install/micro_ros_setup/share/micro_ros_setup/package.ps1'
[3.766s] INFO:colcon.colcon_core.shell:Creating package descriptor '/home/fsp/TE3001-Robotics_Fundamentals/ROS2/ros2_utilities_ws/install/micro_ros_setup/share/micro_ros_setup/package.dsv'
[3.767s] INFO:colcon.colcon_core.shell:Creating package script '/home/fsp/TE3001-Robotics_Fundamentals/ROS2/ros2_utilities_ws/install/micro_ros_setup/share/micro_ros_setup/package.sh'
[3.769s] INFO:colcon.colcon_core.shell:Creating package script '/home/fsp/TE3001-Robotics_Fundamentals/ROS2/ros2_utilities_ws/install/micro_ros_setup/share/micro_ros_setup/package.bash'
[3.770s] INFO:colcon.colcon_core.shell:Creating package script '/home/fsp/TE3001-Robotics_Fundamentals/ROS2/ros2_utilities_ws/install/micro_ros_setup/share/micro_ros_setup/package.zsh'
[3.771s] Level 1:colcon.colcon_core.environment:create_file_with_runtime_dependencies(/home/fsp/TE3001-Robotics_Fundamentals/ROS2/ros2_utilities_ws/install/micro_ros_setup/share/colcon-core/packages/micro_ros_setup)
[3.819s] Level 1:colcon.colcon_core.environment:create_environment_scripts_only(micro_ros_setup)
[3.842s] Level 1:colcon.colcon_core.environment:checking '/home/fsp/TE3001-Robotics_Fundamentals/ROS2/ros2_utilities_ws/install/micro_ros_setup' for CMake module files
[3.843s] Level 1:colcon.colcon_core.environment:checking '/home/fsp/TE3001-Robotics_Fundamentals/ROS2/ros2_utilities_ws/install/micro_ros_setup' for CMake config files
[3.844s] Level 1:colcon.colcon_core.shell:create_environment_hook('micro_ros_setup', 'cmake_prefix_path')
[3.867s] INFO:colcon.colcon_core.shell:Creating environment hook '/home/fsp/TE3001-Robotics_Fundamentals/ROS2/ros2_utilities_ws/install/micro_ros_setup/share/micro_ros_setup/hook/cmake_prefix_path.ps1'
[3.867s] INFO:colcon.colcon_core.shell:Creating environment descriptor '/home/fsp/TE3001-Robotics_Fundamentals/ROS2/ros2_utilities_ws/install/micro_ros_setup/share/micro_ros_setup/hook/cmake_prefix_path.dsv'
[3.868s] INFO:colcon.colcon_core.shell:Creating environment hook '/home/fsp/TE3001-Robotics_Fundamentals/ROS2/ros2_utilities_ws/install/micro_ros_setup/share/micro_ros_setup/hook/cmake_prefix_path.sh'
[3.868s] Level 1:colcon.colcon_core.environment:checking '/home/fsp/TE3001-Robotics_Fundamentals/ROS2/ros2_utilities_ws/install/micro_ros_setup/lib'
[3.869s] Level 1:colcon.colcon_core.environment:checking '/home/fsp/TE3001-Robotics_Fundamentals/ROS2/ros2_utilities_ws/install/micro_ros_setup/bin'
[3.869s] Level 1:colcon.colcon_core.environment:checking '/home/fsp/TE3001-Robotics_Fundamentals/ROS2/ros2_utilities_ws/install/micro_ros_setup/lib/pkgconfig/micro_ros_setup.pc'
[3.869s] Level 1:colcon.colcon_core.environment:checking '/home/fsp/TE3001-Robotics_Fundamentals/ROS2/ros2_utilities_ws/install/micro_ros_setup/lib/python3.10/site-packages'
[3.869s] Level 1:colcon.colcon_core.environment:checking '/home/fsp/TE3001-Robotics_Fundamentals/ROS2/ros2_utilities_ws/install/micro_ros_setup/bin'
[3.891s] INFO:colcon.colcon_core.shell:Creating package script '/home/fsp/TE3001-Robotics_Fundamentals/ROS2/ros2_utilities_ws/install/micro_ros_setup/share/micro_ros_setup/package.ps1'
[3.891s] INFO:colcon.colcon_core.shell:Creating package descriptor '/home/fsp/TE3001-Robotics_Fundamentals/ROS2/ros2_utilities_ws/install/micro_ros_setup/share/micro_ros_setup/package.dsv'
[3.892s] INFO:colcon.colcon_core.shell:Creating package script '/home/fsp/TE3001-Robotics_Fundamentals/ROS2/ros2_utilities_ws/install/micro_ros_setup/share/micro_ros_setup/package.sh'
[3.892s] INFO:colcon.colcon_core.shell:Creating package script '/home/fsp/TE3001-Robotics_Fundamentals/ROS2/ros2_utilities_ws/install/micro_ros_setup/share/micro_ros_setup/package.bash'
[3.893s] INFO:colcon.colcon_core.shell:Creating package script '/home/fsp/TE3001-Robotics_Fundamentals/ROS2/ros2_utilities_ws/install/micro_ros_setup/share/micro_ros_setup/package.zsh'
[3.893s] Level 1:colcon.colcon_core.environment:create_file_with_runtime_dependencies(/home/fsp/TE3001-Robotics_Fundamentals/ROS2/ros2_utilities_ws/install/micro_ros_setup/share/colcon-core/packages/micro_ros_setup)
[3.894s] DEBUG:colcon.colcon_parallel_executor.executor.parallel:closing loop
[3.894s] DEBUG:colcon.colcon_parallel_executor.executor.parallel:loop closed
[3.894s] DEBUG:colcon.colcon_parallel_executor.executor.parallel:run_until_complete finished with '0'
[3.895s] DEBUG:colcon.colcon_core.event_reactor:joining thread
[3.929s] INFO:colcon.colcon_core.plugin_system:Skipping extension 'colcon_notification.desktop_notification.terminal_notifier': Not used on non-Darwin systems
[3.929s] INFO:colcon.colcon_core.plugin_system:Skipping extension 'colcon_notification.desktop_notification.win32': Not used on non-Windows systems
[3.929s] INFO:colcon.colcon_notification.desktop_notification:Sending desktop notification using 'notify2'
[3.960s] DEBUG:colcon.colcon_core.event_reactor:joined thread
[3.995s] INFO:colcon.colcon_core.shell:Creating prefix script '/home/fsp/TE3001-Robotics_Fundamentals/ROS2/ros2_utilities_ws/install/local_setup.ps1'
[3.997s] INFO:colcon.colcon_core.shell:Creating prefix util module '/home/fsp/TE3001-Robotics_Fundamentals/ROS2/ros2_utilities_ws/install/_local_setup_util_ps1.py'
[4.000s] INFO:colcon.colcon_core.shell:Creating prefix chain script '/home/fsp/TE3001-Robotics_Fundamentals/ROS2/ros2_utilities_ws/install/setup.ps1'
[4.040s] INFO:colcon.colcon_core.shell:Creating prefix script '/home/fsp/TE3001-Robotics_Fundamentals/ROS2/ros2_utilities_ws/install/local_setup.sh'
[4.041s] INFO:colcon.colcon_core.shell:Creating prefix util module '/home/fsp/TE3001-Robotics_Fundamentals/ROS2/ros2_utilities_ws/install/_local_setup_util_sh.py'
[4.042s] INFO:colcon.colcon_core.shell:Creating prefix chain script '/home/fsp/TE3001-Robotics_Fundamentals/ROS2/ros2_utilities_ws/install/setup.sh'
[4.066s] INFO:colcon.colcon_core.shell:Creating prefix script '/home/fsp/TE3001-Robotics_Fundamentals/ROS2/ros2_utilities_ws/install/local_setup.bash'
[4.067s] INFO:colcon.colcon_core.shell:Creating prefix chain script '/home/fsp/TE3001-Robotics_Fundamentals/ROS2/ros2_utilities_ws/install/setup.bash'
[4.092s] INFO:colcon.colcon_core.shell:Creating prefix script '/home/fsp/TE3001-Robotics_Fundamentals/ROS2/ros2_utilities_ws/install/local_setup.zsh'
[4.093s] INFO:colcon.colcon_core.shell:Creating prefix chain script '/home/fsp/TE3001-Robotics_Fundamentals/ROS2/ros2_utilities_ws/install/setup.zsh'
