[1.670s] Invoking command in '/home/fsp/puzzle_bot/Week1_ws/src/basic_comms': PYTHONPATH=/home/fsp/puzzle_bot/Week1_ws/build/basic_comms/prefix_override:/home/fsp/puzzle_bot/Week1_ws/install/basic_comms/lib/python3.10/site-packages:${PYTHONPATH} /usr/bin/python3 setup.py egg_info --egg-base ../../build/basic_comms build --build-base /home/fsp/puzzle_bot/Week1_ws/build/basic_comms/build install --record /home/fsp/puzzle_bot/Week1_ws/build/basic_comms/install.log --single-version-externally-managed
[2.147s] running egg_info
[2.149s] writing ../../build/basic_comms/basic_comms.egg-info/PKG-INFO
[2.149s] writing dependency_links to ../../build/basic_comms/basic_comms.egg-info/dependency_links.txt
[2.150s] writing entry points to ../../build/basic_comms/basic_comms.egg-info/entry_points.txt
[2.150s] writing requirements to ../../build/basic_comms/basic_comms.egg-info/requires.txt
[2.150s] writing top-level names to ../../build/basic_comms/basic_comms.egg-info/top_level.txt
[2.154s] reading manifest file '../../build/basic_comms/basic_comms.egg-info/SOURCES.txt'
[2.156s] writing manifest file '../../build/basic_comms/basic_comms.egg-info/SOURCES.txt'
[2.156s] running build
[2.156s] running build_py
[2.157s] running install
[2.157s] /usr/lib/python3/dist-packages/setuptools/command/install.py:34: SetuptoolsDeprecationWarning: setup.py install is deprecated. Use build and pip and other standards-based tools.
[2.157s]   warnings.warn(
[2.158s] running install_lib
[2.160s] running install_data
[2.161s] running install_egg_info
[2.165s] removing '/home/fsp/puzzle_bot/Week1_ws/install/basic_comms/lib/python3.10/site-packages/basic_comms-0.0.0-py3.10.egg-info' (and everything under it)
[2.165s] Copying ../../build/basic_comms/basic_comms.egg-info to /home/fsp/puzzle_bot/Week1_ws/install/basic_comms/lib/python3.10/site-packages/basic_comms-0.0.0-py3.10.egg-info
[2.167s] running install_scripts
[2.210s] Installing listener script to /home/fsp/puzzle_bot/Week1_ws/install/basic_comms/lib/basic_comms
[2.210s] Installing talker script to /home/fsp/puzzle_bot/Week1_ws/install/basic_comms/lib/basic_comms
[2.212s] writing list of installed files to '/home/fsp/puzzle_bot/Week1_ws/build/basic_comms/install.log'
[2.338s] Invoked command in '/home/fsp/puzzle_bot/Week1_ws/src/basic_comms' returned '0': PYTHONPATH=/home/fsp/puzzle_bot/Week1_ws/build/basic_comms/prefix_override:/home/fsp/puzzle_bot/Week1_ws/install/basic_comms/lib/python3.10/site-packages:${PYTHONPATH} /usr/bin/python3 setup.py egg_info --egg-base ../../build/basic_comms build --build-base /home/fsp/puzzle_bot/Week1_ws/build/basic_comms/build install --record /home/fsp/puzzle_bot/Week1_ws/build/basic_comms/install.log --single-version-externally-managed
