running develop
/usr/lib/python3/dist-packages/setuptools/command/easy_install.py:158: EasyInstallDeprecationWarning: easy_install command is deprecated. Use build and pip and other standards-based tools.
  warnings.warn(
/usr/lib/python3/dist-packages/setuptools/command/install.py:34: SetuptoolsDeprecationWarning: setup.py install is deprecated. Use build and pip and other standards-based tools.
  warnings.warn(
running egg_info
writing signal_reconstruct.egg-info/PKG-INFO
writing dependency_links to signal_reconstruct.egg-info/dependency_links.txt
writing entry points to signal_reconstruct.egg-info/entry_points.txt
writing requirements to signal_reconstruct.egg-info/requires.txt
writing top-level names to signal_reconstruct.egg-info/top_level.txt
reading manifest file 'signal_reconstruct.egg-info/SOURCES.txt'
writing manifest file 'signal_reconstruct.egg-info/SOURCES.txt'
running build_ext
Creating /home/fsp/TE3001-Robotics_Fundamentals/ROS2/miniChallenges_ws/install/signal_reconstruct/lib/python3.10/site-packages/signal-reconstruct.egg-link (link to .)
Installing reconstruction script to /home/fsp/TE3001-Robotics_Fundamentals/ROS2/miniChallenges_ws/install/signal_reconstruct/lib/signal_reconstruct
Installing signal_generator script to /home/fsp/TE3001-Robotics_Fundamentals/ROS2/miniChallenges_ws/install/signal_reconstruct/lib/signal_reconstruct

Installed /home/fsp/TE3001-Robotics_Fundamentals/ROS2/miniChallenges_ws/build/signal_reconstruct
running install_data
copying package.xml -> /home/fsp/TE3001-Robotics_Fundamentals/ROS2/miniChallenges_ws/install/signal_reconstruct/share/signal_reconstruct
