[1.372s] Invoking command in '/home/fsp/TE3001-Robotics_Fundamentals/ROS2/miniChallenges_ws/build/custom_msgs': CMAKE_PREFIX_PATH=${CMAKE_PREFIX_PATH}:/home/fsp/TE3001-Robotics_Fundamentals/ROS2/miniChallenges_ws/install/signal_reconstruct:/home/fsp/TE3001-Robotics_Fundamentals/ROS2/miniChallenges_ws/install/courseworks:/home/fsp/TE3001-Robotics_Fundamentals/ROS2/miniChallenges_ws/install/basic_comms:/opt/ros/humble /usr/bin/cmake /home/fsp/TE3001-Robotics_Fundamentals/ROS2/miniChallenges_ws/src/custom_msgs -DAMENT_CMAKE_SYMLINK_INSTALL=1 -DCMAKE_INSTALL_PREFIX=/home/fsp/TE3001-Robotics_Fundamentals/ROS2/miniChallenges_ws/install/custom_msgs
[1.509s] -- The C compiler identification is GNU 11.4.0
[1.619s] -- The CXX compiler identification is GNU 11.4.0
[1.636s] -- Detecting C compiler ABI info
[1.759s] -- Detecting C compiler ABI info - done
[1.773s] -- Check for working C compiler: /usr/bin/cc - skipped
[1.774s] -- Detecting C compile features
[1.776s] -- Detecting C compile features - done
[1.783s] -- Detecting CXX compiler ABI info
[1.920s] -- Detecting CXX compiler ABI info - done
[1.935s] -- Check for working CXX compiler: /usr/bin/c++ - skipped
[1.935s] -- Detecting CXX compile features
[1.936s] -- Detecting CXX compile features - done
[1.950s] -- Found ament_cmake: 1.3.8 (/opt/ros/humble/share/ament_cmake/cmake)
[2.408s] -- Found Python3: /usr/bin/python3 (found version "3.10.12") found components: Interpreter 
[2.591s] -- Override CMake install command with custom implementation using symlinks instead of copying resources
[2.708s] -- Found rclpy: 3.3.12 (/opt/ros/humble/share/rclpy/cmake)
[2.717s] -- Found std_msgs: 4.2.3 (/opt/ros/humble/share/std_msgs/cmake)
[2.848s] -- Found rosidl_generator_c: 3.1.5 (/opt/ros/humble/share/rosidl_generator_c/cmake)
[2.872s] -- Found rosidl_adapter: 3.1.5 (/opt/ros/humble/share/rosidl_adapter/cmake)
[2.910s] -- Found rosidl_generator_cpp: 3.1.5 (/opt/ros/humble/share/rosidl_generator_cpp/cmake)
[2.958s] -- Using all available rosidl_typesupport_c: rosidl_typesupport_fastrtps_c;rosidl_typesupport_introspection_c
[3.048s] -- Using all available rosidl_typesupport_cpp: rosidl_typesupport_fastrtps_cpp;rosidl_typesupport_introspection_cpp
[3.249s] -- Found rosidl_default_generators: 1.2.0 (/opt/ros/humble/share/rosidl_default_generators/cmake)
[3.739s] -- Configuring incomplete, errors occurred!
[3.740s] See also "/home/fsp/TE3001-Robotics_Fundamentals/ROS2/miniChallenges_ws/build/custom_msgs/CMakeFiles/CMakeOutput.log".
[3.742s] [31mCMake Error at /opt/ros/humble/share/rosidl_adapter/cmake/rosidl_adapt_interfaces.cmake:59 (message):
[3.743s]   execute_process(/usr/bin/python3 -m rosidl_adapter --package-name
[3.744s]   custom_msgs --arguments-file
[3.746s]   /home/fsp/TE3001-Robotics_Fundamentals/ROS2/miniChallenges_ws/build/custom_msgs/rosidl_adapter__arguments__custom_msgs.json
[3.747s]   --output-dir
[3.749s]   /home/fsp/TE3001-Robotics_Fundamentals/ROS2/miniChallenges_ws/build/custom_msgs/rosidl_adapter/custom_msgs
[3.750s]   --output-file
[3.752s]   /home/fsp/TE3001-Robotics_Fundamentals/ROS2/miniChallenges_ws/build/custom_msgs/rosidl_adapter/custom_msgs.idls)
[3.753s]   returned error code 1:
[3.755s] 
[3.757s]   Traceback (most recent call last):
[3.758s] 
[3.762s]     File "/usr/lib/python3.10/runpy.py", line 196, in _run_module_as_main
[3.764s]       return _run_code(code, main_globals, None,
[3.765s]     File "/usr/lib/python3.10/runpy.py", line 86, in _run_code
[3.767s]       exec(code, run_globals)
[3.768s]     File "/opt/ros/humble/local/lib/python3.10/dist-packages/rosidl_adapter/__main__.py", line 19, in <module>
[3.769s]       sys.exit(main())
[3.771s]     File "/opt/ros/humble/local/lib/python3.10/dist-packages/rosidl_adapter/main.py", line 53, in main
[3.772s]       abs_idl_file = convert_to_idl(
[3.773s]     File "/opt/ros/humble/local/lib/python3.10/dist-packages/rosidl_adapter/__init__.py", line 19, in convert_to_idl
[3.775s]       return convert_msg_to_idl(
[3.776s]     File "/opt/ros/humble/local/lib/python3.10/dist-packages/rosidl_adapter/msg/__init__.py", line 28, in convert_msg_to_idl
[3.777s]       msg = parse_message_string(package_name, input_file.stem, content)
[3.779s]     File "/opt/ros/humble/local/lib/python3.10/dist-packages/rosidl_adapter/parser.py", line 544, in parse_message_string
[3.780s]       msg = MessageSpecification(pkg_name, msg_name, fields, constants)
[3.782s]     File "/opt/ros/humble/local/lib/python3.10/dist-packages/rosidl_adapter/parser.py", line 388, in __init__
[3.783s]       self.base_type = BaseType(
[3.785s]     File "/opt/ros/humble/local/lib/python3.10/dist-packages/rosidl_adapter/parser.py", line 205, in __init__
[3.786s]       raise InvalidResourceName(
[3.787s] 
[3.789s]   rosidl_adapter.parser.InvalidResourceName: 'Signal_param' is an invalid
[3.790s]   message name.  It should have the pattern '^[A-Z][A-Za-z0-9]*$'
[3.792s] 
[3.794s] Call Stack (most recent call first):
[3.795s]   /opt/ros/humble/share/rosidl_cmake/cmake/rosidl_generate_interfaces.cmake:130 (rosidl_adapt_interfaces)
[3.796s]   CMakeLists.txt:14 (rosidl_generate_interfaces)
[3.798s] 
[3.799s] [0m
[3.805s] Invoked command in '/home/fsp/TE3001-Robotics_Fundamentals/ROS2/miniChallenges_ws/build/custom_msgs' returned '1': CMAKE_PREFIX_PATH=${CMAKE_PREFIX_PATH}:/home/fsp/TE3001-Robotics_Fundamentals/ROS2/miniChallenges_ws/install/signal_reconstruct:/home/fsp/TE3001-Robotics_Fundamentals/ROS2/miniChallenges_ws/install/courseworks:/home/fsp/TE3001-Robotics_Fundamentals/ROS2/miniChallenges_ws/install/basic_comms:/opt/ros/humble /usr/bin/cmake /home/fsp/TE3001-Robotics_Fundamentals/ROS2/miniChallenges_ws/src/custom_msgs -DAMENT_CMAKE_SYMLINK_INSTALL=1 -DCMAKE_INSTALL_PREFIX=/home/fsp/TE3001-Robotics_Fundamentals/ROS2/miniChallenges_ws/install/custom_msgs
