running develop
running egg_info
creating signal_reconstruct.egg-info
writing signal_reconstruct.egg-info/PKG-INFO
writing dependency_links to signal_reconstruct.egg-info/dependency_links.txt
writing entry points to signal_reconstruct.egg-info/entry_points.txt
writing requirements to signal_reconstruct.egg-info/requires.txt
writing top-level names to signal_reconstruct.egg-info/top_level.txt
writing manifest file 'signal_reconstruct.egg-info/SOURCES.txt'
reading manifest file 'signal_reconstruct.egg-info/SOURCES.txt'
writing manifest file 'signal_reconstruct.egg-info/SOURCES.txt'
running build_ext
Creating /home/fsp/TE3001-Robotics_Fundamentals/ROS2/miniChallenges_ws/install/signal_reconstruct/lib/python3.10/site-packages/signal-reconstruct.egg-link (link to .)
Installing reconstruction script to /home/fsp/TE3001-Robotics_Fundamentals/ROS2/miniChallenges_ws/install/signal_reconstruct/lib/signal_reconstruct
Installing signal_generator script to /home/fsp/TE3001-Robotics_Fundamentals/ROS2/miniChallenges_ws/install/signal_reconstruct/lib/signal_reconstruct

Installed /home/fsp/TE3001-Robotics_Fundamentals/ROS2/miniChallenges_ws/build/signal_reconstruct
running install_data
creating /home/fsp/TE3001-Robotics_Fundamentals/ROS2/miniChallenges_ws/install/signal_reconstruct/share/ament_index
creating /home/fsp/TE3001-Robotics_Fundamentals/ROS2/miniChallenges_ws/install/signal_reconstruct/share/ament_index/resource_index
creating /home/fsp/TE3001-Robotics_Fundamentals/ROS2/miniChallenges_ws/install/signal_reconstruct/share/ament_index/resource_index/packages
copying resource/signal_reconstruct -> /home/fsp/TE3001-Robotics_Fundamentals/ROS2/miniChallenges_ws/install/signal_reconstruct/share/ament_index/resource_index/packages
copying package.xml -> /home/fsp/TE3001-Robotics_Fundamentals/ROS2/miniChallenges_ws/install/signal_reconstruct/share/signal_reconstruct
creating /home/fsp/TE3001-Robotics_Fundamentals/ROS2/miniChallenges_ws/install/signal_reconstruct/share/signal_reconstruct/launch
copying launch/challenge_launch.py -> /home/fsp/TE3001-Robotics_Fundamentals/ROS2/miniChallenges_ws/install/signal_reconstruct/share/signal_reconstruct/launch
creating /home/fsp/TE3001-Robotics_Fundamentals/ROS2/miniChallenges_ws/install/signal_reconstruct/share/signal_reconstruct/config
copying config/params.yaml -> /home/fsp/TE3001-Robotics_Fundamentals/ROS2/miniChallenges_ws/install/signal_reconstruct/share/signal_reconstruct/config
