[2.806s] Invoking command in '/home/fsp/TE3001-Robotics_Fundamentals/ROS2/miniChallenges_ws/build/signal_reconstruct': PYTHONPATH=/home/fsp/TE3001-Robotics_Fundamentals/ROS2/miniChallenges_ws/build/signal_reconstruct/prefix_override:/home/fsp/TE3001-Robotics_Fundamentals/ROS2/miniChallenges_ws/install/signal_reconstruct/lib/python3.10/site-packages:${PYTHONPATH} /usr/bin/python3 setup.py develop --editable --build-directory /home/fsp/TE3001-Robotics_Fundamentals/ROS2/miniChallenges_ws/build/signal_reconstruct/build --no-deps install_data
[3.329s] running develop
[3.346s] /usr/lib/python3/dist-packages/setuptools/command/easy_install.py:158: EasyInstallDeprecationWarning: easy_install command is deprecated. Use build and pip and other standards-based tools.
[3.346s]   warnings.warn(
[3.350s] /usr/lib/python3/dist-packages/setuptools/command/install.py:34: SetuptoolsDeprecationWarning: setup.py install is deprecated. Use build and pip and other standards-based tools.
[3.352s]   warnings.warn(
[3.900s] running egg_info
[3.900s] creating signal_reconstruct.egg-info
[3.900s] writing signal_reconstruct.egg-info/PKG-INFO
[3.901s] writing dependency_links to signal_reconstruct.egg-info/dependency_links.txt
[3.901s] writing entry points to signal_reconstruct.egg-info/entry_points.txt
[3.901s] writing requirements to signal_reconstruct.egg-info/requires.txt
[3.901s] writing top-level names to signal_reconstruct.egg-info/top_level.txt
[3.902s] writing manifest file 'signal_reconstruct.egg-info/SOURCES.txt'
[3.905s] reading manifest file 'signal_reconstruct.egg-info/SOURCES.txt'
[3.906s] writing manifest file 'signal_reconstruct.egg-info/SOURCES.txt'
[3.909s] running build_ext
[3.911s] Creating /home/fsp/TE3001-Robotics_Fundamentals/ROS2/miniChallenges_ws/install/signal_reconstruct/lib/python3.10/site-packages/signal-reconstruct.egg-link (link to .)
[3.913s] Installing reconstruction script to /home/fsp/TE3001-Robotics_Fundamentals/ROS2/miniChallenges_ws/install/signal_reconstruct/lib/signal_reconstruct
[3.913s] Installing signal_generator script to /home/fsp/TE3001-Robotics_Fundamentals/ROS2/miniChallenges_ws/install/signal_reconstruct/lib/signal_reconstruct
[3.914s] 
[3.914s] Installed /home/fsp/TE3001-Robotics_Fundamentals/ROS2/miniChallenges_ws/build/signal_reconstruct
[3.914s] running install_data
[3.914s] creating /home/fsp/TE3001-Robotics_Fundamentals/ROS2/miniChallenges_ws/install/signal_reconstruct/share/ament_index
[3.915s] creating /home/fsp/TE3001-Robotics_Fundamentals/ROS2/miniChallenges_ws/install/signal_reconstruct/share/ament_index/resource_index
[3.915s] creating /home/fsp/TE3001-Robotics_Fundamentals/ROS2/miniChallenges_ws/install/signal_reconstruct/share/ament_index/resource_index/packages
[3.915s] copying resource/signal_reconstruct -> /home/fsp/TE3001-Robotics_Fundamentals/ROS2/miniChallenges_ws/install/signal_reconstruct/share/ament_index/resource_index/packages
[3.916s] copying package.xml -> /home/fsp/TE3001-Robotics_Fundamentals/ROS2/miniChallenges_ws/install/signal_reconstruct/share/signal_reconstruct
[3.917s] creating /home/fsp/TE3001-Robotics_Fundamentals/ROS2/miniChallenges_ws/install/signal_reconstruct/share/signal_reconstruct/launch
[3.917s] copying launch/challenge_launch.py -> /home/fsp/TE3001-Robotics_Fundamentals/ROS2/miniChallenges_ws/install/signal_reconstruct/share/signal_reconstruct/launch
[3.923s] creating /home/fsp/TE3001-Robotics_Fundamentals/ROS2/miniChallenges_ws/install/signal_reconstruct/share/signal_reconstruct/config
[3.923s] copying config/params.yaml -> /home/fsp/TE3001-Robotics_Fundamentals/ROS2/miniChallenges_ws/install/signal_reconstruct/share/signal_reconstruct/config
[3.990s] Invoked command in '/home/fsp/TE3001-Robotics_Fundamentals/ROS2/miniChallenges_ws/build/signal_reconstruct' returned '0': PYTHONPATH=/home/fsp/TE3001-Robotics_Fundamentals/ROS2/miniChallenges_ws/build/signal_reconstruct/prefix_override:/home/fsp/TE3001-Robotics_Fundamentals/ROS2/miniChallenges_ws/install/signal_reconstruct/lib/python3.10/site-packages:${PYTHONPATH} /usr/bin/python3 setup.py develop --editable --build-directory /home/fsp/TE3001-Robotics_Fundamentals/ROS2/miniChallenges_ws/build/signal_reconstruct/build --no-deps install_data
