[1.608s] Invoking command in '/home/fsp/puzzle_bot/Week1_ws/src/courseworks': PYTHONPATH=/home/fsp/puzzle_bot/Week1_ws/build/courseworks/prefix_override:/home/fsp/puzzle_bot/Week1_ws/install/courseworks/lib/python3.10/site-packages:${PYTHONPATH} /usr/bin/python3 setup.py egg_info --egg-base ../../build/courseworks build --build-base /home/fsp/puzzle_bot/Week1_ws/build/courseworks/build install --record /home/fsp/puzzle_bot/Week1_ws/build/courseworks/install.log --single-version-externally-managed
[1.949s] running egg_info
[1.952s] writing ../../build/courseworks/courseworks.egg-info/PKG-INFO
[1.952s] writing dependency_links to ../../build/courseworks/courseworks.egg-info/dependency_links.txt
[1.952s] writing entry points to ../../build/courseworks/courseworks.egg-info/entry_points.txt
[1.952s] writing requirements to ../../build/courseworks/courseworks.egg-info/requires.txt
[1.953s] writing top-level names to ../../build/courseworks/courseworks.egg-info/top_level.txt
[1.956s] reading manifest file '../../build/courseworks/courseworks.egg-info/SOURCES.txt'
[1.958s] writing manifest file '../../build/courseworks/courseworks.egg-info/SOURCES.txt'
[1.958s] running build
[1.958s] running build_py
[1.959s] /usr/lib/python3/dist-packages/setuptools/command/install.py:34: SetuptoolsDeprecationWarning: setup.py install is deprecated. Use build and pip and other standards-based tools.
[1.959s]   warnings.warn(
[1.959s] running install
[1.960s] running install_lib
[1.962s] running install_data
[1.963s] running install_egg_info
[1.966s] removing '/home/fsp/puzzle_bot/Week1_ws/install/courseworks/lib/python3.10/site-packages/courseworks-0.0.0-py3.10.egg-info' (and everything under it)
[1.967s] Copying ../../build/courseworks/courseworks.egg-info to /home/fsp/puzzle_bot/Week1_ws/install/courseworks/lib/python3.10/site-packages/courseworks-0.0.0-py3.10.egg-info
[1.969s] running install_scripts
[2.001s] Installing process script to /home/fsp/puzzle_bot/Week1_ws/install/courseworks/lib/courseworks
[2.002s] Installing signal_generator script to /home/fsp/puzzle_bot/Week1_ws/install/courseworks/lib/courseworks
[2.002s] writing list of installed files to '/home/fsp/puzzle_bot/Week1_ws/build/courseworks/install.log'
[2.137s] Invoked command in '/home/fsp/puzzle_bot/Week1_ws/src/courseworks' returned '0': PYTHONPATH=/home/fsp/puzzle_bot/Week1_ws/build/courseworks/prefix_override:/home/fsp/puzzle_bot/Week1_ws/install/courseworks/lib/python3.10/site-packages:${PYTHONPATH} /usr/bin/python3 setup.py egg_info --egg-base ../../build/courseworks build --build-base /home/fsp/puzzle_bot/Week1_ws/build/courseworks/build install --record /home/fsp/puzzle_bot/Week1_ws/build/courseworks/install.log --single-version-externally-managed
