[1.634s] DEBUG:colcon:Command line arguments: ['/usr/bin/colcon', 'build', '--symlink-install']
[1.634s] DEBUG:colcon:Parsed command line arguments: Namespace(log_base=None, log_level=None, verb_name='build', build_base='build', install_base='install', merge_install=False, symlink_install=True, test_result_base=None, continue_on_error=False, executor='parallel', parallel_workers=4, event_handlers=None, ignore_user_meta=False, metas=['./colcon.meta'], base_paths=['.'], packages_ignore=None, packages_ignore_regex=None, paths=None, packages_up_to=None, packages_up_to_regex=None, packages_above=None, packages_above_and_dependencies=None, packages_above_depth=None, packages_select_by_dep=None, packages_skip_by_dep=None, packages_skip_up_to=None, packages_select_build_failed=False, packages_skip_build_finished=False, packages_select_test_failures=False, packages_skip_test_passed=False, packages_select=None, packages_skip=None, packages_select_regex=None, packages_skip_regex=None, packages_start=None, packages_end=None, allow_overriding=[], cmake_args=None, cmake_target=None, cmake_target_skip_unavailable=False, cmake_clean_cache=False, cmake_clean_first=False, cmake_force_configure=False, ament_cmake_args=None, catkin_cmake_args=None, catkin_skip_building_tests=False, verb_parser=<colcon_defaults.argument_parser.defaults.DefaultArgumentsDecorator object at 0x7f9118fbec50>, verb_extension=<colcon_core.verb.build.BuildVerb object at 0x7f91192859c0>, main=<bound method BuildVerb.main of <colcon_core.verb.build.BuildVerb object at 0x7f91192859c0>>)
[1.717s] Level 1:colcon.colcon_core.package_discovery:discover_packages(colcon_meta) check parameters
[1.718s] Level 1:colcon.colcon_core.package_discovery:discover_packages(recursive) check parameters
[1.718s] Level 1:colcon.colcon_core.package_discovery:discover_packages(ignore) check parameters
[1.718s] Level 1:colcon.colcon_core.package_discovery:discover_packages(path) check parameters
[1.718s] Level 1:colcon.colcon_core.package_discovery:discover_packages(colcon_meta) discover
[1.718s] Level 1:colcon.colcon_core.package_discovery:discover_packages(recursive) discover
[1.718s] INFO:colcon.colcon_core.package_discovery:Crawling recursively for packages in '/home/fsp/TE3001-Robotics_Fundamentals/ROS2/miniChallenges_ws'
[1.718s] Level 1:colcon.colcon_core.package_identification:_identify(.) by extensions ['ignore', 'ignore_ament_install']
[1.718s] Level 1:colcon.colcon_core.package_identification:_identify(.) by extension 'ignore'
[1.718s] Level 1:colcon.colcon_core.package_identification:_identify(.) by extension 'ignore_ament_install'
[1.718s] Level 1:colcon.colcon_core.package_identification:_identify(.) by extensions ['colcon_pkg']
[1.718s] Level 1:colcon.colcon_core.package_identification:_identify(.) by extension 'colcon_pkg'
[1.718s] Level 1:colcon.colcon_core.package_identification:_identify(.) by extensions ['colcon_meta']
[1.719s] Level 1:colcon.colcon_core.package_identification:_identify(.) by extension 'colcon_meta'
[1.719s] Level 1:colcon.colcon_core.package_identification:_identify(.) by extensions ['ros']
[1.719s] Level 1:colcon.colcon_core.package_identification:_identify(.) by extension 'ros'
[1.735s] Level 1:colcon.colcon_core.package_identification:_identify(.) by extensions ['cmake', 'python']
[1.735s] Level 1:colcon.colcon_core.package_identification:_identify(.) by extension 'cmake'
[1.735s] Level 1:colcon.colcon_core.package_identification:_identify(.) by extension 'python'
[1.735s] Level 1:colcon.colcon_core.package_identification:_identify(.) by extensions ['python_setup_py']
[1.735s] Level 1:colcon.colcon_core.package_identification:_identify(.) by extension 'python_setup_py'
[1.735s] Level 1:colcon.colcon_core.package_identification:_identify(build) by extensions ['ignore', 'ignore_ament_install']
[1.735s] Level 1:colcon.colcon_core.package_identification:_identify(build) by extension 'ignore'
[1.735s] Level 1:colcon.colcon_core.package_identification:_identify(build) ignored
[1.736s] Level 1:colcon.colcon_core.package_identification:_identify(install) by extensions ['ignore', 'ignore_ament_install']
[1.736s] Level 1:colcon.colcon_core.package_identification:_identify(install) by extension 'ignore'
[1.736s] Level 1:colcon.colcon_core.package_identification:_identify(install) ignored
[1.736s] Level 1:colcon.colcon_core.package_identification:_identify(log) by extensions ['ignore', 'ignore_ament_install']
[1.736s] Level 1:colcon.colcon_core.package_identification:_identify(log) by extension 'ignore'
[1.736s] Level 1:colcon.colcon_core.package_identification:_identify(log) ignored
[1.736s] Level 1:colcon.colcon_core.package_identification:_identify(src) by extensions ['ignore', 'ignore_ament_install']
[1.736s] Level 1:colcon.colcon_core.package_identification:_identify(src) by extension 'ignore'
[1.736s] Level 1:colcon.colcon_core.package_identification:_identify(src) by extension 'ignore_ament_install'
[1.736s] Level 1:colcon.colcon_core.package_identification:_identify(src) by extensions ['colcon_pkg']
[1.736s] Level 1:colcon.colcon_core.package_identification:_identify(src) by extension 'colcon_pkg'
[1.737s] Level 1:colcon.colcon_core.package_identification:_identify(src) by extensions ['colcon_meta']
[1.737s] Level 1:colcon.colcon_core.package_identification:_identify(src) by extension 'colcon_meta'
[1.737s] Level 1:colcon.colcon_core.package_identification:_identify(src) by extensions ['ros']
[1.737s] Level 1:colcon.colcon_core.package_identification:_identify(src) by extension 'ros'
[1.737s] Level 1:colcon.colcon_core.package_identification:_identify(src) by extensions ['cmake', 'python']
[1.737s] Level 1:colcon.colcon_core.package_identification:_identify(src) by extension 'cmake'
[1.737s] Level 1:colcon.colcon_core.package_identification:_identify(src) by extension 'python'
[1.737s] Level 1:colcon.colcon_core.package_identification:_identify(src) by extensions ['python_setup_py']
[1.737s] Level 1:colcon.colcon_core.package_identification:_identify(src) by extension 'python_setup_py'
[1.737s] Level 1:colcon.colcon_core.package_identification:_identify(src/basic_comms) by extensions ['ignore', 'ignore_ament_install']
[1.737s] Level 1:colcon.colcon_core.package_identification:_identify(src/basic_comms) by extension 'ignore'
[1.737s] Level 1:colcon.colcon_core.package_identification:_identify(src/basic_comms) by extension 'ignore_ament_install'
[1.737s] Level 1:colcon.colcon_core.package_identification:_identify(src/basic_comms) by extensions ['colcon_pkg']
[1.737s] Level 1:colcon.colcon_core.package_identification:_identify(src/basic_comms) by extension 'colcon_pkg'
[1.738s] Level 1:colcon.colcon_core.package_identification:_identify(src/basic_comms) by extensions ['colcon_meta']
[1.738s] Level 1:colcon.colcon_core.package_identification:_identify(src/basic_comms) by extension 'colcon_meta'
[1.738s] Level 1:colcon.colcon_core.package_identification:_identify(src/basic_comms) by extensions ['ros']
[1.738s] Level 1:colcon.colcon_core.package_identification:_identify(src/basic_comms) by extension 'ros'
[1.742s] DEBUG:colcon.colcon_core.package_identification:Package 'src/basic_comms' with type 'ros.ament_python' and name 'basic_comms'
[1.742s] Level 1:colcon.colcon_core.package_identification:_identify(src/courseworks) by extensions ['ignore', 'ignore_ament_install']
[1.742s] Level 1:colcon.colcon_core.package_identification:_identify(src/courseworks) by extension 'ignore'
[1.742s] Level 1:colcon.colcon_core.package_identification:_identify(src/courseworks) by extension 'ignore_ament_install'
[1.742s] Level 1:colcon.colcon_core.package_identification:_identify(src/courseworks) by extensions ['colcon_pkg']
[1.742s] Level 1:colcon.colcon_core.package_identification:_identify(src/courseworks) by extension 'colcon_pkg'
[1.742s] Level 1:colcon.colcon_core.package_identification:_identify(src/courseworks) by extensions ['colcon_meta']
[1.742s] Level 1:colcon.colcon_core.package_identification:_identify(src/courseworks) by extension 'colcon_meta'
[1.742s] Level 1:colcon.colcon_core.package_identification:_identify(src/courseworks) by extensions ['ros']
[1.742s] Level 1:colcon.colcon_core.package_identification:_identify(src/courseworks) by extension 'ros'
[1.744s] DEBUG:colcon.colcon_core.package_identification:Package 'src/courseworks' with type 'ros.ament_python' and name 'courseworks'
[1.744s] Level 1:colcon.colcon_core.package_identification:_identify(src/custom_msgs) by extensions ['ignore', 'ignore_ament_install']
[1.744s] Level 1:colcon.colcon_core.package_identification:_identify(src/custom_msgs) by extension 'ignore'
[1.744s] Level 1:colcon.colcon_core.package_identification:_identify(src/custom_msgs) by extension 'ignore_ament_install'
[1.744s] Level 1:colcon.colcon_core.package_identification:_identify(src/custom_msgs) by extensions ['colcon_pkg']
[1.745s] Level 1:colcon.colcon_core.package_identification:_identify(src/custom_msgs) by extension 'colcon_pkg'
[1.745s] Level 1:colcon.colcon_core.package_identification:_identify(src/custom_msgs) by extensions ['colcon_meta']
[1.745s] Level 1:colcon.colcon_core.package_identification:_identify(src/custom_msgs) by extension 'colcon_meta'
[1.745s] Level 1:colcon.colcon_core.package_identification:_identify(src/custom_msgs) by extensions ['ros']
[1.745s] Level 1:colcon.colcon_core.package_identification:_identify(src/custom_msgs) by extension 'ros'
[1.746s] DEBUG:colcon.colcon_core.package_identification:Package 'src/custom_msgs' with type 'ros.ament_cmake' and name 'custom_msgs'
[1.746s] Level 1:colcon.colcon_core.package_identification:_identify(src/signal_reconstruct) by extensions ['ignore', 'ignore_ament_install']
[1.747s] Level 1:colcon.colcon_core.package_identification:_identify(src/signal_reconstruct) by extension 'ignore'
[1.747s] Level 1:colcon.colcon_core.package_identification:_identify(src/signal_reconstruct) by extension 'ignore_ament_install'
[1.747s] Level 1:colcon.colcon_core.package_identification:_identify(src/signal_reconstruct) by extensions ['colcon_pkg']
[1.747s] Level 1:colcon.colcon_core.package_identification:_identify(src/signal_reconstruct) by extension 'colcon_pkg'
[1.747s] Level 1:colcon.colcon_core.package_identification:_identify(src/signal_reconstruct) by extensions ['colcon_meta']
[1.747s] Level 1:colcon.colcon_core.package_identification:_identify(src/signal_reconstruct) by extension 'colcon_meta'
[1.747s] Level 1:colcon.colcon_core.package_identification:_identify(src/signal_reconstruct) by extensions ['ros']
[1.747s] Level 1:colcon.colcon_core.package_identification:_identify(src/signal_reconstruct) by extension 'ros'
[1.748s] DEBUG:colcon.colcon_core.package_identification:Package 'src/signal_reconstruct' with type 'ros.ament_python' and name 'signal_reconstruct'
[1.748s] Level 1:colcon.colcon_core.package_discovery:discover_packages(recursive) using defaults
[1.748s] Level 1:colcon.colcon_core.package_discovery:discover_packages(ignore) discover
[1.748s] Level 1:colcon.colcon_core.package_discovery:discover_packages(ignore) using defaults
[1.748s] Level 1:colcon.colcon_core.package_discovery:discover_packages(path) discover
[1.748s] Level 1:colcon.colcon_core.package_discovery:discover_packages(path) using defaults
[1.887s] Level 1:colcon.colcon_core.package_discovery:discover_packages(prefix_path) check parameters
[1.887s] Level 1:colcon.colcon_core.package_discovery:discover_packages(prefix_path) discover
[1.935s] DEBUG:colcon.colcon_installed_package_information.package_discovery:Found 3 installed packages in /home/fsp/TE3001-Robotics_Fundamentals/ROS2/miniChallenges_ws/install
[1.957s] DEBUG:colcon.colcon_installed_package_information.package_discovery:Found 10 installed packages in /home/fsp/ROS2_puzzle_bot/xArm_ws/install
[1.981s] DEBUG:colcon.colcon_installed_package_information.package_discovery:Found 338 installed packages in /opt/ros/humble
[1.996s] Level 1:colcon.colcon_core.package_discovery:discover_packages(prefix_path) using defaults
[2.175s] Level 5:colcon.colcon_core.verb:set package 'basic_comms' build argument 'cmake_args' from command line to 'None'
[2.175s] Level 5:colcon.colcon_core.verb:set package 'basic_comms' build argument 'cmake_target' from command line to 'None'
[2.175s] Level 5:colcon.colcon_core.verb:set package 'basic_comms' build argument 'cmake_target_skip_unavailable' from command line to 'False'
[2.175s] Level 5:colcon.colcon_core.verb:set package 'basic_comms' build argument 'cmake_clean_cache' from command line to 'False'
[2.175s] Level 5:colcon.colcon_core.verb:set package 'basic_comms' build argument 'cmake_clean_first' from command line to 'False'
[2.175s] Level 5:colcon.colcon_core.verb:set package 'basic_comms' build argument 'cmake_force_configure' from command line to 'False'
[2.175s] Level 5:colcon.colcon_core.verb:set package 'basic_comms' build argument 'ament_cmake_args' from command line to 'None'
[2.175s] Level 5:colcon.colcon_core.verb:set package 'basic_comms' build argument 'catkin_cmake_args' from command line to 'None'
[2.175s] Level 5:colcon.colcon_core.verb:set package 'basic_comms' build argument 'catkin_skip_building_tests' from command line to 'False'
[2.175s] DEBUG:colcon.colcon_core.verb:Building package 'basic_comms' with the following arguments: {'ament_cmake_args': None, 'build_base': '/home/fsp/TE3001-Robotics_Fundamentals/ROS2/miniChallenges_ws/build/basic_comms', 'catkin_cmake_args': None, 'catkin_skip_building_tests': False, 'cmake_args': None, 'cmake_clean_cache': False, 'cmake_clean_first': False, 'cmake_force_configure': False, 'cmake_target': None, 'cmake_target_skip_unavailable': False, 'install_base': '/home/fsp/TE3001-Robotics_Fundamentals/ROS2/miniChallenges_ws/install/basic_comms', 'merge_install': False, 'path': '/home/fsp/TE3001-Robotics_Fundamentals/ROS2/miniChallenges_ws/src/basic_comms', 'symlink_install': True, 'test_result_base': None}
[2.197s] Level 5:colcon.colcon_core.verb:set package 'courseworks' build argument 'cmake_args' from command line to 'None'
[2.197s] Level 5:colcon.colcon_core.verb:set package 'courseworks' build argument 'cmake_target' from command line to 'None'
[2.197s] Level 5:colcon.colcon_core.verb:set package 'courseworks' build argument 'cmake_target_skip_unavailable' from command line to 'False'
[2.197s] Level 5:colcon.colcon_core.verb:set package 'courseworks' build argument 'cmake_clean_cache' from command line to 'False'
[2.197s] Level 5:colcon.colcon_core.verb:set package 'courseworks' build argument 'cmake_clean_first' from command line to 'False'
[2.197s] Level 5:colcon.colcon_core.verb:set package 'courseworks' build argument 'cmake_force_configure' from command line to 'False'
[2.197s] Level 5:colcon.colcon_core.verb:set package 'courseworks' build argument 'ament_cmake_args' from command line to 'None'
[2.197s] Level 5:colcon.colcon_core.verb:set package 'courseworks' build argument 'catkin_cmake_args' from command line to 'None'
[2.197s] Level 5:colcon.colcon_core.verb:set package 'courseworks' build argument 'catkin_skip_building_tests' from command line to 'False'
[2.198s] DEBUG:colcon.colcon_core.verb:Building package 'courseworks' with the following arguments: {'ament_cmake_args': None, 'build_base': '/home/fsp/TE3001-Robotics_Fundamentals/ROS2/miniChallenges_ws/build/courseworks', 'catkin_cmake_args': None, 'catkin_skip_building_tests': False, 'cmake_args': None, 'cmake_clean_cache': False, 'cmake_clean_first': False, 'cmake_force_configure': False, 'cmake_target': None, 'cmake_target_skip_unavailable': False, 'install_base': '/home/fsp/TE3001-Robotics_Fundamentals/ROS2/miniChallenges_ws/install/courseworks', 'merge_install': False, 'path': '/home/fsp/TE3001-Robotics_Fundamentals/ROS2/miniChallenges_ws/src/courseworks', 'symlink_install': True, 'test_result_base': None}
[2.219s] Level 5:colcon.colcon_core.verb:set package 'custom_msgs' build argument 'cmake_args' from command line to 'None'
[2.219s] Level 5:colcon.colcon_core.verb:set package 'custom_msgs' build argument 'cmake_target' from command line to 'None'
[2.220s] Level 5:colcon.colcon_core.verb:set package 'custom_msgs' build argument 'cmake_target_skip_unavailable' from command line to 'False'
[2.220s] Level 5:colcon.colcon_core.verb:set package 'custom_msgs' build argument 'cmake_clean_cache' from command line to 'False'
[2.220s] Level 5:colcon.colcon_core.verb:set package 'custom_msgs' build argument 'cmake_clean_first' from command line to 'False'
[2.220s] Level 5:colcon.colcon_core.verb:set package 'custom_msgs' build argument 'cmake_force_configure' from command line to 'False'
[2.220s] Level 5:colcon.colcon_core.verb:set package 'custom_msgs' build argument 'ament_cmake_args' from command line to 'None'
[2.220s] Level 5:colcon.colcon_core.verb:set package 'custom_msgs' build argument 'catkin_cmake_args' from command line to 'None'
[2.220s] Level 5:colcon.colcon_core.verb:set package 'custom_msgs' build argument 'catkin_skip_building_tests' from command line to 'False'
[2.220s] DEBUG:colcon.colcon_core.verb:Building package 'custom_msgs' with the following arguments: {'ament_cmake_args': None, 'build_base': '/home/fsp/TE3001-Robotics_Fundamentals/ROS2/miniChallenges_ws/build/custom_msgs', 'catkin_cmake_args': None, 'catkin_skip_building_tests': False, 'cmake_args': None, 'cmake_clean_cache': False, 'cmake_clean_first': False, 'cmake_force_configure': False, 'cmake_target': None, 'cmake_target_skip_unavailable': False, 'install_base': '/home/fsp/TE3001-Robotics_Fundamentals/ROS2/miniChallenges_ws/install/custom_msgs', 'merge_install': False, 'path': '/home/fsp/TE3001-Robotics_Fundamentals/ROS2/miniChallenges_ws/src/custom_msgs', 'symlink_install': True, 'test_result_base': None}
[2.242s] Level 5:colcon.colcon_core.verb:set package 'signal_reconstruct' build argument 'cmake_args' from command line to 'None'
[2.242s] Level 5:colcon.colcon_core.verb:set package 'signal_reconstruct' build argument 'cmake_target' from command line to 'None'
[2.242s] Level 5:colcon.colcon_core.verb:set package 'signal_reconstruct' build argument 'cmake_target_skip_unavailable' from command line to 'False'
[2.242s] Level 5:colcon.colcon_core.verb:set package 'signal_reconstruct' build argument 'cmake_clean_cache' from command line to 'False'
[2.242s] Level 5:colcon.colcon_core.verb:set package 'signal_reconstruct' build argument 'cmake_clean_first' from command line to 'False'
[2.242s] Level 5:colcon.colcon_core.verb:set package 'signal_reconstruct' build argument 'cmake_force_configure' from command line to 'False'
[2.242s] Level 5:colcon.colcon_core.verb:set package 'signal_reconstruct' build argument 'ament_cmake_args' from command line to 'None'
[2.242s] Level 5:colcon.colcon_core.verb:set package 'signal_reconstruct' build argument 'catkin_cmake_args' from command line to 'None'
[2.242s] Level 5:colcon.colcon_core.verb:set package 'signal_reconstruct' build argument 'catkin_skip_building_tests' from command line to 'False'
[2.242s] DEBUG:colcon.colcon_core.verb:Building package 'signal_reconstruct' with the following arguments: {'ament_cmake_args': None, 'build_base': '/home/fsp/TE3001-Robotics_Fundamentals/ROS2/miniChallenges_ws/build/signal_reconstruct', 'catkin_cmake_args': None, 'catkin_skip_building_tests': False, 'cmake_args': None, 'cmake_clean_cache': False, 'cmake_clean_first': False, 'cmake_force_configure': False, 'cmake_target': None, 'cmake_target_skip_unavailable': False, 'install_base': '/home/fsp/TE3001-Robotics_Fundamentals/ROS2/miniChallenges_ws/install/signal_reconstruct', 'merge_install': False, 'path': '/home/fsp/TE3001-Robotics_Fundamentals/ROS2/miniChallenges_ws/src/signal_reconstruct', 'symlink_install': True, 'test_result_base': None}
[2.274s] INFO:colcon.colcon_core.executor:Executing jobs using 'parallel' executor
[2.300s] DEBUG:colcon.colcon_parallel_executor.executor.parallel:run_until_complete
[2.300s] INFO:colcon.colcon_ros.task.ament_python.build:Building ROS package in '/home/fsp/TE3001-Robotics_Fundamentals/ROS2/miniChallenges_ws/src/basic_comms' with build type 'ament_python'
[2.300s] Level 1:colcon.colcon_core.shell:create_environment_hook('basic_comms', 'ament_prefix_path')
[2.345s] INFO:colcon.colcon_core.plugin_system:Skipping extension 'colcon_core.shell.bat': Not used on non-Windows systems
[2.345s] INFO:colcon.colcon_core.shell:Creating environment hook '/home/fsp/TE3001-Robotics_Fundamentals/ROS2/miniChallenges_ws/install/basic_comms/share/basic_comms/hook/ament_prefix_path.ps1'
[2.347s] INFO:colcon.colcon_core.shell:Creating environment descriptor '/home/fsp/TE3001-Robotics_Fundamentals/ROS2/miniChallenges_ws/install/basic_comms/share/basic_comms/hook/ament_prefix_path.dsv'
[2.348s] INFO:colcon.colcon_core.shell:Creating environment hook '/home/fsp/TE3001-Robotics_Fundamentals/ROS2/miniChallenges_ws/install/basic_comms/share/basic_comms/hook/ament_prefix_path.sh'
[2.374s] INFO:colcon.colcon_core.shell:Skip shell extension 'powershell' for command environment: Not usable outside of PowerShell
[2.374s] DEBUG:colcon.colcon_core.shell:Skip shell extension 'dsv' for command environment
[2.511s] INFO:colcon.colcon_ros.task.ament_python.build:Building ROS package in '/home/fsp/TE3001-Robotics_Fundamentals/ROS2/miniChallenges_ws/src/courseworks' with build type 'ament_python'
[2.512s] Level 1:colcon.colcon_core.shell:create_environment_hook('courseworks', 'ament_prefix_path')
[2.541s] INFO:colcon.colcon_core.shell:Creating environment hook '/home/fsp/TE3001-Robotics_Fundamentals/ROS2/miniChallenges_ws/install/courseworks/share/courseworks/hook/ament_prefix_path.ps1'
[2.541s] INFO:colcon.colcon_core.shell:Creating environment descriptor '/home/fsp/TE3001-Robotics_Fundamentals/ROS2/miniChallenges_ws/install/courseworks/share/courseworks/hook/ament_prefix_path.dsv'
[2.542s] INFO:colcon.colcon_core.shell:Creating environment hook '/home/fsp/TE3001-Robotics_Fundamentals/ROS2/miniChallenges_ws/install/courseworks/share/courseworks/hook/ament_prefix_path.sh'
[2.565s] INFO:colcon.colcon_core.shell:Skip shell extension 'powershell' for command environment: Not usable outside of PowerShell
[2.565s] DEBUG:colcon.colcon_core.shell:Skip shell extension 'dsv' for command environment
[2.661s] INFO:colcon.colcon_ros.task.ament_cmake.build:Building ROS package in '/home/fsp/TE3001-Robotics_Fundamentals/ROS2/miniChallenges_ws/src/custom_msgs' with build type 'ament_cmake'
[2.661s] INFO:colcon.colcon_cmake.task.cmake.build:Building CMake package in '/home/fsp/TE3001-Robotics_Fundamentals/ROS2/miniChallenges_ws/src/custom_msgs'
[2.685s] INFO:colcon.colcon_core.shell:Skip shell extension 'powershell' for command environment: Not usable outside of PowerShell
[2.685s] DEBUG:colcon.colcon_core.shell:Skip shell extension 'dsv' for command environment
[2.784s] INFO:colcon.colcon_ros.task.ament_python.build:Building ROS package in '/home/fsp/TE3001-Robotics_Fundamentals/ROS2/miniChallenges_ws/src/signal_reconstruct' with build type 'ament_python'
[2.784s] Level 1:colcon.colcon_core.shell:create_environment_hook('signal_reconstruct', 'ament_prefix_path')
[2.809s] INFO:colcon.colcon_core.shell:Creating environment hook '/home/fsp/TE3001-Robotics_Fundamentals/ROS2/miniChallenges_ws/install/signal_reconstruct/share/signal_reconstruct/hook/ament_prefix_path.ps1'
[2.810s] INFO:colcon.colcon_core.shell:Creating environment descriptor '/home/fsp/TE3001-Robotics_Fundamentals/ROS2/miniChallenges_ws/install/signal_reconstruct/share/signal_reconstruct/hook/ament_prefix_path.dsv'
[2.811s] INFO:colcon.colcon_core.shell:Creating environment hook '/home/fsp/TE3001-Robotics_Fundamentals/ROS2/miniChallenges_ws/install/signal_reconstruct/share/signal_reconstruct/hook/ament_prefix_path.sh'
[2.836s] INFO:colcon.colcon_core.shell:Skip shell extension 'powershell' for command environment: Not usable outside of PowerShell
[2.836s] DEBUG:colcon.colcon_core.shell:Skip shell extension 'dsv' for command environment
[3.412s] INFO:colcon.colcon_core.task.python.build:Building Python package in '/home/fsp/TE3001-Robotics_Fundamentals/ROS2/miniChallenges_ws/src/basic_comms'
[3.436s] INFO:colcon.colcon_core.shell:Skip shell extension 'powershell' for command environment: Not usable outside of PowerShell
[3.436s] DEBUG:colcon.colcon_core.shell:Skip shell extension 'dsv' for command environment
[3.909s] INFO:colcon.colcon_core.task.python.build:Building Python package in '/home/fsp/TE3001-Robotics_Fundamentals/ROS2/miniChallenges_ws/src/courseworks'
[3.932s] INFO:colcon.colcon_core.shell:Skip shell extension 'powershell' for command environment: Not usable outside of PowerShell
[3.932s] DEBUG:colcon.colcon_core.shell:Skip shell extension 'dsv' for command environment
[4.033s] DEBUG:colcon.colcon_core.event_handler.log_command:Invoking command in '/home/fsp/TE3001-Robotics_Fundamentals/ROS2/miniChallenges_ws/build/custom_msgs': CMAKE_PREFIX_PATH=${CMAKE_PREFIX_PATH}:/home/fsp/TE3001-Robotics_Fundamentals/ROS2/miniChallenges_ws/install/signal_reconstruct:/home/fsp/TE3001-Robotics_Fundamentals/ROS2/miniChallenges_ws/install/courseworks:/home/fsp/TE3001-Robotics_Fundamentals/ROS2/miniChallenges_ws/install/basic_comms:/opt/ros/humble /usr/bin/cmake /home/fsp/TE3001-Robotics_Fundamentals/ROS2/miniChallenges_ws/src/custom_msgs -DAMENT_CMAKE_SYMLINK_INSTALL=1 -DCMAKE_INSTALL_PREFIX=/home/fsp/TE3001-Robotics_Fundamentals/ROS2/miniChallenges_ws/install/custom_msgs
[4.491s] INFO:colcon.colcon_core.task.python.build:Building Python package in '/home/fsp/TE3001-Robotics_Fundamentals/ROS2/miniChallenges_ws/src/signal_reconstruct'
[4.515s] INFO:colcon.colcon_core.shell:Skip shell extension 'powershell' for command environment: Not usable outside of PowerShell
[4.516s] DEBUG:colcon.colcon_core.shell:Skip shell extension 'dsv' for command environment
[5.730s] DEBUG:colcon.colcon_core.event_handler.log_command:Invoking command in '/home/fsp/TE3001-Robotics_Fundamentals/ROS2/miniChallenges_ws/build/basic_comms': PYTHONPATH=/home/fsp/TE3001-Robotics_Fundamentals/ROS2/miniChallenges_ws/build/basic_comms/prefix_override:/home/fsp/TE3001-Robotics_Fundamentals/ROS2/miniChallenges_ws/install/basic_comms/lib/python3.10/site-packages:${PYTHONPATH} /usr/bin/python3 setup.py develop --editable --build-directory /home/fsp/TE3001-Robotics_Fundamentals/ROS2/miniChallenges_ws/build/basic_comms/build --no-deps install_data
[5.738s] DEBUG:colcon.colcon_core.event_handler.log_command:Invoking command in '/home/fsp/TE3001-Robotics_Fundamentals/ROS2/miniChallenges_ws/build/signal_reconstruct': PYTHONPATH=/home/fsp/TE3001-Robotics_Fundamentals/ROS2/miniChallenges_ws/build/signal_reconstruct/prefix_override:/home/fsp/TE3001-Robotics_Fundamentals/ROS2/miniChallenges_ws/install/signal_reconstruct/lib/python3.10/site-packages:${PYTHONPATH} /usr/bin/python3 setup.py develop --editable --build-directory /home/fsp/TE3001-Robotics_Fundamentals/ROS2/miniChallenges_ws/build/signal_reconstruct/build --no-deps install_data
[5.751s] DEBUG:colcon.colcon_core.event_handler.log_command:Invoking command in '/home/fsp/TE3001-Robotics_Fundamentals/ROS2/miniChallenges_ws/build/courseworks': PYTHONPATH=/home/fsp/TE3001-Robotics_Fundamentals/ROS2/miniChallenges_ws/build/courseworks/prefix_override:/home/fsp/TE3001-Robotics_Fundamentals/ROS2/miniChallenges_ws/install/courseworks/lib/python3.10/site-packages:${PYTHONPATH} /usr/bin/python3 setup.py develop --editable --build-directory /home/fsp/TE3001-Robotics_Fundamentals/ROS2/miniChallenges_ws/build/courseworks/build --no-deps install_data
[6.466s] DEBUG:colcon.colcon_core.event_handler.log_command:Invoked command in '/home/fsp/TE3001-Robotics_Fundamentals/ROS2/miniChallenges_ws/build/custom_msgs' returned '1': CMAKE_PREFIX_PATH=${CMAKE_PREFIX_PATH}:/home/fsp/TE3001-Robotics_Fundamentals/ROS2/miniChallenges_ws/install/signal_reconstruct:/home/fsp/TE3001-Robotics_Fundamentals/ROS2/miniChallenges_ws/install/courseworks:/home/fsp/TE3001-Robotics_Fundamentals/ROS2/miniChallenges_ws/install/basic_comms:/opt/ros/humble /usr/bin/cmake /home/fsp/TE3001-Robotics_Fundamentals/ROS2/miniChallenges_ws/src/custom_msgs -DAMENT_CMAKE_SYMLINK_INSTALL=1 -DCMAKE_INSTALL_PREFIX=/home/fsp/TE3001-Robotics_Fundamentals/ROS2/miniChallenges_ws/install/custom_msgs
[6.490s] Level 1:colcon.colcon_core.environment:create_environment_scripts_only(custom_msgs)
[6.555s] Level 1:colcon.colcon_core.environment:checking '/home/fsp/TE3001-Robotics_Fundamentals/ROS2/miniChallenges_ws/install/custom_msgs' for CMake module files
[6.556s] Level 1:colcon.colcon_core.environment:checking '/home/fsp/TE3001-Robotics_Fundamentals/ROS2/miniChallenges_ws/install/custom_msgs' for CMake config files
[6.557s] Level 1:colcon.colcon_core.environment:checking '/home/fsp/TE3001-Robotics_Fundamentals/ROS2/miniChallenges_ws/install/custom_msgs/bin'
[6.557s] Level 1:colcon.colcon_core.environment:checking '/home/fsp/TE3001-Robotics_Fundamentals/ROS2/miniChallenges_ws/install/custom_msgs/lib/pkgconfig/custom_msgs.pc'
[6.558s] Level 1:colcon.colcon_core.environment:checking '/home/fsp/TE3001-Robotics_Fundamentals/ROS2/miniChallenges_ws/install/custom_msgs/lib/python3.10/site-packages'
[6.558s] Level 1:colcon.colcon_core.environment:checking '/home/fsp/TE3001-Robotics_Fundamentals/ROS2/miniChallenges_ws/install/custom_msgs/bin'
[6.605s] INFO:colcon.colcon_core.shell:Creating package script '/home/fsp/TE3001-Robotics_Fundamentals/ROS2/miniChallenges_ws/install/custom_msgs/share/custom_msgs/package.ps1'
[6.607s] INFO:colcon.colcon_core.shell:Creating package descriptor '/home/fsp/TE3001-Robotics_Fundamentals/ROS2/miniChallenges_ws/install/custom_msgs/share/custom_msgs/package.dsv'
[6.608s] INFO:colcon.colcon_core.shell:Creating package script '/home/fsp/TE3001-Robotics_Fundamentals/ROS2/miniChallenges_ws/install/custom_msgs/share/custom_msgs/package.sh'
[6.610s] INFO:colcon.colcon_core.shell:Creating package script '/home/fsp/TE3001-Robotics_Fundamentals/ROS2/miniChallenges_ws/install/custom_msgs/share/custom_msgs/package.bash'
[6.612s] INFO:colcon.colcon_core.shell:Creating package script '/home/fsp/TE3001-Robotics_Fundamentals/ROS2/miniChallenges_ws/install/custom_msgs/share/custom_msgs/package.zsh'
[6.614s] Level 1:colcon.colcon_core.environment:create_file_with_runtime_dependencies(/home/fsp/TE3001-Robotics_Fundamentals/ROS2/miniChallenges_ws/install/custom_msgs/share/colcon-core/packages/custom_msgs)
[7.085s] DEBUG:colcon.colcon_parallel_executor.executor.parallel:closing loop
[7.085s] DEBUG:colcon.colcon_parallel_executor.executor.parallel:loop closed
[7.085s] DEBUG:colcon.colcon_parallel_executor.executor.parallel:run_until_complete finished with '1'
[7.086s] DEBUG:colcon.colcon_core.event_reactor:joining thread
[7.125s] INFO:colcon.colcon_core.plugin_system:Skipping extension 'colcon_notification.desktop_notification.terminal_notifier': Not used on non-Darwin systems
[7.125s] INFO:colcon.colcon_core.plugin_system:Skipping extension 'colcon_notification.desktop_notification.win32': Not used on non-Windows systems
[7.125s] INFO:colcon.colcon_notification.desktop_notification:Sending desktop notification using 'notify2'
[7.158s] DEBUG:colcon.colcon_core.event_reactor:joined thread
[7.183s] INFO:colcon.colcon_core.shell:Creating prefix script '/home/fsp/TE3001-Robotics_Fundamentals/ROS2/miniChallenges_ws/install/local_setup.ps1'
[7.185s] INFO:colcon.colcon_core.shell:Creating prefix util module '/home/fsp/TE3001-Robotics_Fundamentals/ROS2/miniChallenges_ws/install/_local_setup_util_ps1.py'
[7.187s] INFO:colcon.colcon_core.shell:Creating prefix chain script '/home/fsp/TE3001-Robotics_Fundamentals/ROS2/miniChallenges_ws/install/setup.ps1'
[7.233s] INFO:colcon.colcon_core.shell:Creating prefix script '/home/fsp/TE3001-Robotics_Fundamentals/ROS2/miniChallenges_ws/install/local_setup.sh'
[7.234s] INFO:colcon.colcon_core.shell:Creating prefix util module '/home/fsp/TE3001-Robotics_Fundamentals/ROS2/miniChallenges_ws/install/_local_setup_util_sh.py'
[7.235s] INFO:colcon.colcon_core.shell:Creating prefix chain script '/home/fsp/TE3001-Robotics_Fundamentals/ROS2/miniChallenges_ws/install/setup.sh'
[7.259s] INFO:colcon.colcon_core.shell:Creating prefix script '/home/fsp/TE3001-Robotics_Fundamentals/ROS2/miniChallenges_ws/install/local_setup.bash'
[7.260s] INFO:colcon.colcon_core.shell:Creating prefix chain script '/home/fsp/TE3001-Robotics_Fundamentals/ROS2/miniChallenges_ws/install/setup.bash'
[7.284s] INFO:colcon.colcon_core.shell:Creating prefix script '/home/fsp/TE3001-Robotics_Fundamentals/ROS2/miniChallenges_ws/install/local_setup.zsh'
[7.285s] INFO:colcon.colcon_core.shell:Creating prefix chain script '/home/fsp/TE3001-Robotics_Fundamentals/ROS2/miniChallenges_ws/install/setup.zsh'
