[1.618s] DEBUG:colcon:Command line arguments: ['/usr/bin/colcon', 'build', '--symlink-install']
[1.618s] DEBUG:colcon:Parsed command line arguments: Namespace(log_base=None, log_level=None, verb_name='build', build_base='build', install_base='install', merge_install=False, symlink_install=True, test_result_base=None, continue_on_error=False, executor='parallel', parallel_workers=4, event_handlers=None, ignore_user_meta=False, metas=['./colcon.meta'], base_paths=['.'], packages_ignore=None, packages_ignore_regex=None, paths=None, packages_up_to=None, packages_up_to_regex=None, packages_above=None, packages_above_and_dependencies=None, packages_above_depth=None, packages_select_by_dep=None, packages_skip_by_dep=None, packages_skip_up_to=None, packages_select_build_failed=False, packages_skip_build_finished=False, packages_select_test_failures=False, packages_skip_test_passed=False, packages_select=None, packages_skip=None, packages_select_regex=None, packages_skip_regex=None, packages_start=None, packages_end=None, allow_overriding=[], cmake_args=None, cmake_target=None, cmake_target_skip_unavailable=False, cmake_clean_cache=False, cmake_clean_first=False, cmake_force_configure=False, ament_cmake_args=None, catkin_cmake_args=None, catkin_skip_building_tests=False, verb_parser=<colcon_defaults.argument_parser.defaults.DefaultArgumentsDecorator object at 0x7d6e2968a5c0>, verb_extension=<colcon_core.verb.build.BuildVerb object at 0x7d6e299218a0>, main=<bound method BuildVerb.main of <colcon_core.verb.build.BuildVerb object at 0x7d6e299218a0>>)
[1.692s] Level 1:colcon.colcon_core.package_discovery:discover_packages(colcon_meta) check parameters
[1.692s] Level 1:colcon.colcon_core.package_discovery:discover_packages(recursive) check parameters
[1.692s] Level 1:colcon.colcon_core.package_discovery:discover_packages(ignore) check parameters
[1.692s] Level 1:colcon.colcon_core.package_discovery:discover_packages(path) check parameters
[1.692s] Level 1:colcon.colcon_core.package_discovery:discover_packages(colcon_meta) discover
[1.692s] Level 1:colcon.colcon_core.package_discovery:discover_packages(recursive) discover
[1.692s] INFO:colcon.colcon_core.package_discovery:Crawling recursively for packages in '/home/fsp/TE3001-Robotics_Fundamentals/ROS2/miniChallenges_ws'
[1.692s] Level 1:colcon.colcon_core.package_identification:_identify(.) by extensions ['ignore', 'ignore_ament_install']
[1.692s] Level 1:colcon.colcon_core.package_identification:_identify(.) by extension 'ignore'
[1.692s] Level 1:colcon.colcon_core.package_identification:_identify(.) by extension 'ignore_ament_install'
[1.693s] Level 1:colcon.colcon_core.package_identification:_identify(.) by extensions ['colcon_pkg']
[1.693s] Level 1:colcon.colcon_core.package_identification:_identify(.) by extension 'colcon_pkg'
[1.693s] Level 1:colcon.colcon_core.package_identification:_identify(.) by extensions ['colcon_meta']
[1.693s] Level 1:colcon.colcon_core.package_identification:_identify(.) by extension 'colcon_meta'
[1.693s] Level 1:colcon.colcon_core.package_identification:_identify(.) by extensions ['ros']
[1.693s] Level 1:colcon.colcon_core.package_identification:_identify(.) by extension 'ros'
[1.711s] Level 1:colcon.colcon_core.package_identification:_identify(.) by extensions ['cmake', 'python']
[1.711s] Level 1:colcon.colcon_core.package_identification:_identify(.) by extension 'cmake'
[1.711s] Level 1:colcon.colcon_core.package_identification:_identify(.) by extension 'python'
[1.711s] Level 1:colcon.colcon_core.package_identification:_identify(.) by extensions ['python_setup_py']
[1.711s] Level 1:colcon.colcon_core.package_identification:_identify(.) by extension 'python_setup_py'
[1.712s] Level 1:colcon.colcon_core.package_identification:_identify(build) by extensions ['ignore', 'ignore_ament_install']
[1.712s] Level 1:colcon.colcon_core.package_identification:_identify(build) by extension 'ignore'
[1.712s] Level 1:colcon.colcon_core.package_identification:_identify(build) ignored
[1.712s] Level 1:colcon.colcon_core.package_identification:_identify(install) by extensions ['ignore', 'ignore_ament_install']
[1.712s] Level 1:colcon.colcon_core.package_identification:_identify(install) by extension 'ignore'
[1.712s] Level 1:colcon.colcon_core.package_identification:_identify(install) ignored
[1.712s] Level 1:colcon.colcon_core.package_identification:_identify(log) by extensions ['ignore', 'ignore_ament_install']
[1.713s] Level 1:colcon.colcon_core.package_identification:_identify(log) by extension 'ignore'
[1.713s] Level 1:colcon.colcon_core.package_identification:_identify(log) ignored
[1.713s] Level 1:colcon.colcon_core.package_identification:_identify(src) by extensions ['ignore', 'ignore_ament_install']
[1.713s] Level 1:colcon.colcon_core.package_identification:_identify(src) by extension 'ignore'
[1.713s] Level 1:colcon.colcon_core.package_identification:_identify(src) by extension 'ignore_ament_install'
[1.713s] Level 1:colcon.colcon_core.package_identification:_identify(src) by extensions ['colcon_pkg']
[1.713s] Level 1:colcon.colcon_core.package_identification:_identify(src) by extension 'colcon_pkg'
[1.713s] Level 1:colcon.colcon_core.package_identification:_identify(src) by extensions ['colcon_meta']
[1.713s] Level 1:colcon.colcon_core.package_identification:_identify(src) by extension 'colcon_meta'
[1.713s] Level 1:colcon.colcon_core.package_identification:_identify(src) by extensions ['ros']
[1.713s] Level 1:colcon.colcon_core.package_identification:_identify(src) by extension 'ros'
[1.713s] Level 1:colcon.colcon_core.package_identification:_identify(src) by extensions ['cmake', 'python']
[1.713s] Level 1:colcon.colcon_core.package_identification:_identify(src) by extension 'cmake'
[1.713s] Level 1:colcon.colcon_core.package_identification:_identify(src) by extension 'python'
[1.714s] Level 1:colcon.colcon_core.package_identification:_identify(src) by extensions ['python_setup_py']
[1.714s] Level 1:colcon.colcon_core.package_identification:_identify(src) by extension 'python_setup_py'
[1.714s] Level 1:colcon.colcon_core.package_identification:_identify(src/basic_comms) by extensions ['ignore', 'ignore_ament_install']
[1.714s] Level 1:colcon.colcon_core.package_identification:_identify(src/basic_comms) by extension 'ignore'
[1.714s] Level 1:colcon.colcon_core.package_identification:_identify(src/basic_comms) by extension 'ignore_ament_install'
[1.714s] Level 1:colcon.colcon_core.package_identification:_identify(src/basic_comms) by extensions ['colcon_pkg']
[1.714s] Level 1:colcon.colcon_core.package_identification:_identify(src/basic_comms) by extension 'colcon_pkg'
[1.714s] Level 1:colcon.colcon_core.package_identification:_identify(src/basic_comms) by extensions ['colcon_meta']
[1.714s] Level 1:colcon.colcon_core.package_identification:_identify(src/basic_comms) by extension 'colcon_meta'
[1.714s] Level 1:colcon.colcon_core.package_identification:_identify(src/basic_comms) by extensions ['ros']
[1.714s] Level 1:colcon.colcon_core.package_identification:_identify(src/basic_comms) by extension 'ros'
[1.718s] DEBUG:colcon.colcon_core.package_identification:Package 'src/basic_comms' with type 'ros.ament_python' and name 'basic_comms'
[1.718s] Level 1:colcon.colcon_core.package_identification:_identify(src/courseworks) by extensions ['ignore', 'ignore_ament_install']
[1.718s] Level 1:colcon.colcon_core.package_identification:_identify(src/courseworks) by extension 'ignore'
[1.718s] Level 1:colcon.colcon_core.package_identification:_identify(src/courseworks) by extension 'ignore_ament_install'
[1.719s] Level 1:colcon.colcon_core.package_identification:_identify(src/courseworks) by extensions ['colcon_pkg']
[1.719s] Level 1:colcon.colcon_core.package_identification:_identify(src/courseworks) by extension 'colcon_pkg'
[1.719s] Level 1:colcon.colcon_core.package_identification:_identify(src/courseworks) by extensions ['colcon_meta']
[1.719s] Level 1:colcon.colcon_core.package_identification:_identify(src/courseworks) by extension 'colcon_meta'
[1.719s] Level 1:colcon.colcon_core.package_identification:_identify(src/courseworks) by extensions ['ros']
[1.719s] Level 1:colcon.colcon_core.package_identification:_identify(src/courseworks) by extension 'ros'
[1.720s] DEBUG:colcon.colcon_core.package_identification:Package 'src/courseworks' with type 'ros.ament_python' and name 'courseworks'
[1.720s] Level 1:colcon.colcon_core.package_identification:_identify(src/custom_msgs) by extensions ['ignore', 'ignore_ament_install']
[1.721s] Level 1:colcon.colcon_core.package_identification:_identify(src/custom_msgs) by extension 'ignore'
[1.721s] Level 1:colcon.colcon_core.package_identification:_identify(src/custom_msgs) by extension 'ignore_ament_install'
[1.721s] Level 1:colcon.colcon_core.package_identification:_identify(src/custom_msgs) by extensions ['colcon_pkg']
[1.721s] Level 1:colcon.colcon_core.package_identification:_identify(src/custom_msgs) by extension 'colcon_pkg'
[1.721s] Level 1:colcon.colcon_core.package_identification:_identify(src/custom_msgs) by extensions ['colcon_meta']
[1.721s] Level 1:colcon.colcon_core.package_identification:_identify(src/custom_msgs) by extension 'colcon_meta'
[1.721s] Level 1:colcon.colcon_core.package_identification:_identify(src/custom_msgs) by extensions ['ros']
[1.721s] Level 1:colcon.colcon_core.package_identification:_identify(src/custom_msgs) by extension 'ros'
[1.723s] DEBUG:colcon.colcon_core.package_identification:Package 'src/custom_msgs' with type 'ros.ament_cmake' and name 'custom_msgs'
[1.724s] Level 1:colcon.colcon_core.package_identification:_identify(src/signal_reconstruct) by extensions ['ignore', 'ignore_ament_install']
[1.724s] Level 1:colcon.colcon_core.package_identification:_identify(src/signal_reconstruct) by extension 'ignore'
[1.724s] Level 1:colcon.colcon_core.package_identification:_identify(src/signal_reconstruct) by extension 'ignore_ament_install'
[1.724s] Level 1:colcon.colcon_core.package_identification:_identify(src/signal_reconstruct) by extensions ['colcon_pkg']
[1.724s] Level 1:colcon.colcon_core.package_identification:_identify(src/signal_reconstruct) by extension 'colcon_pkg'
[1.724s] Level 1:colcon.colcon_core.package_identification:_identify(src/signal_reconstruct) by extensions ['colcon_meta']
[1.724s] Level 1:colcon.colcon_core.package_identification:_identify(src/signal_reconstruct) by extension 'colcon_meta'
[1.724s] Level 1:colcon.colcon_core.package_identification:_identify(src/signal_reconstruct) by extensions ['ros']
[1.724s] Level 1:colcon.colcon_core.package_identification:_identify(src/signal_reconstruct) by extension 'ros'
[1.725s] DEBUG:colcon.colcon_core.package_identification:Package 'src/signal_reconstruct' with type 'ros.ament_python' and name 'signal_reconstruct'
[1.725s] Level 1:colcon.colcon_core.package_discovery:discover_packages(recursive) using defaults
[1.725s] Level 1:colcon.colcon_core.package_discovery:discover_packages(ignore) discover
[1.725s] Level 1:colcon.colcon_core.package_discovery:discover_packages(ignore) using defaults
[1.725s] Level 1:colcon.colcon_core.package_discovery:discover_packages(path) discover
[1.725s] Level 1:colcon.colcon_core.package_discovery:discover_packages(path) using defaults
[1.880s] Level 1:colcon.colcon_core.package_discovery:discover_packages(prefix_path) check parameters
[1.880s] Level 1:colcon.colcon_core.package_discovery:discover_packages(prefix_path) discover
[1.905s] WARNING:colcon.colcon_ros.prefix_path.ament:The path '/home/fsp/TE3001-Robotics_Fundamentals/ROS2/miniChallenges_ws/install/signal_reconstruct' in the environment variable AMENT_PREFIX_PATH doesn't exist
[1.905s] WARNING:colcon.colcon_ros.prefix_path.ament:The path '/home/fsp/TE3001-Robotics_Fundamentals/ROS2/miniChallenges_ws/install/courseworks' in the environment variable AMENT_PREFIX_PATH doesn't exist
[1.905s] WARNING:colcon.colcon_ros.prefix_path.ament:The path '/home/fsp/TE3001-Robotics_Fundamentals/ROS2/miniChallenges_ws/install/basic_comms' in the environment variable AMENT_PREFIX_PATH doesn't exist
[1.931s] DEBUG:colcon.colcon_installed_package_information.package_discovery:Found 0 installed packages in /home/fsp/TE3001-Robotics_Fundamentals/ROS2/miniChallenges_ws/install
[1.961s] DEBUG:colcon.colcon_installed_package_information.package_discovery:Found 10 installed packages in /home/fsp/ROS2_puzzle_bot/xArm_ws/install
[2.001s] DEBUG:colcon.colcon_installed_package_information.package_discovery:Found 3 installed packages in /home/fsp/TE3001-Robotics_Fundamentals/ROS2/ros2_utilities_ws/install
[2.026s] DEBUG:colcon.colcon_installed_package_information.package_discovery:Found 338 installed packages in /opt/ros/humble
[2.028s] Level 1:colcon.colcon_core.package_discovery:discover_packages(prefix_path) using defaults
[2.194s] Level 5:colcon.colcon_core.verb:set package 'basic_comms' build argument 'cmake_args' from command line to 'None'
[2.194s] Level 5:colcon.colcon_core.verb:set package 'basic_comms' build argument 'cmake_target' from command line to 'None'
[2.194s] Level 5:colcon.colcon_core.verb:set package 'basic_comms' build argument 'cmake_target_skip_unavailable' from command line to 'False'
[2.194s] Level 5:colcon.colcon_core.verb:set package 'basic_comms' build argument 'cmake_clean_cache' from command line to 'False'
[2.194s] Level 5:colcon.colcon_core.verb:set package 'basic_comms' build argument 'cmake_clean_first' from command line to 'False'
[2.194s] Level 5:colcon.colcon_core.verb:set package 'basic_comms' build argument 'cmake_force_configure' from command line to 'False'
[2.194s] Level 5:colcon.colcon_core.verb:set package 'basic_comms' build argument 'ament_cmake_args' from command line to 'None'
[2.195s] Level 5:colcon.colcon_core.verb:set package 'basic_comms' build argument 'catkin_cmake_args' from command line to 'None'
[2.195s] Level 5:colcon.colcon_core.verb:set package 'basic_comms' build argument 'catkin_skip_building_tests' from command line to 'False'
[2.195s] DEBUG:colcon.colcon_core.verb:Building package 'basic_comms' with the following arguments: {'ament_cmake_args': None, 'build_base': '/home/fsp/TE3001-Robotics_Fundamentals/ROS2/miniChallenges_ws/build/basic_comms', 'catkin_cmake_args': None, 'catkin_skip_building_tests': False, 'cmake_args': None, 'cmake_clean_cache': False, 'cmake_clean_first': False, 'cmake_force_configure': False, 'cmake_target': None, 'cmake_target_skip_unavailable': False, 'install_base': '/home/fsp/TE3001-Robotics_Fundamentals/ROS2/miniChallenges_ws/install/basic_comms', 'merge_install': False, 'path': '/home/fsp/TE3001-Robotics_Fundamentals/ROS2/miniChallenges_ws/src/basic_comms', 'symlink_install': True, 'test_result_base': None}
[2.223s] Level 5:colcon.colcon_core.verb:set package 'courseworks' build argument 'cmake_args' from command line to 'None'
[2.223s] Level 5:colcon.colcon_core.verb:set package 'courseworks' build argument 'cmake_target' from command line to 'None'
[2.223s] Level 5:colcon.colcon_core.verb:set package 'courseworks' build argument 'cmake_target_skip_unavailable' from command line to 'False'
[2.223s] Level 5:colcon.colcon_core.verb:set package 'courseworks' build argument 'cmake_clean_cache' from command line to 'False'
[2.223s] Level 5:colcon.colcon_core.verb:set package 'courseworks' build argument 'cmake_clean_first' from command line to 'False'
[2.223s] Level 5:colcon.colcon_core.verb:set package 'courseworks' build argument 'cmake_force_configure' from command line to 'False'
[2.223s] Level 5:colcon.colcon_core.verb:set package 'courseworks' build argument 'ament_cmake_args' from command line to 'None'
[2.223s] Level 5:colcon.colcon_core.verb:set package 'courseworks' build argument 'catkin_cmake_args' from command line to 'None'
[2.223s] Level 5:colcon.colcon_core.verb:set package 'courseworks' build argument 'catkin_skip_building_tests' from command line to 'False'
[2.223s] DEBUG:colcon.colcon_core.verb:Building package 'courseworks' with the following arguments: {'ament_cmake_args': None, 'build_base': '/home/fsp/TE3001-Robotics_Fundamentals/ROS2/miniChallenges_ws/build/courseworks', 'catkin_cmake_args': None, 'catkin_skip_building_tests': False, 'cmake_args': None, 'cmake_clean_cache': False, 'cmake_clean_first': False, 'cmake_force_configure': False, 'cmake_target': None, 'cmake_target_skip_unavailable': False, 'install_base': '/home/fsp/TE3001-Robotics_Fundamentals/ROS2/miniChallenges_ws/install/courseworks', 'merge_install': False, 'path': '/home/fsp/TE3001-Robotics_Fundamentals/ROS2/miniChallenges_ws/src/courseworks', 'symlink_install': True, 'test_result_base': None}
[2.247s] Level 5:colcon.colcon_core.verb:set package 'custom_msgs' build argument 'cmake_args' from command line to 'None'
[2.247s] Level 5:colcon.colcon_core.verb:set package 'custom_msgs' build argument 'cmake_target' from command line to 'None'
[2.247s] Level 5:colcon.colcon_core.verb:set package 'custom_msgs' build argument 'cmake_target_skip_unavailable' from command line to 'False'
[2.247s] Level 5:colcon.colcon_core.verb:set package 'custom_msgs' build argument 'cmake_clean_cache' from command line to 'False'
[2.247s] Level 5:colcon.colcon_core.verb:set package 'custom_msgs' build argument 'cmake_clean_first' from command line to 'False'
[2.247s] Level 5:colcon.colcon_core.verb:set package 'custom_msgs' build argument 'cmake_force_configure' from command line to 'False'
[2.247s] Level 5:colcon.colcon_core.verb:set package 'custom_msgs' build argument 'ament_cmake_args' from command line to 'None'
[2.247s] Level 5:colcon.colcon_core.verb:set package 'custom_msgs' build argument 'catkin_cmake_args' from command line to 'None'
[2.247s] Level 5:colcon.colcon_core.verb:set package 'custom_msgs' build argument 'catkin_skip_building_tests' from command line to 'False'
[2.247s] DEBUG:colcon.colcon_core.verb:Building package 'custom_msgs' with the following arguments: {'ament_cmake_args': None, 'build_base': '/home/fsp/TE3001-Robotics_Fundamentals/ROS2/miniChallenges_ws/build/custom_msgs', 'catkin_cmake_args': None, 'catkin_skip_building_tests': False, 'cmake_args': None, 'cmake_clean_cache': False, 'cmake_clean_first': False, 'cmake_force_configure': False, 'cmake_target': None, 'cmake_target_skip_unavailable': False, 'install_base': '/home/fsp/TE3001-Robotics_Fundamentals/ROS2/miniChallenges_ws/install/custom_msgs', 'merge_install': False, 'path': '/home/fsp/TE3001-Robotics_Fundamentals/ROS2/miniChallenges_ws/src/custom_msgs', 'symlink_install': True, 'test_result_base': None}
[2.270s] Level 5:colcon.colcon_core.verb:set package 'signal_reconstruct' build argument 'cmake_args' from command line to 'None'
[2.270s] Level 5:colcon.colcon_core.verb:set package 'signal_reconstruct' build argument 'cmake_target' from command line to 'None'
[2.270s] Level 5:colcon.colcon_core.verb:set package 'signal_reconstruct' build argument 'cmake_target_skip_unavailable' from command line to 'False'
[2.271s] Level 5:colcon.colcon_core.verb:set package 'signal_reconstruct' build argument 'cmake_clean_cache' from command line to 'False'
[2.271s] Level 5:colcon.colcon_core.verb:set package 'signal_reconstruct' build argument 'cmake_clean_first' from command line to 'False'
[2.271s] Level 5:colcon.colcon_core.verb:set package 'signal_reconstruct' build argument 'cmake_force_configure' from command line to 'False'
[2.271s] Level 5:colcon.colcon_core.verb:set package 'signal_reconstruct' build argument 'ament_cmake_args' from command line to 'None'
[2.271s] Level 5:colcon.colcon_core.verb:set package 'signal_reconstruct' build argument 'catkin_cmake_args' from command line to 'None'
[2.271s] Level 5:colcon.colcon_core.verb:set package 'signal_reconstruct' build argument 'catkin_skip_building_tests' from command line to 'False'
[2.271s] DEBUG:colcon.colcon_core.verb:Building package 'signal_reconstruct' with the following arguments: {'ament_cmake_args': None, 'build_base': '/home/fsp/TE3001-Robotics_Fundamentals/ROS2/miniChallenges_ws/build/signal_reconstruct', 'catkin_cmake_args': None, 'catkin_skip_building_tests': False, 'cmake_args': None, 'cmake_clean_cache': False, 'cmake_clean_first': False, 'cmake_force_configure': False, 'cmake_target': None, 'cmake_target_skip_unavailable': False, 'install_base': '/home/fsp/TE3001-Robotics_Fundamentals/ROS2/miniChallenges_ws/install/signal_reconstruct', 'merge_install': False, 'path': '/home/fsp/TE3001-Robotics_Fundamentals/ROS2/miniChallenges_ws/src/signal_reconstruct', 'symlink_install': True, 'test_result_base': None}
[2.295s] INFO:colcon.colcon_core.executor:Executing jobs using 'parallel' executor
[2.318s] DEBUG:colcon.colcon_parallel_executor.executor.parallel:run_until_complete
[2.319s] INFO:colcon.colcon_ros.task.ament_python.build:Building ROS package in '/home/fsp/TE3001-Robotics_Fundamentals/ROS2/miniChallenges_ws/src/basic_comms' with build type 'ament_python'
[2.319s] Level 1:colcon.colcon_core.shell:create_environment_hook('basic_comms', 'ament_prefix_path')
[2.358s] INFO:colcon.colcon_core.plugin_system:Skipping extension 'colcon_core.shell.bat': Not used on non-Windows systems
[2.358s] INFO:colcon.colcon_core.shell:Creating environment hook '/home/fsp/TE3001-Robotics_Fundamentals/ROS2/miniChallenges_ws/install/basic_comms/share/basic_comms/hook/ament_prefix_path.ps1'
[2.359s] INFO:colcon.colcon_core.shell:Creating environment descriptor '/home/fsp/TE3001-Robotics_Fundamentals/ROS2/miniChallenges_ws/install/basic_comms/share/basic_comms/hook/ament_prefix_path.dsv'
[2.360s] INFO:colcon.colcon_core.shell:Creating environment hook '/home/fsp/TE3001-Robotics_Fundamentals/ROS2/miniChallenges_ws/install/basic_comms/share/basic_comms/hook/ament_prefix_path.sh'
[2.386s] INFO:colcon.colcon_core.shell:Skip shell extension 'powershell' for command environment: Not usable outside of PowerShell
[2.386s] DEBUG:colcon.colcon_core.shell:Skip shell extension 'dsv' for command environment
[2.526s] INFO:colcon.colcon_ros.task.ament_python.build:Building ROS package in '/home/fsp/TE3001-Robotics_Fundamentals/ROS2/miniChallenges_ws/src/courseworks' with build type 'ament_python'
[2.527s] Level 1:colcon.colcon_core.shell:create_environment_hook('courseworks', 'ament_prefix_path')
[2.556s] INFO:colcon.colcon_core.shell:Creating environment hook '/home/fsp/TE3001-Robotics_Fundamentals/ROS2/miniChallenges_ws/install/courseworks/share/courseworks/hook/ament_prefix_path.ps1'
[2.557s] INFO:colcon.colcon_core.shell:Creating environment descriptor '/home/fsp/TE3001-Robotics_Fundamentals/ROS2/miniChallenges_ws/install/courseworks/share/courseworks/hook/ament_prefix_path.dsv'
[2.557s] INFO:colcon.colcon_core.shell:Creating environment hook '/home/fsp/TE3001-Robotics_Fundamentals/ROS2/miniChallenges_ws/install/courseworks/share/courseworks/hook/ament_prefix_path.sh'
[2.587s] INFO:colcon.colcon_core.shell:Skip shell extension 'powershell' for command environment: Not usable outside of PowerShell
[2.588s] DEBUG:colcon.colcon_core.shell:Skip shell extension 'dsv' for command environment
[2.720s] INFO:colcon.colcon_ros.task.ament_cmake.build:Building ROS package in '/home/fsp/TE3001-Robotics_Fundamentals/ROS2/miniChallenges_ws/src/custom_msgs' with build type 'ament_cmake'
[2.720s] INFO:colcon.colcon_cmake.task.cmake.build:Building CMake package in '/home/fsp/TE3001-Robotics_Fundamentals/ROS2/miniChallenges_ws/src/custom_msgs'
[2.766s] INFO:colcon.colcon_core.shell:Skip shell extension 'powershell' for command environment: Not usable outside of PowerShell
[2.766s] DEBUG:colcon.colcon_core.shell:Skip shell extension 'dsv' for command environment
[2.917s] INFO:colcon.colcon_ros.task.ament_python.build:Building ROS package in '/home/fsp/TE3001-Robotics_Fundamentals/ROS2/miniChallenges_ws/src/signal_reconstruct' with build type 'ament_python'
[2.918s] Level 1:colcon.colcon_core.shell:create_environment_hook('signal_reconstruct', 'ament_prefix_path')
[2.951s] INFO:colcon.colcon_core.shell:Creating environment hook '/home/fsp/TE3001-Robotics_Fundamentals/ROS2/miniChallenges_ws/install/signal_reconstruct/share/signal_reconstruct/hook/ament_prefix_path.ps1'
[2.952s] INFO:colcon.colcon_core.shell:Creating environment descriptor '/home/fsp/TE3001-Robotics_Fundamentals/ROS2/miniChallenges_ws/install/signal_reconstruct/share/signal_reconstruct/hook/ament_prefix_path.dsv'
[2.952s] INFO:colcon.colcon_core.shell:Creating environment hook '/home/fsp/TE3001-Robotics_Fundamentals/ROS2/miniChallenges_ws/install/signal_reconstruct/share/signal_reconstruct/hook/ament_prefix_path.sh'
[2.983s] INFO:colcon.colcon_core.shell:Skip shell extension 'powershell' for command environment: Not usable outside of PowerShell
[2.983s] DEBUG:colcon.colcon_core.shell:Skip shell extension 'dsv' for command environment
[3.523s] INFO:colcon.colcon_core.task.python.build:Building Python package in '/home/fsp/TE3001-Robotics_Fundamentals/ROS2/miniChallenges_ws/src/basic_comms'
[3.565s] INFO:colcon.colcon_core.shell:Skip shell extension 'powershell' for command environment: Not usable outside of PowerShell
[3.565s] DEBUG:colcon.colcon_core.shell:Skip shell extension 'dsv' for command environment
[4.181s] INFO:colcon.colcon_core.task.python.build:Building Python package in '/home/fsp/TE3001-Robotics_Fundamentals/ROS2/miniChallenges_ws/src/courseworks'
[4.213s] INFO:colcon.colcon_core.shell:Skip shell extension 'powershell' for command environment: Not usable outside of PowerShell
[4.213s] DEBUG:colcon.colcon_core.shell:Skip shell extension 'dsv' for command environment
[4.349s] DEBUG:colcon.colcon_core.event_handler.log_command:Invoking command in '/home/fsp/TE3001-Robotics_Fundamentals/ROS2/miniChallenges_ws/build/custom_msgs': CMAKE_PREFIX_PATH=${CMAKE_PREFIX_PATH}:/home/fsp/TE3001-Robotics_Fundamentals/ROS2/miniChallenges_ws/install/signal_reconstruct:/home/fsp/TE3001-Robotics_Fundamentals/ROS2/miniChallenges_ws/install/courseworks:/home/fsp/TE3001-Robotics_Fundamentals/ROS2/miniChallenges_ws/install/basic_comms:/opt/ros/humble /usr/bin/cmake /home/fsp/TE3001-Robotics_Fundamentals/ROS2/miniChallenges_ws/src/custom_msgs -DAMENT_CMAKE_SYMLINK_INSTALL=1 -DCMAKE_INSTALL_PREFIX=/home/fsp/TE3001-Robotics_Fundamentals/ROS2/miniChallenges_ws/install/custom_msgs
[4.950s] INFO:colcon.colcon_core.task.python.build:Building Python package in '/home/fsp/TE3001-Robotics_Fundamentals/ROS2/miniChallenges_ws/src/signal_reconstruct'
[4.993s] INFO:colcon.colcon_core.shell:Skip shell extension 'powershell' for command environment: Not usable outside of PowerShell
[4.993s] DEBUG:colcon.colcon_core.shell:Skip shell extension 'dsv' for command environment
[6.570s] DEBUG:colcon.colcon_core.event_handler.log_command:Invoking command in '/home/fsp/TE3001-Robotics_Fundamentals/ROS2/miniChallenges_ws/build/basic_comms': PYTHONPATH=/home/fsp/TE3001-Robotics_Fundamentals/ROS2/miniChallenges_ws/build/basic_comms/prefix_override:/home/fsp/TE3001-Robotics_Fundamentals/ROS2/miniChallenges_ws/install/basic_comms/lib/python3.10/site-packages:${PYTHONPATH} /usr/bin/python3 setup.py develop --editable --build-directory /home/fsp/TE3001-Robotics_Fundamentals/ROS2/miniChallenges_ws/build/basic_comms/build --no-deps install_data
[6.601s] DEBUG:colcon.colcon_core.event_handler.log_command:Invoking command in '/home/fsp/TE3001-Robotics_Fundamentals/ROS2/miniChallenges_ws/build/signal_reconstruct': PYTHONPATH=/home/fsp/TE3001-Robotics_Fundamentals/ROS2/miniChallenges_ws/build/signal_reconstruct/prefix_override:/home/fsp/TE3001-Robotics_Fundamentals/ROS2/miniChallenges_ws/install/signal_reconstruct/lib/python3.10/site-packages:${PYTHONPATH} /usr/bin/python3 setup.py develop --editable --build-directory /home/fsp/TE3001-Robotics_Fundamentals/ROS2/miniChallenges_ws/build/signal_reconstruct/build --no-deps install_data
[6.617s] DEBUG:colcon.colcon_core.event_handler.log_command:Invoking command in '/home/fsp/TE3001-Robotics_Fundamentals/ROS2/miniChallenges_ws/build/courseworks': PYTHONPATH=/home/fsp/TE3001-Robotics_Fundamentals/ROS2/miniChallenges_ws/build/courseworks/prefix_override:/home/fsp/TE3001-Robotics_Fundamentals/ROS2/miniChallenges_ws/install/courseworks/lib/python3.10/site-packages:${PYTHONPATH} /usr/bin/python3 setup.py develop --editable --build-directory /home/fsp/TE3001-Robotics_Fundamentals/ROS2/miniChallenges_ws/build/courseworks/build --no-deps install_data
[8.325s] Level 1:colcon.colcon_core.shell:create_environment_hook('basic_comms', 'pythonpath_develop')
[8.330s] DEBUG:colcon.colcon_core.event_handler.log_command:Invoked command in '/home/fsp/TE3001-Robotics_Fundamentals/ROS2/miniChallenges_ws/build/basic_comms' returned '0': PYTHONPATH=/home/fsp/TE3001-Robotics_Fundamentals/ROS2/miniChallenges_ws/build/basic_comms/prefix_override:/home/fsp/TE3001-Robotics_Fundamentals/ROS2/miniChallenges_ws/install/basic_comms/lib/python3.10/site-packages:${PYTHONPATH} /usr/bin/python3 setup.py develop --editable --build-directory /home/fsp/TE3001-Robotics_Fundamentals/ROS2/miniChallenges_ws/build/basic_comms/build --no-deps install_data
[8.378s] INFO:colcon.colcon_core.shell:Creating environment hook '/home/fsp/TE3001-Robotics_Fundamentals/ROS2/miniChallenges_ws/build/basic_comms/share/basic_comms/hook/pythonpath_develop.ps1'
[8.379s] INFO:colcon.colcon_core.shell:Creating environment descriptor '/home/fsp/TE3001-Robotics_Fundamentals/ROS2/miniChallenges_ws/build/basic_comms/share/basic_comms/hook/pythonpath_develop.dsv'
[8.384s] INFO:colcon.colcon_core.shell:Creating environment hook '/home/fsp/TE3001-Robotics_Fundamentals/ROS2/miniChallenges_ws/build/basic_comms/share/basic_comms/hook/pythonpath_develop.sh'
[8.433s] Level 1:colcon.colcon_core.environment:checking '/home/fsp/TE3001-Robotics_Fundamentals/ROS2/miniChallenges_ws/install/basic_comms' for CMake module files
[8.434s] Level 1:colcon.colcon_core.environment:checking '/home/fsp/TE3001-Robotics_Fundamentals/ROS2/miniChallenges_ws/install/basic_comms' for CMake config files
[8.448s] Level 1:colcon.colcon_core.environment:checking '/home/fsp/TE3001-Robotics_Fundamentals/ROS2/miniChallenges_ws/install/basic_comms/lib'
[8.448s] Level 1:colcon.colcon_core.environment:checking '/home/fsp/TE3001-Robotics_Fundamentals/ROS2/miniChallenges_ws/install/basic_comms/bin'
[8.448s] Level 1:colcon.colcon_core.environment:checking '/home/fsp/TE3001-Robotics_Fundamentals/ROS2/miniChallenges_ws/install/basic_comms/lib/pkgconfig/basic_comms.pc'
[8.449s] Level 1:colcon.colcon_core.environment:checking '/home/fsp/TE3001-Robotics_Fundamentals/ROS2/miniChallenges_ws/install/basic_comms/lib/python3.10/site-packages'
[8.449s] Level 1:colcon.colcon_core.shell:create_environment_hook('basic_comms', 'pythonpath')
[8.508s] INFO:colcon.colcon_core.shell:Creating environment hook '/home/fsp/TE3001-Robotics_Fundamentals/ROS2/miniChallenges_ws/install/basic_comms/share/basic_comms/hook/pythonpath.ps1'
[8.509s] INFO:colcon.colcon_core.shell:Creating environment descriptor '/home/fsp/TE3001-Robotics_Fundamentals/ROS2/miniChallenges_ws/install/basic_comms/share/basic_comms/hook/pythonpath.dsv'
[8.510s] INFO:colcon.colcon_core.shell:Creating environment hook '/home/fsp/TE3001-Robotics_Fundamentals/ROS2/miniChallenges_ws/install/basic_comms/share/basic_comms/hook/pythonpath.sh'
[8.511s] Level 1:colcon.colcon_core.environment:checking '/home/fsp/TE3001-Robotics_Fundamentals/ROS2/miniChallenges_ws/install/basic_comms/bin'
[8.511s] Level 1:colcon.colcon_core.environment:create_environment_scripts_only(basic_comms)
[8.551s] INFO:colcon.colcon_core.shell:Creating package script '/home/fsp/TE3001-Robotics_Fundamentals/ROS2/miniChallenges_ws/install/basic_comms/share/basic_comms/package.ps1'
[8.553s] INFO:colcon.colcon_core.shell:Creating package descriptor '/home/fsp/TE3001-Robotics_Fundamentals/ROS2/miniChallenges_ws/install/basic_comms/share/basic_comms/package.dsv'
[8.555s] INFO:colcon.colcon_core.shell:Creating package script '/home/fsp/TE3001-Robotics_Fundamentals/ROS2/miniChallenges_ws/install/basic_comms/share/basic_comms/package.sh'
[8.557s] INFO:colcon.colcon_core.shell:Creating package script '/home/fsp/TE3001-Robotics_Fundamentals/ROS2/miniChallenges_ws/install/basic_comms/share/basic_comms/package.bash'
[8.559s] INFO:colcon.colcon_core.shell:Creating package script '/home/fsp/TE3001-Robotics_Fundamentals/ROS2/miniChallenges_ws/install/basic_comms/share/basic_comms/package.zsh'
[8.560s] Level 1:colcon.colcon_core.environment:create_file_with_runtime_dependencies(/home/fsp/TE3001-Robotics_Fundamentals/ROS2/miniChallenges_ws/install/basic_comms/share/colcon-core/packages/basic_comms)
[8.563s] Level 1:colcon.colcon_core.shell:create_environment_hook('signal_reconstruct', 'pythonpath_develop')
[8.564s] DEBUG:colcon.colcon_core.event_handler.log_command:Invoked command in '/home/fsp/TE3001-Robotics_Fundamentals/ROS2/miniChallenges_ws/build/signal_reconstruct' returned '0': PYTHONPATH=/home/fsp/TE3001-Robotics_Fundamentals/ROS2/miniChallenges_ws/build/signal_reconstruct/prefix_override:/home/fsp/TE3001-Robotics_Fundamentals/ROS2/miniChallenges_ws/install/signal_reconstruct/lib/python3.10/site-packages:${PYTHONPATH} /usr/bin/python3 setup.py develop --editable --build-directory /home/fsp/TE3001-Robotics_Fundamentals/ROS2/miniChallenges_ws/build/signal_reconstruct/build --no-deps install_data
[8.623s] INFO:colcon.colcon_core.shell:Creating environment hook '/home/fsp/TE3001-Robotics_Fundamentals/ROS2/miniChallenges_ws/build/signal_reconstruct/share/signal_reconstruct/hook/pythonpath_develop.ps1'
[8.624s] INFO:colcon.colcon_core.shell:Creating environment descriptor '/home/fsp/TE3001-Robotics_Fundamentals/ROS2/miniChallenges_ws/build/signal_reconstruct/share/signal_reconstruct/hook/pythonpath_develop.dsv'
[8.625s] INFO:colcon.colcon_core.shell:Creating environment hook '/home/fsp/TE3001-Robotics_Fundamentals/ROS2/miniChallenges_ws/build/signal_reconstruct/share/signal_reconstruct/hook/pythonpath_develop.sh'
[8.668s] Level 1:colcon.colcon_core.environment:checking '/home/fsp/TE3001-Robotics_Fundamentals/ROS2/miniChallenges_ws/install/signal_reconstruct' for CMake module files
[8.669s] Level 1:colcon.colcon_core.environment:checking '/home/fsp/TE3001-Robotics_Fundamentals/ROS2/miniChallenges_ws/install/signal_reconstruct' for CMake config files
[8.670s] Level 1:colcon.colcon_core.environment:checking '/home/fsp/TE3001-Robotics_Fundamentals/ROS2/miniChallenges_ws/install/signal_reconstruct/lib'
[8.670s] Level 1:colcon.colcon_core.environment:checking '/home/fsp/TE3001-Robotics_Fundamentals/ROS2/miniChallenges_ws/install/signal_reconstruct/bin'
[8.671s] Level 1:colcon.colcon_core.environment:checking '/home/fsp/TE3001-Robotics_Fundamentals/ROS2/miniChallenges_ws/install/signal_reconstruct/lib/pkgconfig/signal_reconstruct.pc'
[8.671s] Level 1:colcon.colcon_core.environment:checking '/home/fsp/TE3001-Robotics_Fundamentals/ROS2/miniChallenges_ws/install/signal_reconstruct/lib/python3.10/site-packages'
[8.671s] Level 1:colcon.colcon_core.shell:create_environment_hook('signal_reconstruct', 'pythonpath')
[8.717s] INFO:colcon.colcon_core.shell:Creating environment hook '/home/fsp/TE3001-Robotics_Fundamentals/ROS2/miniChallenges_ws/install/signal_reconstruct/share/signal_reconstruct/hook/pythonpath.ps1'
[8.718s] INFO:colcon.colcon_core.shell:Creating environment descriptor '/home/fsp/TE3001-Robotics_Fundamentals/ROS2/miniChallenges_ws/install/signal_reconstruct/share/signal_reconstruct/hook/pythonpath.dsv'
[8.718s] INFO:colcon.colcon_core.shell:Creating environment hook '/home/fsp/TE3001-Robotics_Fundamentals/ROS2/miniChallenges_ws/install/signal_reconstruct/share/signal_reconstruct/hook/pythonpath.sh'
[8.719s] Level 1:colcon.colcon_core.environment:checking '/home/fsp/TE3001-Robotics_Fundamentals/ROS2/miniChallenges_ws/install/signal_reconstruct/bin'
[8.720s] Level 1:colcon.colcon_core.environment:create_environment_scripts_only(signal_reconstruct)
[8.762s] INFO:colcon.colcon_core.shell:Creating package script '/home/fsp/TE3001-Robotics_Fundamentals/ROS2/miniChallenges_ws/install/signal_reconstruct/share/signal_reconstruct/package.ps1'
[8.763s] INFO:colcon.colcon_core.shell:Creating package descriptor '/home/fsp/TE3001-Robotics_Fundamentals/ROS2/miniChallenges_ws/install/signal_reconstruct/share/signal_reconstruct/package.dsv'
[8.764s] INFO:colcon.colcon_core.shell:Creating package script '/home/fsp/TE3001-Robotics_Fundamentals/ROS2/miniChallenges_ws/install/signal_reconstruct/share/signal_reconstruct/package.sh'
[8.765s] INFO:colcon.colcon_core.shell:Creating package script '/home/fsp/TE3001-Robotics_Fundamentals/ROS2/miniChallenges_ws/install/signal_reconstruct/share/signal_reconstruct/package.bash'
[8.765s] INFO:colcon.colcon_core.shell:Creating package script '/home/fsp/TE3001-Robotics_Fundamentals/ROS2/miniChallenges_ws/install/signal_reconstruct/share/signal_reconstruct/package.zsh'
[8.766s] Level 1:colcon.colcon_core.environment:create_file_with_runtime_dependencies(/home/fsp/TE3001-Robotics_Fundamentals/ROS2/miniChallenges_ws/install/signal_reconstruct/share/colcon-core/packages/signal_reconstruct)
[8.768s] Level 1:colcon.colcon_core.shell:create_environment_hook('courseworks', 'pythonpath_develop')
[8.769s] DEBUG:colcon.colcon_core.event_handler.log_command:Invoked command in '/home/fsp/TE3001-Robotics_Fundamentals/ROS2/miniChallenges_ws/build/courseworks' returned '0': PYTHONPATH=/home/fsp/TE3001-Robotics_Fundamentals/ROS2/miniChallenges_ws/build/courseworks/prefix_override:/home/fsp/TE3001-Robotics_Fundamentals/ROS2/miniChallenges_ws/install/courseworks/lib/python3.10/site-packages:${PYTHONPATH} /usr/bin/python3 setup.py develop --editable --build-directory /home/fsp/TE3001-Robotics_Fundamentals/ROS2/miniChallenges_ws/build/courseworks/build --no-deps install_data
[8.805s] INFO:colcon.colcon_core.shell:Creating environment hook '/home/fsp/TE3001-Robotics_Fundamentals/ROS2/miniChallenges_ws/build/courseworks/share/courseworks/hook/pythonpath_develop.ps1'
[8.806s] INFO:colcon.colcon_core.shell:Creating environment descriptor '/home/fsp/TE3001-Robotics_Fundamentals/ROS2/miniChallenges_ws/build/courseworks/share/courseworks/hook/pythonpath_develop.dsv'
[8.806s] INFO:colcon.colcon_core.shell:Creating environment hook '/home/fsp/TE3001-Robotics_Fundamentals/ROS2/miniChallenges_ws/build/courseworks/share/courseworks/hook/pythonpath_develop.sh'
[8.831s] Level 1:colcon.colcon_core.environment:checking '/home/fsp/TE3001-Robotics_Fundamentals/ROS2/miniChallenges_ws/install/courseworks' for CMake module files
[8.831s] Level 1:colcon.colcon_core.environment:checking '/home/fsp/TE3001-Robotics_Fundamentals/ROS2/miniChallenges_ws/install/courseworks' for CMake config files
[8.832s] Level 1:colcon.colcon_core.environment:checking '/home/fsp/TE3001-Robotics_Fundamentals/ROS2/miniChallenges_ws/install/courseworks/lib'
[8.832s] Level 1:colcon.colcon_core.environment:checking '/home/fsp/TE3001-Robotics_Fundamentals/ROS2/miniChallenges_ws/install/courseworks/bin'
[8.832s] Level 1:colcon.colcon_core.environment:checking '/home/fsp/TE3001-Robotics_Fundamentals/ROS2/miniChallenges_ws/install/courseworks/lib/pkgconfig/courseworks.pc'
[8.833s] Level 1:colcon.colcon_core.environment:checking '/home/fsp/TE3001-Robotics_Fundamentals/ROS2/miniChallenges_ws/install/courseworks/lib/python3.10/site-packages'
[8.833s] Level 1:colcon.colcon_core.shell:create_environment_hook('courseworks', 'pythonpath')
[8.857s] INFO:colcon.colcon_core.shell:Creating environment hook '/home/fsp/TE3001-Robotics_Fundamentals/ROS2/miniChallenges_ws/install/courseworks/share/courseworks/hook/pythonpath.ps1'
[8.857s] INFO:colcon.colcon_core.shell:Creating environment descriptor '/home/fsp/TE3001-Robotics_Fundamentals/ROS2/miniChallenges_ws/install/courseworks/share/courseworks/hook/pythonpath.dsv'
[8.858s] INFO:colcon.colcon_core.shell:Creating environment hook '/home/fsp/TE3001-Robotics_Fundamentals/ROS2/miniChallenges_ws/install/courseworks/share/courseworks/hook/pythonpath.sh'
[8.859s] Level 1:colcon.colcon_core.environment:checking '/home/fsp/TE3001-Robotics_Fundamentals/ROS2/miniChallenges_ws/install/courseworks/bin'
[8.859s] Level 1:colcon.colcon_core.environment:create_environment_scripts_only(courseworks)
[8.896s] INFO:colcon.colcon_core.shell:Creating package script '/home/fsp/TE3001-Robotics_Fundamentals/ROS2/miniChallenges_ws/install/courseworks/share/courseworks/package.ps1'
[8.897s] INFO:colcon.colcon_core.shell:Creating package descriptor '/home/fsp/TE3001-Robotics_Fundamentals/ROS2/miniChallenges_ws/install/courseworks/share/courseworks/package.dsv'
[8.898s] INFO:colcon.colcon_core.shell:Creating package script '/home/fsp/TE3001-Robotics_Fundamentals/ROS2/miniChallenges_ws/install/courseworks/share/courseworks/package.sh'
[8.899s] INFO:colcon.colcon_core.shell:Creating package script '/home/fsp/TE3001-Robotics_Fundamentals/ROS2/miniChallenges_ws/install/courseworks/share/courseworks/package.bash'
[8.900s] INFO:colcon.colcon_core.shell:Creating package script '/home/fsp/TE3001-Robotics_Fundamentals/ROS2/miniChallenges_ws/install/courseworks/share/courseworks/package.zsh'
[8.901s] Level 1:colcon.colcon_core.environment:create_file_with_runtime_dependencies(/home/fsp/TE3001-Robotics_Fundamentals/ROS2/miniChallenges_ws/install/courseworks/share/colcon-core/packages/courseworks)
[10.080s] DEBUG:colcon.colcon_core.event_handler.log_command:Invoked command in '/home/fsp/TE3001-Robotics_Fundamentals/ROS2/miniChallenges_ws/build/custom_msgs' returned '0': CMAKE_PREFIX_PATH=${CMAKE_PREFIX_PATH}:/home/fsp/TE3001-Robotics_Fundamentals/ROS2/miniChallenges_ws/install/signal_reconstruct:/home/fsp/TE3001-Robotics_Fundamentals/ROS2/miniChallenges_ws/install/courseworks:/home/fsp/TE3001-Robotics_Fundamentals/ROS2/miniChallenges_ws/install/basic_comms:/opt/ros/humble /usr/bin/cmake /home/fsp/TE3001-Robotics_Fundamentals/ROS2/miniChallenges_ws/src/custom_msgs -DAMENT_CMAKE_SYMLINK_INSTALL=1 -DCMAKE_INSTALL_PREFIX=/home/fsp/TE3001-Robotics_Fundamentals/ROS2/miniChallenges_ws/install/custom_msgs
[10.090s] DEBUG:colcon.colcon_core.event_handler.log_command:Invoking command in '/home/fsp/TE3001-Robotics_Fundamentals/ROS2/miniChallenges_ws/build/custom_msgs': CMAKE_PREFIX_PATH=${CMAKE_PREFIX_PATH}:/home/fsp/TE3001-Robotics_Fundamentals/ROS2/miniChallenges_ws/install/signal_reconstruct:/home/fsp/TE3001-Robotics_Fundamentals/ROS2/miniChallenges_ws/install/courseworks:/home/fsp/TE3001-Robotics_Fundamentals/ROS2/miniChallenges_ws/install/basic_comms:/opt/ros/humble /usr/bin/cmake --build /home/fsp/TE3001-Robotics_Fundamentals/ROS2/miniChallenges_ws/build/custom_msgs -- -j4 -l4
[15.414s] DEBUG:colcon.colcon_core.event_handler.log_command:Invoked command in '/home/fsp/TE3001-Robotics_Fundamentals/ROS2/miniChallenges_ws/build/custom_msgs' returned '0': CMAKE_PREFIX_PATH=${CMAKE_PREFIX_PATH}:/home/fsp/TE3001-Robotics_Fundamentals/ROS2/miniChallenges_ws/install/signal_reconstruct:/home/fsp/TE3001-Robotics_Fundamentals/ROS2/miniChallenges_ws/install/courseworks:/home/fsp/TE3001-Robotics_Fundamentals/ROS2/miniChallenges_ws/install/basic_comms:/opt/ros/humble /usr/bin/cmake --build /home/fsp/TE3001-Robotics_Fundamentals/ROS2/miniChallenges_ws/build/custom_msgs -- -j4 -l4
[15.539s] DEBUG:colcon.colcon_core.event_handler.log_command:Invoking command in '/home/fsp/TE3001-Robotics_Fundamentals/ROS2/miniChallenges_ws/build/custom_msgs': CMAKE_PREFIX_PATH=${CMAKE_PREFIX_PATH}:/home/fsp/TE3001-Robotics_Fundamentals/ROS2/miniChallenges_ws/install/signal_reconstruct:/home/fsp/TE3001-Robotics_Fundamentals/ROS2/miniChallenges_ws/install/courseworks:/home/fsp/TE3001-Robotics_Fundamentals/ROS2/miniChallenges_ws/install/basic_comms:/opt/ros/humble /usr/bin/cmake --install /home/fsp/TE3001-Robotics_Fundamentals/ROS2/miniChallenges_ws/build/custom_msgs
[16.465s] Level 1:colcon.colcon_core.environment:create_environment_scripts_only(custom_msgs)
[16.466s] DEBUG:colcon.colcon_core.event_handler.log_command:Invoked command in '/home/fsp/TE3001-Robotics_Fundamentals/ROS2/miniChallenges_ws/build/custom_msgs' returned '0': CMAKE_PREFIX_PATH=${CMAKE_PREFIX_PATH}:/home/fsp/TE3001-Robotics_Fundamentals/ROS2/miniChallenges_ws/install/signal_reconstruct:/home/fsp/TE3001-Robotics_Fundamentals/ROS2/miniChallenges_ws/install/courseworks:/home/fsp/TE3001-Robotics_Fundamentals/ROS2/miniChallenges_ws/install/basic_comms:/opt/ros/humble /usr/bin/cmake --install /home/fsp/TE3001-Robotics_Fundamentals/ROS2/miniChallenges_ws/build/custom_msgs
[16.491s] Level 1:colcon.colcon_core.environment:checking '/home/fsp/TE3001-Robotics_Fundamentals/ROS2/miniChallenges_ws/install/custom_msgs' for CMake module files
[16.492s] Level 1:colcon.colcon_core.environment:checking '/home/fsp/TE3001-Robotics_Fundamentals/ROS2/miniChallenges_ws/install/custom_msgs' for CMake config files
[16.493s] Level 1:colcon.colcon_core.shell:create_environment_hook('custom_msgs', 'cmake_prefix_path')
[16.524s] INFO:colcon.colcon_core.shell:Creating environment hook '/home/fsp/TE3001-Robotics_Fundamentals/ROS2/miniChallenges_ws/install/custom_msgs/share/custom_msgs/hook/cmake_prefix_path.ps1'
[16.525s] INFO:colcon.colcon_core.shell:Creating environment descriptor '/home/fsp/TE3001-Robotics_Fundamentals/ROS2/miniChallenges_ws/install/custom_msgs/share/custom_msgs/hook/cmake_prefix_path.dsv'
[16.526s] INFO:colcon.colcon_core.shell:Creating environment hook '/home/fsp/TE3001-Robotics_Fundamentals/ROS2/miniChallenges_ws/install/custom_msgs/share/custom_msgs/hook/cmake_prefix_path.sh'
[16.527s] Level 1:colcon.colcon_core.environment:checking '/home/fsp/TE3001-Robotics_Fundamentals/ROS2/miniChallenges_ws/install/custom_msgs/lib'
[16.527s] Level 1:colcon.colcon_core.shell:create_environment_hook('custom_msgs', 'ld_library_path_lib')
[16.554s] INFO:colcon.colcon_core.shell:Creating environment hook '/home/fsp/TE3001-Robotics_Fundamentals/ROS2/miniChallenges_ws/install/custom_msgs/share/custom_msgs/hook/ld_library_path_lib.ps1'
[16.555s] INFO:colcon.colcon_core.shell:Creating environment descriptor '/home/fsp/TE3001-Robotics_Fundamentals/ROS2/miniChallenges_ws/install/custom_msgs/share/custom_msgs/hook/ld_library_path_lib.dsv'
[16.556s] INFO:colcon.colcon_core.shell:Creating environment hook '/home/fsp/TE3001-Robotics_Fundamentals/ROS2/miniChallenges_ws/install/custom_msgs/share/custom_msgs/hook/ld_library_path_lib.sh'
[16.557s] Level 1:colcon.colcon_core.environment:checking '/home/fsp/TE3001-Robotics_Fundamentals/ROS2/miniChallenges_ws/install/custom_msgs/bin'
[16.557s] Level 1:colcon.colcon_core.environment:checking '/home/fsp/TE3001-Robotics_Fundamentals/ROS2/miniChallenges_ws/install/custom_msgs/lib/pkgconfig/custom_msgs.pc'
[16.557s] Level 1:colcon.colcon_core.environment:checking '/home/fsp/TE3001-Robotics_Fundamentals/ROS2/miniChallenges_ws/install/custom_msgs/lib/python3.10/site-packages'
[16.557s] Level 1:colcon.colcon_core.environment:checking '/home/fsp/TE3001-Robotics_Fundamentals/ROS2/miniChallenges_ws/install/custom_msgs/bin'
[16.598s] INFO:colcon.colcon_core.shell:Creating package script '/home/fsp/TE3001-Robotics_Fundamentals/ROS2/miniChallenges_ws/install/custom_msgs/share/custom_msgs/package.ps1'
[16.600s] INFO:colcon.colcon_core.shell:Creating package descriptor '/home/fsp/TE3001-Robotics_Fundamentals/ROS2/miniChallenges_ws/install/custom_msgs/share/custom_msgs/package.dsv'
[16.601s] INFO:colcon.colcon_core.shell:Creating package script '/home/fsp/TE3001-Robotics_Fundamentals/ROS2/miniChallenges_ws/install/custom_msgs/share/custom_msgs/package.sh'
[16.601s] INFO:colcon.colcon_core.shell:Creating package script '/home/fsp/TE3001-Robotics_Fundamentals/ROS2/miniChallenges_ws/install/custom_msgs/share/custom_msgs/package.bash'
[16.602s] INFO:colcon.colcon_core.shell:Creating package script '/home/fsp/TE3001-Robotics_Fundamentals/ROS2/miniChallenges_ws/install/custom_msgs/share/custom_msgs/package.zsh'
[16.603s] Level 1:colcon.colcon_core.environment:create_file_with_runtime_dependencies(/home/fsp/TE3001-Robotics_Fundamentals/ROS2/miniChallenges_ws/install/custom_msgs/share/colcon-core/packages/custom_msgs)
[16.815s] Level 1:colcon.colcon_core.environment:create_environment_scripts_only(custom_msgs)
[16.857s] Level 1:colcon.colcon_core.environment:checking '/home/fsp/TE3001-Robotics_Fundamentals/ROS2/miniChallenges_ws/install/custom_msgs' for CMake module files
[16.858s] Level 1:colcon.colcon_core.environment:checking '/home/fsp/TE3001-Robotics_Fundamentals/ROS2/miniChallenges_ws/install/custom_msgs' for CMake config files
[16.860s] Level 1:colcon.colcon_core.shell:create_environment_hook('custom_msgs', 'cmake_prefix_path')
[16.902s] INFO:colcon.colcon_core.shell:Creating environment hook '/home/fsp/TE3001-Robotics_Fundamentals/ROS2/miniChallenges_ws/install/custom_msgs/share/custom_msgs/hook/cmake_prefix_path.ps1'
[16.903s] INFO:colcon.colcon_core.shell:Creating environment descriptor '/home/fsp/TE3001-Robotics_Fundamentals/ROS2/miniChallenges_ws/install/custom_msgs/share/custom_msgs/hook/cmake_prefix_path.dsv'
[16.903s] INFO:colcon.colcon_core.shell:Creating environment hook '/home/fsp/TE3001-Robotics_Fundamentals/ROS2/miniChallenges_ws/install/custom_msgs/share/custom_msgs/hook/cmake_prefix_path.sh'
[16.905s] Level 1:colcon.colcon_core.environment:checking '/home/fsp/TE3001-Robotics_Fundamentals/ROS2/miniChallenges_ws/install/custom_msgs/lib'
[16.905s] Level 1:colcon.colcon_core.shell:create_environment_hook('custom_msgs', 'ld_library_path_lib')
[16.947s] INFO:colcon.colcon_core.shell:Creating environment hook '/home/fsp/TE3001-Robotics_Fundamentals/ROS2/miniChallenges_ws/install/custom_msgs/share/custom_msgs/hook/ld_library_path_lib.ps1'
[16.948s] INFO:colcon.colcon_core.shell:Creating environment descriptor '/home/fsp/TE3001-Robotics_Fundamentals/ROS2/miniChallenges_ws/install/custom_msgs/share/custom_msgs/hook/ld_library_path_lib.dsv'
[16.949s] INFO:colcon.colcon_core.shell:Creating environment hook '/home/fsp/TE3001-Robotics_Fundamentals/ROS2/miniChallenges_ws/install/custom_msgs/share/custom_msgs/hook/ld_library_path_lib.sh'
[16.950s] Level 1:colcon.colcon_core.environment:checking '/home/fsp/TE3001-Robotics_Fundamentals/ROS2/miniChallenges_ws/install/custom_msgs/bin'
[16.950s] Level 1:colcon.colcon_core.environment:checking '/home/fsp/TE3001-Robotics_Fundamentals/ROS2/miniChallenges_ws/install/custom_msgs/lib/pkgconfig/custom_msgs.pc'
[16.951s] Level 1:colcon.colcon_core.environment:checking '/home/fsp/TE3001-Robotics_Fundamentals/ROS2/miniChallenges_ws/install/custom_msgs/lib/python3.10/site-packages'
[16.951s] Level 1:colcon.colcon_core.environment:checking '/home/fsp/TE3001-Robotics_Fundamentals/ROS2/miniChallenges_ws/install/custom_msgs/bin'
[16.993s] INFO:colcon.colcon_core.shell:Creating package script '/home/fsp/TE3001-Robotics_Fundamentals/ROS2/miniChallenges_ws/install/custom_msgs/share/custom_msgs/package.ps1'
[16.995s] INFO:colcon.colcon_core.shell:Creating package descriptor '/home/fsp/TE3001-Robotics_Fundamentals/ROS2/miniChallenges_ws/install/custom_msgs/share/custom_msgs/package.dsv'
[16.996s] INFO:colcon.colcon_core.shell:Creating package script '/home/fsp/TE3001-Robotics_Fundamentals/ROS2/miniChallenges_ws/install/custom_msgs/share/custom_msgs/package.sh'
[16.997s] INFO:colcon.colcon_core.shell:Creating package script '/home/fsp/TE3001-Robotics_Fundamentals/ROS2/miniChallenges_ws/install/custom_msgs/share/custom_msgs/package.bash'
[16.998s] INFO:colcon.colcon_core.shell:Creating package script '/home/fsp/TE3001-Robotics_Fundamentals/ROS2/miniChallenges_ws/install/custom_msgs/share/custom_msgs/package.zsh'
[16.999s] Level 1:colcon.colcon_core.environment:create_file_with_runtime_dependencies(/home/fsp/TE3001-Robotics_Fundamentals/ROS2/miniChallenges_ws/install/custom_msgs/share/colcon-core/packages/custom_msgs)
[17.000s] DEBUG:colcon.colcon_parallel_executor.executor.parallel:closing loop
[17.000s] DEBUG:colcon.colcon_parallel_executor.executor.parallel:loop closed
[17.001s] DEBUG:colcon.colcon_parallel_executor.executor.parallel:run_until_complete finished with '0'
[17.001s] DEBUG:colcon.colcon_core.event_reactor:joining thread
[17.046s] INFO:colcon.colcon_core.plugin_system:Skipping extension 'colcon_notification.desktop_notification.terminal_notifier': Not used on non-Darwin systems
[17.046s] INFO:colcon.colcon_core.plugin_system:Skipping extension 'colcon_notification.desktop_notification.win32': Not used on non-Windows systems
[17.046s] INFO:colcon.colcon_notification.desktop_notification:Sending desktop notification using 'notify2'
[17.071s] DEBUG:colcon.colcon_core.event_reactor:joined thread
[17.114s] INFO:colcon.colcon_core.shell:Creating prefix script '/home/fsp/TE3001-Robotics_Fundamentals/ROS2/miniChallenges_ws/install/local_setup.ps1'
[17.117s] INFO:colcon.colcon_core.shell:Creating prefix util module '/home/fsp/TE3001-Robotics_Fundamentals/ROS2/miniChallenges_ws/install/_local_setup_util_ps1.py'
[17.120s] INFO:colcon.colcon_core.shell:Creating prefix chain script '/home/fsp/TE3001-Robotics_Fundamentals/ROS2/miniChallenges_ws/install/setup.ps1'
[17.162s] INFO:colcon.colcon_core.shell:Creating prefix script '/home/fsp/TE3001-Robotics_Fundamentals/ROS2/miniChallenges_ws/install/local_setup.sh'
[17.163s] INFO:colcon.colcon_core.shell:Creating prefix util module '/home/fsp/TE3001-Robotics_Fundamentals/ROS2/miniChallenges_ws/install/_local_setup_util_sh.py'
[17.164s] INFO:colcon.colcon_core.shell:Creating prefix chain script '/home/fsp/TE3001-Robotics_Fundamentals/ROS2/miniChallenges_ws/install/setup.sh'
[17.206s] INFO:colcon.colcon_core.shell:Creating prefix script '/home/fsp/TE3001-Robotics_Fundamentals/ROS2/miniChallenges_ws/install/local_setup.bash'
[17.207s] INFO:colcon.colcon_core.shell:Creating prefix chain script '/home/fsp/TE3001-Robotics_Fundamentals/ROS2/miniChallenges_ws/install/setup.bash'
[17.249s] INFO:colcon.colcon_core.shell:Creating prefix script '/home/fsp/TE3001-Robotics_Fundamentals/ROS2/miniChallenges_ws/install/local_setup.zsh'
[17.250s] INFO:colcon.colcon_core.shell:Creating prefix chain script '/home/fsp/TE3001-Robotics_Fundamentals/ROS2/miniChallenges_ws/install/setup.zsh'
