[1.043s] Invoking command in '/home/fsp/puzzle_bot/Week1_ws/src/basic_comms': PYTHONPATH=/home/fsp/puzzle_bot/Week1_ws/build/basic_comms/prefix_override:/home/fsp/puzzle_bot/Week1_ws/install/basic_comms/lib/python3.10/site-packages:${PYTHONPATH} /usr/bin/python3 setup.py egg_info --egg-base ../../build/basic_comms build --build-base /home/fsp/puzzle_bot/Week1_ws/build/basic_comms/build install --record /home/fsp/puzzle_bot/Week1_ws/build/basic_comms/install.log --single-version-externally-managed
[1.355s] running egg_info
[1.356s] writing ../../build/basic_comms/basic_comms.egg-info/PKG-INFO
[1.357s] writing dependency_links to ../../build/basic_comms/basic_comms.egg-info/dependency_links.txt
[1.357s] writing entry points to ../../build/basic_comms/basic_comms.egg-info/entry_points.txt
[1.357s] writing requirements to ../../build/basic_comms/basic_comms.egg-info/requires.txt
[1.357s] writing top-level names to ../../build/basic_comms/basic_comms.egg-info/top_level.txt
[1.360s] reading manifest file '../../build/basic_comms/basic_comms.egg-info/SOURCES.txt'
[1.361s] writing manifest file '../../build/basic_comms/basic_comms.egg-info/SOURCES.txt'
[1.361s] running build
[1.361s] running build_py
[1.362s] copying basic_comms/talker.py -> /home/fsp/puzzle_bot/Week1_ws/build/basic_comms/build/lib/basic_comms
[1.362s] running install
[1.362s] /usr/lib/python3/dist-packages/setuptools/command/install.py:34: SetuptoolsDeprecationWarning: setup.py install is deprecated. Use build and pip and other standards-based tools.
[1.362s]   warnings.warn(
[1.362s] running install_lib
[1.364s] copying /home/fsp/puzzle_bot/Week1_ws/build/basic_comms/build/lib/basic_comms/talker.py -> /home/fsp/puzzle_bot/Week1_ws/install/basic_comms/lib/python3.10/site-packages/basic_comms
[1.364s] byte-compiling /home/fsp/puzzle_bot/Week1_ws/install/basic_comms/lib/python3.10/site-packages/basic_comms/talker.py to talker.cpython-310.pyc
[1.365s] running install_data
[1.366s] running install_egg_info
[1.370s] removing '/home/fsp/puzzle_bot/Week1_ws/install/basic_comms/lib/python3.10/site-packages/basic_comms-0.0.0-py3.10.egg-info' (and everything under it)
[1.370s] Copying ../../build/basic_comms/basic_comms.egg-info to /home/fsp/puzzle_bot/Week1_ws/install/basic_comms/lib/python3.10/site-packages/basic_comms-0.0.0-py3.10.egg-info
[1.371s] running install_scripts
[1.397s] Installing talker script to /home/fsp/puzzle_bot/Week1_ws/install/basic_comms/lib/basic_comms
[1.397s] writing list of installed files to '/home/fsp/puzzle_bot/Week1_ws/build/basic_comms/install.log'
[1.434s] Invoked command in '/home/fsp/puzzle_bot/Week1_ws/src/basic_comms' returned '0': PYTHONPATH=/home/fsp/puzzle_bot/Week1_ws/build/basic_comms/prefix_override:/home/fsp/puzzle_bot/Week1_ws/install/basic_comms/lib/python3.10/site-packages:${PYTHONPATH} /usr/bin/python3 setup.py egg_info --egg-base ../../build/basic_comms build --build-base /home/fsp/puzzle_bot/Week1_ws/build/basic_comms/build install --record /home/fsp/puzzle_bot/Week1_ws/build/basic_comms/install.log --single-version-externally-managed
