[1.526s] Invoking command in '/home/fsp/puzzle_bot/Week1_ws/src/courseworks': PYTHONPATH=/home/fsp/puzzle_bot/Week1_ws/build/courseworks/prefix_override:/home/fsp/puzzle_bot/Week1_ws/install/courseworks/lib/python3.10/site-packages:${PYTHONPATH} /usr/bin/python3 setup.py egg_info --egg-base ../../build/courseworks build --build-base /home/fsp/puzzle_bot/Week1_ws/build/courseworks/build install --record /home/fsp/puzzle_bot/Week1_ws/build/courseworks/install.log --single-version-externally-managed
[2.062s] running egg_info
[2.062s] writing ../../build/courseworks/courseworks.egg-info/PKG-INFO
[2.063s] writing dependency_links to ../../build/courseworks/courseworks.egg-info/dependency_links.txt
[2.063s] writing entry points to ../../build/courseworks/courseworks.egg-info/entry_points.txt
[2.064s] writing requirements to ../../build/courseworks/courseworks.egg-info/requires.txt
[2.064s] writing top-level names to ../../build/courseworks/courseworks.egg-info/top_level.txt
[2.067s] reading manifest file '../../build/courseworks/courseworks.egg-info/SOURCES.txt'
[2.069s] writing manifest file '../../build/courseworks/courseworks.egg-info/SOURCES.txt'
[2.070s] running build
[2.071s] running build_py
[2.071s] copying courseworks/signal_generator.py -> /home/fsp/puzzle_bot/Week1_ws/build/courseworks/build/lib/courseworks
[2.071s] running install
[2.072s] /usr/lib/python3/dist-packages/setuptools/command/install.py:34: SetuptoolsDeprecationWarning: setup.py install is deprecated. Use build and pip and other standards-based tools.
[2.072s]   warnings.warn(
[2.073s] running install_lib
[2.073s] copying /home/fsp/puzzle_bot/Week1_ws/build/courseworks/build/lib/courseworks/signal_generator.py -> /home/fsp/puzzle_bot/Week1_ws/install/courseworks/lib/python3.10/site-packages/courseworks
[2.074s] byte-compiling /home/fsp/puzzle_bot/Week1_ws/install/courseworks/lib/python3.10/site-packages/courseworks/signal_generator.py to signal_generator.cpython-310.pyc
[2.075s] running install_data
[2.076s] running install_egg_info
[2.079s] removing '/home/fsp/puzzle_bot/Week1_ws/install/courseworks/lib/python3.10/site-packages/courseworks-0.0.0-py3.10.egg-info' (and everything under it)
[2.079s] Copying ../../build/courseworks/courseworks.egg-info to /home/fsp/puzzle_bot/Week1_ws/install/courseworks/lib/python3.10/site-packages/courseworks-0.0.0-py3.10.egg-info
[2.081s] running install_scripts
[2.114s] Installing signal_generator script to /home/fsp/puzzle_bot/Week1_ws/install/courseworks/lib/courseworks
[2.115s] writing list of installed files to '/home/fsp/puzzle_bot/Week1_ws/build/courseworks/install.log'
[2.210s] Invoked command in '/home/fsp/puzzle_bot/Week1_ws/src/courseworks' returned '0': PYTHONPATH=/home/fsp/puzzle_bot/Week1_ws/build/courseworks/prefix_override:/home/fsp/puzzle_bot/Week1_ws/install/courseworks/lib/python3.10/site-packages:${PYTHONPATH} /usr/bin/python3 setup.py egg_info --egg-base ../../build/courseworks build --build-base /home/fsp/puzzle_bot/Week1_ws/build/courseworks/build install --record /home/fsp/puzzle_bot/Week1_ws/build/courseworks/install.log --single-version-externally-managed
