[1.929s] Invoking command in '/home/fsp/puzzle_bot/Week1_ws/src/courseworks': PYTHONPATH=/home/fsp/puzzle_bot/Week1_ws/build/courseworks/prefix_override:/home/fsp/puzzle_bot/Week1_ws/install/courseworks/lib/python3.10/site-packages:${PYTHONPATH} /usr/bin/python3 setup.py egg_info --egg-base ../../build/courseworks build --build-base /home/fsp/puzzle_bot/Week1_ws/build/courseworks/build install --record /home/fsp/puzzle_bot/Week1_ws/build/courseworks/install.log --single-version-externally-managed
[2.307s] running egg_info
[2.308s] writing ../../build/courseworks/courseworks.egg-info/PKG-INFO
[2.309s] writing dependency_links to ../../build/courseworks/courseworks.egg-info/dependency_links.txt
[2.309s] writing entry points to ../../build/courseworks/courseworks.egg-info/entry_points.txt
[2.310s] writing requirements to ../../build/courseworks/courseworks.egg-info/requires.txt
[2.310s] writing top-level names to ../../build/courseworks/courseworks.egg-info/top_level.txt
[2.313s] reading manifest file '../../build/courseworks/courseworks.egg-info/SOURCES.txt'
[2.315s] writing manifest file '../../build/courseworks/courseworks.egg-info/SOURCES.txt'
[2.315s] running build
[2.315s] running build_py
[2.316s] copying courseworks/signal_generator.py -> /home/fsp/puzzle_bot/Week1_ws/build/courseworks/build/lib/courseworks
[2.316s] running install
[2.317s] running install_lib
[2.317s] /usr/lib/python3/dist-packages/setuptools/command/install.py:34: SetuptoolsDeprecationWarning: setup.py install is deprecated. Use build and pip and other standards-based tools.
[2.317s]   warnings.warn(
[2.318s] copying /home/fsp/puzzle_bot/Week1_ws/build/courseworks/build/lib/courseworks/signal_generator.py -> /home/fsp/puzzle_bot/Week1_ws/install/courseworks/lib/python3.10/site-packages/courseworks
[2.320s] byte-compiling /home/fsp/puzzle_bot/Week1_ws/install/courseworks/lib/python3.10/site-packages/courseworks/signal_generator.py to signal_generator.cpython-310.pyc
[2.321s] running install_data
[2.322s] running install_egg_info
[2.326s] removing '/home/fsp/puzzle_bot/Week1_ws/install/courseworks/lib/python3.10/site-packages/courseworks-0.0.0-py3.10.egg-info' (and everything under it)
[2.326s] Copying ../../build/courseworks/courseworks.egg-info to /home/fsp/puzzle_bot/Week1_ws/install/courseworks/lib/python3.10/site-packages/courseworks-0.0.0-py3.10.egg-info
[2.328s] running install_scripts
[2.364s] Installing signal_generator script to /home/fsp/puzzle_bot/Week1_ws/install/courseworks/lib/courseworks
[2.368s] writing list of installed files to '/home/fsp/puzzle_bot/Week1_ws/build/courseworks/install.log'
[2.460s] Invoked command in '/home/fsp/puzzle_bot/Week1_ws/src/courseworks' returned '0': PYTHONPATH=/home/fsp/puzzle_bot/Week1_ws/build/courseworks/prefix_override:/home/fsp/puzzle_bot/Week1_ws/install/courseworks/lib/python3.10/site-packages:${PYTHONPATH} /usr/bin/python3 setup.py egg_info --egg-base ../../build/courseworks build --build-base /home/fsp/puzzle_bot/Week1_ws/build/courseworks/build install --record /home/fsp/puzzle_bot/Week1_ws/build/courseworks/install.log --single-version-externally-managed
