[1.257s] Invoking command in '/home/fsp/TE3001-Robotics_Fundamentals/ROS2/miniChallenges_ws/build/custom_msgs': CMAKE_PREFIX_PATH=${CMAKE_PREFIX_PATH}:/home/fsp/TE3001-Robotics_Fundamentals/ROS2/miniChallenges_ws/install/signal_reconstruct:/home/fsp/TE3001-Robotics_Fundamentals/ROS2/miniChallenges_ws/install/courseworks:/home/fsp/TE3001-Robotics_Fundamentals/ROS2/miniChallenges_ws/install/basic_comms:/opt/ros/humble /usr/bin/cmake /home/fsp/TE3001-Robotics_Fundamentals/ROS2/miniChallenges_ws/src/custom_msgs -DAMENT_CMAKE_SYMLINK_INSTALL=1 -DCMAKE_INSTALL_PREFIX=/home/fsp/TE3001-Robotics_Fundamentals/ROS2/miniChallenges_ws/install/custom_msgs
[1.278s] -- Found ament_cmake: 1.3.8 (/opt/ros/humble/share/ament_cmake/cmake)
[1.473s] -- Override CMake install command with custom implementation using symlinks instead of copying resources
[1.503s] -- Found geometry_msgs: 4.2.3 (/opt/ros/humble/share/geometry_msgs/cmake)
[1.548s] -- Found rosidl_generator_c: 3.1.5 (/opt/ros/humble/share/rosidl_generator_c/cmake)
[1.552s] -- Found rosidl_adapter: 3.1.5 (/opt/ros/humble/share/rosidl_adapter/cmake)
[1.561s] -- Found rosidl_generator_cpp: 3.1.5 (/opt/ros/humble/share/rosidl_generator_cpp/cmake)
[1.578s] -- Using all available rosidl_typesupport_c: rosidl_typesupport_fastrtps_c;rosidl_typesupport_introspection_c
[1.604s] -- Using all available rosidl_typesupport_cpp: rosidl_typesupport_fastrtps_cpp;rosidl_typesupport_introspection_cpp
[1.793s] -- Found rosidl_default_generators: 1.2.0 (/opt/ros/humble/share/rosidl_default_generators/cmake)
[2.257s] [31mCMake Error at /opt/ros/humble/share/rosidl_adapter/cmake/rosidl_adapt_interfaces.cmake:59 (message):
[2.257s]   execute_process(/usr/bin/python3 -m rosidl_adapter --package-name
[2.257s]   custom_msgs --arguments-file
[2.258s]   /home/fsp/TE3001-Robotics_Fundamentals/ROS2/miniChallenges_ws/build/custom_msgs/rosidl_adapter__arguments__custom_msgs.json
[2.258s]   --output-dir
[2.258s]   /home/fsp/TE3001-Robotics_Fundamentals/ROS2/miniChallenges_ws/build/custom_msgs/rosidl_adapter/custom_msgs
[2.259s]   --output-file
[2.259s]   /home/fsp/TE3001-Robotics_Fundamentals/ROS2/miniChallenges_ws/build/custom_msgs/rosidl_adapter/custom_msgs.idls)
[2.259s]   returned error code 1:
[2.259s] 
[2.259s]   Traceback (most recent call last):
[2.259s] 
[2.260s]     File "/usr/lib/python3.10/runpy.py", line 196, in _run_module_as_main
[2.260s]       return _run_code(code, main_globals, None,
[2.260s]     File "/usr/lib/python3.10/runpy.py", line 86, in _run_code
[2.260s]       exec(code, run_globals)
[2.260s]     File "/opt/ros/humble/local/lib/python3.10/dist-packages/rosidl_adapter/__main__.py", line 19, in <module>
[2.261s]       sys.exit(main())
[2.261s]     File "/opt/ros/humble/local/lib/python3.10/dist-packages/rosidl_adapter/main.py", line 53, in main
[2.261s]       abs_idl_file = convert_to_idl(
[2.261s]     File "/opt/ros/humble/local/lib/python3.10/dist-packages/rosidl_adapter/__init__.py", line 19, in convert_to_idl
[2.261s]       return convert_msg_to_idl(
[2.261s]     File "/opt/ros/humble/local/lib/python3.10/dist-packages/rosidl_adapter/msg/__init__.py", line 28, in convert_msg_to_idl
[2.262s]       msg = parse_message_string(package_name, input_file.stem, content)
[2.262s]     File "/opt/ros/humble/local/lib/python3.10/dist-packages/rosidl_adapter/parser.py", line 544, in parse_message_string
[2.262s]       msg = MessageSpecification(pkg_name, msg_name, fields, constants)
[2.262s]     File "/opt/ros/humble/local/lib/python3.10/dist-packages/rosidl_adapter/parser.py", line 388, in __init__
[2.262s]       self.base_type = BaseType(
[2.262s]     File "/opt/ros/humble/local/lib/python3.10/dist-packages/rosidl_adapter/parser.py", line 205, in __init__
[2.263s]       raise InvalidResourceName(
[2.263s] 
[2.263s]   rosidl_adapter.parser.InvalidResourceName: 'Signal_param' is an invalid
[2.263s]   message name.  It should have the pattern '^[A-Z][A-Za-z0-9]*$'
[2.263s] 
[2.263s] Call Stack (most recent call first):
[2.263s]   /opt/ros/humble/share/rosidl_cmake/cmake/rosidl_generate_interfaces.cmake:130 (rosidl_adapt_interfaces)
[2.264s]   CMakeLists.txt:16 (rosidl_generate_interfaces)
[2.264s] 
[2.264s] [0m
[2.264s] -- Configuring incomplete, errors occurred!
[2.264s] See also "/home/fsp/TE3001-Robotics_Fundamentals/ROS2/miniChallenges_ws/build/custom_msgs/CMakeFiles/CMakeOutput.log".
[2.274s] Invoked command in '/home/fsp/TE3001-Robotics_Fundamentals/ROS2/miniChallenges_ws/build/custom_msgs' returned '1': CMAKE_PREFIX_PATH=${CMAKE_PREFIX_PATH}:/home/fsp/TE3001-Robotics_Fundamentals/ROS2/miniChallenges_ws/install/signal_reconstruct:/home/fsp/TE3001-Robotics_Fundamentals/ROS2/miniChallenges_ws/install/courseworks:/home/fsp/TE3001-Robotics_Fundamentals/ROS2/miniChallenges_ws/install/basic_comms:/opt/ros/humble /usr/bin/cmake /home/fsp/TE3001-Robotics_Fundamentals/ROS2/miniChallenges_ws/src/custom_msgs -DAMENT_CMAKE_SYMLINK_INSTALL=1 -DCMAKE_INSTALL_PREFIX=/home/fsp/TE3001-Robotics_Fundamentals/ROS2/miniChallenges_ws/install/custom_msgs
