running develop
/usr/lib/python3/dist-packages/setuptools/command/easy_install.py:158: EasyInstallDeprecationWarning: easy_install command is deprecated. Use build and pip and other standards-based tools.
  warnings.warn(
/usr/lib/python3/dist-packages/setuptools/command/install.py:34: SetuptoolsDeprecationWarning: setup.py install is deprecated. Use build and pip and other standards-based tools.
  warnings.warn(
running egg_info
creating courseworks.egg-info
writing courseworks.egg-info/PKG-INFO
writing dependency_links to courseworks.egg-info/dependency_links.txt
writing entry points to courseworks.egg-info/entry_points.txt
writing requirements to courseworks.egg-info/requires.txt
writing top-level names to courseworks.egg-info/top_level.txt
writing manifest file 'courseworks.egg-info/SOURCES.txt'
reading manifest file 'courseworks.egg-info/SOURCES.txt'
writing manifest file 'courseworks.egg-info/SOURCES.txt'
running build_ext
Creating /home/fsp/TE3001-Robotics_Fundamentals/ROS2/miniChallenges_ws/install/courseworks/lib/python3.10/site-packages/courseworks.egg-link (link to .)
Installing process script to /home/fsp/TE3001-Robotics_Fundamentals/ROS2/miniChallenges_ws/install/courseworks/lib/courseworks
Installing signal_generator script to /home/fsp/TE3001-Robotics_Fundamentals/ROS2/miniChallenges_ws/install/courseworks/lib/courseworks

Installed /home/fsp/TE3001-Robotics_Fundamentals/ROS2/miniChallenges_ws/build/courseworks
running install_data
creating /home/fsp/TE3001-Robotics_Fundamentals/ROS2/miniChallenges_ws/install/courseworks/share/ament_index
creating /home/fsp/TE3001-Robotics_Fundamentals/ROS2/miniChallenges_ws/install/courseworks/share/ament_index/resource_index
creating /home/fsp/TE3001-Robotics_Fundamentals/ROS2/miniChallenges_ws/install/courseworks/share/ament_index/resource_index/packages
copying resource/courseworks -> /home/fsp/TE3001-Robotics_Fundamentals/ROS2/miniChallenges_ws/install/courseworks/share/ament_index/resource_index/packages
copying package.xml -> /home/fsp/TE3001-Robotics_Fundamentals/ROS2/miniChallenges_ws/install/courseworks/share/courseworks
creating /home/fsp/TE3001-Robotics_Fundamentals/ROS2/miniChallenges_ws/install/courseworks/share/courseworks/launch
copying launch/challenge_launch.py -> /home/fsp/TE3001-Robotics_Fundamentals/ROS2/miniChallenges_ws/install/courseworks/share/courseworks/launch
