[2.984s] Invoking command in '/home/fsp/TE3001-Robotics_Fundamentals/ROS2/miniChallenges_ws/build/courseworks': PYTHONPATH=/home/fsp/TE3001-Robotics_Fundamentals/ROS2/miniChallenges_ws/build/courseworks/prefix_override:/home/fsp/TE3001-Robotics_Fundamentals/ROS2/miniChallenges_ws/install/courseworks/lib/python3.10/site-packages:${PYTHONPATH} /usr/bin/python3 setup.py develop --editable --build-directory /home/fsp/TE3001-Robotics_Fundamentals/ROS2/miniChallenges_ws/build/courseworks/build --no-deps install_data
[3.596s] running develop
[3.599s] /usr/lib/python3/dist-packages/setuptools/command/easy_install.py:158: EasyInstallDeprecationWarning: easy_install command is deprecated. Use build and pip and other standards-based tools.
[3.601s]   warnings.warn(
[3.603s] /usr/lib/python3/dist-packages/setuptools/command/install.py:34: SetuptoolsDeprecationWarning: setup.py install is deprecated. Use build and pip and other standards-based tools.
[3.604s]   warnings.warn(
[4.116s] running egg_info
[4.118s] creating courseworks.egg-info
[4.121s] writing courseworks.egg-info/PKG-INFO
[4.122s] writing dependency_links to courseworks.egg-info/dependency_links.txt
[4.122s] writing entry points to courseworks.egg-info/entry_points.txt
[4.122s] writing requirements to courseworks.egg-info/requires.txt
[4.122s] writing top-level names to courseworks.egg-info/top_level.txt
[4.122s] writing manifest file 'courseworks.egg-info/SOURCES.txt'
[4.128s] reading manifest file 'courseworks.egg-info/SOURCES.txt'
[4.130s] writing manifest file 'courseworks.egg-info/SOURCES.txt'
[4.130s] running build_ext
[4.130s] Creating /home/fsp/TE3001-Robotics_Fundamentals/ROS2/miniChallenges_ws/install/courseworks/lib/python3.10/site-packages/courseworks.egg-link (link to .)
[4.131s] Installing process script to /home/fsp/TE3001-Robotics_Fundamentals/ROS2/miniChallenges_ws/install/courseworks/lib/courseworks
[4.131s] Installing signal_generator script to /home/fsp/TE3001-Robotics_Fundamentals/ROS2/miniChallenges_ws/install/courseworks/lib/courseworks
[4.136s] 
[4.136s] Installed /home/fsp/TE3001-Robotics_Fundamentals/ROS2/miniChallenges_ws/build/courseworks
[4.136s] running install_data
[4.137s] creating /home/fsp/TE3001-Robotics_Fundamentals/ROS2/miniChallenges_ws/install/courseworks/share/ament_index
[4.137s] creating /home/fsp/TE3001-Robotics_Fundamentals/ROS2/miniChallenges_ws/install/courseworks/share/ament_index/resource_index
[4.137s] creating /home/fsp/TE3001-Robotics_Fundamentals/ROS2/miniChallenges_ws/install/courseworks/share/ament_index/resource_index/packages
[4.137s] copying resource/courseworks -> /home/fsp/TE3001-Robotics_Fundamentals/ROS2/miniChallenges_ws/install/courseworks/share/ament_index/resource_index/packages
[4.137s] copying package.xml -> /home/fsp/TE3001-Robotics_Fundamentals/ROS2/miniChallenges_ws/install/courseworks/share/courseworks
[4.137s] creating /home/fsp/TE3001-Robotics_Fundamentals/ROS2/miniChallenges_ws/install/courseworks/share/courseworks/launch
[4.138s] copying launch/challenge_launch.py -> /home/fsp/TE3001-Robotics_Fundamentals/ROS2/miniChallenges_ws/install/courseworks/share/courseworks/launch
[4.301s] Invoked command in '/home/fsp/TE3001-Robotics_Fundamentals/ROS2/miniChallenges_ws/build/courseworks' returned '0': PYTHONPATH=/home/fsp/TE3001-Robotics_Fundamentals/ROS2/miniChallenges_ws/build/courseworks/prefix_override:/home/fsp/TE3001-Robotics_Fundamentals/ROS2/miniChallenges_ws/install/courseworks/lib/python3.10/site-packages:${PYTHONPATH} /usr/bin/python3 setup.py develop --editable --build-directory /home/fsp/TE3001-Robotics_Fundamentals/ROS2/miniChallenges_ws/build/courseworks/build --no-deps install_data
