[1.912s] Invoking command in '/home/fsp/ROS2_puzzle_bot/Week1_ws/src/courseworks': PYTHONPATH=/home/fsp/ROS2_puzzle_bot/Week1_ws/build/courseworks/prefix_override:/home/fsp/ROS2_puzzle_bot/Week1_ws/install/courseworks/lib/python3.10/site-packages:${PYTHONPATH} /usr/bin/python3 setup.py egg_info --egg-base ../../build/courseworks build --build-base /home/fsp/ROS2_puzzle_bot/Week1_ws/build/courseworks/build install --record /home/fsp/ROS2_puzzle_bot/Week1_ws/build/courseworks/install.log --single-version-externally-managed
[2.422s] running egg_info
[2.423s] writing ../../build/courseworks/courseworks.egg-info/PKG-INFO
[2.425s] writing dependency_links to ../../build/courseworks/courseworks.egg-info/dependency_links.txt
[2.425s] writing entry points to ../../build/courseworks/courseworks.egg-info/entry_points.txt
[2.425s] writing requirements to ../../build/courseworks/courseworks.egg-info/requires.txt
[2.426s] writing top-level names to ../../build/courseworks/courseworks.egg-info/top_level.txt
[2.428s] reading manifest file '../../build/courseworks/courseworks.egg-info/SOURCES.txt'
[2.430s] writing manifest file '../../build/courseworks/courseworks.egg-info/SOURCES.txt'
[2.430s] running build
[2.431s] running build_py
[2.431s] running install
[2.432s] running install_lib
[2.434s] /usr/lib/python3/dist-packages/setuptools/command/install.py:34: SetuptoolsDeprecationWarning: setup.py install is deprecated. Use build and pip and other standards-based tools.
[2.434s]   warnings.warn(
[2.434s] running install_data
[2.436s] copying launch/challenge_launch.py -> /home/fsp/ROS2_puzzle_bot/Week1_ws/install/courseworks/share/courseworks/launch
[2.436s] running install_egg_info
[2.439s] removing '/home/fsp/ROS2_puzzle_bot/Week1_ws/install/courseworks/lib/python3.10/site-packages/courseworks-0.0.0-py3.10.egg-info' (and everything under it)
[2.440s] Copying ../../build/courseworks/courseworks.egg-info to /home/fsp/ROS2_puzzle_bot/Week1_ws/install/courseworks/lib/python3.10/site-packages/courseworks-0.0.0-py3.10.egg-info
[2.441s] running install_scripts
[2.490s] Installing process script to /home/fsp/ROS2_puzzle_bot/Week1_ws/install/courseworks/lib/courseworks
[2.491s] Installing signal_generator script to /home/fsp/ROS2_puzzle_bot/Week1_ws/install/courseworks/lib/courseworks
[2.491s] writing list of installed files to '/home/fsp/ROS2_puzzle_bot/Week1_ws/build/courseworks/install.log'
[2.566s] Invoked command in '/home/fsp/ROS2_puzzle_bot/Week1_ws/src/courseworks' returned '0': PYTHONPATH=/home/fsp/ROS2_puzzle_bot/Week1_ws/build/courseworks/prefix_override:/home/fsp/ROS2_puzzle_bot/Week1_ws/install/courseworks/lib/python3.10/site-packages:${PYTHONPATH} /usr/bin/python3 setup.py egg_info --egg-base ../../build/courseworks build --build-base /home/fsp/ROS2_puzzle_bot/Week1_ws/build/courseworks/build install --record /home/fsp/ROS2_puzzle_bot/Week1_ws/build/courseworks/install.log --single-version-externally-managed
