[1.608s] Invoking command in '/home/fsp/ROS2_puzzle_bot/Week1_ws/src/basic_comms': PYTHONPATH=/home/fsp/ROS2_puzzle_bot/Week1_ws/build/basic_comms/prefix_override:/home/fsp/ROS2_puzzle_bot/Week1_ws/install/basic_comms/lib/python3.10/site-packages:${PYTHONPATH} /usr/bin/python3 setup.py egg_info --egg-base ../../build/basic_comms build --build-base /home/fsp/ROS2_puzzle_bot/Week1_ws/build/basic_comms/build install --record /home/fsp/ROS2_puzzle_bot/Week1_ws/build/basic_comms/install.log --single-version-externally-managed
[2.155s] running egg_info
[2.157s] writing ../../build/basic_comms/basic_comms.egg-info/PKG-INFO
[2.157s] writing dependency_links to ../../build/basic_comms/basic_comms.egg-info/dependency_links.txt
[2.157s] writing entry points to ../../build/basic_comms/basic_comms.egg-info/entry_points.txt
[2.158s] writing requirements to ../../build/basic_comms/basic_comms.egg-info/requires.txt
[2.158s] writing top-level names to ../../build/basic_comms/basic_comms.egg-info/top_level.txt
[2.161s] reading manifest file '../../build/basic_comms/basic_comms.egg-info/SOURCES.txt'
[2.163s] writing manifest file '../../build/basic_comms/basic_comms.egg-info/SOURCES.txt'
[2.164s] running build
[2.164s] running build_py
[2.164s] running install
[2.164s] /usr/lib/python3/dist-packages/setuptools/command/install.py:34: SetuptoolsDeprecationWarning: setup.py install is deprecated. Use build and pip and other standards-based tools.
[2.165s]   warnings.warn(
[2.166s] running install_lib
[2.168s] running install_data
[2.169s] running install_egg_info
[2.172s] removing '/home/fsp/ROS2_puzzle_bot/Week1_ws/install/basic_comms/lib/python3.10/site-packages/basic_comms-0.0.0-py3.10.egg-info' (and everything under it)
[2.173s] Copying ../../build/basic_comms/basic_comms.egg-info to /home/fsp/ROS2_puzzle_bot/Week1_ws/install/basic_comms/lib/python3.10/site-packages/basic_comms-0.0.0-py3.10.egg-info
[2.175s] running install_scripts
[2.218s] Installing listener script to /home/fsp/ROS2_puzzle_bot/Week1_ws/install/basic_comms/lib/basic_comms
[2.218s] Installing talker script to /home/fsp/ROS2_puzzle_bot/Week1_ws/install/basic_comms/lib/basic_comms
[2.221s] writing list of installed files to '/home/fsp/ROS2_puzzle_bot/Week1_ws/build/basic_comms/install.log'
[2.271s] Invoked command in '/home/fsp/ROS2_puzzle_bot/Week1_ws/src/basic_comms' returned '0': PYTHONPATH=/home/fsp/ROS2_puzzle_bot/Week1_ws/build/basic_comms/prefix_override:/home/fsp/ROS2_puzzle_bot/Week1_ws/install/basic_comms/lib/python3.10/site-packages:${PYTHONPATH} /usr/bin/python3 setup.py egg_info --egg-base ../../build/basic_comms build --build-base /home/fsp/ROS2_puzzle_bot/Week1_ws/build/basic_comms/build install --record /home/fsp/ROS2_puzzle_bot/Week1_ws/build/basic_comms/install.log --single-version-externally-managed
