[1.487s] Invoking command in '/home/fsp/ROS2_puzzle_bot/Week1_ws/src/courseworks': PYTHONPATH=/home/fsp/ROS2_puzzle_bot/Week1_ws/build/courseworks/prefix_override:/home/fsp/ROS2_puzzle_bot/Week1_ws/install/courseworks/lib/python3.10/site-packages:${PYTHONPATH} /usr/bin/python3 setup.py egg_info --egg-base ../../build/courseworks build --build-base /home/fsp/ROS2_puzzle_bot/Week1_ws/build/courseworks/build install --record /home/fsp/ROS2_puzzle_bot/Week1_ws/build/courseworks/install.log --single-version-externally-managed
[2.026s] running egg_info
[2.028s] writing ../../build/courseworks/courseworks.egg-info/PKG-INFO
[2.028s] writing dependency_links to ../../build/courseworks/courseworks.egg-info/dependency_links.txt
[2.029s] writing entry points to ../../build/courseworks/courseworks.egg-info/entry_points.txt
[2.030s] writing requirements to ../../build/courseworks/courseworks.egg-info/requires.txt
[2.031s] writing top-level names to ../../build/courseworks/courseworks.egg-info/top_level.txt
[2.033s] reading manifest file '../../build/courseworks/courseworks.egg-info/SOURCES.txt'
[2.035s] writing manifest file '../../build/courseworks/courseworks.egg-info/SOURCES.txt'
[2.035s] running build
[2.035s] running build_py
[2.036s] running install
[2.036s] /usr/lib/python3/dist-packages/setuptools/command/install.py:34: SetuptoolsDeprecationWarning: setup.py install is deprecated. Use build and pip and other standards-based tools.
[2.036s]   warnings.warn(
[2.037s] running install_lib
[2.039s] running install_data
[2.041s] copying launch/challenge_launch.py -> /home/fsp/ROS2_puzzle_bot/Week1_ws/install/courseworks/share/courseworks/launch
[2.041s] running install_egg_info
[2.044s] removing '/home/fsp/ROS2_puzzle_bot/Week1_ws/install/courseworks/lib/python3.10/site-packages/courseworks-0.0.0-py3.10.egg-info' (and everything under it)
[2.045s] Copying ../../build/courseworks/courseworks.egg-info to /home/fsp/ROS2_puzzle_bot/Week1_ws/install/courseworks/lib/python3.10/site-packages/courseworks-0.0.0-py3.10.egg-info
[2.046s] running install_scripts
[2.089s] Installing process script to /home/fsp/ROS2_puzzle_bot/Week1_ws/install/courseworks/lib/courseworks
[2.089s] Installing signal_generator script to /home/fsp/ROS2_puzzle_bot/Week1_ws/install/courseworks/lib/courseworks
[2.090s] writing list of installed files to '/home/fsp/ROS2_puzzle_bot/Week1_ws/build/courseworks/install.log'
[2.208s] Invoked command in '/home/fsp/ROS2_puzzle_bot/Week1_ws/src/courseworks' returned '0': PYTHONPATH=/home/fsp/ROS2_puzzle_bot/Week1_ws/build/courseworks/prefix_override:/home/fsp/ROS2_puzzle_bot/Week1_ws/install/courseworks/lib/python3.10/site-packages:${PYTHONPATH} /usr/bin/python3 setup.py egg_info --egg-base ../../build/courseworks build --build-base /home/fsp/ROS2_puzzle_bot/Week1_ws/build/courseworks/build install --record /home/fsp/ROS2_puzzle_bot/Week1_ws/build/courseworks/install.log --single-version-externally-managed
