[2.394s] Invoking command in '/home/fsp/puzzle_bot/Week1_ws/src/basic_comms': PYTHONPATH=/home/fsp/puzzle_bot/Week1_ws/build/basic_comms/prefix_override:/home/fsp/puzzle_bot/Week1_ws/install/basic_comms/lib/python3.10/site-packages:${PYTHONPATH} /usr/bin/python3 setup.py egg_info --egg-base ../../build/basic_comms build --build-base /home/fsp/puzzle_bot/Week1_ws/build/basic_comms/build install --record /home/fsp/puzzle_bot/Week1_ws/build/basic_comms/install.log --single-version-externally-managed
[2.904s] running egg_info
[2.905s] writing ../../build/basic_comms/basic_comms.egg-info/PKG-INFO
[2.914s] writing dependency_links to ../../build/basic_comms/basic_comms.egg-info/dependency_links.txt
[2.916s] writing entry points to ../../build/basic_comms/basic_comms.egg-info/entry_points.txt
[2.916s] writing requirements to ../../build/basic_comms/basic_comms.egg-info/requires.txt
[2.916s] writing top-level names to ../../build/basic_comms/basic_comms.egg-info/top_level.txt
[2.919s] reading manifest file '../../build/basic_comms/basic_comms.egg-info/SOURCES.txt'
[2.925s] writing manifest file '../../build/basic_comms/basic_comms.egg-info/SOURCES.txt'
[2.927s] running build
[2.927s] running build_py
[2.927s] running install
[2.930s] /usr/lib/python3/dist-packages/setuptools/command/install.py:34: SetuptoolsDeprecationWarning: setup.py install is deprecated. Use build and pip and other standards-based tools.
[2.930s]   warnings.warn(
[2.930s] running install_lib
[2.933s] running install_data
[2.935s] running install_egg_info
[2.939s] removing '/home/fsp/puzzle_bot/Week1_ws/install/basic_comms/lib/python3.10/site-packages/basic_comms-0.0.0-py3.10.egg-info' (and everything under it)
[2.946s] Copying ../../build/basic_comms/basic_comms.egg-info to /home/fsp/puzzle_bot/Week1_ws/install/basic_comms/lib/python3.10/site-packages/basic_comms-0.0.0-py3.10.egg-info
[2.946s] running install_scripts
[2.996s] Installing listener script to /home/fsp/puzzle_bot/Week1_ws/install/basic_comms/lib/basic_comms
[2.998s] Installing talker script to /home/fsp/puzzle_bot/Week1_ws/install/basic_comms/lib/basic_comms
[3.000s] writing list of installed files to '/home/fsp/puzzle_bot/Week1_ws/build/basic_comms/install.log'
[3.060s] Invoked command in '/home/fsp/puzzle_bot/Week1_ws/src/basic_comms' returned '0': PYTHONPATH=/home/fsp/puzzle_bot/Week1_ws/build/basic_comms/prefix_override:/home/fsp/puzzle_bot/Week1_ws/install/basic_comms/lib/python3.10/site-packages:${PYTHONPATH} /usr/bin/python3 setup.py egg_info --egg-base ../../build/basic_comms build --build-base /home/fsp/puzzle_bot/Week1_ws/build/basic_comms/build install --record /home/fsp/puzzle_bot/Week1_ws/build/basic_comms/install.log --single-version-externally-managed
