[1.147s] Invoking command in '/home/fsp/puzzle_bot/Week1_ws/src/basic_comms': PYTHONPATH=/home/fsp/puzzle_bot/Week1_ws/build/basic_comms/prefix_override:/home/fsp/puzzle_bot/Week1_ws/install/basic_comms/lib/python3.10/site-packages:${PYTHONPATH} /usr/bin/python3 setup.py egg_info --egg-base ../../build/basic_comms build --build-base /home/fsp/puzzle_bot/Week1_ws/build/basic_comms/build install --record /home/fsp/puzzle_bot/Week1_ws/build/basic_comms/install.log --single-version-externally-managed
[1.458s] running egg_info
[1.459s] writing ../../build/basic_comms/basic_comms.egg-info/PKG-INFO
[1.460s] writing dependency_links to ../../build/basic_comms/basic_comms.egg-info/dependency_links.txt
[1.460s] writing entry points to ../../build/basic_comms/basic_comms.egg-info/entry_points.txt
[1.460s] writing requirements to ../../build/basic_comms/basic_comms.egg-info/requires.txt
[1.460s] writing top-level names to ../../build/basic_comms/basic_comms.egg-info/top_level.txt
[1.463s] reading manifest file '../../build/basic_comms/basic_comms.egg-info/SOURCES.txt'
[1.469s] writing manifest file '../../build/basic_comms/basic_comms.egg-info/SOURCES.txt'
[1.469s] running build
[1.470s] running build_py
[1.470s] copying basic_comms/listener.py -> /home/fsp/puzzle_bot/Week1_ws/build/basic_comms/build/lib/basic_comms
[1.470s] running install
[1.471s] /usr/lib/python3/dist-packages/setuptools/command/install.py:34: SetuptoolsDeprecationWarning: setup.py install is deprecated. Use build and pip and other standards-based tools.
[1.471s]   warnings.warn(
[1.471s] running install_lib
[1.472s] copying /home/fsp/puzzle_bot/Week1_ws/build/basic_comms/build/lib/basic_comms/listener.py -> /home/fsp/puzzle_bot/Week1_ws/install/basic_comms/lib/python3.10/site-packages/basic_comms
[1.473s] byte-compiling /home/fsp/puzzle_bot/Week1_ws/install/basic_comms/lib/python3.10/site-packages/basic_comms/listener.py to listener.cpython-310.pyc
[1.474s] running install_data
[1.475s] running install_egg_info
[1.477s] removing '/home/fsp/puzzle_bot/Week1_ws/install/basic_comms/lib/python3.10/site-packages/basic_comms-0.0.0-py3.10.egg-info' (and everything under it)
[1.477s] Copying ../../build/basic_comms/basic_comms.egg-info to /home/fsp/puzzle_bot/Week1_ws/install/basic_comms/lib/python3.10/site-packages/basic_comms-0.0.0-py3.10.egg-info
[1.479s] running install_scripts
[1.504s] Installing talker script to /home/fsp/puzzle_bot/Week1_ws/install/basic_comms/lib/basic_comms
[1.504s] writing list of installed files to '/home/fsp/puzzle_bot/Week1_ws/build/basic_comms/install.log'
[1.540s] Invoked command in '/home/fsp/puzzle_bot/Week1_ws/src/basic_comms' returned '0': PYTHONPATH=/home/fsp/puzzle_bot/Week1_ws/build/basic_comms/prefix_override:/home/fsp/puzzle_bot/Week1_ws/install/basic_comms/lib/python3.10/site-packages:${PYTHONPATH} /usr/bin/python3 setup.py egg_info --egg-base ../../build/basic_comms build --build-base /home/fsp/puzzle_bot/Week1_ws/build/basic_comms/build install --record /home/fsp/puzzle_bot/Week1_ws/build/basic_comms/install.log --single-version-externally-managed
