[1.601s] Invoking command in '/home/fsp/ROS2_puzzle_bot/Week1_ws/src/basic_comms': PYTHONPATH=/home/fsp/ROS2_puzzle_bot/Week1_ws/build/basic_comms/prefix_override:/home/fsp/ROS2_puzzle_bot/Week1_ws/install/basic_comms/lib/python3.10/site-packages:${PYTHONPATH} /usr/bin/python3 setup.py egg_info --egg-base ../../build/basic_comms build --build-base /home/fsp/ROS2_puzzle_bot/Week1_ws/build/basic_comms/build install --record /home/fsp/ROS2_puzzle_bot/Week1_ws/build/basic_comms/install.log --single-version-externally-managed
[1.939s] running egg_info
[1.942s] writing ../../build/basic_comms/basic_comms.egg-info/PKG-INFO
[1.942s] writing dependency_links to ../../build/basic_comms/basic_comms.egg-info/dependency_links.txt
[1.942s] writing entry points to ../../build/basic_comms/basic_comms.egg-info/entry_points.txt
[1.942s] writing requirements to ../../build/basic_comms/basic_comms.egg-info/requires.txt
[1.943s] writing top-level names to ../../build/basic_comms/basic_comms.egg-info/top_level.txt
[1.945s] reading manifest file '../../build/basic_comms/basic_comms.egg-info/SOURCES.txt'
[1.947s] writing manifest file '../../build/basic_comms/basic_comms.egg-info/SOURCES.txt'
[1.948s] running build
[1.948s] running build_py
[1.948s] running install
[1.948s] /usr/lib/python3/dist-packages/setuptools/command/install.py:34: SetuptoolsDeprecationWarning: setup.py install is deprecated. Use build and pip and other standards-based tools.
[1.949s]   warnings.warn(
[1.949s] running install_lib
[1.951s] running install_data
[1.952s] running install_egg_info
[1.954s] removing '/home/fsp/ROS2_puzzle_bot/Week1_ws/install/basic_comms/lib/python3.10/site-packages/basic_comms-0.0.0-py3.10.egg-info' (and everything under it)
[1.955s] Copying ../../build/basic_comms/basic_comms.egg-info to /home/fsp/ROS2_puzzle_bot/Week1_ws/install/basic_comms/lib/python3.10/site-packages/basic_comms-0.0.0-py3.10.egg-info
[1.957s] running install_scripts
[1.989s] Installing listener script to /home/fsp/ROS2_puzzle_bot/Week1_ws/install/basic_comms/lib/basic_comms
[1.989s] Installing talker script to /home/fsp/ROS2_puzzle_bot/Week1_ws/install/basic_comms/lib/basic_comms
[1.989s] writing list of installed files to '/home/fsp/ROS2_puzzle_bot/Week1_ws/build/basic_comms/install.log'
[2.030s] Invoked command in '/home/fsp/ROS2_puzzle_bot/Week1_ws/src/basic_comms' returned '0': PYTHONPATH=/home/fsp/ROS2_puzzle_bot/Week1_ws/build/basic_comms/prefix_override:/home/fsp/ROS2_puzzle_bot/Week1_ws/install/basic_comms/lib/python3.10/site-packages:${PYTHONPATH} /usr/bin/python3 setup.py egg_info --egg-base ../../build/basic_comms build --build-base /home/fsp/ROS2_puzzle_bot/Week1_ws/build/basic_comms/build install --record /home/fsp/ROS2_puzzle_bot/Week1_ws/build/basic_comms/install.log --single-version-externally-managed
