[1.484s] Invoking command in '/home/fsp/ROS2_puzzle_bot/Week1_ws/src/courseworks': PYTHONPATH=/home/fsp/ROS2_puzzle_bot/Week1_ws/build/courseworks/prefix_override:/home/fsp/ROS2_puzzle_bot/Week1_ws/install/courseworks/lib/python3.10/site-packages:${PYTHONPATH} /usr/bin/python3 setup.py egg_info --egg-base ../../build/courseworks build --build-base /home/fsp/ROS2_puzzle_bot/Week1_ws/build/courseworks/build install --record /home/fsp/ROS2_puzzle_bot/Week1_ws/build/courseworks/install.log --single-version-externally-managed
[1.824s] running egg_info
[1.824s] writing ../../build/courseworks/courseworks.egg-info/PKG-INFO
[1.825s] writing dependency_links to ../../build/courseworks/courseworks.egg-info/dependency_links.txt
[1.825s] writing entry points to ../../build/courseworks/courseworks.egg-info/entry_points.txt
[1.825s] writing requirements to ../../build/courseworks/courseworks.egg-info/requires.txt
[1.826s] writing top-level names to ../../build/courseworks/courseworks.egg-info/top_level.txt
[1.828s] reading manifest file '../../build/courseworks/courseworks.egg-info/SOURCES.txt'
[1.829s] writing manifest file '../../build/courseworks/courseworks.egg-info/SOURCES.txt'
[1.829s] running build
[1.830s] running build_py
[1.831s] running install
[1.831s] /usr/lib/python3/dist-packages/setuptools/command/install.py:34: SetuptoolsDeprecationWarning: setup.py install is deprecated. Use build and pip and other standards-based tools.
[1.831s]   warnings.warn(
[1.832s] running install_lib
[1.833s] running install_data
[1.835s] copying launch/challenge_launch.py -> /home/fsp/ROS2_puzzle_bot/Week1_ws/install/courseworks/share/courseworks/launch
[1.835s] running install_egg_info
[1.837s] removing '/home/fsp/ROS2_puzzle_bot/Week1_ws/install/courseworks/lib/python3.10/site-packages/courseworks-0.0.0-py3.10.egg-info' (and everything under it)
[1.838s] Copying ../../build/courseworks/courseworks.egg-info to /home/fsp/ROS2_puzzle_bot/Week1_ws/install/courseworks/lib/python3.10/site-packages/courseworks-0.0.0-py3.10.egg-info
[1.839s] running install_scripts
[1.867s] Installing process script to /home/fsp/ROS2_puzzle_bot/Week1_ws/install/courseworks/lib/courseworks
[1.868s] Installing signal_generator script to /home/fsp/ROS2_puzzle_bot/Week1_ws/install/courseworks/lib/courseworks
[1.868s] writing list of installed files to '/home/fsp/ROS2_puzzle_bot/Week1_ws/build/courseworks/install.log'
[1.912s] Invoked command in '/home/fsp/ROS2_puzzle_bot/Week1_ws/src/courseworks' returned '0': PYTHONPATH=/home/fsp/ROS2_puzzle_bot/Week1_ws/build/courseworks/prefix_override:/home/fsp/ROS2_puzzle_bot/Week1_ws/install/courseworks/lib/python3.10/site-packages:${PYTHONPATH} /usr/bin/python3 setup.py egg_info --egg-base ../../build/courseworks build --build-base /home/fsp/ROS2_puzzle_bot/Week1_ws/build/courseworks/build install --record /home/fsp/ROS2_puzzle_bot/Week1_ws/build/courseworks/install.log --single-version-externally-managed
