[1.505s] Invoking command in '/home/fsp/ROS2_puzzle_bot/Week1_ws/src/courseworks': PYTHONPATH=/home/fsp/ROS2_puzzle_bot/Week1_ws/build/courseworks/prefix_override:/home/fsp/ROS2_puzzle_bot/Week1_ws/install/courseworks/lib/python3.10/site-packages:${PYTHONPATH} /usr/bin/python3 setup.py egg_info --egg-base ../../build/courseworks build --build-base /home/fsp/ROS2_puzzle_bot/Week1_ws/build/courseworks/build install --record /home/fsp/ROS2_puzzle_bot/Week1_ws/build/courseworks/install.log --single-version-externally-managed
[2.051s] running egg_info
[2.053s] writing ../../build/courseworks/courseworks.egg-info/PKG-INFO
[2.054s] writing dependency_links to ../../build/courseworks/courseworks.egg-info/dependency_links.txt
[2.055s] writing entry points to ../../build/courseworks/courseworks.egg-info/entry_points.txt
[2.055s] writing requirements to ../../build/courseworks/courseworks.egg-info/requires.txt
[2.055s] writing top-level names to ../../build/courseworks/courseworks.egg-info/top_level.txt
[2.058s] reading manifest file '../../build/courseworks/courseworks.egg-info/SOURCES.txt'
[2.060s] writing manifest file '../../build/courseworks/courseworks.egg-info/SOURCES.txt'
[2.060s] running build
[2.060s] running build_py
[2.061s] running install
[2.061s] /usr/lib/python3/dist-packages/setuptools/command/install.py:34: SetuptoolsDeprecationWarning: setup.py install is deprecated. Use build and pip and other standards-based tools.
[2.063s]   warnings.warn(
[2.063s] running install_lib
[2.065s] running install_data
[2.066s] copying launch/challenge_launch.py -> /home/fsp/ROS2_puzzle_bot/Week1_ws/install/courseworks/share/courseworks/launch
[2.066s] running install_egg_info
[2.070s] removing '/home/fsp/ROS2_puzzle_bot/Week1_ws/install/courseworks/lib/python3.10/site-packages/courseworks-0.0.0-py3.10.egg-info' (and everything under it)
[2.070s] Copying ../../build/courseworks/courseworks.egg-info to /home/fsp/ROS2_puzzle_bot/Week1_ws/install/courseworks/lib/python3.10/site-packages/courseworks-0.0.0-py3.10.egg-info
[2.072s] running install_scripts
[2.116s] Installing process script to /home/fsp/ROS2_puzzle_bot/Week1_ws/install/courseworks/lib/courseworks
[2.116s] Installing signal_generator script to /home/fsp/ROS2_puzzle_bot/Week1_ws/install/courseworks/lib/courseworks
[2.117s] writing list of installed files to '/home/fsp/ROS2_puzzle_bot/Week1_ws/build/courseworks/install.log'
[2.225s] Invoked command in '/home/fsp/ROS2_puzzle_bot/Week1_ws/src/courseworks' returned '0': PYTHONPATH=/home/fsp/ROS2_puzzle_bot/Week1_ws/build/courseworks/prefix_override:/home/fsp/ROS2_puzzle_bot/Week1_ws/install/courseworks/lib/python3.10/site-packages:${PYTHONPATH} /usr/bin/python3 setup.py egg_info --egg-base ../../build/courseworks build --build-base /home/fsp/ROS2_puzzle_bot/Week1_ws/build/courseworks/build install --record /home/fsp/ROS2_puzzle_bot/Week1_ws/build/courseworks/install.log --single-version-externally-managed
