[0.000000] (-) TimerEvent: {}
[0.000872] (basic_comms) JobQueued: {'identifier': 'basic_comms', 'dependencies': OrderedDict()}
[0.000973] (courseworks) JobQueued: {'identifier': 'courseworks', 'dependencies': OrderedDict()}
[0.001096] (basic_comms) JobStarted: {'identifier': 'basic_comms'}
[0.099604] (-) TimerEvent: {}
[0.141927] (courseworks) JobStarted: {'identifier': 'courseworks'}
[0.199760] (-) TimerEvent: {}
[0.300206] (-) TimerEvent: {}
[0.400545] (-) TimerEvent: {}
[0.500901] (-) TimerEvent: {}
[0.601220] (-) TimerEvent: {}
[0.701607] (-) TimerEvent: {}
[0.802187] (-) TimerEvent: {}
[0.902571] (-) TimerEvent: {}
[1.002989] (-) TimerEvent: {}
[1.103373] (-) TimerEvent: {}
[1.107389] (courseworks) StderrLine: {'line': b'Traceback (most recent call last):\n  File "/usr/lib/python3/dist-packages/colcon_core/executor/__init__.py", line 91, in __call__\n    rc = await self.task(*args, **kwargs)\n  File "/usr/lib/python3/dist-packages/colcon_core/task/__init__.py", line 93, in __call__\n    return await task_method(*args, **kwargs)\n  File "/usr/lib/python3/dist-packages/colcon_ros/task/ament_python/build.py", line 51, in build\n    setup_py_data = get_setup_data(self.context.pkg, env)\n  File "/usr/lib/python3/dist-packages/colcon_core/task/python/__init__.py", line 20, in get_setup_data\n    return dict(pkg.metadata[key](env))\n  File "/usr/lib/python3/dist-packages/colcon_ros/package_augmentation/ros_ament_python.py", line 57, in getter\n    return get_setup_information(\n  File "/usr/lib/python3/dist-packages/colcon_python_setup_py/package_identification/python_setup_py.py", line 241, in get_setup_information\n    _setup_information_cache[hashable_env] = _get_setup_information(\n  File "/usr/lib/python3/dist-packages/colcon_python_setup_py/package_identification/python_setup_py.py", line 288, in _get_setup_information\n    result = subprocess.run(\n  File "/usr/lib/python3.10/subprocess.py", line 526, in run\n    raise CalledProcessError(retcode, process.args,\nsubprocess.CalledProcessError: Command \'[\'/usr/bin/python3\', \'-c\', \'import sys;from contextlib import suppress;exec("with suppress(ImportError):    from setuptools.extern.packaging.specifiers    import SpecifierSet");exec("with suppress(ImportError):    from packaging.specifiers import SpecifierSet");from distutils.core import run_setup;dist = run_setup(    \\\'setup.py\\\', script_args=(\\\'--dry-run\\\',), stop_after=\\\'config\\\');skip_keys = (\\\'cmdclass\\\', \\\'distclass\\\', \\\'ext_modules\\\', \\\'metadata\\\');data = {    key: value for key, value in dist.__dict__.items()     if (        not key.startswith(\\\'_\\\') and         not callable(value) and         key not in skip_keys and         key not in dist.display_option_names    )};data[\\\'metadata\\\'] = {    k: v for k, v in dist.metadata.__dict__.items()     if k not in (\\\'license_files\\\', \\\'provides_extras\\\')};sys.stdout.buffer.write(repr(data).encode(\\\'utf-8\\\'))\']\' returned non-zero exit status 1.\n'}
[1.108754] (courseworks) JobEnded: {'identifier': 'courseworks', 'rc': 1}
[1.109394] (basic_comms) JobEnded: {'identifier': 'basic_comms', 'rc': 'SIGINT'}
[1.119221] (-) EventReactorShutdown: {}
