[1.543s] Invoking command in '/home/fsp/puzzle_bot/Week1_ws/src/courseworks': PYTHONPATH=/home/fsp/puzzle_bot/Week1_ws/build/courseworks/prefix_override:/home/fsp/puzzle_bot/Week1_ws/install/courseworks/lib/python3.10/site-packages:${PYTHONPATH} /usr/bin/python3 setup.py egg_info --egg-base ../../build/courseworks build --build-base /home/fsp/puzzle_bot/Week1_ws/build/courseworks/build install --record /home/fsp/puzzle_bot/Week1_ws/build/courseworks/install.log --single-version-externally-managed
[1.973s] running egg_info
[1.974s] writing ../../build/courseworks/courseworks.egg-info/PKG-INFO
[1.975s] writing dependency_links to ../../build/courseworks/courseworks.egg-info/dependency_links.txt
[1.975s] writing entry points to ../../build/courseworks/courseworks.egg-info/entry_points.txt
[1.975s] writing requirements to ../../build/courseworks/courseworks.egg-info/requires.txt
[1.976s] writing top-level names to ../../build/courseworks/courseworks.egg-info/top_level.txt
[1.979s] reading manifest file '../../build/courseworks/courseworks.egg-info/SOURCES.txt'
[1.981s] writing manifest file '../../build/courseworks/courseworks.egg-info/SOURCES.txt'
[1.981s] running build
[1.982s] running build_py
[1.982s] copying courseworks/process.py -> /home/fsp/puzzle_bot/Week1_ws/build/courseworks/build/lib/courseworks
[1.982s] running install
[1.982s] /usr/lib/python3/dist-packages/setuptools/command/install.py:34: SetuptoolsDeprecationWarning: setup.py install is deprecated. Use build and pip and other standards-based tools.
[1.983s]   warnings.warn(
[1.983s] running install_lib
[1.985s] copying /home/fsp/puzzle_bot/Week1_ws/build/courseworks/build/lib/courseworks/process.py -> /home/fsp/puzzle_bot/Week1_ws/install/courseworks/lib/python3.10/site-packages/courseworks
[1.986s] byte-compiling /home/fsp/puzzle_bot/Week1_ws/install/courseworks/lib/python3.10/site-packages/courseworks/process.py to process.cpython-310.pyc
[1.988s] running install_data
[1.989s] running install_egg_info
[1.991s] removing '/home/fsp/puzzle_bot/Week1_ws/install/courseworks/lib/python3.10/site-packages/courseworks-0.0.0-py3.10.egg-info' (and everything under it)
[1.992s] Copying ../../build/courseworks/courseworks.egg-info to /home/fsp/puzzle_bot/Week1_ws/install/courseworks/lib/python3.10/site-packages/courseworks-0.0.0-py3.10.egg-info
[1.993s] running install_scripts
[2.029s] Installing process script to /home/fsp/puzzle_bot/Week1_ws/install/courseworks/lib/courseworks
[2.029s] Installing signal_generator script to /home/fsp/puzzle_bot/Week1_ws/install/courseworks/lib/courseworks
[2.030s] writing list of installed files to '/home/fsp/puzzle_bot/Week1_ws/build/courseworks/install.log'
[2.123s] Invoked command in '/home/fsp/puzzle_bot/Week1_ws/src/courseworks' returned '0': PYTHONPATH=/home/fsp/puzzle_bot/Week1_ws/build/courseworks/prefix_override:/home/fsp/puzzle_bot/Week1_ws/install/courseworks/lib/python3.10/site-packages:${PYTHONPATH} /usr/bin/python3 setup.py egg_info --egg-base ../../build/courseworks build --build-base /home/fsp/puzzle_bot/Week1_ws/build/courseworks/build install --record /home/fsp/puzzle_bot/Week1_ws/build/courseworks/install.log --single-version-externally-managed
