[1.619s] Invoking command in '/home/fsp/ROS2_puzzle_bot/Week1_ws/src/basic_comms': PYTHONPATH=/home/fsp/ROS2_puzzle_bot/Week1_ws/build/basic_comms/prefix_override:/home/fsp/ROS2_puzzle_bot/Week1_ws/install/basic_comms/lib/python3.10/site-packages:${PYTHONPATH} /usr/bin/python3 setup.py egg_info --egg-base ../../build/basic_comms build --build-base /home/fsp/ROS2_puzzle_bot/Week1_ws/build/basic_comms/build install --record /home/fsp/ROS2_puzzle_bot/Week1_ws/build/basic_comms/install.log --single-version-externally-managed
[1.982s] running egg_info
[1.984s] writing ../../build/basic_comms/basic_comms.egg-info/PKG-INFO
[1.984s] writing dependency_links to ../../build/basic_comms/basic_comms.egg-info/dependency_links.txt
[1.984s] writing entry points to ../../build/basic_comms/basic_comms.egg-info/entry_points.txt
[1.985s] writing requirements to ../../build/basic_comms/basic_comms.egg-info/requires.txt
[1.985s] writing top-level names to ../../build/basic_comms/basic_comms.egg-info/top_level.txt
[1.988s] reading manifest file '../../build/basic_comms/basic_comms.egg-info/SOURCES.txt'
[1.990s] writing manifest file '../../build/basic_comms/basic_comms.egg-info/SOURCES.txt'
[1.991s] running build
[1.991s] running build_py
[1.991s] running install
[1.991s] /usr/lib/python3/dist-packages/setuptools/command/install.py:34: SetuptoolsDeprecationWarning: setup.py install is deprecated. Use build and pip and other standards-based tools.
[1.992s]   warnings.warn(
[1.992s] running install_lib
[1.994s] running install_data
[1.995s] running install_egg_info
[1.998s] removing '/home/fsp/ROS2_puzzle_bot/Week1_ws/install/basic_comms/lib/python3.10/site-packages/basic_comms-0.0.0-py3.10.egg-info' (and everything under it)
[1.998s] Copying ../../build/basic_comms/basic_comms.egg-info to /home/fsp/ROS2_puzzle_bot/Week1_ws/install/basic_comms/lib/python3.10/site-packages/basic_comms-0.0.0-py3.10.egg-info
[2.000s] running install_scripts
[2.032s] Installing listener script to /home/fsp/ROS2_puzzle_bot/Week1_ws/install/basic_comms/lib/basic_comms
[2.036s] Installing talker script to /home/fsp/ROS2_puzzle_bot/Week1_ws/install/basic_comms/lib/basic_comms
[2.037s] writing list of installed files to '/home/fsp/ROS2_puzzle_bot/Week1_ws/build/basic_comms/install.log'
[2.141s] Invoked command in '/home/fsp/ROS2_puzzle_bot/Week1_ws/src/basic_comms' returned '0': PYTHONPATH=/home/fsp/ROS2_puzzle_bot/Week1_ws/build/basic_comms/prefix_override:/home/fsp/ROS2_puzzle_bot/Week1_ws/install/basic_comms/lib/python3.10/site-packages:${PYTHONPATH} /usr/bin/python3 setup.py egg_info --egg-base ../../build/basic_comms build --build-base /home/fsp/ROS2_puzzle_bot/Week1_ws/build/basic_comms/build install --record /home/fsp/ROS2_puzzle_bot/Week1_ws/build/basic_comms/install.log --single-version-externally-managed
