[0.107s] Invoking command in '/home/fsp/TE3001-Robotics_Fundamentals/ROS2/ros2_utilities_ws/build/micro_ros_msgs': CMAKE_PREFIX_PATH=${CMAKE_PREFIX_PATH}:/opt/ros/humble /usr/bin/cmake /home/fsp/TE3001-Robotics_Fundamentals/ROS2/ros2_utilities_ws/src/uros/micro_ros_msgs -DUAGENT_BUILD_EXECUTABLE=OFF -DUAGENT_P2P_PROFILE=OFF --no-warn-unused-cli -DCMAKE_INSTALL_PREFIX=/home/fsp/TE3001-Robotics_Fundamentals/ROS2/ros2_utilities_ws/install/micro_ros_msgs
[0.119s] Not searching for unused variables given on the command line.
[0.179s] -- The C compiler identification is GNU 11.4.0
[0.254s] -- The CXX compiler identification is GNU 11.4.0
[0.262s] -- Detecting C compiler ABI info
[0.347s] -- Detecting C compiler ABI info - done
[0.362s] -- Check for working C compiler: /usr/bin/cc - skipped
[0.362s] -- Detecting C compile features
[0.363s] -- Detecting C compile features - done
[0.368s] -- Detecting CXX compiler ABI info
[0.470s] -- Detecting CXX compiler ABI info - done
[0.480s] -- Check for working CXX compiler: /usr/bin/c++ - skipped
[0.480s] -- Detecting CXX compile features
[0.481s] -- Detecting CXX compile features - done
[0.484s] -- Found ament_cmake: 1.3.8 (/opt/ros/humble/share/ament_cmake/cmake)
[0.691s] -- Found Python3: /usr/bin/python3 (found version "3.10.12") found components: Interpreter 
[0.836s] -- Found rosidl_default_generators: 1.2.0 (/opt/ros/humble/share/rosidl_default_generators/cmake)
[0.843s] -- Using all available rosidl_typesupport_c: rosidl_typesupport_fastrtps_c;rosidl_typesupport_introspection_c
[0.855s] -- Found rosidl_adapter: 3.1.5 (/opt/ros/humble/share/rosidl_adapter/cmake)
[0.924s] -- Using all available rosidl_typesupport_cpp: rosidl_typesupport_fastrtps_cpp;rosidl_typesupport_introspection_cpp
[0.980s] -- Found ament_lint_auto: 0.12.10 (/opt/ros/humble/share/ament_lint_auto/cmake)
[1.351s] -- Found ament_cmake_ros: 0.10.0 (/opt/ros/humble/share/ament_cmake_ros/cmake)
[1.590s] -- Using all available rosidl_typesupport_c: rosidl_typesupport_fastrtps_c;rosidl_typesupport_introspection_c
[1.901s] -- Using all available rosidl_typesupport_cpp: rosidl_typesupport_fastrtps_cpp;rosidl_typesupport_introspection_cpp
[1.931s] -- Found PythonInterp: /usr/bin/python3 (found suitable version "3.10.12", minimum required is "3.6") 
[1.934s] -- Found python_cmake_module: 0.10.0 (/opt/ros/humble/share/python_cmake_module/cmake)
[1.969s] -- Found PythonLibs: /usr/lib/x86_64-linux-gnu/libpython3.10.so (found suitable version "3.10.12", minimum required is "3.5") 
[1.969s] -- Using PYTHON_EXECUTABLE: /usr/bin/python3
[1.969s] -- Using PYTHON_INCLUDE_DIRS: /usr/include/python3.10
[1.969s] -- Using PYTHON_LIBRARIES: /usr/lib/x86_64-linux-gnu/libpython3.10.so
[1.995s] -- Found PythonExtra: .so  
[2.043s] -- Added test 'copyright' to check source files copyright and LICENSE
[2.053s] -- Added test 'lint_cmake' to check CMake code style
[2.058s] -- Added test 'xmllint' to check XML markup files
[2.066s] -- Configuring done
[2.109s] -- Generating done
[2.113s] -- Build files have been written to: /home/fsp/TE3001-Robotics_Fundamentals/ROS2/ros2_utilities_ws/build/micro_ros_msgs
[2.122s] Invoked command in '/home/fsp/TE3001-Robotics_Fundamentals/ROS2/ros2_utilities_ws/build/micro_ros_msgs' returned '0': CMAKE_PREFIX_PATH=${CMAKE_PREFIX_PATH}:/opt/ros/humble /usr/bin/cmake /home/fsp/TE3001-Robotics_Fundamentals/ROS2/ros2_utilities_ws/src/uros/micro_ros_msgs -DUAGENT_BUILD_EXECUTABLE=OFF -DUAGENT_P2P_PROFILE=OFF --no-warn-unused-cli -DCMAKE_INSTALL_PREFIX=/home/fsp/TE3001-Robotics_Fundamentals/ROS2/ros2_utilities_ws/install/micro_ros_msgs
[2.124s] Invoking command in '/home/fsp/TE3001-Robotics_Fundamentals/ROS2/ros2_utilities_ws/build/micro_ros_msgs': CMAKE_PREFIX_PATH=${CMAKE_PREFIX_PATH}:/opt/ros/humble /usr/bin/cmake --build /home/fsp/TE3001-Robotics_Fundamentals/ROS2/ros2_utilities_ws/build/micro_ros_msgs -- -j4 -l4
[2.183s] [  2%] [34m[1mGenerating C code for ROS interfaces[0m
[2.194s] [  4%] [34m[1mGenerating C++ code for ROS interfaces[0m
[2.213s] [  4%] Built target ament_cmake_python_copy_micro_ros_msgs
[2.767s] running egg_info
[2.769s] creating micro_ros_msgs.egg-info
[2.770s] writing micro_ros_msgs.egg-info/PKG-INFO
[2.770s] writing dependency_links to micro_ros_msgs.egg-info/dependency_links.txt
[2.770s] writing top-level names to micro_ros_msgs.egg-info/top_level.txt
[2.771s] writing manifest file 'micro_ros_msgs.egg-info/SOURCES.txt'
[2.775s] reading manifest file 'micro_ros_msgs.egg-info/SOURCES.txt'
[2.776s] writing manifest file 'micro_ros_msgs.egg-info/SOURCES.txt'
[2.830s] [  4%] Built target ament_cmake_python_build_micro_ros_msgs_egg
[2.956s] [  4%] Built target micro_ros_msgs__cpp
[2.975s] [  8%] [34m[1mGenerating C++ type support for eProsima Fast-RTPS[0m
[2.976s] [ 10%] [34m[1mGenerating C++ type support dispatch for ROS interfaces[0m
[2.979s] [ 10%] [34m[1mGenerating C++ introspection for ROS interfaces[0m
[3.309s] [ 12%] [32mBuilding C object CMakeFiles/micro_ros_msgs__rosidl_generator_c.dir/rosidl_generator_c/micro_ros_msgs/msg/detail/graph__functions.c.o[0m
[3.450s] [ 14%] [32mBuilding C object CMakeFiles/micro_ros_msgs__rosidl_generator_c.dir/rosidl_generator_c/micro_ros_msgs/msg/detail/node__functions.c.o[0m
[3.560s] [ 17%] [32mBuilding C object CMakeFiles/micro_ros_msgs__rosidl_generator_c.dir/rosidl_generator_c/micro_ros_msgs/msg/detail/entity__functions.c.o[0m
[3.669s] [ 19%] [32m[1mLinking C shared library libmicro_ros_msgs__rosidl_generator_c.so[0m
[3.754s] [ 21%] [32mBuilding CXX object CMakeFiles/micro_ros_msgs__rosidl_typesupport_cpp.dir/rosidl_typesupport_cpp/micro_ros_msgs/msg/graph__type_support.cpp.o[0m
[3.804s] [ 21%] Built target micro_ros_msgs__rosidl_generator_c
[3.832s] [ 23%] [34m[1mGenerating C type support for eProsima Fast-RTPS[0m
[3.926s] [ 25%] [32mBuilding CXX object CMakeFiles/micro_ros_msgs__rosidl_typesupport_introspection_cpp.dir/rosidl_typesupport_introspection_cpp/micro_ros_msgs/msg/detail/graph__type_support.cpp.o[0m
[3.941s] [ 27%] [32mBuilding CXX object CMakeFiles/micro_ros_msgs__rosidl_typesupport_fastrtps_cpp.dir/rosidl_typesupport_fastrtps_cpp/micro_ros_msgs/msg/detail/dds_fastrtps/graph__type_support.cpp.o[0m
[4.531s] [ 29%] [32mBuilding CXX object CMakeFiles/micro_ros_msgs__rosidl_typesupport_cpp.dir/rosidl_typesupport_cpp/micro_ros_msgs/msg/node__type_support.cpp.o[0m
[4.852s] [ 31%] [32mBuilding CXX object CMakeFiles/micro_ros_msgs__rosidl_typesupport_fastrtps_c.dir/rosidl_typesupport_fastrtps_c/micro_ros_msgs/msg/detail/graph__type_support_c.cpp.o[0m
[5.106s] [ 34%] [32mBuilding CXX object CMakeFiles/micro_ros_msgs__rosidl_typesupport_fastrtps_cpp.dir/rosidl_typesupport_fastrtps_cpp/micro_ros_msgs/msg/detail/dds_fastrtps/node__type_support.cpp.o[0m
[5.163s] [ 36%] [32mBuilding CXX object CMakeFiles/micro_ros_msgs__rosidl_typesupport_cpp.dir/rosidl_typesupport_cpp/micro_ros_msgs/msg/entity__type_support.cpp.o[0m
[5.224s] [ 38%] [32mBuilding CXX object CMakeFiles/micro_ros_msgs__rosidl_typesupport_introspection_cpp.dir/rosidl_typesupport_introspection_cpp/micro_ros_msgs/msg/detail/node__type_support.cpp.o[0m
[5.626s] [ 40%] [32mBuilding CXX object CMakeFiles/micro_ros_msgs__rosidl_typesupport_fastrtps_c.dir/rosidl_typesupport_fastrtps_c/micro_ros_msgs/msg/detail/node__type_support_c.cpp.o[0m
[5.779s] [ 42%] [32m[1mLinking CXX shared library libmicro_ros_msgs__rosidl_typesupport_cpp.so[0m
[5.882s] [ 42%] Built target micro_ros_msgs__rosidl_typesupport_cpp
[5.904s] [ 44%] [34m[1mGenerating C introspection for ROS interfaces[0m
[6.285s] [ 46%] [32mBuilding CXX object CMakeFiles/micro_ros_msgs__rosidl_typesupport_fastrtps_cpp.dir/rosidl_typesupport_fastrtps_cpp/micro_ros_msgs/msg/detail/dds_fastrtps/entity__type_support.cpp.o[0m
[6.333s] [ 48%] [32mBuilding CXX object CMakeFiles/micro_ros_msgs__rosidl_typesupport_introspection_cpp.dir/rosidl_typesupport_introspection_cpp/micro_ros_msgs/msg/detail/entity__type_support.cpp.o[0m
[6.434s] [ 51%] [32mBuilding CXX object CMakeFiles/micro_ros_msgs__rosidl_typesupport_fastrtps_c.dir/rosidl_typesupport_fastrtps_c/micro_ros_msgs/msg/detail/entity__type_support_c.cpp.o[0m
[7.088s] [ 53%] [32mBuilding C object CMakeFiles/micro_ros_msgs__rosidl_typesupport_introspection_c.dir/rosidl_typesupport_introspection_c/micro_ros_msgs/msg/detail/graph__type_support.c.o[0m
[7.184s] [ 55%] [32mBuilding C object CMakeFiles/micro_ros_msgs__rosidl_typesupport_introspection_c.dir/rosidl_typesupport_introspection_c/micro_ros_msgs/msg/detail/node__type_support.c.o[0m
[7.220s] [ 57%] [32m[1mLinking CXX shared library libmicro_ros_msgs__rosidl_typesupport_fastrtps_c.so[0m
[7.267s] [ 59%] [32mBuilding C object CMakeFiles/micro_ros_msgs__rosidl_typesupport_introspection_c.dir/rosidl_typesupport_introspection_c/micro_ros_msgs/msg/detail/entity__type_support.c.o[0m
[7.352s] [ 61%] [32m[1mLinking C shared library libmicro_ros_msgs__rosidl_typesupport_introspection_c.so[0m
[7.406s] [ 61%] Built target micro_ros_msgs__rosidl_typesupport_fastrtps_c
[7.427s] [ 63%] [34m[1mGenerating C type support dispatch for ROS interfaces[0m
[7.429s] [ 63%] Built target micro_ros_msgs__rosidl_typesupport_introspection_c
[7.469s] [ 65%] [32m[1mLinking CXX shared library libmicro_ros_msgs__rosidl_typesupport_introspection_cpp.so[0m
[7.501s] [ 68%] [32m[1mLinking CXX shared library libmicro_ros_msgs__rosidl_typesupport_fastrtps_cpp.so[0m
[7.637s] [ 68%] Built target micro_ros_msgs__rosidl_typesupport_introspection_cpp
[7.656s] [ 68%] Built target micro_ros_msgs__rosidl_typesupport_fastrtps_cpp
[7.904s] [ 70%] [32mBuilding CXX object CMakeFiles/micro_ros_msgs__rosidl_typesupport_c.dir/rosidl_typesupport_c/micro_ros_msgs/msg/node__type_support.cpp.o[0m
[7.907s] [ 74%] [32mBuilding CXX object CMakeFiles/micro_ros_msgs__rosidl_typesupport_c.dir/rosidl_typesupport_c/micro_ros_msgs/msg/graph__type_support.cpp.o[0m
[7.908s] [ 74%] [32mBuilding CXX object CMakeFiles/micro_ros_msgs__rosidl_typesupport_c.dir/rosidl_typesupport_c/micro_ros_msgs/msg/entity__type_support.cpp.o[0m
[7.961s] [ 76%] [32m[1mLinking CXX shared library libmicro_ros_msgs__rosidl_typesupport_c.so[0m
[8.011s] [ 76%] Built target micro_ros_msgs__rosidl_typesupport_c
[8.035s] [ 76%] Built target micro_ros_msgs
[8.061s] [ 78%] [34m[1mGenerating Python code for ROS interfaces[0m
[8.786s] [ 78%] Built target micro_ros_msgs__py
[8.812s] [ 80%] [32mBuilding C object CMakeFiles/micro_ros_msgs__rosidl_generator_py.dir/rosidl_generator_py/micro_ros_msgs/msg/_graph_s.c.o[0m
[8.816s] [ 85%] [32mBuilding C object CMakeFiles/micro_ros_msgs__rosidl_generator_py.dir/rosidl_generator_py/micro_ros_msgs/msg/_node_s.c.o[0m
[8.816s] [ 85%] [32mBuilding C object CMakeFiles/micro_ros_msgs__rosidl_generator_py.dir/rosidl_generator_py/micro_ros_msgs/msg/_entity_s.c.o[0m
[9.018s] [ 87%] [32m[1mLinking C shared library rosidl_generator_py/micro_ros_msgs/libmicro_ros_msgs__rosidl_generator_py.so[0m
[9.069s] [ 87%] Built target micro_ros_msgs__rosidl_generator_py
[9.100s] [ 89%] [32mBuilding C object CMakeFiles/micro_ros_msgs__rosidl_typesupport_introspection_c__pyext.dir/rosidl_generator_py/micro_ros_msgs/_micro_ros_msgs_s.ep.rosidl_typesupport_introspection_c.c.o[0m
[9.102s] [ 91%] [32mBuilding C object CMakeFiles/micro_ros_msgs__rosidl_typesupport_c__pyext.dir/rosidl_generator_py/micro_ros_msgs/_micro_ros_msgs_s.ep.rosidl_typesupport_c.c.o[0m
[9.105s] [ 93%] [32mBuilding C object CMakeFiles/micro_ros_msgs__rosidl_typesupport_fastrtps_c__pyext.dir/rosidl_generator_py/micro_ros_msgs/_micro_ros_msgs_s.ep.rosidl_typesupport_fastrtps_c.c.o[0m
[9.257s] [ 95%] [32m[1mLinking C shared library rosidl_generator_py/micro_ros_msgs/micro_ros_msgs_s__rosidl_typesupport_fastrtps_c.cpython-310-x86_64-linux-gnu.so[0m
[9.314s] [100%] [32m[1mLinking C shared library rosidl_generator_py/micro_ros_msgs/micro_ros_msgs_s__rosidl_typesupport_introspection_c.cpython-310-x86_64-linux-gnu.so[0m
[9.314s] [100%] [32m[1mLinking C shared library rosidl_generator_py/micro_ros_msgs/micro_ros_msgs_s__rosidl_typesupport_c.cpython-310-x86_64-linux-gnu.so[0m
[9.319s] [100%] Built target micro_ros_msgs__rosidl_typesupport_fastrtps_c__pyext
[9.361s] [100%] Built target micro_ros_msgs__rosidl_typesupport_c__pyext
[9.364s] [100%] Built target micro_ros_msgs__rosidl_typesupport_introspection_c__pyext
[9.379s] Invoked command in '/home/fsp/TE3001-Robotics_Fundamentals/ROS2/ros2_utilities_ws/build/micro_ros_msgs' returned '0': CMAKE_PREFIX_PATH=${CMAKE_PREFIX_PATH}:/opt/ros/humble /usr/bin/cmake --build /home/fsp/TE3001-Robotics_Fundamentals/ROS2/ros2_utilities_ws/build/micro_ros_msgs -- -j4 -l4
[9.516s] Invoking command in '/home/fsp/TE3001-Robotics_Fundamentals/ROS2/ros2_utilities_ws/build/micro_ros_msgs': CMAKE_PREFIX_PATH=${CMAKE_PREFIX_PATH}:/opt/ros/humble /usr/bin/cmake --install /home/fsp/TE3001-Robotics_Fundamentals/ROS2/ros2_utilities_ws/build/micro_ros_msgs
[9.525s] -- Install configuration: ""
[9.525s] -- Installing: /home/fsp/TE3001-Robotics_Fundamentals/ROS2/ros2_utilities_ws/install/micro_ros_msgs/share/ament_index/resource_index/rosidl_interfaces/micro_ros_msgs
[9.526s] -- Installing: /home/fsp/TE3001-Robotics_Fundamentals/ROS2/ros2_utilities_ws/install/micro_ros_msgs/include/micro_ros_msgs/micro_ros_msgs
[9.526s] -- Installing: /home/fsp/TE3001-Robotics_Fundamentals/ROS2/ros2_utilities_ws/install/micro_ros_msgs/include/micro_ros_msgs/micro_ros_msgs/msg
[9.526s] -- Installing: /home/fsp/TE3001-Robotics_Fundamentals/ROS2/ros2_utilities_ws/install/micro_ros_msgs/include/micro_ros_msgs/micro_ros_msgs/msg/entity.h
[9.527s] -- Installing: /home/fsp/TE3001-Robotics_Fundamentals/ROS2/ros2_utilities_ws/install/micro_ros_msgs/include/micro_ros_msgs/micro_ros_msgs/msg/detail
[9.527s] -- Installing: /home/fsp/TE3001-Robotics_Fundamentals/ROS2/ros2_utilities_ws/install/micro_ros_msgs/include/micro_ros_msgs/micro_ros_msgs/msg/detail/entity__type_support.h
[9.527s] -- Installing: /home/fsp/TE3001-Robotics_Fundamentals/ROS2/ros2_utilities_ws/install/micro_ros_msgs/include/micro_ros_msgs/micro_ros_msgs/msg/detail/graph__type_support.h
[9.527s] -- Installing: /home/fsp/TE3001-Robotics_Fundamentals/ROS2/ros2_utilities_ws/install/micro_ros_msgs/include/micro_ros_msgs/micro_ros_msgs/msg/detail/graph__functions.c
[9.528s] -- Installing: /home/fsp/TE3001-Robotics_Fundamentals/ROS2/ros2_utilities_ws/install/micro_ros_msgs/include/micro_ros_msgs/micro_ros_msgs/msg/detail/entity__functions.h
[9.528s] -- Installing: /home/fsp/TE3001-Robotics_Fundamentals/ROS2/ros2_utilities_ws/install/micro_ros_msgs/include/micro_ros_msgs/micro_ros_msgs/msg/detail/node__functions.c
[9.528s] -- Installing: /home/fsp/TE3001-Robotics_Fundamentals/ROS2/ros2_utilities_ws/install/micro_ros_msgs/include/micro_ros_msgs/micro_ros_msgs/msg/detail/entity__functions.c
[9.528s] -- Installing: /home/fsp/TE3001-Robotics_Fundamentals/ROS2/ros2_utilities_ws/install/micro_ros_msgs/include/micro_ros_msgs/micro_ros_msgs/msg/detail/entity__struct.h
[9.528s] -- Installing: /home/fsp/TE3001-Robotics_Fundamentals/ROS2/ros2_utilities_ws/install/micro_ros_msgs/include/micro_ros_msgs/micro_ros_msgs/msg/detail/graph__functions.h
[9.528s] -- Installing: /home/fsp/TE3001-Robotics_Fundamentals/ROS2/ros2_utilities_ws/install/micro_ros_msgs/include/micro_ros_msgs/micro_ros_msgs/msg/detail/node__functions.h
[9.529s] -- Installing: /home/fsp/TE3001-Robotics_Fundamentals/ROS2/ros2_utilities_ws/install/micro_ros_msgs/include/micro_ros_msgs/micro_ros_msgs/msg/detail/node__type_support.h
[9.529s] -- Installing: /home/fsp/TE3001-Robotics_Fundamentals/ROS2/ros2_utilities_ws/install/micro_ros_msgs/include/micro_ros_msgs/micro_ros_msgs/msg/detail/graph__struct.h
[9.529s] -- Installing: /home/fsp/TE3001-Robotics_Fundamentals/ROS2/ros2_utilities_ws/install/micro_ros_msgs/include/micro_ros_msgs/micro_ros_msgs/msg/detail/node__struct.h
[9.529s] -- Installing: /home/fsp/TE3001-Robotics_Fundamentals/ROS2/ros2_utilities_ws/install/micro_ros_msgs/include/micro_ros_msgs/micro_ros_msgs/msg/graph.h
[9.529s] -- Installing: /home/fsp/TE3001-Robotics_Fundamentals/ROS2/ros2_utilities_ws/install/micro_ros_msgs/include/micro_ros_msgs/micro_ros_msgs/msg/node.h
[9.529s] -- Installing: /home/fsp/TE3001-Robotics_Fundamentals/ROS2/ros2_utilities_ws/install/micro_ros_msgs/include/micro_ros_msgs/micro_ros_msgs/msg/rosidl_generator_c__visibility_control.h
[9.530s] -- Installing: /home/fsp/TE3001-Robotics_Fundamentals/ROS2/ros2_utilities_ws/install/micro_ros_msgs/share/micro_ros_msgs/environment/library_path.sh
[9.530s] -- Installing: /home/fsp/TE3001-Robotics_Fundamentals/ROS2/ros2_utilities_ws/install/micro_ros_msgs/share/micro_ros_msgs/environment/library_path.dsv
[9.530s] -- Installing: /home/fsp/TE3001-Robotics_Fundamentals/ROS2/ros2_utilities_ws/install/micro_ros_msgs/lib/libmicro_ros_msgs__rosidl_generator_c.so
[9.530s] -- Set runtime path of "/home/fsp/TE3001-Robotics_Fundamentals/ROS2/ros2_utilities_ws/install/micro_ros_msgs/lib/libmicro_ros_msgs__rosidl_generator_c.so" to ""
[9.531s] -- Up-to-date: /home/fsp/TE3001-Robotics_Fundamentals/ROS2/ros2_utilities_ws/install/micro_ros_msgs/include/micro_ros_msgs/micro_ros_msgs
[9.531s] -- Up-to-date: /home/fsp/TE3001-Robotics_Fundamentals/ROS2/ros2_utilities_ws/install/micro_ros_msgs/include/micro_ros_msgs/micro_ros_msgs/msg
[9.531s] -- Installing: /home/fsp/TE3001-Robotics_Fundamentals/ROS2/ros2_utilities_ws/install/micro_ros_msgs/include/micro_ros_msgs/micro_ros_msgs/msg/rosidl_typesupport_fastrtps_c__visibility_control.h
[9.531s] -- Up-to-date: /home/fsp/TE3001-Robotics_Fundamentals/ROS2/ros2_utilities_ws/install/micro_ros_msgs/include/micro_ros_msgs/micro_ros_msgs/msg/detail
[9.532s] -- Installing: /home/fsp/TE3001-Robotics_Fundamentals/ROS2/ros2_utilities_ws/install/micro_ros_msgs/include/micro_ros_msgs/micro_ros_msgs/msg/detail/entity__rosidl_typesupport_fastrtps_c.h
[9.532s] -- Installing: /home/fsp/TE3001-Robotics_Fundamentals/ROS2/ros2_utilities_ws/install/micro_ros_msgs/include/micro_ros_msgs/micro_ros_msgs/msg/detail/node__rosidl_typesupport_fastrtps_c.h
[9.532s] -- Installing: /home/fsp/TE3001-Robotics_Fundamentals/ROS2/ros2_utilities_ws/install/micro_ros_msgs/include/micro_ros_msgs/micro_ros_msgs/msg/detail/graph__rosidl_typesupport_fastrtps_c.h
[9.532s] -- Installing: /home/fsp/TE3001-Robotics_Fundamentals/ROS2/ros2_utilities_ws/install/micro_ros_msgs/lib/libmicro_ros_msgs__rosidl_typesupport_fastrtps_c.so
[9.533s] -- Set runtime path of "/home/fsp/TE3001-Robotics_Fundamentals/ROS2/ros2_utilities_ws/install/micro_ros_msgs/lib/libmicro_ros_msgs__rosidl_typesupport_fastrtps_c.so" to ""
[9.533s] -- Up-to-date: /home/fsp/TE3001-Robotics_Fundamentals/ROS2/ros2_utilities_ws/install/micro_ros_msgs/include/micro_ros_msgs/micro_ros_msgs
[9.533s] -- Up-to-date: /home/fsp/TE3001-Robotics_Fundamentals/ROS2/ros2_utilities_ws/install/micro_ros_msgs/include/micro_ros_msgs/micro_ros_msgs/msg
[9.533s] -- Installing: /home/fsp/TE3001-Robotics_Fundamentals/ROS2/ros2_utilities_ws/install/micro_ros_msgs/include/micro_ros_msgs/micro_ros_msgs/msg/rosidl_typesupport_introspection_c__visibility_control.h
[9.533s] -- Up-to-date: /home/fsp/TE3001-Robotics_Fundamentals/ROS2/ros2_utilities_ws/install/micro_ros_msgs/include/micro_ros_msgs/micro_ros_msgs/msg/detail
[9.533s] -- Installing: /home/fsp/TE3001-Robotics_Fundamentals/ROS2/ros2_utilities_ws/install/micro_ros_msgs/include/micro_ros_msgs/micro_ros_msgs/msg/detail/graph__rosidl_typesupport_introspection_c.h
[9.534s] -- Installing: /home/fsp/TE3001-Robotics_Fundamentals/ROS2/ros2_utilities_ws/install/micro_ros_msgs/include/micro_ros_msgs/micro_ros_msgs/msg/detail/entity__type_support.c
[9.534s] -- Installing: /home/fsp/TE3001-Robotics_Fundamentals/ROS2/ros2_utilities_ws/install/micro_ros_msgs/include/micro_ros_msgs/micro_ros_msgs/msg/detail/node__rosidl_typesupport_introspection_c.h
[9.534s] -- Installing: /home/fsp/TE3001-Robotics_Fundamentals/ROS2/ros2_utilities_ws/install/micro_ros_msgs/include/micro_ros_msgs/micro_ros_msgs/msg/detail/node__type_support.c
[9.534s] -- Installing: /home/fsp/TE3001-Robotics_Fundamentals/ROS2/ros2_utilities_ws/install/micro_ros_msgs/include/micro_ros_msgs/micro_ros_msgs/msg/detail/entity__rosidl_typesupport_introspection_c.h
[9.534s] -- Installing: /home/fsp/TE3001-Robotics_Fundamentals/ROS2/ros2_utilities_ws/install/micro_ros_msgs/include/micro_ros_msgs/micro_ros_msgs/msg/detail/graph__type_support.c
[9.534s] -- Installing: /home/fsp/TE3001-Robotics_Fundamentals/ROS2/ros2_utilities_ws/install/micro_ros_msgs/lib/libmicro_ros_msgs__rosidl_typesupport_introspection_c.so
[9.535s] -- Set runtime path of "/home/fsp/TE3001-Robotics_Fundamentals/ROS2/ros2_utilities_ws/install/micro_ros_msgs/lib/libmicro_ros_msgs__rosidl_typesupport_introspection_c.so" to ""
[9.535s] -- Installing: /home/fsp/TE3001-Robotics_Fundamentals/ROS2/ros2_utilities_ws/install/micro_ros_msgs/lib/libmicro_ros_msgs__rosidl_typesupport_c.so
[9.535s] -- Set runtime path of "/home/fsp/TE3001-Robotics_Fundamentals/ROS2/ros2_utilities_ws/install/micro_ros_msgs/lib/libmicro_ros_msgs__rosidl_typesupport_c.so" to ""
[9.536s] -- Up-to-date: /home/fsp/TE3001-Robotics_Fundamentals/ROS2/ros2_utilities_ws/install/micro_ros_msgs/include/micro_ros_msgs/micro_ros_msgs
[9.536s] -- Up-to-date: /home/fsp/TE3001-Robotics_Fundamentals/ROS2/ros2_utilities_ws/install/micro_ros_msgs/include/micro_ros_msgs/micro_ros_msgs/msg
[9.536s] -- Installing: /home/fsp/TE3001-Robotics_Fundamentals/ROS2/ros2_utilities_ws/install/micro_ros_msgs/include/micro_ros_msgs/micro_ros_msgs/msg/node.hpp
[9.536s] -- Installing: /home/fsp/TE3001-Robotics_Fundamentals/ROS2/ros2_utilities_ws/install/micro_ros_msgs/include/micro_ros_msgs/micro_ros_msgs/msg/graph.hpp
[9.537s] -- Up-to-date: /home/fsp/TE3001-Robotics_Fundamentals/ROS2/ros2_utilities_ws/install/micro_ros_msgs/include/micro_ros_msgs/micro_ros_msgs/msg/detail
[9.537s] -- Installing: /home/fsp/TE3001-Robotics_Fundamentals/ROS2/ros2_utilities_ws/install/micro_ros_msgs/include/micro_ros_msgs/micro_ros_msgs/msg/detail/entity__struct.hpp
[9.537s] -- Installing: /home/fsp/TE3001-Robotics_Fundamentals/ROS2/ros2_utilities_ws/install/micro_ros_msgs/include/micro_ros_msgs/micro_ros_msgs/msg/detail/entity__traits.hpp
[9.537s] -- Installing: /home/fsp/TE3001-Robotics_Fundamentals/ROS2/ros2_utilities_ws/install/micro_ros_msgs/include/micro_ros_msgs/micro_ros_msgs/msg/detail/node__struct.hpp
[9.537s] -- Installing: /home/fsp/TE3001-Robotics_Fundamentals/ROS2/ros2_utilities_ws/install/micro_ros_msgs/include/micro_ros_msgs/micro_ros_msgs/msg/detail/node__builder.hpp
[9.538s] -- Installing: /home/fsp/TE3001-Robotics_Fundamentals/ROS2/ros2_utilities_ws/install/micro_ros_msgs/include/micro_ros_msgs/micro_ros_msgs/msg/detail/node__traits.hpp
[9.538s] -- Installing: /home/fsp/TE3001-Robotics_Fundamentals/ROS2/ros2_utilities_ws/install/micro_ros_msgs/include/micro_ros_msgs/micro_ros_msgs/msg/detail/graph__struct.hpp
[9.538s] -- Installing: /home/fsp/TE3001-Robotics_Fundamentals/ROS2/ros2_utilities_ws/install/micro_ros_msgs/include/micro_ros_msgs/micro_ros_msgs/msg/detail/graph__builder.hpp
[9.538s] -- Installing: /home/fsp/TE3001-Robotics_Fundamentals/ROS2/ros2_utilities_ws/install/micro_ros_msgs/include/micro_ros_msgs/micro_ros_msgs/msg/detail/entity__builder.hpp
[9.538s] -- Installing: /home/fsp/TE3001-Robotics_Fundamentals/ROS2/ros2_utilities_ws/install/micro_ros_msgs/include/micro_ros_msgs/micro_ros_msgs/msg/detail/graph__traits.hpp
[9.539s] -- Installing: /home/fsp/TE3001-Robotics_Fundamentals/ROS2/ros2_utilities_ws/install/micro_ros_msgs/include/micro_ros_msgs/micro_ros_msgs/msg/entity.hpp
[9.539s] -- Up-to-date: /home/fsp/TE3001-Robotics_Fundamentals/ROS2/ros2_utilities_ws/install/micro_ros_msgs/include/micro_ros_msgs/micro_ros_msgs
[9.539s] -- Up-to-date: /home/fsp/TE3001-Robotics_Fundamentals/ROS2/ros2_utilities_ws/install/micro_ros_msgs/include/micro_ros_msgs/micro_ros_msgs/msg
[9.539s] -- Installing: /home/fsp/TE3001-Robotics_Fundamentals/ROS2/ros2_utilities_ws/install/micro_ros_msgs/include/micro_ros_msgs/micro_ros_msgs/msg/rosidl_typesupport_fastrtps_cpp__visibility_control.h
[9.539s] -- Up-to-date: /home/fsp/TE3001-Robotics_Fundamentals/ROS2/ros2_utilities_ws/install/micro_ros_msgs/include/micro_ros_msgs/micro_ros_msgs/msg/detail
[9.540s] -- Installing: /home/fsp/TE3001-Robotics_Fundamentals/ROS2/ros2_utilities_ws/install/micro_ros_msgs/include/micro_ros_msgs/micro_ros_msgs/msg/detail/dds_fastrtps
[9.540s] -- Installing: /home/fsp/TE3001-Robotics_Fundamentals/ROS2/ros2_utilities_ws/install/micro_ros_msgs/include/micro_ros_msgs/micro_ros_msgs/msg/detail/graph__rosidl_typesupport_fastrtps_cpp.hpp
[9.540s] -- Installing: /home/fsp/TE3001-Robotics_Fundamentals/ROS2/ros2_utilities_ws/install/micro_ros_msgs/include/micro_ros_msgs/micro_ros_msgs/msg/detail/entity__rosidl_typesupport_fastrtps_cpp.hpp
[9.540s] -- Installing: /home/fsp/TE3001-Robotics_Fundamentals/ROS2/ros2_utilities_ws/install/micro_ros_msgs/include/micro_ros_msgs/micro_ros_msgs/msg/detail/node__rosidl_typesupport_fastrtps_cpp.hpp
[9.540s] -- Installing: /home/fsp/TE3001-Robotics_Fundamentals/ROS2/ros2_utilities_ws/install/micro_ros_msgs/lib/libmicro_ros_msgs__rosidl_typesupport_fastrtps_cpp.so
[9.541s] -- Set runtime path of "/home/fsp/TE3001-Robotics_Fundamentals/ROS2/ros2_utilities_ws/install/micro_ros_msgs/lib/libmicro_ros_msgs__rosidl_typesupport_fastrtps_cpp.so" to ""
[9.541s] -- Up-to-date: /home/fsp/TE3001-Robotics_Fundamentals/ROS2/ros2_utilities_ws/install/micro_ros_msgs/include/micro_ros_msgs/micro_ros_msgs
[9.541s] -- Up-to-date: /home/fsp/TE3001-Robotics_Fundamentals/ROS2/ros2_utilities_ws/install/micro_ros_msgs/include/micro_ros_msgs/micro_ros_msgs/msg
[9.541s] -- Up-to-date: /home/fsp/TE3001-Robotics_Fundamentals/ROS2/ros2_utilities_ws/install/micro_ros_msgs/include/micro_ros_msgs/micro_ros_msgs/msg/detail
[9.542s] -- Installing: /home/fsp/TE3001-Robotics_Fundamentals/ROS2/ros2_utilities_ws/install/micro_ros_msgs/include/micro_ros_msgs/micro_ros_msgs/msg/detail/node__rosidl_typesupport_introspection_cpp.hpp
[9.542s] -- Installing: /home/fsp/TE3001-Robotics_Fundamentals/ROS2/ros2_utilities_ws/install/micro_ros_msgs/include/micro_ros_msgs/micro_ros_msgs/msg/detail/graph__rosidl_typesupport_introspection_cpp.hpp
[9.542s] -- Installing: /home/fsp/TE3001-Robotics_Fundamentals/ROS2/ros2_utilities_ws/install/micro_ros_msgs/include/micro_ros_msgs/micro_ros_msgs/msg/detail/graph__type_support.cpp
[9.542s] -- Installing: /home/fsp/TE3001-Robotics_Fundamentals/ROS2/ros2_utilities_ws/install/micro_ros_msgs/include/micro_ros_msgs/micro_ros_msgs/msg/detail/node__type_support.cpp
[9.542s] -- Installing: /home/fsp/TE3001-Robotics_Fundamentals/ROS2/ros2_utilities_ws/install/micro_ros_msgs/include/micro_ros_msgs/micro_ros_msgs/msg/detail/entity__type_support.cpp
[9.543s] -- Installing: /home/fsp/TE3001-Robotics_Fundamentals/ROS2/ros2_utilities_ws/install/micro_ros_msgs/include/micro_ros_msgs/micro_ros_msgs/msg/detail/entity__rosidl_typesupport_introspection_cpp.hpp
[9.543s] -- Installing: /home/fsp/TE3001-Robotics_Fundamentals/ROS2/ros2_utilities_ws/install/micro_ros_msgs/lib/libmicro_ros_msgs__rosidl_typesupport_introspection_cpp.so
[9.544s] -- Set runtime path of "/home/fsp/TE3001-Robotics_Fundamentals/ROS2/ros2_utilities_ws/install/micro_ros_msgs/lib/libmicro_ros_msgs__rosidl_typesupport_introspection_cpp.so" to ""
[9.544s] -- Installing: /home/fsp/TE3001-Robotics_Fundamentals/ROS2/ros2_utilities_ws/install/micro_ros_msgs/lib/libmicro_ros_msgs__rosidl_typesupport_cpp.so
[9.544s] -- Set runtime path of "/home/fsp/TE3001-Robotics_Fundamentals/ROS2/ros2_utilities_ws/install/micro_ros_msgs/lib/libmicro_ros_msgs__rosidl_typesupport_cpp.so" to ""
[9.544s] -- Installing: /home/fsp/TE3001-Robotics_Fundamentals/ROS2/ros2_utilities_ws/install/micro_ros_msgs/share/micro_ros_msgs/environment/pythonpath.sh
[9.545s] -- Installing: /home/fsp/TE3001-Robotics_Fundamentals/ROS2/ros2_utilities_ws/install/micro_ros_msgs/share/micro_ros_msgs/environment/pythonpath.dsv
[9.545s] -- Installing: /home/fsp/TE3001-Robotics_Fundamentals/ROS2/ros2_utilities_ws/install/micro_ros_msgs/local/lib/python3.10/dist-packages/micro_ros_msgs-3.0.1-py3.10.egg-info
[9.545s] -- Installing: /home/fsp/TE3001-Robotics_Fundamentals/ROS2/ros2_utilities_ws/install/micro_ros_msgs/local/lib/python3.10/dist-packages/micro_ros_msgs-3.0.1-py3.10.egg-info/dependency_links.txt
[9.545s] -- Installing: /home/fsp/TE3001-Robotics_Fundamentals/ROS2/ros2_utilities_ws/install/micro_ros_msgs/local/lib/python3.10/dist-packages/micro_ros_msgs-3.0.1-py3.10.egg-info/SOURCES.txt
[9.545s] -- Installing: /home/fsp/TE3001-Robotics_Fundamentals/ROS2/ros2_utilities_ws/install/micro_ros_msgs/local/lib/python3.10/dist-packages/micro_ros_msgs-3.0.1-py3.10.egg-info/top_level.txt
[9.546s] -- Installing: /home/fsp/TE3001-Robotics_Fundamentals/ROS2/ros2_utilities_ws/install/micro_ros_msgs/local/lib/python3.10/dist-packages/micro_ros_msgs-3.0.1-py3.10.egg-info/PKG-INFO
[9.546s] -- Installing: /home/fsp/TE3001-Robotics_Fundamentals/ROS2/ros2_utilities_ws/install/micro_ros_msgs/local/lib/python3.10/dist-packages/micro_ros_msgs
[9.546s] -- Installing: /home/fsp/TE3001-Robotics_Fundamentals/ROS2/ros2_utilities_ws/install/micro_ros_msgs/local/lib/python3.10/dist-packages/micro_ros_msgs/micro_ros_msgs_s__rosidl_typesupport_introspection_c.cpython-310-x86_64-linux-gnu.so
[9.547s] -- Installing: /home/fsp/TE3001-Robotics_Fundamentals/ROS2/ros2_utilities_ws/install/micro_ros_msgs/local/lib/python3.10/dist-packages/micro_ros_msgs/_micro_ros_msgs_s.ep.rosidl_typesupport_fastrtps_c.c
[9.547s] -- Installing: /home/fsp/TE3001-Robotics_Fundamentals/ROS2/ros2_utilities_ws/install/micro_ros_msgs/local/lib/python3.10/dist-packages/micro_ros_msgs/_micro_ros_msgs_s.ep.rosidl_typesupport_introspection_c.c
[9.547s] -- Installing: /home/fsp/TE3001-Robotics_Fundamentals/ROS2/ros2_utilities_ws/install/micro_ros_msgs/local/lib/python3.10/dist-packages/micro_ros_msgs/_micro_ros_msgs_s.ep.rosidl_typesupport_c.c
[9.547s] -- Installing: /home/fsp/TE3001-Robotics_Fundamentals/ROS2/ros2_utilities_ws/install/micro_ros_msgs/local/lib/python3.10/dist-packages/micro_ros_msgs/micro_ros_msgs_s__rosidl_typesupport_fastrtps_c.cpython-310-x86_64-linux-gnu.so
[9.547s] -- Installing: /home/fsp/TE3001-Robotics_Fundamentals/ROS2/ros2_utilities_ws/install/micro_ros_msgs/local/lib/python3.10/dist-packages/micro_ros_msgs/micro_ros_msgs_s__rosidl_typesupport_c.cpython-310-x86_64-linux-gnu.so
[9.548s] -- Installing: /home/fsp/TE3001-Robotics_Fundamentals/ROS2/ros2_utilities_ws/install/micro_ros_msgs/local/lib/python3.10/dist-packages/micro_ros_msgs/libmicro_ros_msgs__rosidl_generator_py.so
[9.548s] -- Installing: /home/fsp/TE3001-Robotics_Fundamentals/ROS2/ros2_utilities_ws/install/micro_ros_msgs/local/lib/python3.10/dist-packages/micro_ros_msgs/msg
[9.548s] -- Installing: /home/fsp/TE3001-Robotics_Fundamentals/ROS2/ros2_utilities_ws/install/micro_ros_msgs/local/lib/python3.10/dist-packages/micro_ros_msgs/msg/_entity.py
[9.548s] -- Installing: /home/fsp/TE3001-Robotics_Fundamentals/ROS2/ros2_utilities_ws/install/micro_ros_msgs/local/lib/python3.10/dist-packages/micro_ros_msgs/msg/_node_s.c
[9.548s] -- Installing: /home/fsp/TE3001-Robotics_Fundamentals/ROS2/ros2_utilities_ws/install/micro_ros_msgs/local/lib/python3.10/dist-packages/micro_ros_msgs/msg/_node.py
[9.549s] -- Installing: /home/fsp/TE3001-Robotics_Fundamentals/ROS2/ros2_utilities_ws/install/micro_ros_msgs/local/lib/python3.10/dist-packages/micro_ros_msgs/msg/_graph.py
[9.549s] -- Installing: /home/fsp/TE3001-Robotics_Fundamentals/ROS2/ros2_utilities_ws/install/micro_ros_msgs/local/lib/python3.10/dist-packages/micro_ros_msgs/msg/_entity_s.c
[9.549s] -- Installing: /home/fsp/TE3001-Robotics_Fundamentals/ROS2/ros2_utilities_ws/install/micro_ros_msgs/local/lib/python3.10/dist-packages/micro_ros_msgs/msg/_graph_s.c
[9.549s] -- Installing: /home/fsp/TE3001-Robotics_Fundamentals/ROS2/ros2_utilities_ws/install/micro_ros_msgs/local/lib/python3.10/dist-packages/micro_ros_msgs/msg/__init__.py
[9.549s] -- Installing: /home/fsp/TE3001-Robotics_Fundamentals/ROS2/ros2_utilities_ws/install/micro_ros_msgs/local/lib/python3.10/dist-packages/micro_ros_msgs/__init__.py
[9.603s] Listing '/home/fsp/TE3001-Robotics_Fundamentals/ROS2/ros2_utilities_ws/install/micro_ros_msgs/local/lib/python3.10/dist-packages/micro_ros_msgs'...
[9.603s] Compiling '/home/fsp/TE3001-Robotics_Fundamentals/ROS2/ros2_utilities_ws/install/micro_ros_msgs/local/lib/python3.10/dist-packages/micro_ros_msgs/__init__.py'...
[9.604s] Listing '/home/fsp/TE3001-Robotics_Fundamentals/ROS2/ros2_utilities_ws/install/micro_ros_msgs/local/lib/python3.10/dist-packages/micro_ros_msgs/msg'...
[9.604s] Compiling '/home/fsp/TE3001-Robotics_Fundamentals/ROS2/ros2_utilities_ws/install/micro_ros_msgs/local/lib/python3.10/dist-packages/micro_ros_msgs/msg/__init__.py'...
[9.604s] Compiling '/home/fsp/TE3001-Robotics_Fundamentals/ROS2/ros2_utilities_ws/install/micro_ros_msgs/local/lib/python3.10/dist-packages/micro_ros_msgs/msg/_entity.py'...
[9.604s] Compiling '/home/fsp/TE3001-Robotics_Fundamentals/ROS2/ros2_utilities_ws/install/micro_ros_msgs/local/lib/python3.10/dist-packages/micro_ros_msgs/msg/_graph.py'...
[9.604s] Compiling '/home/fsp/TE3001-Robotics_Fundamentals/ROS2/ros2_utilities_ws/install/micro_ros_msgs/local/lib/python3.10/dist-packages/micro_ros_msgs/msg/_node.py'...
[9.610s] -- Installing: /home/fsp/TE3001-Robotics_Fundamentals/ROS2/ros2_utilities_ws/install/micro_ros_msgs/local/lib/python3.10/dist-packages/micro_ros_msgs/micro_ros_msgs_s__rosidl_typesupport_fastrtps_c.cpython-310-x86_64-linux-gnu.so
[9.610s] -- Set runtime path of "/home/fsp/TE3001-Robotics_Fundamentals/ROS2/ros2_utilities_ws/install/micro_ros_msgs/local/lib/python3.10/dist-packages/micro_ros_msgs/micro_ros_msgs_s__rosidl_typesupport_fastrtps_c.cpython-310-x86_64-linux-gnu.so" to ""
[9.611s] -- Installing: /home/fsp/TE3001-Robotics_Fundamentals/ROS2/ros2_utilities_ws/install/micro_ros_msgs/local/lib/python3.10/dist-packages/micro_ros_msgs/micro_ros_msgs_s__rosidl_typesupport_introspection_c.cpython-310-x86_64-linux-gnu.so
[9.611s] -- Set runtime path of "/home/fsp/TE3001-Robotics_Fundamentals/ROS2/ros2_utilities_ws/install/micro_ros_msgs/local/lib/python3.10/dist-packages/micro_ros_msgs/micro_ros_msgs_s__rosidl_typesupport_introspection_c.cpython-310-x86_64-linux-gnu.so" to ""
[9.611s] -- Installing: /home/fsp/TE3001-Robotics_Fundamentals/ROS2/ros2_utilities_ws/install/micro_ros_msgs/local/lib/python3.10/dist-packages/micro_ros_msgs/micro_ros_msgs_s__rosidl_typesupport_c.cpython-310-x86_64-linux-gnu.so
[9.612s] -- Set runtime path of "/home/fsp/TE3001-Robotics_Fundamentals/ROS2/ros2_utilities_ws/install/micro_ros_msgs/local/lib/python3.10/dist-packages/micro_ros_msgs/micro_ros_msgs_s__rosidl_typesupport_c.cpython-310-x86_64-linux-gnu.so" to ""
[9.612s] -- Installing: /home/fsp/TE3001-Robotics_Fundamentals/ROS2/ros2_utilities_ws/install/micro_ros_msgs/lib/libmicro_ros_msgs__rosidl_generator_py.so
[9.613s] -- Set runtime path of "/home/fsp/TE3001-Robotics_Fundamentals/ROS2/ros2_utilities_ws/install/micro_ros_msgs/lib/libmicro_ros_msgs__rosidl_generator_py.so" to ""
[9.613s] -- Installing: /home/fsp/TE3001-Robotics_Fundamentals/ROS2/ros2_utilities_ws/install/micro_ros_msgs/share/micro_ros_msgs/msg/Graph.idl
[9.613s] -- Installing: /home/fsp/TE3001-Robotics_Fundamentals/ROS2/ros2_utilities_ws/install/micro_ros_msgs/share/micro_ros_msgs/msg/Node.idl
[9.613s] -- Installing: /home/fsp/TE3001-Robotics_Fundamentals/ROS2/ros2_utilities_ws/install/micro_ros_msgs/share/micro_ros_msgs/msg/Entity.idl
[9.614s] -- Installing: /home/fsp/TE3001-Robotics_Fundamentals/ROS2/ros2_utilities_ws/install/micro_ros_msgs/share/micro_ros_msgs/msg/Graph.msg
[9.614s] -- Installing: /home/fsp/TE3001-Robotics_Fundamentals/ROS2/ros2_utilities_ws/install/micro_ros_msgs/share/micro_ros_msgs/msg/Node.msg
[9.614s] -- Installing: /home/fsp/TE3001-Robotics_Fundamentals/ROS2/ros2_utilities_ws/install/micro_ros_msgs/share/micro_ros_msgs/msg/Entity.msg
[9.614s] -- Installing: /home/fsp/TE3001-Robotics_Fundamentals/ROS2/ros2_utilities_ws/install/micro_ros_msgs/share/ament_index/resource_index/package_run_dependencies/micro_ros_msgs
[9.615s] -- Installing: /home/fsp/TE3001-Robotics_Fundamentals/ROS2/ros2_utilities_ws/install/micro_ros_msgs/share/ament_index/resource_index/parent_prefix_path/micro_ros_msgs
[9.615s] -- Installing: /home/fsp/TE3001-Robotics_Fundamentals/ROS2/ros2_utilities_ws/install/micro_ros_msgs/share/micro_ros_msgs/environment/ament_prefix_path.sh
[9.615s] -- Installing: /home/fsp/TE3001-Robotics_Fundamentals/ROS2/ros2_utilities_ws/install/micro_ros_msgs/share/micro_ros_msgs/environment/ament_prefix_path.dsv
[9.616s] -- Installing: /home/fsp/TE3001-Robotics_Fundamentals/ROS2/ros2_utilities_ws/install/micro_ros_msgs/share/micro_ros_msgs/environment/path.sh
[9.616s] -- Installing: /home/fsp/TE3001-Robotics_Fundamentals/ROS2/ros2_utilities_ws/install/micro_ros_msgs/share/micro_ros_msgs/environment/path.dsv
[9.616s] -- Installing: /home/fsp/TE3001-Robotics_Fundamentals/ROS2/ros2_utilities_ws/install/micro_ros_msgs/share/micro_ros_msgs/local_setup.bash
[9.616s] -- Installing: /home/fsp/TE3001-Robotics_Fundamentals/ROS2/ros2_utilities_ws/install/micro_ros_msgs/share/micro_ros_msgs/local_setup.sh
[9.617s] -- Installing: /home/fsp/TE3001-Robotics_Fundamentals/ROS2/ros2_utilities_ws/install/micro_ros_msgs/share/micro_ros_msgs/local_setup.zsh
[9.617s] -- Installing: /home/fsp/TE3001-Robotics_Fundamentals/ROS2/ros2_utilities_ws/install/micro_ros_msgs/share/micro_ros_msgs/local_setup.dsv
[9.617s] -- Installing: /home/fsp/TE3001-Robotics_Fundamentals/ROS2/ros2_utilities_ws/install/micro_ros_msgs/share/micro_ros_msgs/package.dsv
[9.618s] -- Installing: /home/fsp/TE3001-Robotics_Fundamentals/ROS2/ros2_utilities_ws/install/micro_ros_msgs/share/ament_index/resource_index/packages/micro_ros_msgs
[9.618s] -- Installing: /home/fsp/TE3001-Robotics_Fundamentals/ROS2/ros2_utilities_ws/install/micro_ros_msgs/share/micro_ros_msgs/cmake/export_micro_ros_msgs__rosidl_generator_cExport.cmake
[9.618s] -- Installing: /home/fsp/TE3001-Robotics_Fundamentals/ROS2/ros2_utilities_ws/install/micro_ros_msgs/share/micro_ros_msgs/cmake/export_micro_ros_msgs__rosidl_generator_cExport-noconfig.cmake
[9.618s] -- Installing: /home/fsp/TE3001-Robotics_Fundamentals/ROS2/ros2_utilities_ws/install/micro_ros_msgs/share/micro_ros_msgs/cmake/export_micro_ros_msgs__rosidl_typesupport_fastrtps_cExport.cmake
[9.619s] -- Installing: /home/fsp/TE3001-Robotics_Fundamentals/ROS2/ros2_utilities_ws/install/micro_ros_msgs/share/micro_ros_msgs/cmake/export_micro_ros_msgs__rosidl_typesupport_fastrtps_cExport-noconfig.cmake
[9.619s] -- Installing: /home/fsp/TE3001-Robotics_Fundamentals/ROS2/ros2_utilities_ws/install/micro_ros_msgs/share/micro_ros_msgs/cmake/micro_ros_msgs__rosidl_typesupport_introspection_cExport.cmake
[9.619s] -- Installing: /home/fsp/TE3001-Robotics_Fundamentals/ROS2/ros2_utilities_ws/install/micro_ros_msgs/share/micro_ros_msgs/cmake/micro_ros_msgs__rosidl_typesupport_introspection_cExport-noconfig.cmake
[9.620s] -- Installing: /home/fsp/TE3001-Robotics_Fundamentals/ROS2/ros2_utilities_ws/install/micro_ros_msgs/share/micro_ros_msgs/cmake/micro_ros_msgs__rosidl_typesupport_cExport.cmake
[9.620s] -- Installing: /home/fsp/TE3001-Robotics_Fundamentals/ROS2/ros2_utilities_ws/install/micro_ros_msgs/share/micro_ros_msgs/cmake/micro_ros_msgs__rosidl_typesupport_cExport-noconfig.cmake
[9.620s] -- Installing: /home/fsp/TE3001-Robotics_Fundamentals/ROS2/ros2_utilities_ws/install/micro_ros_msgs/share/micro_ros_msgs/cmake/export_micro_ros_msgs__rosidl_generator_cppExport.cmake
[9.620s] -- Installing: /home/fsp/TE3001-Robotics_Fundamentals/ROS2/ros2_utilities_ws/install/micro_ros_msgs/share/micro_ros_msgs/cmake/export_micro_ros_msgs__rosidl_typesupport_fastrtps_cppExport.cmake
[9.621s] -- Installing: /home/fsp/TE3001-Robotics_Fundamentals/ROS2/ros2_utilities_ws/install/micro_ros_msgs/share/micro_ros_msgs/cmake/export_micro_ros_msgs__rosidl_typesupport_fastrtps_cppExport-noconfig.cmake
[9.621s] -- Installing: /home/fsp/TE3001-Robotics_Fundamentals/ROS2/ros2_utilities_ws/install/micro_ros_msgs/share/micro_ros_msgs/cmake/micro_ros_msgs__rosidl_typesupport_introspection_cppExport.cmake
[9.622s] -- Installing: /home/fsp/TE3001-Robotics_Fundamentals/ROS2/ros2_utilities_ws/install/micro_ros_msgs/share/micro_ros_msgs/cmake/micro_ros_msgs__rosidl_typesupport_introspection_cppExport-noconfig.cmake
[9.622s] -- Installing: /home/fsp/TE3001-Robotics_Fundamentals/ROS2/ros2_utilities_ws/install/micro_ros_msgs/share/micro_ros_msgs/cmake/micro_ros_msgs__rosidl_typesupport_cppExport.cmake
[9.622s] -- Installing: /home/fsp/TE3001-Robotics_Fundamentals/ROS2/ros2_utilities_ws/install/micro_ros_msgs/share/micro_ros_msgs/cmake/micro_ros_msgs__rosidl_typesupport_cppExport-noconfig.cmake
[9.623s] -- Installing: /home/fsp/TE3001-Robotics_Fundamentals/ROS2/ros2_utilities_ws/install/micro_ros_msgs/share/micro_ros_msgs/cmake/export_micro_ros_msgs__rosidl_generator_pyExport.cmake
[9.623s] -- Installing: /home/fsp/TE3001-Robotics_Fundamentals/ROS2/ros2_utilities_ws/install/micro_ros_msgs/share/micro_ros_msgs/cmake/export_micro_ros_msgs__rosidl_generator_pyExport-noconfig.cmake
[9.623s] -- Installing: /home/fsp/TE3001-Robotics_Fundamentals/ROS2/ros2_utilities_ws/install/micro_ros_msgs/share/micro_ros_msgs/cmake/rosidl_cmake-extras.cmake
[9.624s] -- Installing: /home/fsp/TE3001-Robotics_Fundamentals/ROS2/ros2_utilities_ws/install/micro_ros_msgs/share/micro_ros_msgs/cmake/ament_cmake_export_include_directories-extras.cmake
[9.624s] -- Installing: /home/fsp/TE3001-Robotics_Fundamentals/ROS2/ros2_utilities_ws/install/micro_ros_msgs/share/micro_ros_msgs/cmake/ament_cmake_export_libraries-extras.cmake
[9.624s] -- Installing: /home/fsp/TE3001-Robotics_Fundamentals/ROS2/ros2_utilities_ws/install/micro_ros_msgs/share/micro_ros_msgs/cmake/ament_cmake_export_targets-extras.cmake
[9.624s] -- Installing: /home/fsp/TE3001-Robotics_Fundamentals/ROS2/ros2_utilities_ws/install/micro_ros_msgs/share/micro_ros_msgs/cmake/rosidl_cmake_export_typesupport_targets-extras.cmake
[9.625s] -- Installing: /home/fsp/TE3001-Robotics_Fundamentals/ROS2/ros2_utilities_ws/install/micro_ros_msgs/share/micro_ros_msgs/cmake/ament_cmake_export_dependencies-extras.cmake
[9.625s] -- Installing: /home/fsp/TE3001-Robotics_Fundamentals/ROS2/ros2_utilities_ws/install/micro_ros_msgs/share/micro_ros_msgs/cmake/rosidl_cmake_export_typesupport_libraries-extras.cmake
[9.625s] -- Installing: /home/fsp/TE3001-Robotics_Fundamentals/ROS2/ros2_utilities_ws/install/micro_ros_msgs/share/micro_ros_msgs/cmake/micro_ros_msgsConfig.cmake
[9.625s] -- Installing: /home/fsp/TE3001-Robotics_Fundamentals/ROS2/ros2_utilities_ws/install/micro_ros_msgs/share/micro_ros_msgs/cmake/micro_ros_msgsConfig-version.cmake
[9.625s] -- Installing: /home/fsp/TE3001-Robotics_Fundamentals/ROS2/ros2_utilities_ws/install/micro_ros_msgs/share/micro_ros_msgs/package.xml
[9.629s] Invoked command in '/home/fsp/TE3001-Robotics_Fundamentals/ROS2/ros2_utilities_ws/build/micro_ros_msgs' returned '0': CMAKE_PREFIX_PATH=${CMAKE_PREFIX_PATH}:/opt/ros/humble /usr/bin/cmake --install /home/fsp/TE3001-Robotics_Fundamentals/ROS2/ros2_utilities_ws/build/micro_ros_msgs
