running egg_info
writing ../../build/courseworks/courseworks.egg-info/PKG-INFO
writing dependency_links to ../../build/courseworks/courseworks.egg-info/dependency_links.txt
writing entry points to ../../build/courseworks/courseworks.egg-info/entry_points.txt
writing requirements to ../../build/courseworks/courseworks.egg-info/requires.txt
writing top-level names to ../../build/courseworks/courseworks.egg-info/top_level.txt
reading manifest file '../../build/courseworks/courseworks.egg-info/SOURCES.txt'
/usr/lib/python3/dist-packages/setuptools/command/install.py:34: SetuptoolsDeprecationWarning: setup.py install is deprecated. Use build and pip and other standards-based tools.
  warnings.warn(
writing manifest file '../../build/courseworks/courseworks.egg-info/SOURCES.txt'
running build
running build_py
copying courseworks/signal_generator.py -> /home/fsp/puzzle_bot/Week1_ws/build/courseworks/build/lib/courseworks
running install
running install_lib
copying /home/fsp/puzzle_bot/Week1_ws/build/courseworks/build/lib/courseworks/signal_generator.py -> /home/fsp/puzzle_bot/Week1_ws/install/courseworks/lib/python3.10/site-packages/courseworks
byte-compiling /home/fsp/puzzle_bot/Week1_ws/install/courseworks/lib/python3.10/site-packages/courseworks/signal_generator.py to signal_generator.cpython-310.pyc
running install_data
running install_egg_info
removing '/home/fsp/puzzle_bot/Week1_ws/install/courseworks/lib/python3.10/site-packages/courseworks-0.0.0-py3.10.egg-info' (and everything under it)
Copying ../../build/courseworks/courseworks.egg-info to /home/fsp/puzzle_bot/Week1_ws/install/courseworks/lib/python3.10/site-packages/courseworks-0.0.0-py3.10.egg-info
running install_scripts
Installing signal_generator script to /home/fsp/puzzle_bot/Week1_ws/install/courseworks/lib/courseworks
writing list of installed files to '/home/fsp/puzzle_bot/Week1_ws/build/courseworks/install.log'
