[1.488s] DEBUG:colcon:Command line arguments: ['/usr/bin/colcon', 'build', '--packages-up-to', 'micro_ros_agent', '--cmake-args', '-DUAGENT_BUILD_EXECUTABLE=OFF', '-DUAGENT_P2P_PROFILE=OFF', '--no-warn-unused-cli']
[1.488s] DEBUG:colcon:Parsed command line arguments: Namespace(log_base=None, log_level=None, verb_name='build', build_base='build', install_base='install', merge_install=False, symlink_install=False, test_result_base=None, continue_on_error=False, executor='parallel', parallel_workers=4, event_handlers=None, ignore_user_meta=False, metas=['./colcon.meta'], base_paths=['.'], packages_ignore=None, packages_ignore_regex=None, paths=None, packages_up_to=['micro_ros_agent'], packages_up_to_regex=None, packages_above=None, packages_above_and_dependencies=None, packages_above_depth=None, packages_select_by_dep=None, packages_skip_by_dep=None, packages_skip_up_to=None, packages_select_build_failed=False, packages_skip_build_finished=False, packages_select_test_failures=False, packages_skip_test_passed=False, packages_select=None, packages_skip=None, packages_select_regex=None, packages_skip_regex=None, packages_start=None, packages_end=None, allow_overriding=[], cmake_args=['-DUAGENT_BUILD_EXECUTABLE=OFF', '-DUAGENT_P2P_PROFILE=OFF', '--no-warn-unused-cli'], cmake_target=None, cmake_target_skip_unavailable=False, cmake_clean_cache=False, cmake_clean_first=False, cmake_force_configure=False, ament_cmake_args=None, catkin_cmake_args=None, catkin_skip_building_tests=False, verb_parser=<colcon_defaults.argument_parser.defaults.DefaultArgumentsDecorator object at 0x7f71cdb7ed40>, verb_extension=<colcon_core.verb.build.BuildVerb object at 0x7f71cde51db0>, main=<bound method BuildVerb.main of <colcon_core.verb.build.BuildVerb object at 0x7f71cde51db0>>)
[1.557s] Level 1:colcon.colcon_core.package_discovery:discover_packages(colcon_meta) check parameters
[1.557s] Level 1:colcon.colcon_core.package_discovery:discover_packages(recursive) check parameters
[1.557s] Level 1:colcon.colcon_core.package_discovery:discover_packages(ignore) check parameters
[1.557s] Level 1:colcon.colcon_core.package_discovery:discover_packages(path) check parameters
[1.557s] Level 1:colcon.colcon_core.package_discovery:discover_packages(colcon_meta) discover
[1.557s] Level 1:colcon.colcon_core.package_discovery:discover_packages(recursive) discover
[1.557s] INFO:colcon.colcon_core.package_discovery:Crawling recursively for packages in '/home/fsp/TE3001-Robotics_Fundamentals/ROS2/ros2_utilities_ws'
[1.557s] Level 1:colcon.colcon_core.package_identification:_identify(.) by extensions ['ignore', 'ignore_ament_install']
[1.557s] Level 1:colcon.colcon_core.package_identification:_identify(.) by extension 'ignore'
[1.558s] Level 1:colcon.colcon_core.package_identification:_identify(.) by extension 'ignore_ament_install'
[1.558s] Level 1:colcon.colcon_core.package_identification:_identify(.) by extensions ['colcon_pkg']
[1.558s] Level 1:colcon.colcon_core.package_identification:_identify(.) by extension 'colcon_pkg'
[1.558s] Level 1:colcon.colcon_core.package_identification:_identify(.) by extensions ['colcon_meta']
[1.558s] Level 1:colcon.colcon_core.package_identification:_identify(.) by extension 'colcon_meta'
[1.558s] Level 1:colcon.colcon_core.package_identification:_identify(.) by extensions ['ros']
[1.558s] Level 1:colcon.colcon_core.package_identification:_identify(.) by extension 'ros'
[1.574s] Level 1:colcon.colcon_core.package_identification:_identify(.) by extensions ['cmake', 'python']
[1.574s] Level 1:colcon.colcon_core.package_identification:_identify(.) by extension 'cmake'
[1.574s] Level 1:colcon.colcon_core.package_identification:_identify(.) by extension 'python'
[1.574s] Level 1:colcon.colcon_core.package_identification:_identify(.) by extensions ['python_setup_py']
[1.574s] Level 1:colcon.colcon_core.package_identification:_identify(.) by extension 'python_setup_py'
[1.575s] Level 1:colcon.colcon_core.package_identification:_identify(build) by extensions ['ignore', 'ignore_ament_install']
[1.575s] Level 1:colcon.colcon_core.package_identification:_identify(build) by extension 'ignore'
[1.575s] Level 1:colcon.colcon_core.package_identification:_identify(build) ignored
[1.575s] Level 1:colcon.colcon_core.package_identification:_identify(install) by extensions ['ignore', 'ignore_ament_install']
[1.575s] Level 1:colcon.colcon_core.package_identification:_identify(install) by extension 'ignore'
[1.575s] Level 1:colcon.colcon_core.package_identification:_identify(install) ignored
[1.575s] Level 1:colcon.colcon_core.package_identification:_identify(log) by extensions ['ignore', 'ignore_ament_install']
[1.575s] Level 1:colcon.colcon_core.package_identification:_identify(log) by extension 'ignore'
[1.576s] Level 1:colcon.colcon_core.package_identification:_identify(log) ignored
[1.576s] Level 1:colcon.colcon_core.package_identification:_identify(src) by extensions ['ignore', 'ignore_ament_install']
[1.576s] Level 1:colcon.colcon_core.package_identification:_identify(src) by extension 'ignore'
[1.576s] Level 1:colcon.colcon_core.package_identification:_identify(src) by extension 'ignore_ament_install'
[1.576s] Level 1:colcon.colcon_core.package_identification:_identify(src) by extensions ['colcon_pkg']
[1.576s] Level 1:colcon.colcon_core.package_identification:_identify(src) by extension 'colcon_pkg'
[1.576s] Level 1:colcon.colcon_core.package_identification:_identify(src) by extensions ['colcon_meta']
[1.576s] Level 1:colcon.colcon_core.package_identification:_identify(src) by extension 'colcon_meta'
[1.576s] Level 1:colcon.colcon_core.package_identification:_identify(src) by extensions ['ros']
[1.576s] Level 1:colcon.colcon_core.package_identification:_identify(src) by extension 'ros'
[1.576s] Level 1:colcon.colcon_core.package_identification:_identify(src) by extensions ['cmake', 'python']
[1.576s] Level 1:colcon.colcon_core.package_identification:_identify(src) by extension 'cmake'
[1.576s] Level 1:colcon.colcon_core.package_identification:_identify(src) by extension 'python'
[1.576s] Level 1:colcon.colcon_core.package_identification:_identify(src) by extensions ['python_setup_py']
[1.577s] Level 1:colcon.colcon_core.package_identification:_identify(src) by extension 'python_setup_py'
[1.577s] Level 1:colcon.colcon_core.package_identification:_identify(src/micro_ros_setup) by extensions ['ignore', 'ignore_ament_install']
[1.577s] Level 1:colcon.colcon_core.package_identification:_identify(src/micro_ros_setup) by extension 'ignore'
[1.577s] Level 1:colcon.colcon_core.package_identification:_identify(src/micro_ros_setup) by extension 'ignore_ament_install'
[1.577s] Level 1:colcon.colcon_core.package_identification:_identify(src/micro_ros_setup) by extensions ['colcon_pkg']
[1.577s] Level 1:colcon.colcon_core.package_identification:_identify(src/micro_ros_setup) by extension 'colcon_pkg'
[1.577s] Level 1:colcon.colcon_core.package_identification:_identify(src/micro_ros_setup) by extensions ['colcon_meta']
[1.577s] Level 1:colcon.colcon_core.package_identification:_identify(src/micro_ros_setup) by extension 'colcon_meta'
[1.577s] Level 1:colcon.colcon_core.package_identification:_identify(src/micro_ros_setup) by extensions ['ros']
[1.577s] Level 1:colcon.colcon_core.package_identification:_identify(src/micro_ros_setup) by extension 'ros'
[1.581s] DEBUG:colcon.colcon_core.package_identification:Package 'src/micro_ros_setup' with type 'ros.ament_cmake' and name 'micro_ros_setup'
[1.581s] Level 1:colcon.colcon_core.package_identification:_identify(src/uros) by extensions ['ignore', 'ignore_ament_install']
[1.581s] Level 1:colcon.colcon_core.package_identification:_identify(src/uros) by extension 'ignore'
[1.581s] Level 1:colcon.colcon_core.package_identification:_identify(src/uros) by extension 'ignore_ament_install'
[1.581s] Level 1:colcon.colcon_core.package_identification:_identify(src/uros) by extensions ['colcon_pkg']
[1.581s] Level 1:colcon.colcon_core.package_identification:_identify(src/uros) by extension 'colcon_pkg'
[1.581s] Level 1:colcon.colcon_core.package_identification:_identify(src/uros) by extensions ['colcon_meta']
[1.581s] Level 1:colcon.colcon_core.package_identification:_identify(src/uros) by extension 'colcon_meta'
[1.581s] Level 1:colcon.colcon_core.package_identification:_identify(src/uros) by extensions ['ros']
[1.581s] Level 1:colcon.colcon_core.package_identification:_identify(src/uros) by extension 'ros'
[1.582s] Level 1:colcon.colcon_core.package_identification:_identify(src/uros) by extensions ['cmake', 'python']
[1.582s] Level 1:colcon.colcon_core.package_identification:_identify(src/uros) by extension 'cmake'
[1.582s] Level 1:colcon.colcon_core.package_identification:_identify(src/uros) by extension 'python'
[1.582s] Level 1:colcon.colcon_core.package_identification:_identify(src/uros) by extensions ['python_setup_py']
[1.582s] Level 1:colcon.colcon_core.package_identification:_identify(src/uros) by extension 'python_setup_py'
[1.582s] Level 1:colcon.colcon_core.package_identification:_identify(src/uros/micro-ROS-Agent) by extensions ['ignore', 'ignore_ament_install']
[1.582s] Level 1:colcon.colcon_core.package_identification:_identify(src/uros/micro-ROS-Agent) by extension 'ignore'
[1.582s] Level 1:colcon.colcon_core.package_identification:_identify(src/uros/micro-ROS-Agent) by extension 'ignore_ament_install'
[1.582s] Level 1:colcon.colcon_core.package_identification:_identify(src/uros/micro-ROS-Agent) by extensions ['colcon_pkg']
[1.582s] Level 1:colcon.colcon_core.package_identification:_identify(src/uros/micro-ROS-Agent) by extension 'colcon_pkg'
[1.582s] Level 1:colcon.colcon_core.package_identification:_identify(src/uros/micro-ROS-Agent) by extensions ['colcon_meta']
[1.582s] Level 1:colcon.colcon_core.package_identification:_identify(src/uros/micro-ROS-Agent) by extension 'colcon_meta'
[1.582s] Level 1:colcon.colcon_core.package_identification:_identify(src/uros/micro-ROS-Agent) by extensions ['ros']
[1.583s] Level 1:colcon.colcon_core.package_identification:_identify(src/uros/micro-ROS-Agent) by extension 'ros'
[1.583s] Level 1:colcon.colcon_core.package_identification:_identify(src/uros/micro-ROS-Agent) by extensions ['cmake', 'python']
[1.583s] Level 1:colcon.colcon_core.package_identification:_identify(src/uros/micro-ROS-Agent) by extension 'cmake'
[1.583s] Level 1:colcon.colcon_core.package_identification:_identify(src/uros/micro-ROS-Agent) by extension 'python'
[1.583s] Level 1:colcon.colcon_core.package_identification:_identify(src/uros/micro-ROS-Agent) by extensions ['python_setup_py']
[1.583s] Level 1:colcon.colcon_core.package_identification:_identify(src/uros/micro-ROS-Agent) by extension 'python_setup_py'
[1.583s] Level 1:colcon.colcon_core.package_identification:_identify(src/uros/micro-ROS-Agent/micro_ros_agent) by extensions ['ignore', 'ignore_ament_install']
[1.583s] Level 1:colcon.colcon_core.package_identification:_identify(src/uros/micro-ROS-Agent/micro_ros_agent) by extension 'ignore'
[1.584s] Level 1:colcon.colcon_core.package_identification:_identify(src/uros/micro-ROS-Agent/micro_ros_agent) by extension 'ignore_ament_install'
[1.584s] Level 1:colcon.colcon_core.package_identification:_identify(src/uros/micro-ROS-Agent/micro_ros_agent) by extensions ['colcon_pkg']
[1.584s] Level 1:colcon.colcon_core.package_identification:_identify(src/uros/micro-ROS-Agent/micro_ros_agent) by extension 'colcon_pkg'
[1.584s] Level 1:colcon.colcon_core.package_identification:_identify(src/uros/micro-ROS-Agent/micro_ros_agent) by extensions ['colcon_meta']
[1.584s] Level 1:colcon.colcon_core.package_identification:_identify(src/uros/micro-ROS-Agent/micro_ros_agent) by extension 'colcon_meta'
[1.584s] Level 1:colcon.colcon_core.package_identification:_identify(src/uros/micro-ROS-Agent/micro_ros_agent) by extensions ['ros']
[1.584s] Level 1:colcon.colcon_core.package_identification:_identify(src/uros/micro-ROS-Agent/micro_ros_agent) by extension 'ros'
[1.585s] DEBUG:colcon.colcon_core.package_identification:Package 'src/uros/micro-ROS-Agent/micro_ros_agent' with type 'ros.ament_cmake' and name 'micro_ros_agent'
[1.585s] Level 1:colcon.colcon_core.package_identification:_identify(src/uros/micro-ROS-Agent/snap) by extensions ['ignore', 'ignore_ament_install']
[1.586s] Level 1:colcon.colcon_core.package_identification:_identify(src/uros/micro-ROS-Agent/snap) by extension 'ignore'
[1.586s] Level 1:colcon.colcon_core.package_identification:_identify(src/uros/micro-ROS-Agent/snap) by extension 'ignore_ament_install'
[1.586s] Level 1:colcon.colcon_core.package_identification:_identify(src/uros/micro-ROS-Agent/snap) by extensions ['colcon_pkg']
[1.586s] Level 1:colcon.colcon_core.package_identification:_identify(src/uros/micro-ROS-Agent/snap) by extension 'colcon_pkg'
[1.586s] Level 1:colcon.colcon_core.package_identification:_identify(src/uros/micro-ROS-Agent/snap) by extensions ['colcon_meta']
[1.586s] Level 1:colcon.colcon_core.package_identification:_identify(src/uros/micro-ROS-Agent/snap) by extension 'colcon_meta'
[1.586s] Level 1:colcon.colcon_core.package_identification:_identify(src/uros/micro-ROS-Agent/snap) by extensions ['ros']
[1.586s] Level 1:colcon.colcon_core.package_identification:_identify(src/uros/micro-ROS-Agent/snap) by extension 'ros'
[1.586s] Level 1:colcon.colcon_core.package_identification:_identify(src/uros/micro-ROS-Agent/snap) by extensions ['cmake', 'python']
[1.586s] Level 1:colcon.colcon_core.package_identification:_identify(src/uros/micro-ROS-Agent/snap) by extension 'cmake'
[1.586s] Level 1:colcon.colcon_core.package_identification:_identify(src/uros/micro-ROS-Agent/snap) by extension 'python'
[1.586s] Level 1:colcon.colcon_core.package_identification:_identify(src/uros/micro-ROS-Agent/snap) by extensions ['python_setup_py']
[1.586s] Level 1:colcon.colcon_core.package_identification:_identify(src/uros/micro-ROS-Agent/snap) by extension 'python_setup_py'
[1.587s] Level 1:colcon.colcon_core.package_identification:_identify(src/uros/micro-ROS-Agent/snap/hooks) by extensions ['ignore', 'ignore_ament_install']
[1.587s] Level 1:colcon.colcon_core.package_identification:_identify(src/uros/micro-ROS-Agent/snap/hooks) by extension 'ignore'
[1.587s] Level 1:colcon.colcon_core.package_identification:_identify(src/uros/micro-ROS-Agent/snap/hooks) by extension 'ignore_ament_install'
[1.587s] Level 1:colcon.colcon_core.package_identification:_identify(src/uros/micro-ROS-Agent/snap/hooks) by extensions ['colcon_pkg']
[1.587s] Level 1:colcon.colcon_core.package_identification:_identify(src/uros/micro-ROS-Agent/snap/hooks) by extension 'colcon_pkg'
[1.587s] Level 1:colcon.colcon_core.package_identification:_identify(src/uros/micro-ROS-Agent/snap/hooks) by extensions ['colcon_meta']
[1.587s] Level 1:colcon.colcon_core.package_identification:_identify(src/uros/micro-ROS-Agent/snap/hooks) by extension 'colcon_meta'
[1.587s] Level 1:colcon.colcon_core.package_identification:_identify(src/uros/micro-ROS-Agent/snap/hooks) by extensions ['ros']
[1.587s] Level 1:colcon.colcon_core.package_identification:_identify(src/uros/micro-ROS-Agent/snap/hooks) by extension 'ros'
[1.587s] Level 1:colcon.colcon_core.package_identification:_identify(src/uros/micro-ROS-Agent/snap/hooks) by extensions ['cmake', 'python']
[1.587s] Level 1:colcon.colcon_core.package_identification:_identify(src/uros/micro-ROS-Agent/snap/hooks) by extension 'cmake'
[1.587s] Level 1:colcon.colcon_core.package_identification:_identify(src/uros/micro-ROS-Agent/snap/hooks) by extension 'python'
[1.587s] Level 1:colcon.colcon_core.package_identification:_identify(src/uros/micro-ROS-Agent/snap/hooks) by extensions ['python_setup_py']
[1.587s] Level 1:colcon.colcon_core.package_identification:_identify(src/uros/micro-ROS-Agent/snap/hooks) by extension 'python_setup_py'
[1.588s] Level 1:colcon.colcon_core.package_identification:_identify(src/uros/micro-ROS-Agent/snap/local) by extensions ['ignore', 'ignore_ament_install']
[1.588s] Level 1:colcon.colcon_core.package_identification:_identify(src/uros/micro-ROS-Agent/snap/local) by extension 'ignore'
[1.588s] Level 1:colcon.colcon_core.package_identification:_identify(src/uros/micro-ROS-Agent/snap/local) by extension 'ignore_ament_install'
[1.588s] Level 1:colcon.colcon_core.package_identification:_identify(src/uros/micro-ROS-Agent/snap/local) by extensions ['colcon_pkg']
[1.588s] Level 1:colcon.colcon_core.package_identification:_identify(src/uros/micro-ROS-Agent/snap/local) by extension 'colcon_pkg'
[1.588s] Level 1:colcon.colcon_core.package_identification:_identify(src/uros/micro-ROS-Agent/snap/local) by extensions ['colcon_meta']
[1.588s] Level 1:colcon.colcon_core.package_identification:_identify(src/uros/micro-ROS-Agent/snap/local) by extension 'colcon_meta'
[1.588s] Level 1:colcon.colcon_core.package_identification:_identify(src/uros/micro-ROS-Agent/snap/local) by extensions ['ros']
[1.588s] Level 1:colcon.colcon_core.package_identification:_identify(src/uros/micro-ROS-Agent/snap/local) by extension 'ros'
[1.588s] Level 1:colcon.colcon_core.package_identification:_identify(src/uros/micro-ROS-Agent/snap/local) by extensions ['cmake', 'python']
[1.588s] Level 1:colcon.colcon_core.package_identification:_identify(src/uros/micro-ROS-Agent/snap/local) by extension 'cmake'
[1.588s] Level 1:colcon.colcon_core.package_identification:_identify(src/uros/micro-ROS-Agent/snap/local) by extension 'python'
[1.588s] Level 1:colcon.colcon_core.package_identification:_identify(src/uros/micro-ROS-Agent/snap/local) by extensions ['python_setup_py']
[1.589s] Level 1:colcon.colcon_core.package_identification:_identify(src/uros/micro-ROS-Agent/snap/local) by extension 'python_setup_py'
[1.589s] Level 1:colcon.colcon_core.package_identification:_identify(src/uros/micro_ros_msgs) by extensions ['ignore', 'ignore_ament_install']
[1.589s] Level 1:colcon.colcon_core.package_identification:_identify(src/uros/micro_ros_msgs) by extension 'ignore'
[1.589s] Level 1:colcon.colcon_core.package_identification:_identify(src/uros/micro_ros_msgs) by extension 'ignore_ament_install'
[1.589s] Level 1:colcon.colcon_core.package_identification:_identify(src/uros/micro_ros_msgs) by extensions ['colcon_pkg']
[1.589s] Level 1:colcon.colcon_core.package_identification:_identify(src/uros/micro_ros_msgs) by extension 'colcon_pkg'
[1.589s] Level 1:colcon.colcon_core.package_identification:_identify(src/uros/micro_ros_msgs) by extensions ['colcon_meta']
[1.589s] Level 1:colcon.colcon_core.package_identification:_identify(src/uros/micro_ros_msgs) by extension 'colcon_meta'
[1.589s] Level 1:colcon.colcon_core.package_identification:_identify(src/uros/micro_ros_msgs) by extensions ['ros']
[1.589s] Level 1:colcon.colcon_core.package_identification:_identify(src/uros/micro_ros_msgs) by extension 'ros'
[1.590s] DEBUG:colcon.colcon_core.package_identification:Package 'src/uros/micro_ros_msgs' with type 'ros.ament_cmake' and name 'micro_ros_msgs'
[1.590s] Level 1:colcon.colcon_core.package_discovery:discover_packages(recursive) using defaults
[1.590s] Level 1:colcon.colcon_core.package_discovery:discover_packages(ignore) discover
[1.590s] Level 1:colcon.colcon_core.package_discovery:discover_packages(ignore) using defaults
[1.590s] Level 1:colcon.colcon_core.package_discovery:discover_packages(path) discover
[1.590s] Level 1:colcon.colcon_core.package_discovery:discover_packages(path) using defaults
[1.683s] INFO:colcon.colcon_core.package_selection:Skipping package 'micro_ros_setup' in 'src/micro_ros_setup'
[1.727s] Level 1:colcon.colcon_core.package_discovery:discover_packages(prefix_path) check parameters
[1.727s] Level 1:colcon.colcon_core.package_discovery:discover_packages(prefix_path) discover
[1.772s] DEBUG:colcon.colcon_installed_package_information.package_discovery:Found 1 installed packages in /home/fsp/TE3001-Robotics_Fundamentals/ROS2/ros2_utilities_ws/install
[1.795s] DEBUG:colcon.colcon_installed_package_information.package_discovery:Found 338 installed packages in /opt/ros/humble
[1.797s] Level 1:colcon.colcon_core.package_discovery:discover_packages(prefix_path) using defaults
[1.952s] Level 5:colcon.colcon_core.verb:set package 'micro_ros_msgs' build argument 'cmake_args' from command line to '['-DUAGENT_BUILD_EXECUTABLE=OFF', '-DUAGENT_P2P_PROFILE=OFF', '--no-warn-unused-cli']'
[1.952s] Level 5:colcon.colcon_core.verb:set package 'micro_ros_msgs' build argument 'cmake_target' from command line to 'None'
[1.953s] Level 5:colcon.colcon_core.verb:set package 'micro_ros_msgs' build argument 'cmake_target_skip_unavailable' from command line to 'False'
[1.953s] Level 5:colcon.colcon_core.verb:set package 'micro_ros_msgs' build argument 'cmake_clean_cache' from command line to 'False'
[1.953s] Level 5:colcon.colcon_core.verb:set package 'micro_ros_msgs' build argument 'cmake_clean_first' from command line to 'False'
[1.953s] Level 5:colcon.colcon_core.verb:set package 'micro_ros_msgs' build argument 'cmake_force_configure' from command line to 'False'
[1.953s] Level 5:colcon.colcon_core.verb:set package 'micro_ros_msgs' build argument 'ament_cmake_args' from command line to 'None'
[1.953s] Level 5:colcon.colcon_core.verb:set package 'micro_ros_msgs' build argument 'catkin_cmake_args' from command line to 'None'
[1.953s] Level 5:colcon.colcon_core.verb:set package 'micro_ros_msgs' build argument 'catkin_skip_building_tests' from command line to 'False'
[1.953s] DEBUG:colcon.colcon_core.verb:Building package 'micro_ros_msgs' with the following arguments: {'ament_cmake_args': None, 'build_base': '/home/fsp/TE3001-Robotics_Fundamentals/ROS2/ros2_utilities_ws/build/micro_ros_msgs', 'catkin_cmake_args': None, 'catkin_skip_building_tests': False, 'cmake_args': ['-DUAGENT_BUILD_EXECUTABLE=OFF', '-DUAGENT_P2P_PROFILE=OFF', '--no-warn-unused-cli'], 'cmake_clean_cache': False, 'cmake_clean_first': False, 'cmake_force_configure': False, 'cmake_target': None, 'cmake_target_skip_unavailable': False, 'install_base': '/home/fsp/TE3001-Robotics_Fundamentals/ROS2/ros2_utilities_ws/install/micro_ros_msgs', 'merge_install': False, 'path': '/home/fsp/TE3001-Robotics_Fundamentals/ROS2/ros2_utilities_ws/src/uros/micro_ros_msgs', 'symlink_install': False, 'test_result_base': None}
[1.975s] Level 5:colcon.colcon_core.verb:set package 'micro_ros_agent' build argument 'cmake_args' from command line to '['-DUAGENT_BUILD_EXECUTABLE=OFF', '-DUAGENT_P2P_PROFILE=OFF', '--no-warn-unused-cli']'
[1.975s] Level 5:colcon.colcon_core.verb:set package 'micro_ros_agent' build argument 'cmake_target' from command line to 'None'
[1.975s] Level 5:colcon.colcon_core.verb:set package 'micro_ros_agent' build argument 'cmake_target_skip_unavailable' from command line to 'False'
[1.975s] Level 5:colcon.colcon_core.verb:set package 'micro_ros_agent' build argument 'cmake_clean_cache' from command line to 'False'
[1.975s] Level 5:colcon.colcon_core.verb:set package 'micro_ros_agent' build argument 'cmake_clean_first' from command line to 'False'
[1.975s] Level 5:colcon.colcon_core.verb:set package 'micro_ros_agent' build argument 'cmake_force_configure' from command line to 'False'
[1.975s] Level 5:colcon.colcon_core.verb:set package 'micro_ros_agent' build argument 'ament_cmake_args' from command line to 'None'
[1.975s] Level 5:colcon.colcon_core.verb:set package 'micro_ros_agent' build argument 'catkin_cmake_args' from command line to 'None'
[1.975s] Level 5:colcon.colcon_core.verb:set package 'micro_ros_agent' build argument 'catkin_skip_building_tests' from command line to 'False'
[1.976s] DEBUG:colcon.colcon_core.verb:Building package 'micro_ros_agent' with the following arguments: {'ament_cmake_args': None, 'build_base': '/home/fsp/TE3001-Robotics_Fundamentals/ROS2/ros2_utilities_ws/build/micro_ros_agent', 'catkin_cmake_args': None, 'catkin_skip_building_tests': False, 'cmake_args': ['-DUAGENT_BUILD_EXECUTABLE=OFF', '-DUAGENT_P2P_PROFILE=OFF', '--no-warn-unused-cli'], 'cmake_clean_cache': False, 'cmake_clean_first': False, 'cmake_force_configure': False, 'cmake_target': None, 'cmake_target_skip_unavailable': False, 'install_base': '/home/fsp/TE3001-Robotics_Fundamentals/ROS2/ros2_utilities_ws/install/micro_ros_agent', 'merge_install': False, 'path': '/home/fsp/TE3001-Robotics_Fundamentals/ROS2/ros2_utilities_ws/src/uros/micro-ROS-Agent/micro_ros_agent', 'symlink_install': False, 'test_result_base': None}
[1.998s] INFO:colcon.colcon_core.executor:Executing jobs using 'parallel' executor
[2.023s] DEBUG:colcon.colcon_parallel_executor.executor.parallel:run_until_complete
[2.023s] INFO:colcon.colcon_ros.task.ament_cmake.build:Building ROS package in '/home/fsp/TE3001-Robotics_Fundamentals/ROS2/ros2_utilities_ws/src/uros/micro_ros_msgs' with build type 'ament_cmake'
[2.024s] INFO:colcon.colcon_cmake.task.cmake.build:Building CMake package in '/home/fsp/TE3001-Robotics_Fundamentals/ROS2/ros2_utilities_ws/src/uros/micro_ros_msgs'
[2.054s] INFO:colcon.colcon_core.plugin_system:Skipping extension 'colcon_core.shell.bat': Not used on non-Windows systems
[2.055s] INFO:colcon.colcon_core.shell:Skip shell extension 'powershell' for command environment: Not usable outside of PowerShell
[2.055s] DEBUG:colcon.colcon_core.shell:Skip shell extension 'dsv' for command environment
[2.131s] DEBUG:colcon.colcon_core.event_handler.log_command:Invoking command in '/home/fsp/TE3001-Robotics_Fundamentals/ROS2/ros2_utilities_ws/build/micro_ros_msgs': CMAKE_PREFIX_PATH=${CMAKE_PREFIX_PATH}:/opt/ros/humble /usr/bin/cmake /home/fsp/TE3001-Robotics_Fundamentals/ROS2/ros2_utilities_ws/src/uros/micro_ros_msgs -DUAGENT_BUILD_EXECUTABLE=OFF -DUAGENT_P2P_PROFILE=OFF --no-warn-unused-cli -DCMAKE_INSTALL_PREFIX=/home/fsp/TE3001-Robotics_Fundamentals/ROS2/ros2_utilities_ws/install/micro_ros_msgs
[4.146s] DEBUG:colcon.colcon_core.event_handler.log_command:Invoked command in '/home/fsp/TE3001-Robotics_Fundamentals/ROS2/ros2_utilities_ws/build/micro_ros_msgs' returned '0': CMAKE_PREFIX_PATH=${CMAKE_PREFIX_PATH}:/opt/ros/humble /usr/bin/cmake /home/fsp/TE3001-Robotics_Fundamentals/ROS2/ros2_utilities_ws/src/uros/micro_ros_msgs -DUAGENT_BUILD_EXECUTABLE=OFF -DUAGENT_P2P_PROFILE=OFF --no-warn-unused-cli -DCMAKE_INSTALL_PREFIX=/home/fsp/TE3001-Robotics_Fundamentals/ROS2/ros2_utilities_ws/install/micro_ros_msgs
[4.148s] DEBUG:colcon.colcon_core.event_handler.log_command:Invoking command in '/home/fsp/TE3001-Robotics_Fundamentals/ROS2/ros2_utilities_ws/build/micro_ros_msgs': CMAKE_PREFIX_PATH=${CMAKE_PREFIX_PATH}:/opt/ros/humble /usr/bin/cmake --build /home/fsp/TE3001-Robotics_Fundamentals/ROS2/ros2_utilities_ws/build/micro_ros_msgs -- -j4 -l4
[11.403s] DEBUG:colcon.colcon_core.event_handler.log_command:Invoked command in '/home/fsp/TE3001-Robotics_Fundamentals/ROS2/ros2_utilities_ws/build/micro_ros_msgs' returned '0': CMAKE_PREFIX_PATH=${CMAKE_PREFIX_PATH}:/opt/ros/humble /usr/bin/cmake --build /home/fsp/TE3001-Robotics_Fundamentals/ROS2/ros2_utilities_ws/build/micro_ros_msgs -- -j4 -l4
[11.540s] DEBUG:colcon.colcon_core.event_handler.log_command:Invoking command in '/home/fsp/TE3001-Robotics_Fundamentals/ROS2/ros2_utilities_ws/build/micro_ros_msgs': CMAKE_PREFIX_PATH=${CMAKE_PREFIX_PATH}:/opt/ros/humble /usr/bin/cmake --install /home/fsp/TE3001-Robotics_Fundamentals/ROS2/ros2_utilities_ws/build/micro_ros_msgs
[11.652s] Level 1:colcon.colcon_core.environment:create_environment_scripts_only(micro_ros_msgs)
[11.653s] DEBUG:colcon.colcon_core.event_handler.log_command:Invoked command in '/home/fsp/TE3001-Robotics_Fundamentals/ROS2/ros2_utilities_ws/build/micro_ros_msgs' returned '0': CMAKE_PREFIX_PATH=${CMAKE_PREFIX_PATH}:/opt/ros/humble /usr/bin/cmake --install /home/fsp/TE3001-Robotics_Fundamentals/ROS2/ros2_utilities_ws/build/micro_ros_msgs
[11.694s] Level 1:colcon.colcon_core.environment:checking '/home/fsp/TE3001-Robotics_Fundamentals/ROS2/ros2_utilities_ws/install/micro_ros_msgs' for CMake module files
[11.695s] Level 1:colcon.colcon_core.environment:checking '/home/fsp/TE3001-Robotics_Fundamentals/ROS2/ros2_utilities_ws/install/micro_ros_msgs' for CMake config files
[11.696s] Level 1:colcon.colcon_core.shell:create_environment_hook('micro_ros_msgs', 'cmake_prefix_path')
[11.724s] INFO:colcon.colcon_core.shell:Creating environment hook '/home/fsp/TE3001-Robotics_Fundamentals/ROS2/ros2_utilities_ws/install/micro_ros_msgs/share/micro_ros_msgs/hook/cmake_prefix_path.ps1'
[11.724s] INFO:colcon.colcon_core.shell:Creating environment descriptor '/home/fsp/TE3001-Robotics_Fundamentals/ROS2/ros2_utilities_ws/install/micro_ros_msgs/share/micro_ros_msgs/hook/cmake_prefix_path.dsv'
[11.725s] INFO:colcon.colcon_core.shell:Creating environment hook '/home/fsp/TE3001-Robotics_Fundamentals/ROS2/ros2_utilities_ws/install/micro_ros_msgs/share/micro_ros_msgs/hook/cmake_prefix_path.sh'
[11.726s] Level 1:colcon.colcon_core.environment:checking '/home/fsp/TE3001-Robotics_Fundamentals/ROS2/ros2_utilities_ws/install/micro_ros_msgs/lib'
[11.726s] Level 1:colcon.colcon_core.shell:create_environment_hook('micro_ros_msgs', 'ld_library_path_lib')
[11.751s] INFO:colcon.colcon_core.shell:Creating environment hook '/home/fsp/TE3001-Robotics_Fundamentals/ROS2/ros2_utilities_ws/install/micro_ros_msgs/share/micro_ros_msgs/hook/ld_library_path_lib.ps1'
[11.752s] INFO:colcon.colcon_core.shell:Creating environment descriptor '/home/fsp/TE3001-Robotics_Fundamentals/ROS2/ros2_utilities_ws/install/micro_ros_msgs/share/micro_ros_msgs/hook/ld_library_path_lib.dsv'
[11.752s] INFO:colcon.colcon_core.shell:Creating environment hook '/home/fsp/TE3001-Robotics_Fundamentals/ROS2/ros2_utilities_ws/install/micro_ros_msgs/share/micro_ros_msgs/hook/ld_library_path_lib.sh'
[11.753s] Level 1:colcon.colcon_core.environment:checking '/home/fsp/TE3001-Robotics_Fundamentals/ROS2/ros2_utilities_ws/install/micro_ros_msgs/bin'
[11.753s] Level 1:colcon.colcon_core.environment:checking '/home/fsp/TE3001-Robotics_Fundamentals/ROS2/ros2_utilities_ws/install/micro_ros_msgs/lib/pkgconfig/micro_ros_msgs.pc'
[11.753s] Level 1:colcon.colcon_core.environment:checking '/home/fsp/TE3001-Robotics_Fundamentals/ROS2/ros2_utilities_ws/install/micro_ros_msgs/lib/python3.10/site-packages'
[11.753s] Level 1:colcon.colcon_core.environment:checking '/home/fsp/TE3001-Robotics_Fundamentals/ROS2/ros2_utilities_ws/install/micro_ros_msgs/bin'
[11.782s] INFO:colcon.colcon_core.shell:Creating package script '/home/fsp/TE3001-Robotics_Fundamentals/ROS2/ros2_utilities_ws/install/micro_ros_msgs/share/micro_ros_msgs/package.ps1'
[11.783s] INFO:colcon.colcon_core.shell:Creating package descriptor '/home/fsp/TE3001-Robotics_Fundamentals/ROS2/ros2_utilities_ws/install/micro_ros_msgs/share/micro_ros_msgs/package.dsv'
[11.784s] INFO:colcon.colcon_core.shell:Creating package script '/home/fsp/TE3001-Robotics_Fundamentals/ROS2/ros2_utilities_ws/install/micro_ros_msgs/share/micro_ros_msgs/package.sh'
[11.785s] INFO:colcon.colcon_core.shell:Creating package script '/home/fsp/TE3001-Robotics_Fundamentals/ROS2/ros2_utilities_ws/install/micro_ros_msgs/share/micro_ros_msgs/package.bash'
[11.787s] INFO:colcon.colcon_core.shell:Creating package script '/home/fsp/TE3001-Robotics_Fundamentals/ROS2/ros2_utilities_ws/install/micro_ros_msgs/share/micro_ros_msgs/package.zsh'
[11.788s] Level 1:colcon.colcon_core.environment:create_file_with_runtime_dependencies(/home/fsp/TE3001-Robotics_Fundamentals/ROS2/ros2_utilities_ws/install/micro_ros_msgs/share/colcon-core/packages/micro_ros_msgs)
[11.949s] Level 1:colcon.colcon_core.environment:create_environment_scripts_only(micro_ros_msgs)
[11.976s] Level 1:colcon.colcon_core.environment:checking '/home/fsp/TE3001-Robotics_Fundamentals/ROS2/ros2_utilities_ws/install/micro_ros_msgs' for CMake module files
[11.977s] Level 1:colcon.colcon_core.environment:checking '/home/fsp/TE3001-Robotics_Fundamentals/ROS2/ros2_utilities_ws/install/micro_ros_msgs' for CMake config files
[11.978s] Level 1:colcon.colcon_core.shell:create_environment_hook('micro_ros_msgs', 'cmake_prefix_path')
[12.006s] INFO:colcon.colcon_core.shell:Creating environment hook '/home/fsp/TE3001-Robotics_Fundamentals/ROS2/ros2_utilities_ws/install/micro_ros_msgs/share/micro_ros_msgs/hook/cmake_prefix_path.ps1'
[12.007s] INFO:colcon.colcon_core.shell:Creating environment descriptor '/home/fsp/TE3001-Robotics_Fundamentals/ROS2/ros2_utilities_ws/install/micro_ros_msgs/share/micro_ros_msgs/hook/cmake_prefix_path.dsv'
[12.007s] INFO:colcon.colcon_core.shell:Creating environment hook '/home/fsp/TE3001-Robotics_Fundamentals/ROS2/ros2_utilities_ws/install/micro_ros_msgs/share/micro_ros_msgs/hook/cmake_prefix_path.sh'
[12.008s] Level 1:colcon.colcon_core.environment:checking '/home/fsp/TE3001-Robotics_Fundamentals/ROS2/ros2_utilities_ws/install/micro_ros_msgs/lib'
[12.008s] Level 1:colcon.colcon_core.shell:create_environment_hook('micro_ros_msgs', 'ld_library_path_lib')
[12.033s] INFO:colcon.colcon_core.shell:Creating environment hook '/home/fsp/TE3001-Robotics_Fundamentals/ROS2/ros2_utilities_ws/install/micro_ros_msgs/share/micro_ros_msgs/hook/ld_library_path_lib.ps1'
[12.033s] INFO:colcon.colcon_core.shell:Creating environment descriptor '/home/fsp/TE3001-Robotics_Fundamentals/ROS2/ros2_utilities_ws/install/micro_ros_msgs/share/micro_ros_msgs/hook/ld_library_path_lib.dsv'
[12.034s] INFO:colcon.colcon_core.shell:Creating environment hook '/home/fsp/TE3001-Robotics_Fundamentals/ROS2/ros2_utilities_ws/install/micro_ros_msgs/share/micro_ros_msgs/hook/ld_library_path_lib.sh'
[12.034s] Level 1:colcon.colcon_core.environment:checking '/home/fsp/TE3001-Robotics_Fundamentals/ROS2/ros2_utilities_ws/install/micro_ros_msgs/bin'
[12.034s] Level 1:colcon.colcon_core.environment:checking '/home/fsp/TE3001-Robotics_Fundamentals/ROS2/ros2_utilities_ws/install/micro_ros_msgs/lib/pkgconfig/micro_ros_msgs.pc'
[12.035s] Level 1:colcon.colcon_core.environment:checking '/home/fsp/TE3001-Robotics_Fundamentals/ROS2/ros2_utilities_ws/install/micro_ros_msgs/lib/python3.10/site-packages'
[12.035s] Level 1:colcon.colcon_core.environment:checking '/home/fsp/TE3001-Robotics_Fundamentals/ROS2/ros2_utilities_ws/install/micro_ros_msgs/bin'
[12.058s] INFO:colcon.colcon_core.shell:Creating package script '/home/fsp/TE3001-Robotics_Fundamentals/ROS2/ros2_utilities_ws/install/micro_ros_msgs/share/micro_ros_msgs/package.ps1'
[12.059s] INFO:colcon.colcon_core.shell:Creating package descriptor '/home/fsp/TE3001-Robotics_Fundamentals/ROS2/ros2_utilities_ws/install/micro_ros_msgs/share/micro_ros_msgs/package.dsv'
[12.060s] INFO:colcon.colcon_core.shell:Creating package script '/home/fsp/TE3001-Robotics_Fundamentals/ROS2/ros2_utilities_ws/install/micro_ros_msgs/share/micro_ros_msgs/package.sh'
[12.061s] INFO:colcon.colcon_core.shell:Creating package script '/home/fsp/TE3001-Robotics_Fundamentals/ROS2/ros2_utilities_ws/install/micro_ros_msgs/share/micro_ros_msgs/package.bash'
[12.063s] INFO:colcon.colcon_core.shell:Creating package script '/home/fsp/TE3001-Robotics_Fundamentals/ROS2/ros2_utilities_ws/install/micro_ros_msgs/share/micro_ros_msgs/package.zsh'
[12.064s] Level 1:colcon.colcon_core.environment:create_file_with_runtime_dependencies(/home/fsp/TE3001-Robotics_Fundamentals/ROS2/ros2_utilities_ws/install/micro_ros_msgs/share/colcon-core/packages/micro_ros_msgs)
[12.064s] INFO:colcon.colcon_ros.task.ament_cmake.build:Building ROS package in '/home/fsp/TE3001-Robotics_Fundamentals/ROS2/ros2_utilities_ws/src/uros/micro-ROS-Agent/micro_ros_agent' with build type 'ament_cmake'
[12.065s] INFO:colcon.colcon_cmake.task.cmake.build:Building CMake package in '/home/fsp/TE3001-Robotics_Fundamentals/ROS2/ros2_utilities_ws/src/uros/micro-ROS-Agent/micro_ros_agent'
[12.091s] INFO:colcon.colcon_core.shell:Skip shell extension 'powershell' for command environment: Not usable outside of PowerShell
[12.091s] DEBUG:colcon.colcon_core.shell:Skip shell extension 'dsv' for command environment
[12.227s] DEBUG:colcon.colcon_core.event_handler.log_command:Invoking command in '/home/fsp/TE3001-Robotics_Fundamentals/ROS2/ros2_utilities_ws/build/micro_ros_agent': AMENT_PREFIX_PATH=/home/fsp/TE3001-Robotics_Fundamentals/ROS2/ros2_utilities_ws/install/micro_ros_msgs:${AMENT_PREFIX_PATH} CMAKE_PREFIX_PATH=/home/fsp/TE3001-Robotics_Fundamentals/ROS2/ros2_utilities_ws/install/micro_ros_msgs:/home/fsp/TE3001-Robotics_Fundamentals/ROS2/ros2_utilities_ws/install/micro_ros_setup:/opt/ros/humble LD_LIBRARY_PATH=/home/fsp/TE3001-Robotics_Fundamentals/ROS2/ros2_utilities_ws/install/micro_ros_msgs/lib:${LD_LIBRARY_PATH} PYTHONPATH=/home/fsp/TE3001-Robotics_Fundamentals/ROS2/ros2_utilities_ws/install/micro_ros_msgs/local/lib/python3.10/dist-packages:${PYTHONPATH} /usr/bin/cmake /home/fsp/TE3001-Robotics_Fundamentals/ROS2/ros2_utilities_ws/src/uros/micro-ROS-Agent/micro_ros_agent -DUAGENT_BUILD_EXECUTABLE=OFF -DUAGENT_P2P_PROFILE=OFF --no-warn-unused-cli -DCMAKE_INSTALL_PREFIX=/home/fsp/TE3001-Robotics_Fundamentals/ROS2/ros2_utilities_ws/install/micro_ros_agent
[12.898s] DEBUG:colcon.colcon_core.event_handler.log_command:Invoked command in '/home/fsp/TE3001-Robotics_Fundamentals/ROS2/ros2_utilities_ws/build/micro_ros_agent' returned '0': AMENT_PREFIX_PATH=/home/fsp/TE3001-Robotics_Fundamentals/ROS2/ros2_utilities_ws/install/micro_ros_msgs:${AMENT_PREFIX_PATH} CMAKE_PREFIX_PATH=/home/fsp/TE3001-Robotics_Fundamentals/ROS2/ros2_utilities_ws/install/micro_ros_msgs:/home/fsp/TE3001-Robotics_Fundamentals/ROS2/ros2_utilities_ws/install/micro_ros_setup:/opt/ros/humble LD_LIBRARY_PATH=/home/fsp/TE3001-Robotics_Fundamentals/ROS2/ros2_utilities_ws/install/micro_ros_msgs/lib:${LD_LIBRARY_PATH} PYTHONPATH=/home/fsp/TE3001-Robotics_Fundamentals/ROS2/ros2_utilities_ws/install/micro_ros_msgs/local/lib/python3.10/dist-packages:${PYTHONPATH} /usr/bin/cmake /home/fsp/TE3001-Robotics_Fundamentals/ROS2/ros2_utilities_ws/src/uros/micro-ROS-Agent/micro_ros_agent -DUAGENT_BUILD_EXECUTABLE=OFF -DUAGENT_P2P_PROFILE=OFF --no-warn-unused-cli -DCMAKE_INSTALL_PREFIX=/home/fsp/TE3001-Robotics_Fundamentals/ROS2/ros2_utilities_ws/install/micro_ros_agent
[12.901s] DEBUG:colcon.colcon_core.event_handler.log_command:Invoking command in '/home/fsp/TE3001-Robotics_Fundamentals/ROS2/ros2_utilities_ws/build/micro_ros_agent': AMENT_PREFIX_PATH=/home/fsp/TE3001-Robotics_Fundamentals/ROS2/ros2_utilities_ws/install/micro_ros_msgs:${AMENT_PREFIX_PATH} CMAKE_PREFIX_PATH=/home/fsp/TE3001-Robotics_Fundamentals/ROS2/ros2_utilities_ws/install/micro_ros_msgs:/home/fsp/TE3001-Robotics_Fundamentals/ROS2/ros2_utilities_ws/install/micro_ros_setup:/opt/ros/humble LD_LIBRARY_PATH=/home/fsp/TE3001-Robotics_Fundamentals/ROS2/ros2_utilities_ws/install/micro_ros_msgs/lib:${LD_LIBRARY_PATH} PYTHONPATH=/home/fsp/TE3001-Robotics_Fundamentals/ROS2/ros2_utilities_ws/install/micro_ros_msgs/local/lib/python3.10/dist-packages:${PYTHONPATH} /usr/bin/cmake --build /home/fsp/TE3001-Robotics_Fundamentals/ROS2/ros2_utilities_ws/build/micro_ros_agent -- -j4 -l4
[147.643s] DEBUG:colcon.colcon_core.event_handler.log_command:Invoked command in '/home/fsp/TE3001-Robotics_Fundamentals/ROS2/ros2_utilities_ws/build/micro_ros_agent' returned '0': AMENT_PREFIX_PATH=/home/fsp/TE3001-Robotics_Fundamentals/ROS2/ros2_utilities_ws/install/micro_ros_msgs:${AMENT_PREFIX_PATH} CMAKE_PREFIX_PATH=/home/fsp/TE3001-Robotics_Fundamentals/ROS2/ros2_utilities_ws/install/micro_ros_msgs:/home/fsp/TE3001-Robotics_Fundamentals/ROS2/ros2_utilities_ws/install/micro_ros_setup:/opt/ros/humble LD_LIBRARY_PATH=/home/fsp/TE3001-Robotics_Fundamentals/ROS2/ros2_utilities_ws/install/micro_ros_msgs/lib:${LD_LIBRARY_PATH} PYTHONPATH=/home/fsp/TE3001-Robotics_Fundamentals/ROS2/ros2_utilities_ws/install/micro_ros_msgs/local/lib/python3.10/dist-packages:${PYTHONPATH} /usr/bin/cmake --build /home/fsp/TE3001-Robotics_Fundamentals/ROS2/ros2_utilities_ws/build/micro_ros_agent -- -j4 -l4
[147.686s] DEBUG:colcon.colcon_core.event_handler.log_command:Invoking command in '/home/fsp/TE3001-Robotics_Fundamentals/ROS2/ros2_utilities_ws/build/micro_ros_agent': AMENT_PREFIX_PATH=/home/fsp/TE3001-Robotics_Fundamentals/ROS2/ros2_utilities_ws/install/micro_ros_msgs:${AMENT_PREFIX_PATH} CMAKE_PREFIX_PATH=/home/fsp/TE3001-Robotics_Fundamentals/ROS2/ros2_utilities_ws/install/micro_ros_msgs:/home/fsp/TE3001-Robotics_Fundamentals/ROS2/ros2_utilities_ws/install/micro_ros_setup:/opt/ros/humble LD_LIBRARY_PATH=/home/fsp/TE3001-Robotics_Fundamentals/ROS2/ros2_utilities_ws/install/micro_ros_msgs/lib:${LD_LIBRARY_PATH} PYTHONPATH=/home/fsp/TE3001-Robotics_Fundamentals/ROS2/ros2_utilities_ws/install/micro_ros_msgs/local/lib/python3.10/dist-packages:${PYTHONPATH} /usr/bin/cmake --install /home/fsp/TE3001-Robotics_Fundamentals/ROS2/ros2_utilities_ws/build/micro_ros_agent
[147.713s] Level 1:colcon.colcon_core.environment:create_environment_scripts_only(micro_ros_agent)
[147.714s] DEBUG:colcon.colcon_core.event_handler.log_command:Invoked command in '/home/fsp/TE3001-Robotics_Fundamentals/ROS2/ros2_utilities_ws/build/micro_ros_agent' returned '0': AMENT_PREFIX_PATH=/home/fsp/TE3001-Robotics_Fundamentals/ROS2/ros2_utilities_ws/install/micro_ros_msgs:${AMENT_PREFIX_PATH} CMAKE_PREFIX_PATH=/home/fsp/TE3001-Robotics_Fundamentals/ROS2/ros2_utilities_ws/install/micro_ros_msgs:/home/fsp/TE3001-Robotics_Fundamentals/ROS2/ros2_utilities_ws/install/micro_ros_setup:/opt/ros/humble LD_LIBRARY_PATH=/home/fsp/TE3001-Robotics_Fundamentals/ROS2/ros2_utilities_ws/install/micro_ros_msgs/lib:${LD_LIBRARY_PATH} PYTHONPATH=/home/fsp/TE3001-Robotics_Fundamentals/ROS2/ros2_utilities_ws/install/micro_ros_msgs/local/lib/python3.10/dist-packages:${PYTHONPATH} /usr/bin/cmake --install /home/fsp/TE3001-Robotics_Fundamentals/ROS2/ros2_utilities_ws/build/micro_ros_agent
[147.796s] Level 1:colcon.colcon_core.environment:checking '/home/fsp/TE3001-Robotics_Fundamentals/ROS2/ros2_utilities_ws/install/micro_ros_agent' for CMake module files
[147.797s] Level 1:colcon.colcon_core.environment:checking '/home/fsp/TE3001-Robotics_Fundamentals/ROS2/ros2_utilities_ws/install/micro_ros_agent' for CMake config files
[147.800s] Level 1:colcon.colcon_core.shell:create_environment_hook('micro_ros_agent', 'cmake_prefix_path')
[147.827s] INFO:colcon.colcon_core.shell:Creating environment hook '/home/fsp/TE3001-Robotics_Fundamentals/ROS2/ros2_utilities_ws/install/micro_ros_agent/share/micro_ros_agent/hook/cmake_prefix_path.ps1'
[147.828s] INFO:colcon.colcon_core.shell:Creating environment descriptor '/home/fsp/TE3001-Robotics_Fundamentals/ROS2/ros2_utilities_ws/install/micro_ros_agent/share/micro_ros_agent/hook/cmake_prefix_path.dsv'
[147.829s] INFO:colcon.colcon_core.shell:Creating environment hook '/home/fsp/TE3001-Robotics_Fundamentals/ROS2/ros2_utilities_ws/install/micro_ros_agent/share/micro_ros_agent/hook/cmake_prefix_path.sh'
[147.830s] Level 1:colcon.colcon_core.environment:checking '/home/fsp/TE3001-Robotics_Fundamentals/ROS2/ros2_utilities_ws/install/micro_ros_agent/lib'
[147.831s] Level 1:colcon.colcon_core.shell:create_environment_hook('micro_ros_agent', 'ld_library_path_lib')
[147.853s] INFO:colcon.colcon_core.shell:Creating environment hook '/home/fsp/TE3001-Robotics_Fundamentals/ROS2/ros2_utilities_ws/install/micro_ros_agent/share/micro_ros_agent/hook/ld_library_path_lib.ps1'
[147.853s] INFO:colcon.colcon_core.shell:Creating environment descriptor '/home/fsp/TE3001-Robotics_Fundamentals/ROS2/ros2_utilities_ws/install/micro_ros_agent/share/micro_ros_agent/hook/ld_library_path_lib.dsv'
[147.853s] INFO:colcon.colcon_core.shell:Creating environment hook '/home/fsp/TE3001-Robotics_Fundamentals/ROS2/ros2_utilities_ws/install/micro_ros_agent/share/micro_ros_agent/hook/ld_library_path_lib.sh'
[147.854s] Level 1:colcon.colcon_core.environment:checking '/home/fsp/TE3001-Robotics_Fundamentals/ROS2/ros2_utilities_ws/install/micro_ros_agent/bin'
[147.854s] Level 1:colcon.colcon_core.environment:checking '/home/fsp/TE3001-Robotics_Fundamentals/ROS2/ros2_utilities_ws/install/micro_ros_agent/lib/pkgconfig/micro_ros_agent.pc'
[147.854s] Level 1:colcon.colcon_core.environment:checking '/home/fsp/TE3001-Robotics_Fundamentals/ROS2/ros2_utilities_ws/install/micro_ros_agent/lib/python3.10/site-packages'
[147.855s] Level 1:colcon.colcon_core.environment:checking '/home/fsp/TE3001-Robotics_Fundamentals/ROS2/ros2_utilities_ws/install/micro_ros_agent/bin'
[147.878s] INFO:colcon.colcon_core.shell:Creating package script '/home/fsp/TE3001-Robotics_Fundamentals/ROS2/ros2_utilities_ws/install/micro_ros_agent/share/micro_ros_agent/package.ps1'
[147.879s] INFO:colcon.colcon_core.shell:Creating package descriptor '/home/fsp/TE3001-Robotics_Fundamentals/ROS2/ros2_utilities_ws/install/micro_ros_agent/share/micro_ros_agent/package.dsv'
[147.880s] INFO:colcon.colcon_core.shell:Creating package script '/home/fsp/TE3001-Robotics_Fundamentals/ROS2/ros2_utilities_ws/install/micro_ros_agent/share/micro_ros_agent/package.sh'
[147.881s] INFO:colcon.colcon_core.shell:Creating package script '/home/fsp/TE3001-Robotics_Fundamentals/ROS2/ros2_utilities_ws/install/micro_ros_agent/share/micro_ros_agent/package.bash'
[147.882s] INFO:colcon.colcon_core.shell:Creating package script '/home/fsp/TE3001-Robotics_Fundamentals/ROS2/ros2_utilities_ws/install/micro_ros_agent/share/micro_ros_agent/package.zsh'
[147.883s] Level 1:colcon.colcon_core.environment:create_file_with_runtime_dependencies(/home/fsp/TE3001-Robotics_Fundamentals/ROS2/ros2_utilities_ws/install/micro_ros_agent/share/colcon-core/packages/micro_ros_agent)
[147.949s] Level 1:colcon.colcon_core.environment:create_environment_scripts_only(micro_ros_agent)
[147.973s] Level 1:colcon.colcon_core.environment:checking '/home/fsp/TE3001-Robotics_Fundamentals/ROS2/ros2_utilities_ws/install/micro_ros_agent' for CMake module files
[147.974s] Level 1:colcon.colcon_core.environment:checking '/home/fsp/TE3001-Robotics_Fundamentals/ROS2/ros2_utilities_ws/install/micro_ros_agent' for CMake config files
[147.975s] Level 1:colcon.colcon_core.shell:create_environment_hook('micro_ros_agent', 'cmake_prefix_path')
[147.999s] INFO:colcon.colcon_core.shell:Creating environment hook '/home/fsp/TE3001-Robotics_Fundamentals/ROS2/ros2_utilities_ws/install/micro_ros_agent/share/micro_ros_agent/hook/cmake_prefix_path.ps1'
[147.999s] INFO:colcon.colcon_core.shell:Creating environment descriptor '/home/fsp/TE3001-Robotics_Fundamentals/ROS2/ros2_utilities_ws/install/micro_ros_agent/share/micro_ros_agent/hook/cmake_prefix_path.dsv'
[148.000s] INFO:colcon.colcon_core.shell:Creating environment hook '/home/fsp/TE3001-Robotics_Fundamentals/ROS2/ros2_utilities_ws/install/micro_ros_agent/share/micro_ros_agent/hook/cmake_prefix_path.sh'
[148.001s] Level 1:colcon.colcon_core.environment:checking '/home/fsp/TE3001-Robotics_Fundamentals/ROS2/ros2_utilities_ws/install/micro_ros_agent/lib'
[148.001s] Level 1:colcon.colcon_core.shell:create_environment_hook('micro_ros_agent', 'ld_library_path_lib')
[148.031s] INFO:colcon.colcon_core.shell:Creating environment hook '/home/fsp/TE3001-Robotics_Fundamentals/ROS2/ros2_utilities_ws/install/micro_ros_agent/share/micro_ros_agent/hook/ld_library_path_lib.ps1'
[148.031s] INFO:colcon.colcon_core.shell:Creating environment descriptor '/home/fsp/TE3001-Robotics_Fundamentals/ROS2/ros2_utilities_ws/install/micro_ros_agent/share/micro_ros_agent/hook/ld_library_path_lib.dsv'
[148.032s] INFO:colcon.colcon_core.shell:Creating environment hook '/home/fsp/TE3001-Robotics_Fundamentals/ROS2/ros2_utilities_ws/install/micro_ros_agent/share/micro_ros_agent/hook/ld_library_path_lib.sh'
[148.033s] Level 1:colcon.colcon_core.environment:checking '/home/fsp/TE3001-Robotics_Fundamentals/ROS2/ros2_utilities_ws/install/micro_ros_agent/bin'
[148.033s] Level 1:colcon.colcon_core.environment:checking '/home/fsp/TE3001-Robotics_Fundamentals/ROS2/ros2_utilities_ws/install/micro_ros_agent/lib/pkgconfig/micro_ros_agent.pc'
[148.033s] Level 1:colcon.colcon_core.environment:checking '/home/fsp/TE3001-Robotics_Fundamentals/ROS2/ros2_utilities_ws/install/micro_ros_agent/lib/python3.10/site-packages'
[148.034s] Level 1:colcon.colcon_core.environment:checking '/home/fsp/TE3001-Robotics_Fundamentals/ROS2/ros2_utilities_ws/install/micro_ros_agent/bin'
[148.056s] INFO:colcon.colcon_core.shell:Creating package script '/home/fsp/TE3001-Robotics_Fundamentals/ROS2/ros2_utilities_ws/install/micro_ros_agent/share/micro_ros_agent/package.ps1'
[148.057s] INFO:colcon.colcon_core.shell:Creating package descriptor '/home/fsp/TE3001-Robotics_Fundamentals/ROS2/ros2_utilities_ws/install/micro_ros_agent/share/micro_ros_agent/package.dsv'
[148.058s] INFO:colcon.colcon_core.shell:Creating package script '/home/fsp/TE3001-Robotics_Fundamentals/ROS2/ros2_utilities_ws/install/micro_ros_agent/share/micro_ros_agent/package.sh'
[148.059s] INFO:colcon.colcon_core.shell:Creating package script '/home/fsp/TE3001-Robotics_Fundamentals/ROS2/ros2_utilities_ws/install/micro_ros_agent/share/micro_ros_agent/package.bash'
[148.060s] INFO:colcon.colcon_core.shell:Creating package script '/home/fsp/TE3001-Robotics_Fundamentals/ROS2/ros2_utilities_ws/install/micro_ros_agent/share/micro_ros_agent/package.zsh'
[148.060s] Level 1:colcon.colcon_core.environment:create_file_with_runtime_dependencies(/home/fsp/TE3001-Robotics_Fundamentals/ROS2/ros2_utilities_ws/install/micro_ros_agent/share/colcon-core/packages/micro_ros_agent)
[148.061s] DEBUG:colcon.colcon_parallel_executor.executor.parallel:closing loop
[148.061s] DEBUG:colcon.colcon_parallel_executor.executor.parallel:loop closed
[148.062s] DEBUG:colcon.colcon_parallel_executor.executor.parallel:run_until_complete finished with '0'
[148.062s] DEBUG:colcon.colcon_core.event_reactor:joining thread
[148.096s] INFO:colcon.colcon_core.plugin_system:Skipping extension 'colcon_notification.desktop_notification.terminal_notifier': Not used on non-Darwin systems
[148.097s] INFO:colcon.colcon_core.plugin_system:Skipping extension 'colcon_notification.desktop_notification.win32': Not used on non-Windows systems
[148.097s] INFO:colcon.colcon_notification.desktop_notification:Sending desktop notification using 'notify2'
[148.109s] DEBUG:colcon.colcon_core.event_reactor:joined thread
[148.133s] INFO:colcon.colcon_core.shell:Creating prefix script '/home/fsp/TE3001-Robotics_Fundamentals/ROS2/ros2_utilities_ws/install/local_setup.ps1'
[148.134s] INFO:colcon.colcon_core.shell:Creating prefix util module '/home/fsp/TE3001-Robotics_Fundamentals/ROS2/ros2_utilities_ws/install/_local_setup_util_ps1.py'
[148.136s] INFO:colcon.colcon_core.shell:Creating prefix chain script '/home/fsp/TE3001-Robotics_Fundamentals/ROS2/ros2_utilities_ws/install/setup.ps1'
[148.161s] INFO:colcon.colcon_core.shell:Creating prefix script '/home/fsp/TE3001-Robotics_Fundamentals/ROS2/ros2_utilities_ws/install/local_setup.sh'
[148.161s] INFO:colcon.colcon_core.shell:Creating prefix util module '/home/fsp/TE3001-Robotics_Fundamentals/ROS2/ros2_utilities_ws/install/_local_setup_util_sh.py'
[148.162s] INFO:colcon.colcon_core.shell:Creating prefix chain script '/home/fsp/TE3001-Robotics_Fundamentals/ROS2/ros2_utilities_ws/install/setup.sh'
[148.185s] INFO:colcon.colcon_core.shell:Creating prefix script '/home/fsp/TE3001-Robotics_Fundamentals/ROS2/ros2_utilities_ws/install/local_setup.bash'
[148.186s] INFO:colcon.colcon_core.shell:Creating prefix chain script '/home/fsp/TE3001-Robotics_Fundamentals/ROS2/ros2_utilities_ws/install/setup.bash'
[148.209s] INFO:colcon.colcon_core.shell:Creating prefix script '/home/fsp/TE3001-Robotics_Fundamentals/ROS2/ros2_utilities_ws/install/local_setup.zsh'
[148.210s] INFO:colcon.colcon_core.shell:Creating prefix chain script '/home/fsp/TE3001-Robotics_Fundamentals/ROS2/ros2_utilities_ws/install/setup.zsh'
