[1.687s] Invoking command in '/home/fsp/puzzle_bot/Week1_ws/src/basic_comms': PYTHONPATH=/home/fsp/puzzle_bot/Week1_ws/build/basic_comms/prefix_override:/home/fsp/puzzle_bot/Week1_ws/install/basic_comms/lib/python3.10/site-packages:${PYTHONPATH} /usr/bin/python3 setup.py egg_info --egg-base ../../build/basic_comms build --build-base /home/fsp/puzzle_bot/Week1_ws/build/basic_comms/build install --record /home/fsp/puzzle_bot/Week1_ws/build/basic_comms/install.log --single-version-externally-managed
[2.040s] running egg_info
[2.041s] writing ../../build/basic_comms/basic_comms.egg-info/PKG-INFO
[2.042s] writing dependency_links to ../../build/basic_comms/basic_comms.egg-info/dependency_links.txt
[2.042s] writing entry points to ../../build/basic_comms/basic_comms.egg-info/entry_points.txt
[2.042s] writing requirements to ../../build/basic_comms/basic_comms.egg-info/requires.txt
[2.043s] writing top-level names to ../../build/basic_comms/basic_comms.egg-info/top_level.txt
[2.046s] reading manifest file '../../build/basic_comms/basic_comms.egg-info/SOURCES.txt'
[2.048s] writing manifest file '../../build/basic_comms/basic_comms.egg-info/SOURCES.txt'
[2.048s] running build
[2.049s] running build_py
[2.049s] running install
[2.049s] /usr/lib/python3/dist-packages/setuptools/command/install.py:34: SetuptoolsDeprecationWarning: setup.py install is deprecated. Use build and pip and other standards-based tools.
[2.050s]   warnings.warn(
[2.050s] running install_lib
[2.053s] running install_data
[2.054s] running install_egg_info
[2.056s] removing '/home/fsp/puzzle_bot/Week1_ws/install/basic_comms/lib/python3.10/site-packages/basic_comms-0.0.0-py3.10.egg-info' (and everything under it)
[2.057s] Copying ../../build/basic_comms/basic_comms.egg-info to /home/fsp/puzzle_bot/Week1_ws/install/basic_comms/lib/python3.10/site-packages/basic_comms-0.0.0-py3.10.egg-info
[2.059s] running install_scripts
[2.095s] Installing listener script to /home/fsp/puzzle_bot/Week1_ws/install/basic_comms/lib/basic_comms
[2.095s] Installing talker script to /home/fsp/puzzle_bot/Week1_ws/install/basic_comms/lib/basic_comms
[2.095s] writing list of installed files to '/home/fsp/puzzle_bot/Week1_ws/build/basic_comms/install.log'
[2.145s] Invoked command in '/home/fsp/puzzle_bot/Week1_ws/src/basic_comms' returned '0': PYTHONPATH=/home/fsp/puzzle_bot/Week1_ws/build/basic_comms/prefix_override:/home/fsp/puzzle_bot/Week1_ws/install/basic_comms/lib/python3.10/site-packages:${PYTHONPATH} /usr/bin/python3 setup.py egg_info --egg-base ../../build/basic_comms build --build-base /home/fsp/puzzle_bot/Week1_ws/build/basic_comms/build install --record /home/fsp/puzzle_bot/Week1_ws/build/basic_comms/install.log --single-version-externally-managed
