[1.639s] DEBUG:colcon:Command line arguments: ['/usr/bin/colcon', 'build']
[1.639s] DEBUG:colcon:Parsed command line arguments: Namespace(log_base=None, log_level=None, verb_name='build', build_base='build', install_base='install', merge_install=False, symlink_install=False, test_result_base=None, continue_on_error=False, executor='parallel', parallel_workers=4, event_handlers=None, ignore_user_meta=False, metas=['./colcon.meta'], base_paths=['.'], packages_ignore=None, packages_ignore_regex=None, paths=None, packages_up_to=None, packages_up_to_regex=None, packages_above=None, packages_above_and_dependencies=None, packages_above_depth=None, packages_select_by_dep=None, packages_skip_by_dep=None, packages_skip_up_to=None, packages_select_build_failed=False, packages_skip_build_finished=False, packages_select_test_failures=False, packages_skip_test_passed=False, packages_select=None, packages_skip=None, packages_select_regex=None, packages_skip_regex=None, packages_start=None, packages_end=None, allow_overriding=[], cmake_args=None, cmake_target=None, cmake_target_skip_unavailable=False, cmake_clean_cache=False, cmake_clean_first=False, cmake_force_configure=False, ament_cmake_args=None, catkin_cmake_args=None, catkin_skip_building_tests=False, verb_parser=<colcon_defaults.argument_parser.defaults.DefaultArgumentsDecorator object at 0x7fe0eba96680>, verb_extension=<colcon_core.verb.build.BuildVerb object at 0x7fe0ebedbf70>, main=<bound method BuildVerb.main of <colcon_core.verb.build.BuildVerb object at 0x7fe0ebedbf70>>)
[1.720s] Level 1:colcon.colcon_core.package_discovery:discover_packages(colcon_meta) check parameters
[1.720s] Level 1:colcon.colcon_core.package_discovery:discover_packages(recursive) check parameters
[1.720s] Level 1:colcon.colcon_core.package_discovery:discover_packages(ignore) check parameters
[1.720s] Level 1:colcon.colcon_core.package_discovery:discover_packages(path) check parameters
[1.721s] Level 1:colcon.colcon_core.package_discovery:discover_packages(colcon_meta) discover
[1.721s] Level 1:colcon.colcon_core.package_discovery:discover_packages(recursive) discover
[1.721s] INFO:colcon.colcon_core.package_discovery:Crawling recursively for packages in '/home/fsp/puzzle_bot/Week1_ws'
[1.721s] Level 1:colcon.colcon_core.package_identification:_identify(.) by extensions ['ignore', 'ignore_ament_install']
[1.721s] Level 1:colcon.colcon_core.package_identification:_identify(.) by extension 'ignore'
[1.721s] Level 1:colcon.colcon_core.package_identification:_identify(.) by extension 'ignore_ament_install'
[1.721s] Level 1:colcon.colcon_core.package_identification:_identify(.) by extensions ['colcon_pkg']
[1.721s] Level 1:colcon.colcon_core.package_identification:_identify(.) by extension 'colcon_pkg'
[1.721s] Level 1:colcon.colcon_core.package_identification:_identify(.) by extensions ['colcon_meta']
[1.721s] Level 1:colcon.colcon_core.package_identification:_identify(.) by extension 'colcon_meta'
[1.721s] Level 1:colcon.colcon_core.package_identification:_identify(.) by extensions ['ros']
[1.721s] Level 1:colcon.colcon_core.package_identification:_identify(.) by extension 'ros'
[1.738s] Level 1:colcon.colcon_core.package_identification:_identify(.) by extensions ['cmake', 'python']
[1.738s] Level 1:colcon.colcon_core.package_identification:_identify(.) by extension 'cmake'
[1.738s] Level 1:colcon.colcon_core.package_identification:_identify(.) by extension 'python'
[1.738s] Level 1:colcon.colcon_core.package_identification:_identify(.) by extensions ['python_setup_py']
[1.738s] Level 1:colcon.colcon_core.package_identification:_identify(.) by extension 'python_setup_py'
[1.739s] Level 1:colcon.colcon_core.package_identification:_identify(build) by extensions ['ignore', 'ignore_ament_install']
[1.739s] Level 1:colcon.colcon_core.package_identification:_identify(build) by extension 'ignore'
[1.739s] Level 1:colcon.colcon_core.package_identification:_identify(build) ignored
[1.739s] Level 1:colcon.colcon_core.package_identification:_identify(install) by extensions ['ignore', 'ignore_ament_install']
[1.739s] Level 1:colcon.colcon_core.package_identification:_identify(install) by extension 'ignore'
[1.739s] Level 1:colcon.colcon_core.package_identification:_identify(install) ignored
[1.740s] Level 1:colcon.colcon_core.package_identification:_identify(log) by extensions ['ignore', 'ignore_ament_install']
[1.740s] Level 1:colcon.colcon_core.package_identification:_identify(log) by extension 'ignore'
[1.740s] Level 1:colcon.colcon_core.package_identification:_identify(log) ignored
[1.740s] Level 1:colcon.colcon_core.package_identification:_identify(src) by extensions ['ignore', 'ignore_ament_install']
[1.740s] Level 1:colcon.colcon_core.package_identification:_identify(src) by extension 'ignore'
[1.740s] Level 1:colcon.colcon_core.package_identification:_identify(src) by extension 'ignore_ament_install'
[1.740s] Level 1:colcon.colcon_core.package_identification:_identify(src) by extensions ['colcon_pkg']
[1.740s] Level 1:colcon.colcon_core.package_identification:_identify(src) by extension 'colcon_pkg'
[1.740s] Level 1:colcon.colcon_core.package_identification:_identify(src) by extensions ['colcon_meta']
[1.740s] Level 1:colcon.colcon_core.package_identification:_identify(src) by extension 'colcon_meta'
[1.740s] Level 1:colcon.colcon_core.package_identification:_identify(src) by extensions ['ros']
[1.740s] Level 1:colcon.colcon_core.package_identification:_identify(src) by extension 'ros'
[1.740s] Level 1:colcon.colcon_core.package_identification:_identify(src) by extensions ['cmake', 'python']
[1.741s] Level 1:colcon.colcon_core.package_identification:_identify(src) by extension 'cmake'
[1.741s] Level 1:colcon.colcon_core.package_identification:_identify(src) by extension 'python'
[1.741s] Level 1:colcon.colcon_core.package_identification:_identify(src) by extensions ['python_setup_py']
[1.741s] Level 1:colcon.colcon_core.package_identification:_identify(src) by extension 'python_setup_py'
[1.741s] Level 1:colcon.colcon_core.package_identification:_identify(src/basic_comms) by extensions ['ignore', 'ignore_ament_install']
[1.741s] Level 1:colcon.colcon_core.package_identification:_identify(src/basic_comms) by extension 'ignore'
[1.741s] Level 1:colcon.colcon_core.package_identification:_identify(src/basic_comms) by extension 'ignore_ament_install'
[1.741s] Level 1:colcon.colcon_core.package_identification:_identify(src/basic_comms) by extensions ['colcon_pkg']
[1.741s] Level 1:colcon.colcon_core.package_identification:_identify(src/basic_comms) by extension 'colcon_pkg'
[1.741s] Level 1:colcon.colcon_core.package_identification:_identify(src/basic_comms) by extensions ['colcon_meta']
[1.741s] Level 1:colcon.colcon_core.package_identification:_identify(src/basic_comms) by extension 'colcon_meta'
[1.741s] Level 1:colcon.colcon_core.package_identification:_identify(src/basic_comms) by extensions ['ros']
[1.741s] Level 1:colcon.colcon_core.package_identification:_identify(src/basic_comms) by extension 'ros'
[1.745s] DEBUG:colcon.colcon_core.package_identification:Package 'src/basic_comms' with type 'ros.ament_python' and name 'basic_comms'
[1.745s] Level 1:colcon.colcon_core.package_identification:_identify(src/courseworks) by extensions ['ignore', 'ignore_ament_install']
[1.745s] Level 1:colcon.colcon_core.package_identification:_identify(src/courseworks) by extension 'ignore'
[1.746s] Level 1:colcon.colcon_core.package_identification:_identify(src/courseworks) by extension 'ignore_ament_install'
[1.746s] Level 1:colcon.colcon_core.package_identification:_identify(src/courseworks) by extensions ['colcon_pkg']
[1.746s] Level 1:colcon.colcon_core.package_identification:_identify(src/courseworks) by extension 'colcon_pkg'
[1.746s] Level 1:colcon.colcon_core.package_identification:_identify(src/courseworks) by extensions ['colcon_meta']
[1.746s] Level 1:colcon.colcon_core.package_identification:_identify(src/courseworks) by extension 'colcon_meta'
[1.746s] Level 1:colcon.colcon_core.package_identification:_identify(src/courseworks) by extensions ['ros']
[1.746s] Level 1:colcon.colcon_core.package_identification:_identify(src/courseworks) by extension 'ros'
[1.747s] DEBUG:colcon.colcon_core.package_identification:Package 'src/courseworks' with type 'ros.ament_python' and name 'courseworks'
[1.747s] Level 1:colcon.colcon_core.package_discovery:discover_packages(recursive) using defaults
[1.747s] Level 1:colcon.colcon_core.package_discovery:discover_packages(ignore) discover
[1.747s] Level 1:colcon.colcon_core.package_discovery:discover_packages(ignore) using defaults
[1.747s] Level 1:colcon.colcon_core.package_discovery:discover_packages(path) discover
[1.748s] Level 1:colcon.colcon_core.package_discovery:discover_packages(path) using defaults
[1.887s] Level 1:colcon.colcon_core.package_discovery:discover_packages(prefix_path) check parameters
[1.887s] Level 1:colcon.colcon_core.package_discovery:discover_packages(prefix_path) discover
[1.931s] DEBUG:colcon.colcon_installed_package_information.package_discovery:Found 2 installed packages in /home/fsp/puzzle_bot/Week1_ws/install
[1.953s] DEBUG:colcon.colcon_installed_package_information.package_discovery:Found 272 installed packages in /opt/ros/humble
[1.955s] Level 1:colcon.colcon_core.package_discovery:discover_packages(prefix_path) using defaults
[2.119s] Level 5:colcon.colcon_core.verb:set package 'basic_comms' build argument 'cmake_args' from command line to 'None'
[2.119s] Level 5:colcon.colcon_core.verb:set package 'basic_comms' build argument 'cmake_target' from command line to 'None'
[2.119s] Level 5:colcon.colcon_core.verb:set package 'basic_comms' build argument 'cmake_target_skip_unavailable' from command line to 'False'
[2.119s] Level 5:colcon.colcon_core.verb:set package 'basic_comms' build argument 'cmake_clean_cache' from command line to 'False'
[2.119s] Level 5:colcon.colcon_core.verb:set package 'basic_comms' build argument 'cmake_clean_first' from command line to 'False'
[2.119s] Level 5:colcon.colcon_core.verb:set package 'basic_comms' build argument 'cmake_force_configure' from command line to 'False'
[2.119s] Level 5:colcon.colcon_core.verb:set package 'basic_comms' build argument 'ament_cmake_args' from command line to 'None'
[2.119s] Level 5:colcon.colcon_core.verb:set package 'basic_comms' build argument 'catkin_cmake_args' from command line to 'None'
[2.119s] Level 5:colcon.colcon_core.verb:set package 'basic_comms' build argument 'catkin_skip_building_tests' from command line to 'False'
[2.120s] DEBUG:colcon.colcon_core.verb:Building package 'basic_comms' with the following arguments: {'ament_cmake_args': None, 'build_base': '/home/fsp/puzzle_bot/Week1_ws/build/basic_comms', 'catkin_cmake_args': None, 'catkin_skip_building_tests': False, 'cmake_args': None, 'cmake_clean_cache': False, 'cmake_clean_first': False, 'cmake_force_configure': False, 'cmake_target': None, 'cmake_target_skip_unavailable': False, 'install_base': '/home/fsp/puzzle_bot/Week1_ws/install/basic_comms', 'merge_install': False, 'path': '/home/fsp/puzzle_bot/Week1_ws/src/basic_comms', 'symlink_install': False, 'test_result_base': None}
[2.141s] Level 5:colcon.colcon_core.verb:set package 'courseworks' build argument 'cmake_args' from command line to 'None'
[2.141s] Level 5:colcon.colcon_core.verb:set package 'courseworks' build argument 'cmake_target' from command line to 'None'
[2.141s] Level 5:colcon.colcon_core.verb:set package 'courseworks' build argument 'cmake_target_skip_unavailable' from command line to 'False'
[2.141s] Level 5:colcon.colcon_core.verb:set package 'courseworks' build argument 'cmake_clean_cache' from command line to 'False'
[2.141s] Level 5:colcon.colcon_core.verb:set package 'courseworks' build argument 'cmake_clean_first' from command line to 'False'
[2.141s] Level 5:colcon.colcon_core.verb:set package 'courseworks' build argument 'cmake_force_configure' from command line to 'False'
[2.141s] Level 5:colcon.colcon_core.verb:set package 'courseworks' build argument 'ament_cmake_args' from command line to 'None'
[2.141s] Level 5:colcon.colcon_core.verb:set package 'courseworks' build argument 'catkin_cmake_args' from command line to 'None'
[2.141s] Level 5:colcon.colcon_core.verb:set package 'courseworks' build argument 'catkin_skip_building_tests' from command line to 'False'
[2.141s] DEBUG:colcon.colcon_core.verb:Building package 'courseworks' with the following arguments: {'ament_cmake_args': None, 'build_base': '/home/fsp/puzzle_bot/Week1_ws/build/courseworks', 'catkin_cmake_args': None, 'catkin_skip_building_tests': False, 'cmake_args': None, 'cmake_clean_cache': False, 'cmake_clean_first': False, 'cmake_force_configure': False, 'cmake_target': None, 'cmake_target_skip_unavailable': False, 'install_base': '/home/fsp/puzzle_bot/Week1_ws/install/courseworks', 'merge_install': False, 'path': '/home/fsp/puzzle_bot/Week1_ws/src/courseworks', 'symlink_install': False, 'test_result_base': None}
[2.162s] INFO:colcon.colcon_core.executor:Executing jobs using 'parallel' executor
[2.183s] DEBUG:colcon.colcon_parallel_executor.executor.parallel:run_until_complete
[2.184s] INFO:colcon.colcon_ros.task.ament_python.build:Building ROS package in '/home/fsp/puzzle_bot/Week1_ws/src/basic_comms' with build type 'ament_python'
[2.184s] Level 1:colcon.colcon_core.shell:create_environment_hook('basic_comms', 'ament_prefix_path')
[2.220s] INFO:colcon.colcon_core.plugin_system:Skipping extension 'colcon_core.shell.bat': Not used on non-Windows systems
[2.220s] INFO:colcon.colcon_core.shell:Creating environment hook '/home/fsp/puzzle_bot/Week1_ws/install/basic_comms/share/basic_comms/hook/ament_prefix_path.ps1'
[2.222s] INFO:colcon.colcon_core.shell:Creating environment descriptor '/home/fsp/puzzle_bot/Week1_ws/install/basic_comms/share/basic_comms/hook/ament_prefix_path.dsv'
[2.223s] INFO:colcon.colcon_core.shell:Creating environment hook '/home/fsp/puzzle_bot/Week1_ws/install/basic_comms/share/basic_comms/hook/ament_prefix_path.sh'
[2.252s] INFO:colcon.colcon_core.shell:Skip shell extension 'powershell' for command environment: Not usable outside of PowerShell
[2.252s] DEBUG:colcon.colcon_core.shell:Skip shell extension 'dsv' for command environment
[2.323s] INFO:colcon.colcon_ros.task.ament_python.build:Building ROS package in '/home/fsp/puzzle_bot/Week1_ws/src/courseworks' with build type 'ament_python'
[2.324s] Level 1:colcon.colcon_core.shell:create_environment_hook('courseworks', 'ament_prefix_path')
[2.347s] INFO:colcon.colcon_core.shell:Creating environment hook '/home/fsp/puzzle_bot/Week1_ws/install/courseworks/share/courseworks/hook/ament_prefix_path.ps1'
[2.347s] INFO:colcon.colcon_core.shell:Creating environment descriptor '/home/fsp/puzzle_bot/Week1_ws/install/courseworks/share/courseworks/hook/ament_prefix_path.dsv'
[2.348s] INFO:colcon.colcon_core.shell:Creating environment hook '/home/fsp/puzzle_bot/Week1_ws/install/courseworks/share/courseworks/hook/ament_prefix_path.sh'
[2.371s] INFO:colcon.colcon_core.shell:Skip shell extension 'powershell' for command environment: Not usable outside of PowerShell
[2.371s] DEBUG:colcon.colcon_core.shell:Skip shell extension 'dsv' for command environment
[2.794s] INFO:colcon.colcon_core.task.python.build:Building Python package in '/home/fsp/puzzle_bot/Week1_ws/src/basic_comms'
[2.816s] INFO:colcon.colcon_core.shell:Skip shell extension 'powershell' for command environment: Not usable outside of PowerShell
[2.816s] DEBUG:colcon.colcon_core.shell:Skip shell extension 'dsv' for command environment
[3.231s] INFO:colcon.colcon_core.task.python.build:Building Python package in '/home/fsp/puzzle_bot/Week1_ws/src/courseworks'
[3.253s] INFO:colcon.colcon_core.shell:Skip shell extension 'powershell' for command environment: Not usable outside of PowerShell
[3.253s] DEBUG:colcon.colcon_core.shell:Skip shell extension 'dsv' for command environment
[3.877s] DEBUG:colcon.colcon_core.event_handler.log_command:Invoking command in '/home/fsp/puzzle_bot/Week1_ws/src/courseworks': PYTHONPATH=/home/fsp/puzzle_bot/Week1_ws/build/courseworks/prefix_override:/home/fsp/puzzle_bot/Week1_ws/install/courseworks/lib/python3.10/site-packages:${PYTHONPATH} /usr/bin/python3 setup.py egg_info --egg-base ../../build/courseworks build --build-base /home/fsp/puzzle_bot/Week1_ws/build/courseworks/build install --record /home/fsp/puzzle_bot/Week1_ws/build/courseworks/install.log --single-version-externally-managed
[3.884s] DEBUG:colcon.colcon_core.event_handler.log_command:Invoking command in '/home/fsp/puzzle_bot/Week1_ws/src/basic_comms': PYTHONPATH=/home/fsp/puzzle_bot/Week1_ws/build/basic_comms/prefix_override:/home/fsp/puzzle_bot/Week1_ws/install/basic_comms/lib/python3.10/site-packages:${PYTHONPATH} /usr/bin/python3 setup.py egg_info --egg-base ../../build/basic_comms build --build-base /home/fsp/puzzle_bot/Week1_ws/build/basic_comms/build install --record /home/fsp/puzzle_bot/Week1_ws/build/basic_comms/install.log --single-version-externally-managed
[4.360s] DEBUG:colcon.colcon_core.event_handler.log_command:Invoked command in '/home/fsp/puzzle_bot/Week1_ws/src/courseworks' returned '0': PYTHONPATH=/home/fsp/puzzle_bot/Week1_ws/build/courseworks/prefix_override:/home/fsp/puzzle_bot/Week1_ws/install/courseworks/lib/python3.10/site-packages:${PYTHONPATH} /usr/bin/python3 setup.py egg_info --egg-base ../../build/courseworks build --build-base /home/fsp/puzzle_bot/Week1_ws/build/courseworks/build install --record /home/fsp/puzzle_bot/Week1_ws/build/courseworks/install.log --single-version-externally-managed
[4.391s] Level 1:colcon.colcon_core.environment:checking '/home/fsp/puzzle_bot/Week1_ws/install/courseworks' for CMake module files
[4.393s] Level 1:colcon.colcon_core.environment:checking '/home/fsp/puzzle_bot/Week1_ws/install/courseworks' for CMake config files
[4.394s] Level 1:colcon.colcon_core.environment:checking '/home/fsp/puzzle_bot/Week1_ws/install/courseworks/lib'
[4.395s] Level 1:colcon.colcon_core.environment:checking '/home/fsp/puzzle_bot/Week1_ws/install/courseworks/bin'
[4.395s] Level 1:colcon.colcon_core.environment:checking '/home/fsp/puzzle_bot/Week1_ws/install/courseworks/lib/pkgconfig/courseworks.pc'
[4.395s] Level 1:colcon.colcon_core.environment:checking '/home/fsp/puzzle_bot/Week1_ws/install/courseworks/lib/python3.10/site-packages'
[4.395s] Level 1:colcon.colcon_core.shell:create_environment_hook('courseworks', 'pythonpath')
[4.416s] INFO:colcon.colcon_core.shell:Creating environment hook '/home/fsp/puzzle_bot/Week1_ws/install/courseworks/share/courseworks/hook/pythonpath.ps1'
[4.416s] INFO:colcon.colcon_core.shell:Creating environment descriptor '/home/fsp/puzzle_bot/Week1_ws/install/courseworks/share/courseworks/hook/pythonpath.dsv'
[4.417s] INFO:colcon.colcon_core.shell:Creating environment hook '/home/fsp/puzzle_bot/Week1_ws/install/courseworks/share/courseworks/hook/pythonpath.sh'
[4.418s] Level 1:colcon.colcon_core.environment:checking '/home/fsp/puzzle_bot/Week1_ws/install/courseworks/bin'
[4.418s] Level 1:colcon.colcon_core.environment:create_environment_scripts_only(courseworks)
[4.439s] INFO:colcon.colcon_core.shell:Creating package script '/home/fsp/puzzle_bot/Week1_ws/install/courseworks/share/courseworks/package.ps1'
[4.440s] INFO:colcon.colcon_core.shell:Creating package descriptor '/home/fsp/puzzle_bot/Week1_ws/install/courseworks/share/courseworks/package.dsv'
[4.441s] INFO:colcon.colcon_core.shell:Creating package script '/home/fsp/puzzle_bot/Week1_ws/install/courseworks/share/courseworks/package.sh'
[4.442s] INFO:colcon.colcon_core.shell:Creating package script '/home/fsp/puzzle_bot/Week1_ws/install/courseworks/share/courseworks/package.bash'
[4.443s] INFO:colcon.colcon_core.shell:Creating package script '/home/fsp/puzzle_bot/Week1_ws/install/courseworks/share/courseworks/package.zsh'
[4.444s] Level 1:colcon.colcon_core.environment:create_file_with_runtime_dependencies(/home/fsp/puzzle_bot/Week1_ws/install/courseworks/share/colcon-core/packages/courseworks)
[4.447s] DEBUG:colcon.colcon_core.event_handler.log_command:Invoked command in '/home/fsp/puzzle_bot/Week1_ws/src/basic_comms' returned '0': PYTHONPATH=/home/fsp/puzzle_bot/Week1_ws/build/basic_comms/prefix_override:/home/fsp/puzzle_bot/Week1_ws/install/basic_comms/lib/python3.10/site-packages:${PYTHONPATH} /usr/bin/python3 setup.py egg_info --egg-base ../../build/basic_comms build --build-base /home/fsp/puzzle_bot/Week1_ws/build/basic_comms/build install --record /home/fsp/puzzle_bot/Week1_ws/build/basic_comms/install.log --single-version-externally-managed
[4.469s] Level 1:colcon.colcon_core.environment:checking '/home/fsp/puzzle_bot/Week1_ws/install/basic_comms' for CMake module files
[4.469s] Level 1:colcon.colcon_core.environment:checking '/home/fsp/puzzle_bot/Week1_ws/install/basic_comms' for CMake config files
[4.470s] Level 1:colcon.colcon_core.environment:checking '/home/fsp/puzzle_bot/Week1_ws/install/basic_comms/lib'
[4.470s] Level 1:colcon.colcon_core.environment:checking '/home/fsp/puzzle_bot/Week1_ws/install/basic_comms/bin'
[4.470s] Level 1:colcon.colcon_core.environment:checking '/home/fsp/puzzle_bot/Week1_ws/install/basic_comms/lib/pkgconfig/basic_comms.pc'
[4.471s] Level 1:colcon.colcon_core.environment:checking '/home/fsp/puzzle_bot/Week1_ws/install/basic_comms/lib/python3.10/site-packages'
[4.471s] Level 1:colcon.colcon_core.shell:create_environment_hook('basic_comms', 'pythonpath')
[4.491s] INFO:colcon.colcon_core.shell:Creating environment hook '/home/fsp/puzzle_bot/Week1_ws/install/basic_comms/share/basic_comms/hook/pythonpath.ps1'
[4.492s] INFO:colcon.colcon_core.shell:Creating environment descriptor '/home/fsp/puzzle_bot/Week1_ws/install/basic_comms/share/basic_comms/hook/pythonpath.dsv'
[4.493s] INFO:colcon.colcon_core.shell:Creating environment hook '/home/fsp/puzzle_bot/Week1_ws/install/basic_comms/share/basic_comms/hook/pythonpath.sh'
[4.494s] Level 1:colcon.colcon_core.environment:checking '/home/fsp/puzzle_bot/Week1_ws/install/basic_comms/bin'
[4.494s] Level 1:colcon.colcon_core.environment:create_environment_scripts_only(basic_comms)
[4.515s] INFO:colcon.colcon_core.shell:Creating package script '/home/fsp/puzzle_bot/Week1_ws/install/basic_comms/share/basic_comms/package.ps1'
[4.515s] INFO:colcon.colcon_core.shell:Creating package descriptor '/home/fsp/puzzle_bot/Week1_ws/install/basic_comms/share/basic_comms/package.dsv'
[4.516s] INFO:colcon.colcon_core.shell:Creating package script '/home/fsp/puzzle_bot/Week1_ws/install/basic_comms/share/basic_comms/package.sh'
[4.517s] INFO:colcon.colcon_core.shell:Creating package script '/home/fsp/puzzle_bot/Week1_ws/install/basic_comms/share/basic_comms/package.bash'
[4.517s] INFO:colcon.colcon_core.shell:Creating package script '/home/fsp/puzzle_bot/Week1_ws/install/basic_comms/share/basic_comms/package.zsh'
[4.517s] Level 1:colcon.colcon_core.environment:create_file_with_runtime_dependencies(/home/fsp/puzzle_bot/Week1_ws/install/basic_comms/share/colcon-core/packages/basic_comms)
[4.518s] DEBUG:colcon.colcon_parallel_executor.executor.parallel:closing loop
[4.518s] DEBUG:colcon.colcon_parallel_executor.executor.parallel:loop closed
[4.518s] DEBUG:colcon.colcon_parallel_executor.executor.parallel:run_until_complete finished with '0'
[4.519s] DEBUG:colcon.colcon_core.event_reactor:joining thread
[4.556s] INFO:colcon.colcon_core.plugin_system:Skipping extension 'colcon_notification.desktop_notification.terminal_notifier': Not used on non-Darwin systems
[4.556s] INFO:colcon.colcon_core.plugin_system:Skipping extension 'colcon_notification.desktop_notification.win32': Not used on non-Windows systems
[4.556s] INFO:colcon.colcon_notification.desktop_notification:Sending desktop notification using 'notify2'
[4.574s] DEBUG:colcon.colcon_core.event_reactor:joined thread
[4.608s] INFO:colcon.colcon_core.shell:Creating prefix script '/home/fsp/puzzle_bot/Week1_ws/install/local_setup.ps1'
[4.610s] INFO:colcon.colcon_core.shell:Creating prefix util module '/home/fsp/puzzle_bot/Week1_ws/install/_local_setup_util_ps1.py'
[4.612s] INFO:colcon.colcon_core.shell:Creating prefix chain script '/home/fsp/puzzle_bot/Week1_ws/install/setup.ps1'
[4.637s] INFO:colcon.colcon_core.shell:Creating prefix script '/home/fsp/puzzle_bot/Week1_ws/install/local_setup.sh'
[4.638s] INFO:colcon.colcon_core.shell:Creating prefix util module '/home/fsp/puzzle_bot/Week1_ws/install/_local_setup_util_sh.py'
[4.639s] INFO:colcon.colcon_core.shell:Creating prefix chain script '/home/fsp/puzzle_bot/Week1_ws/install/setup.sh'
[4.662s] INFO:colcon.colcon_core.shell:Creating prefix script '/home/fsp/puzzle_bot/Week1_ws/install/local_setup.bash'
[4.663s] INFO:colcon.colcon_core.shell:Creating prefix chain script '/home/fsp/puzzle_bot/Week1_ws/install/setup.bash'
[4.687s] INFO:colcon.colcon_core.shell:Creating prefix script '/home/fsp/puzzle_bot/Week1_ws/install/local_setup.zsh'
[4.688s] INFO:colcon.colcon_core.shell:Creating prefix chain script '/home/fsp/puzzle_bot/Week1_ws/install/setup.zsh'
