[1.076s] Invoking command in '/home/fsp/puzzle_bot/Week1_ws/src/basic_comms': PYTHONPATH=/home/fsp/puzzle_bot/Week1_ws/build/basic_comms/prefix_override:/home/fsp/puzzle_bot/Week1_ws/install/basic_comms/lib/python3.10/site-packages:${PYTHONPATH} /usr/bin/python3 setup.py egg_info --egg-base ../../build/basic_comms build --build-base /home/fsp/puzzle_bot/Week1_ws/build/basic_comms/build install --record /home/fsp/puzzle_bot/Week1_ws/build/basic_comms/install.log --single-version-externally-managed
[1.397s] running egg_info
[1.405s] creating ../../build/basic_comms/basic_comms.egg-info
[1.406s] writing ../../build/basic_comms/basic_comms.egg-info/PKG-INFO
[1.406s] writing dependency_links to ../../build/basic_comms/basic_comms.egg-info/dependency_links.txt
[1.407s] writing entry points to ../../build/basic_comms/basic_comms.egg-info/entry_points.txt
[1.407s] writing requirements to ../../build/basic_comms/basic_comms.egg-info/requires.txt
[1.407s] writing top-level names to ../../build/basic_comms/basic_comms.egg-info/top_level.txt
[1.407s] writing manifest file '../../build/basic_comms/basic_comms.egg-info/SOURCES.txt'
[1.409s] reading manifest file '../../build/basic_comms/basic_comms.egg-info/SOURCES.txt'
[1.410s] writing manifest file '../../build/basic_comms/basic_comms.egg-info/SOURCES.txt'
[1.411s] running build
[1.411s] running build_py
[1.411s] creating /home/fsp/puzzle_bot/Week1_ws/build/basic_comms/build
[1.411s] creating /home/fsp/puzzle_bot/Week1_ws/build/basic_comms/build/lib
[1.412s] creating /home/fsp/puzzle_bot/Week1_ws/build/basic_comms/build/lib/basic_comms
[1.412s] copying basic_comms/talker.py -> /home/fsp/puzzle_bot/Week1_ws/build/basic_comms/build/lib/basic_comms
[1.412s] copying basic_comms/__init__.py -> /home/fsp/puzzle_bot/Week1_ws/build/basic_comms/build/lib/basic_comms
[1.412s] running install
[1.413s] /usr/lib/python3/dist-packages/setuptools/command/install.py:34: SetuptoolsDeprecationWarning: setup.py install is deprecated. Use build and pip and other standards-based tools.
[1.413s]   warnings.warn(
[1.413s] running install_lib
[1.414s] creating /home/fsp/puzzle_bot/Week1_ws/install/basic_comms/lib/python3.10/site-packages/basic_comms
[1.414s] copying /home/fsp/puzzle_bot/Week1_ws/build/basic_comms/build/lib/basic_comms/talker.py -> /home/fsp/puzzle_bot/Week1_ws/install/basic_comms/lib/python3.10/site-packages/basic_comms
[1.414s] copying /home/fsp/puzzle_bot/Week1_ws/build/basic_comms/build/lib/basic_comms/__init__.py -> /home/fsp/puzzle_bot/Week1_ws/install/basic_comms/lib/python3.10/site-packages/basic_comms
[1.415s] byte-compiling /home/fsp/puzzle_bot/Week1_ws/install/basic_comms/lib/python3.10/site-packages/basic_comms/talker.py to talker.cpython-310.pyc
[1.415s] byte-compiling /home/fsp/puzzle_bot/Week1_ws/install/basic_comms/lib/python3.10/site-packages/basic_comms/__init__.py to __init__.cpython-310.pyc
[1.416s] running install_data
[1.417s] creating /home/fsp/puzzle_bot/Week1_ws/install/basic_comms/share/ament_index
[1.417s] creating /home/fsp/puzzle_bot/Week1_ws/install/basic_comms/share/ament_index/resource_index
[1.417s] creating /home/fsp/puzzle_bot/Week1_ws/install/basic_comms/share/ament_index/resource_index/packages
[1.417s] copying resource/basic_comms -> /home/fsp/puzzle_bot/Week1_ws/install/basic_comms/share/ament_index/resource_index/packages
[1.417s] copying package.xml -> /home/fsp/puzzle_bot/Week1_ws/install/basic_comms/share/basic_comms
[1.417s] running install_egg_info
[1.419s] Copying ../../build/basic_comms/basic_comms.egg-info to /home/fsp/puzzle_bot/Week1_ws/install/basic_comms/lib/python3.10/site-packages/basic_comms-0.0.0-py3.10.egg-info
[1.420s] running install_scripts
[1.448s] Installing talker script to /home/fsp/puzzle_bot/Week1_ws/install/basic_comms/lib/basic_comms
[1.449s] writing list of installed files to '/home/fsp/puzzle_bot/Week1_ws/build/basic_comms/install.log'
[1.489s] Invoked command in '/home/fsp/puzzle_bot/Week1_ws/src/basic_comms' returned '0': PYTHONPATH=/home/fsp/puzzle_bot/Week1_ws/build/basic_comms/prefix_override:/home/fsp/puzzle_bot/Week1_ws/install/basic_comms/lib/python3.10/site-packages:${PYTHONPATH} /usr/bin/python3 setup.py egg_info --egg-base ../../build/basic_comms build --build-base /home/fsp/puzzle_bot/Week1_ws/build/basic_comms/build install --record /home/fsp/puzzle_bot/Week1_ws/build/basic_comms/install.log --single-version-externally-managed
