[1.459s] DEBUG:colcon:Command line arguments: ['/usr/bin/colcon', 'build', '--symlink-install']
[1.459s] DEBUG:colcon:Parsed command line arguments: Namespace(log_base=None, log_level=None, verb_name='build', build_base='build', install_base='install', merge_install=False, symlink_install=True, test_result_base=None, continue_on_error=False, executor='parallel', parallel_workers=4, event_handlers=None, ignore_user_meta=False, metas=['./colcon.meta'], base_paths=['.'], packages_ignore=None, packages_ignore_regex=None, paths=None, packages_up_to=None, packages_up_to_regex=None, packages_above=None, packages_above_and_dependencies=None, packages_above_depth=None, packages_select_by_dep=None, packages_skip_by_dep=None, packages_skip_up_to=None, packages_select_build_failed=False, packages_skip_build_finished=False, packages_select_test_failures=False, packages_skip_test_passed=False, packages_select=None, packages_skip=None, packages_select_regex=None, packages_skip_regex=None, packages_start=None, packages_end=None, allow_overriding=[], cmake_args=None, cmake_target=None, cmake_target_skip_unavailable=False, cmake_clean_cache=False, cmake_clean_first=False, cmake_force_configure=False, ament_cmake_args=None, catkin_cmake_args=None, catkin_skip_building_tests=False, verb_parser=<colcon_defaults.argument_parser.defaults.DefaultArgumentsDecorator object at 0x7f388b9c09d0>, verb_extension=<colcon_core.verb.build.BuildVerb object at 0x7f388bc899c0>, main=<bound method BuildVerb.main of <colcon_core.verb.build.BuildVerb object at 0x7f388bc899c0>>)
[1.529s] Level 1:colcon.colcon_core.package_discovery:discover_packages(colcon_meta) check parameters
[1.529s] Level 1:colcon.colcon_core.package_discovery:discover_packages(recursive) check parameters
[1.529s] Level 1:colcon.colcon_core.package_discovery:discover_packages(ignore) check parameters
[1.529s] Level 1:colcon.colcon_core.package_discovery:discover_packages(path) check parameters
[1.529s] Level 1:colcon.colcon_core.package_discovery:discover_packages(colcon_meta) discover
[1.529s] Level 1:colcon.colcon_core.package_discovery:discover_packages(recursive) discover
[1.529s] INFO:colcon.colcon_core.package_discovery:Crawling recursively for packages in '/home/fsp/TE3001-Robotics_Fundamentals/ROS2/miniChallenges_ws'
[1.529s] Level 1:colcon.colcon_core.package_identification:_identify(.) by extensions ['ignore', 'ignore_ament_install']
[1.530s] Level 1:colcon.colcon_core.package_identification:_identify(.) by extension 'ignore'
[1.530s] Level 1:colcon.colcon_core.package_identification:_identify(.) by extension 'ignore_ament_install'
[1.530s] Level 1:colcon.colcon_core.package_identification:_identify(.) by extensions ['colcon_pkg']
[1.530s] Level 1:colcon.colcon_core.package_identification:_identify(.) by extension 'colcon_pkg'
[1.530s] Level 1:colcon.colcon_core.package_identification:_identify(.) by extensions ['colcon_meta']
[1.530s] Level 1:colcon.colcon_core.package_identification:_identify(.) by extension 'colcon_meta'
[1.530s] Level 1:colcon.colcon_core.package_identification:_identify(.) by extensions ['ros']
[1.530s] Level 1:colcon.colcon_core.package_identification:_identify(.) by extension 'ros'
[1.545s] Level 1:colcon.colcon_core.package_identification:_identify(.) by extensions ['cmake', 'python']
[1.545s] Level 1:colcon.colcon_core.package_identification:_identify(.) by extension 'cmake'
[1.545s] Level 1:colcon.colcon_core.package_identification:_identify(.) by extension 'python'
[1.545s] Level 1:colcon.colcon_core.package_identification:_identify(.) by extensions ['python_setup_py']
[1.545s] Level 1:colcon.colcon_core.package_identification:_identify(.) by extension 'python_setup_py'
[1.546s] Level 1:colcon.colcon_core.package_identification:_identify(build) by extensions ['ignore', 'ignore_ament_install']
[1.546s] Level 1:colcon.colcon_core.package_identification:_identify(build) by extension 'ignore'
[1.546s] Level 1:colcon.colcon_core.package_identification:_identify(build) ignored
[1.546s] Level 1:colcon.colcon_core.package_identification:_identify(install) by extensions ['ignore', 'ignore_ament_install']
[1.546s] Level 1:colcon.colcon_core.package_identification:_identify(install) by extension 'ignore'
[1.546s] Level 1:colcon.colcon_core.package_identification:_identify(install) ignored
[1.546s] Level 1:colcon.colcon_core.package_identification:_identify(log) by extensions ['ignore', 'ignore_ament_install']
[1.547s] Level 1:colcon.colcon_core.package_identification:_identify(log) by extension 'ignore'
[1.547s] Level 1:colcon.colcon_core.package_identification:_identify(log) ignored
[1.547s] Level 1:colcon.colcon_core.package_identification:_identify(src) by extensions ['ignore', 'ignore_ament_install']
[1.547s] Level 1:colcon.colcon_core.package_identification:_identify(src) by extension 'ignore'
[1.547s] Level 1:colcon.colcon_core.package_identification:_identify(src) by extension 'ignore_ament_install'
[1.547s] Level 1:colcon.colcon_core.package_identification:_identify(src) by extensions ['colcon_pkg']
[1.547s] Level 1:colcon.colcon_core.package_identification:_identify(src) by extension 'colcon_pkg'
[1.547s] Level 1:colcon.colcon_core.package_identification:_identify(src) by extensions ['colcon_meta']
[1.547s] Level 1:colcon.colcon_core.package_identification:_identify(src) by extension 'colcon_meta'
[1.547s] Level 1:colcon.colcon_core.package_identification:_identify(src) by extensions ['ros']
[1.547s] Level 1:colcon.colcon_core.package_identification:_identify(src) by extension 'ros'
[1.547s] Level 1:colcon.colcon_core.package_identification:_identify(src) by extensions ['cmake', 'python']
[1.547s] Level 1:colcon.colcon_core.package_identification:_identify(src) by extension 'cmake'
[1.547s] Level 1:colcon.colcon_core.package_identification:_identify(src) by extension 'python'
[1.548s] Level 1:colcon.colcon_core.package_identification:_identify(src) by extensions ['python_setup_py']
[1.548s] Level 1:colcon.colcon_core.package_identification:_identify(src) by extension 'python_setup_py'
[1.548s] Level 1:colcon.colcon_core.package_identification:_identify(src/basic_comms) by extensions ['ignore', 'ignore_ament_install']
[1.548s] Level 1:colcon.colcon_core.package_identification:_identify(src/basic_comms) by extension 'ignore'
[1.548s] Level 1:colcon.colcon_core.package_identification:_identify(src/basic_comms) by extension 'ignore_ament_install'
[1.548s] Level 1:colcon.colcon_core.package_identification:_identify(src/basic_comms) by extensions ['colcon_pkg']
[1.548s] Level 1:colcon.colcon_core.package_identification:_identify(src/basic_comms) by extension 'colcon_pkg'
[1.548s] Level 1:colcon.colcon_core.package_identification:_identify(src/basic_comms) by extensions ['colcon_meta']
[1.548s] Level 1:colcon.colcon_core.package_identification:_identify(src/basic_comms) by extension 'colcon_meta'
[1.548s] Level 1:colcon.colcon_core.package_identification:_identify(src/basic_comms) by extensions ['ros']
[1.548s] Level 1:colcon.colcon_core.package_identification:_identify(src/basic_comms) by extension 'ros'
[1.551s] DEBUG:colcon.colcon_core.package_identification:Package 'src/basic_comms' with type 'ros.ament_python' and name 'basic_comms'
[1.552s] Level 1:colcon.colcon_core.package_identification:_identify(src/courseworks) by extensions ['ignore', 'ignore_ament_install']
[1.552s] Level 1:colcon.colcon_core.package_identification:_identify(src/courseworks) by extension 'ignore'
[1.552s] Level 1:colcon.colcon_core.package_identification:_identify(src/courseworks) by extension 'ignore_ament_install'
[1.552s] Level 1:colcon.colcon_core.package_identification:_identify(src/courseworks) by extensions ['colcon_pkg']
[1.552s] Level 1:colcon.colcon_core.package_identification:_identify(src/courseworks) by extension 'colcon_pkg'
[1.552s] Level 1:colcon.colcon_core.package_identification:_identify(src/courseworks) by extensions ['colcon_meta']
[1.552s] Level 1:colcon.colcon_core.package_identification:_identify(src/courseworks) by extension 'colcon_meta'
[1.552s] Level 1:colcon.colcon_core.package_identification:_identify(src/courseworks) by extensions ['ros']
[1.552s] Level 1:colcon.colcon_core.package_identification:_identify(src/courseworks) by extension 'ros'
[1.553s] DEBUG:colcon.colcon_core.package_identification:Package 'src/courseworks' with type 'ros.ament_python' and name 'courseworks'
[1.553s] Level 1:colcon.colcon_core.package_identification:_identify(src/custom_msgs) by extensions ['ignore', 'ignore_ament_install']
[1.554s] Level 1:colcon.colcon_core.package_identification:_identify(src/custom_msgs) by extension 'ignore'
[1.554s] Level 1:colcon.colcon_core.package_identification:_identify(src/custom_msgs) by extension 'ignore_ament_install'
[1.554s] Level 1:colcon.colcon_core.package_identification:_identify(src/custom_msgs) by extensions ['colcon_pkg']
[1.554s] Level 1:colcon.colcon_core.package_identification:_identify(src/custom_msgs) by extension 'colcon_pkg'
[1.554s] Level 1:colcon.colcon_core.package_identification:_identify(src/custom_msgs) by extensions ['colcon_meta']
[1.554s] Level 1:colcon.colcon_core.package_identification:_identify(src/custom_msgs) by extension 'colcon_meta'
[1.554s] Level 1:colcon.colcon_core.package_identification:_identify(src/custom_msgs) by extensions ['ros']
[1.554s] Level 1:colcon.colcon_core.package_identification:_identify(src/custom_msgs) by extension 'ros'
[1.555s] DEBUG:colcon.colcon_core.package_identification:Package 'src/custom_msgs' with type 'ros.ament_cmake' and name 'custom_msgs'
[1.555s] Level 1:colcon.colcon_core.package_identification:_identify(src/signal_reconstruct) by extensions ['ignore', 'ignore_ament_install']
[1.555s] Level 1:colcon.colcon_core.package_identification:_identify(src/signal_reconstruct) by extension 'ignore'
[1.555s] Level 1:colcon.colcon_core.package_identification:_identify(src/signal_reconstruct) by extension 'ignore_ament_install'
[1.555s] Level 1:colcon.colcon_core.package_identification:_identify(src/signal_reconstruct) by extensions ['colcon_pkg']
[1.555s] Level 1:colcon.colcon_core.package_identification:_identify(src/signal_reconstruct) by extension 'colcon_pkg'
[1.555s] Level 1:colcon.colcon_core.package_identification:_identify(src/signal_reconstruct) by extensions ['colcon_meta']
[1.555s] Level 1:colcon.colcon_core.package_identification:_identify(src/signal_reconstruct) by extension 'colcon_meta'
[1.556s] Level 1:colcon.colcon_core.package_identification:_identify(src/signal_reconstruct) by extensions ['ros']
[1.556s] Level 1:colcon.colcon_core.package_identification:_identify(src/signal_reconstruct) by extension 'ros'
[1.556s] DEBUG:colcon.colcon_core.package_identification:Package 'src/signal_reconstruct' with type 'ros.ament_python' and name 'signal_reconstruct'
[1.556s] Level 1:colcon.colcon_core.package_discovery:discover_packages(recursive) using defaults
[1.557s] Level 1:colcon.colcon_core.package_discovery:discover_packages(ignore) discover
[1.557s] Level 1:colcon.colcon_core.package_discovery:discover_packages(ignore) using defaults
[1.557s] Level 1:colcon.colcon_core.package_discovery:discover_packages(path) discover
[1.557s] Level 1:colcon.colcon_core.package_discovery:discover_packages(path) using defaults
[1.692s] Level 1:colcon.colcon_core.package_discovery:discover_packages(prefix_path) check parameters
[1.692s] Level 1:colcon.colcon_core.package_discovery:discover_packages(prefix_path) discover
[1.738s] DEBUG:colcon.colcon_installed_package_information.package_discovery:Found 4 installed packages in /home/fsp/TE3001-Robotics_Fundamentals/ROS2/miniChallenges_ws/install
[1.760s] DEBUG:colcon.colcon_installed_package_information.package_discovery:Found 10 installed packages in /home/fsp/ROS2_puzzle_bot/xArm_ws/install
[1.783s] DEBUG:colcon.colcon_installed_package_information.package_discovery:Found 338 installed packages in /opt/ros/humble
[1.798s] Level 1:colcon.colcon_core.package_discovery:discover_packages(prefix_path) using defaults
[1.936s] Level 5:colcon.colcon_core.verb:set package 'basic_comms' build argument 'cmake_args' from command line to 'None'
[1.936s] Level 5:colcon.colcon_core.verb:set package 'basic_comms' build argument 'cmake_target' from command line to 'None'
[1.936s] Level 5:colcon.colcon_core.verb:set package 'basic_comms' build argument 'cmake_target_skip_unavailable' from command line to 'False'
[1.936s] Level 5:colcon.colcon_core.verb:set package 'basic_comms' build argument 'cmake_clean_cache' from command line to 'False'
[1.936s] Level 5:colcon.colcon_core.verb:set package 'basic_comms' build argument 'cmake_clean_first' from command line to 'False'
[1.936s] Level 5:colcon.colcon_core.verb:set package 'basic_comms' build argument 'cmake_force_configure' from command line to 'False'
[1.936s] Level 5:colcon.colcon_core.verb:set package 'basic_comms' build argument 'ament_cmake_args' from command line to 'None'
[1.937s] Level 5:colcon.colcon_core.verb:set package 'basic_comms' build argument 'catkin_cmake_args' from command line to 'None'
[1.937s] Level 5:colcon.colcon_core.verb:set package 'basic_comms' build argument 'catkin_skip_building_tests' from command line to 'False'
[1.937s] DEBUG:colcon.colcon_core.verb:Building package 'basic_comms' with the following arguments: {'ament_cmake_args': None, 'build_base': '/home/fsp/TE3001-Robotics_Fundamentals/ROS2/miniChallenges_ws/build/basic_comms', 'catkin_cmake_args': None, 'catkin_skip_building_tests': False, 'cmake_args': None, 'cmake_clean_cache': False, 'cmake_clean_first': False, 'cmake_force_configure': False, 'cmake_target': None, 'cmake_target_skip_unavailable': False, 'install_base': '/home/fsp/TE3001-Robotics_Fundamentals/ROS2/miniChallenges_ws/install/basic_comms', 'merge_install': False, 'path': '/home/fsp/TE3001-Robotics_Fundamentals/ROS2/miniChallenges_ws/src/basic_comms', 'symlink_install': True, 'test_result_base': None}
[1.958s] Level 5:colcon.colcon_core.verb:set package 'courseworks' build argument 'cmake_args' from command line to 'None'
[1.958s] Level 5:colcon.colcon_core.verb:set package 'courseworks' build argument 'cmake_target' from command line to 'None'
[1.958s] Level 5:colcon.colcon_core.verb:set package 'courseworks' build argument 'cmake_target_skip_unavailable' from command line to 'False'
[1.958s] Level 5:colcon.colcon_core.verb:set package 'courseworks' build argument 'cmake_clean_cache' from command line to 'False'
[1.958s] Level 5:colcon.colcon_core.verb:set package 'courseworks' build argument 'cmake_clean_first' from command line to 'False'
[1.958s] Level 5:colcon.colcon_core.verb:set package 'courseworks' build argument 'cmake_force_configure' from command line to 'False'
[1.958s] Level 5:colcon.colcon_core.verb:set package 'courseworks' build argument 'ament_cmake_args' from command line to 'None'
[1.958s] Level 5:colcon.colcon_core.verb:set package 'courseworks' build argument 'catkin_cmake_args' from command line to 'None'
[1.958s] Level 5:colcon.colcon_core.verb:set package 'courseworks' build argument 'catkin_skip_building_tests' from command line to 'False'
[1.958s] DEBUG:colcon.colcon_core.verb:Building package 'courseworks' with the following arguments: {'ament_cmake_args': None, 'build_base': '/home/fsp/TE3001-Robotics_Fundamentals/ROS2/miniChallenges_ws/build/courseworks', 'catkin_cmake_args': None, 'catkin_skip_building_tests': False, 'cmake_args': None, 'cmake_clean_cache': False, 'cmake_clean_first': False, 'cmake_force_configure': False, 'cmake_target': None, 'cmake_target_skip_unavailable': False, 'install_base': '/home/fsp/TE3001-Robotics_Fundamentals/ROS2/miniChallenges_ws/install/courseworks', 'merge_install': False, 'path': '/home/fsp/TE3001-Robotics_Fundamentals/ROS2/miniChallenges_ws/src/courseworks', 'symlink_install': True, 'test_result_base': None}
[1.981s] Level 5:colcon.colcon_core.verb:set package 'custom_msgs' build argument 'cmake_args' from command line to 'None'
[1.981s] Level 5:colcon.colcon_core.verb:set package 'custom_msgs' build argument 'cmake_target' from command line to 'None'
[1.981s] Level 5:colcon.colcon_core.verb:set package 'custom_msgs' build argument 'cmake_target_skip_unavailable' from command line to 'False'
[1.981s] Level 5:colcon.colcon_core.verb:set package 'custom_msgs' build argument 'cmake_clean_cache' from command line to 'False'
[1.981s] Level 5:colcon.colcon_core.verb:set package 'custom_msgs' build argument 'cmake_clean_first' from command line to 'False'
[1.981s] Level 5:colcon.colcon_core.verb:set package 'custom_msgs' build argument 'cmake_force_configure' from command line to 'False'
[1.981s] Level 5:colcon.colcon_core.verb:set package 'custom_msgs' build argument 'ament_cmake_args' from command line to 'None'
[1.981s] Level 5:colcon.colcon_core.verb:set package 'custom_msgs' build argument 'catkin_cmake_args' from command line to 'None'
[1.981s] Level 5:colcon.colcon_core.verb:set package 'custom_msgs' build argument 'catkin_skip_building_tests' from command line to 'False'
[1.981s] DEBUG:colcon.colcon_core.verb:Building package 'custom_msgs' with the following arguments: {'ament_cmake_args': None, 'build_base': '/home/fsp/TE3001-Robotics_Fundamentals/ROS2/miniChallenges_ws/build/custom_msgs', 'catkin_cmake_args': None, 'catkin_skip_building_tests': False, 'cmake_args': None, 'cmake_clean_cache': False, 'cmake_clean_first': False, 'cmake_force_configure': False, 'cmake_target': None, 'cmake_target_skip_unavailable': False, 'install_base': '/home/fsp/TE3001-Robotics_Fundamentals/ROS2/miniChallenges_ws/install/custom_msgs', 'merge_install': False, 'path': '/home/fsp/TE3001-Robotics_Fundamentals/ROS2/miniChallenges_ws/src/custom_msgs', 'symlink_install': True, 'test_result_base': None}
[2.002s] Level 5:colcon.colcon_core.verb:set package 'signal_reconstruct' build argument 'cmake_args' from command line to 'None'
[2.002s] Level 5:colcon.colcon_core.verb:set package 'signal_reconstruct' build argument 'cmake_target' from command line to 'None'
[2.003s] Level 5:colcon.colcon_core.verb:set package 'signal_reconstruct' build argument 'cmake_target_skip_unavailable' from command line to 'False'
[2.003s] Level 5:colcon.colcon_core.verb:set package 'signal_reconstruct' build argument 'cmake_clean_cache' from command line to 'False'
[2.003s] Level 5:colcon.colcon_core.verb:set package 'signal_reconstruct' build argument 'cmake_clean_first' from command line to 'False'
[2.003s] Level 5:colcon.colcon_core.verb:set package 'signal_reconstruct' build argument 'cmake_force_configure' from command line to 'False'
[2.003s] Level 5:colcon.colcon_core.verb:set package 'signal_reconstruct' build argument 'ament_cmake_args' from command line to 'None'
[2.003s] Level 5:colcon.colcon_core.verb:set package 'signal_reconstruct' build argument 'catkin_cmake_args' from command line to 'None'
[2.003s] Level 5:colcon.colcon_core.verb:set package 'signal_reconstruct' build argument 'catkin_skip_building_tests' from command line to 'False'
[2.003s] DEBUG:colcon.colcon_core.verb:Building package 'signal_reconstruct' with the following arguments: {'ament_cmake_args': None, 'build_base': '/home/fsp/TE3001-Robotics_Fundamentals/ROS2/miniChallenges_ws/build/signal_reconstruct', 'catkin_cmake_args': None, 'catkin_skip_building_tests': False, 'cmake_args': None, 'cmake_clean_cache': False, 'cmake_clean_first': False, 'cmake_force_configure': False, 'cmake_target': None, 'cmake_target_skip_unavailable': False, 'install_base': '/home/fsp/TE3001-Robotics_Fundamentals/ROS2/miniChallenges_ws/install/signal_reconstruct', 'merge_install': False, 'path': '/home/fsp/TE3001-Robotics_Fundamentals/ROS2/miniChallenges_ws/src/signal_reconstruct', 'symlink_install': True, 'test_result_base': None}
[2.024s] INFO:colcon.colcon_core.executor:Executing jobs using 'parallel' executor
[2.056s] DEBUG:colcon.colcon_parallel_executor.executor.parallel:run_until_complete
[2.057s] INFO:colcon.colcon_ros.task.ament_python.build:Building ROS package in '/home/fsp/TE3001-Robotics_Fundamentals/ROS2/miniChallenges_ws/src/basic_comms' with build type 'ament_python'
[2.057s] Level 1:colcon.colcon_core.shell:create_environment_hook('basic_comms', 'ament_prefix_path')
[2.111s] INFO:colcon.colcon_core.plugin_system:Skipping extension 'colcon_core.shell.bat': Not used on non-Windows systems
[2.111s] INFO:colcon.colcon_core.shell:Creating environment hook '/home/fsp/TE3001-Robotics_Fundamentals/ROS2/miniChallenges_ws/install/basic_comms/share/basic_comms/hook/ament_prefix_path.ps1'
[2.112s] INFO:colcon.colcon_core.shell:Creating environment descriptor '/home/fsp/TE3001-Robotics_Fundamentals/ROS2/miniChallenges_ws/install/basic_comms/share/basic_comms/hook/ament_prefix_path.dsv'
[2.113s] INFO:colcon.colcon_core.shell:Creating environment hook '/home/fsp/TE3001-Robotics_Fundamentals/ROS2/miniChallenges_ws/install/basic_comms/share/basic_comms/hook/ament_prefix_path.sh'
[2.141s] INFO:colcon.colcon_core.shell:Skip shell extension 'powershell' for command environment: Not usable outside of PowerShell
[2.141s] DEBUG:colcon.colcon_core.shell:Skip shell extension 'dsv' for command environment
[2.257s] INFO:colcon.colcon_ros.task.ament_python.build:Building ROS package in '/home/fsp/TE3001-Robotics_Fundamentals/ROS2/miniChallenges_ws/src/courseworks' with build type 'ament_python'
[2.257s] Level 1:colcon.colcon_core.shell:create_environment_hook('courseworks', 'ament_prefix_path')
[2.281s] INFO:colcon.colcon_core.shell:Creating environment hook '/home/fsp/TE3001-Robotics_Fundamentals/ROS2/miniChallenges_ws/install/courseworks/share/courseworks/hook/ament_prefix_path.ps1'
[2.282s] INFO:colcon.colcon_core.shell:Creating environment descriptor '/home/fsp/TE3001-Robotics_Fundamentals/ROS2/miniChallenges_ws/install/courseworks/share/courseworks/hook/ament_prefix_path.dsv'
[2.283s] INFO:colcon.colcon_core.shell:Creating environment hook '/home/fsp/TE3001-Robotics_Fundamentals/ROS2/miniChallenges_ws/install/courseworks/share/courseworks/hook/ament_prefix_path.sh'
[2.309s] INFO:colcon.colcon_core.shell:Skip shell extension 'powershell' for command environment: Not usable outside of PowerShell
[2.309s] DEBUG:colcon.colcon_core.shell:Skip shell extension 'dsv' for command environment
[2.408s] INFO:colcon.colcon_ros.task.ament_cmake.build:Building ROS package in '/home/fsp/TE3001-Robotics_Fundamentals/ROS2/miniChallenges_ws/src/custom_msgs' with build type 'ament_cmake'
[2.408s] INFO:colcon.colcon_cmake.task.cmake.build:Building CMake package in '/home/fsp/TE3001-Robotics_Fundamentals/ROS2/miniChallenges_ws/src/custom_msgs'
[2.434s] INFO:colcon.colcon_core.shell:Skip shell extension 'powershell' for command environment: Not usable outside of PowerShell
[2.434s] DEBUG:colcon.colcon_core.shell:Skip shell extension 'dsv' for command environment
[2.533s] INFO:colcon.colcon_ros.task.ament_python.build:Building ROS package in '/home/fsp/TE3001-Robotics_Fundamentals/ROS2/miniChallenges_ws/src/signal_reconstruct' with build type 'ament_python'
[2.533s] Level 1:colcon.colcon_core.shell:create_environment_hook('signal_reconstruct', 'ament_prefix_path')
[2.557s] INFO:colcon.colcon_core.shell:Creating environment hook '/home/fsp/TE3001-Robotics_Fundamentals/ROS2/miniChallenges_ws/install/signal_reconstruct/share/signal_reconstruct/hook/ament_prefix_path.ps1'
[2.558s] INFO:colcon.colcon_core.shell:Creating environment descriptor '/home/fsp/TE3001-Robotics_Fundamentals/ROS2/miniChallenges_ws/install/signal_reconstruct/share/signal_reconstruct/hook/ament_prefix_path.dsv'
[2.558s] INFO:colcon.colcon_core.shell:Creating environment hook '/home/fsp/TE3001-Robotics_Fundamentals/ROS2/miniChallenges_ws/install/signal_reconstruct/share/signal_reconstruct/hook/ament_prefix_path.sh'
[2.587s] INFO:colcon.colcon_core.shell:Skip shell extension 'powershell' for command environment: Not usable outside of PowerShell
[2.587s] DEBUG:colcon.colcon_core.shell:Skip shell extension 'dsv' for command environment
[3.050s] INFO:colcon.colcon_core.task.python.build:Building Python package in '/home/fsp/TE3001-Robotics_Fundamentals/ROS2/miniChallenges_ws/src/basic_comms'
[3.073s] INFO:colcon.colcon_core.shell:Skip shell extension 'powershell' for command environment: Not usable outside of PowerShell
[3.073s] DEBUG:colcon.colcon_core.shell:Skip shell extension 'dsv' for command environment
[3.536s] INFO:colcon.colcon_core.task.python.build:Building Python package in '/home/fsp/TE3001-Robotics_Fundamentals/ROS2/miniChallenges_ws/src/courseworks'
[3.559s] INFO:colcon.colcon_core.shell:Skip shell extension 'powershell' for command environment: Not usable outside of PowerShell
[3.559s] DEBUG:colcon.colcon_core.shell:Skip shell extension 'dsv' for command environment
[3.665s] DEBUG:colcon.colcon_core.event_handler.log_command:Invoking command in '/home/fsp/TE3001-Robotics_Fundamentals/ROS2/miniChallenges_ws/build/custom_msgs': CMAKE_PREFIX_PATH=${CMAKE_PREFIX_PATH}:/home/fsp/TE3001-Robotics_Fundamentals/ROS2/miniChallenges_ws/install/signal_reconstruct:/home/fsp/TE3001-Robotics_Fundamentals/ROS2/miniChallenges_ws/install/courseworks:/home/fsp/TE3001-Robotics_Fundamentals/ROS2/miniChallenges_ws/install/basic_comms:/opt/ros/humble /usr/bin/cmake /home/fsp/TE3001-Robotics_Fundamentals/ROS2/miniChallenges_ws/src/custom_msgs -DAMENT_CMAKE_SYMLINK_INSTALL=1 -DCMAKE_INSTALL_PREFIX=/home/fsp/TE3001-Robotics_Fundamentals/ROS2/miniChallenges_ws/install/custom_msgs
[4.113s] INFO:colcon.colcon_core.task.python.build:Building Python package in '/home/fsp/TE3001-Robotics_Fundamentals/ROS2/miniChallenges_ws/src/signal_reconstruct'
[4.137s] INFO:colcon.colcon_core.shell:Skip shell extension 'powershell' for command environment: Not usable outside of PowerShell
[4.137s] DEBUG:colcon.colcon_core.shell:Skip shell extension 'dsv' for command environment
[4.682s] DEBUG:colcon.colcon_core.event_handler.log_command:Invoked command in '/home/fsp/TE3001-Robotics_Fundamentals/ROS2/miniChallenges_ws/build/custom_msgs' returned '1': CMAKE_PREFIX_PATH=${CMAKE_PREFIX_PATH}:/home/fsp/TE3001-Robotics_Fundamentals/ROS2/miniChallenges_ws/install/signal_reconstruct:/home/fsp/TE3001-Robotics_Fundamentals/ROS2/miniChallenges_ws/install/courseworks:/home/fsp/TE3001-Robotics_Fundamentals/ROS2/miniChallenges_ws/install/basic_comms:/opt/ros/humble /usr/bin/cmake /home/fsp/TE3001-Robotics_Fundamentals/ROS2/miniChallenges_ws/src/custom_msgs -DAMENT_CMAKE_SYMLINK_INSTALL=1 -DCMAKE_INSTALL_PREFIX=/home/fsp/TE3001-Robotics_Fundamentals/ROS2/miniChallenges_ws/install/custom_msgs
[4.717s] Level 1:colcon.colcon_core.environment:create_environment_scripts_only(custom_msgs)
[4.769s] Level 1:colcon.colcon_core.environment:checking '/home/fsp/TE3001-Robotics_Fundamentals/ROS2/miniChallenges_ws/install/custom_msgs' for CMake module files
[4.770s] Level 1:colcon.colcon_core.environment:checking '/home/fsp/TE3001-Robotics_Fundamentals/ROS2/miniChallenges_ws/install/custom_msgs' for CMake config files
[4.771s] Level 1:colcon.colcon_core.environment:checking '/home/fsp/TE3001-Robotics_Fundamentals/ROS2/miniChallenges_ws/install/custom_msgs/bin'
[4.771s] Level 1:colcon.colcon_core.environment:checking '/home/fsp/TE3001-Robotics_Fundamentals/ROS2/miniChallenges_ws/install/custom_msgs/lib/pkgconfig/custom_msgs.pc'
[4.772s] Level 1:colcon.colcon_core.environment:checking '/home/fsp/TE3001-Robotics_Fundamentals/ROS2/miniChallenges_ws/install/custom_msgs/lib/python3.10/site-packages'
[4.773s] Level 1:colcon.colcon_core.environment:checking '/home/fsp/TE3001-Robotics_Fundamentals/ROS2/miniChallenges_ws/install/custom_msgs/bin'
[4.820s] INFO:colcon.colcon_core.shell:Creating package script '/home/fsp/TE3001-Robotics_Fundamentals/ROS2/miniChallenges_ws/install/custom_msgs/share/custom_msgs/package.ps1'
[4.822s] INFO:colcon.colcon_core.shell:Creating package descriptor '/home/fsp/TE3001-Robotics_Fundamentals/ROS2/miniChallenges_ws/install/custom_msgs/share/custom_msgs/package.dsv'
[4.824s] INFO:colcon.colcon_core.shell:Creating package script '/home/fsp/TE3001-Robotics_Fundamentals/ROS2/miniChallenges_ws/install/custom_msgs/share/custom_msgs/package.sh'
[4.826s] INFO:colcon.colcon_core.shell:Creating package script '/home/fsp/TE3001-Robotics_Fundamentals/ROS2/miniChallenges_ws/install/custom_msgs/share/custom_msgs/package.bash'
[4.828s] INFO:colcon.colcon_core.shell:Creating package script '/home/fsp/TE3001-Robotics_Fundamentals/ROS2/miniChallenges_ws/install/custom_msgs/share/custom_msgs/package.zsh'
[4.830s] Level 1:colcon.colcon_core.environment:create_file_with_runtime_dependencies(/home/fsp/TE3001-Robotics_Fundamentals/ROS2/miniChallenges_ws/install/custom_msgs/share/colcon-core/packages/custom_msgs)
[5.265s] DEBUG:colcon.colcon_parallel_executor.executor.parallel:closing loop
[5.266s] DEBUG:colcon.colcon_parallel_executor.executor.parallel:loop closed
[5.266s] DEBUG:colcon.colcon_parallel_executor.executor.parallel:run_until_complete finished with '1'
[5.266s] DEBUG:colcon.colcon_core.event_reactor:joining thread
[5.301s] INFO:colcon.colcon_core.plugin_system:Skipping extension 'colcon_notification.desktop_notification.terminal_notifier': Not used on non-Darwin systems
[5.302s] INFO:colcon.colcon_core.plugin_system:Skipping extension 'colcon_notification.desktop_notification.win32': Not used on non-Windows systems
[5.302s] INFO:colcon.colcon_notification.desktop_notification:Sending desktop notification using 'notify2'
[5.318s] DEBUG:colcon.colcon_core.event_reactor:joined thread
[5.349s] INFO:colcon.colcon_core.shell:Creating prefix script '/home/fsp/TE3001-Robotics_Fundamentals/ROS2/miniChallenges_ws/install/local_setup.ps1'
[5.350s] INFO:colcon.colcon_core.shell:Creating prefix util module '/home/fsp/TE3001-Robotics_Fundamentals/ROS2/miniChallenges_ws/install/_local_setup_util_ps1.py'
[5.352s] INFO:colcon.colcon_core.shell:Creating prefix chain script '/home/fsp/TE3001-Robotics_Fundamentals/ROS2/miniChallenges_ws/install/setup.ps1'
[5.380s] INFO:colcon.colcon_core.shell:Creating prefix script '/home/fsp/TE3001-Robotics_Fundamentals/ROS2/miniChallenges_ws/install/local_setup.sh'
[5.381s] INFO:colcon.colcon_core.shell:Creating prefix util module '/home/fsp/TE3001-Robotics_Fundamentals/ROS2/miniChallenges_ws/install/_local_setup_util_sh.py'
[5.381s] INFO:colcon.colcon_core.shell:Creating prefix chain script '/home/fsp/TE3001-Robotics_Fundamentals/ROS2/miniChallenges_ws/install/setup.sh'
[5.422s] INFO:colcon.colcon_core.shell:Creating prefix script '/home/fsp/TE3001-Robotics_Fundamentals/ROS2/miniChallenges_ws/install/local_setup.bash'
[5.423s] INFO:colcon.colcon_core.shell:Creating prefix chain script '/home/fsp/TE3001-Robotics_Fundamentals/ROS2/miniChallenges_ws/install/setup.bash'
[5.449s] INFO:colcon.colcon_core.shell:Creating prefix script '/home/fsp/TE3001-Robotics_Fundamentals/ROS2/miniChallenges_ws/install/local_setup.zsh'
[5.450s] INFO:colcon.colcon_core.shell:Creating prefix chain script '/home/fsp/TE3001-Robotics_Fundamentals/ROS2/miniChallenges_ws/install/setup.zsh'
