[1.544s] Invoking command in '/home/fsp/puzzle_bot/Week1_ws/src/courseworks': PYTHONPATH=/home/fsp/puzzle_bot/Week1_ws/build/courseworks/prefix_override:/home/fsp/puzzle_bot/Week1_ws/install/courseworks/lib/python3.10/site-packages:${PYTHONPATH} /usr/bin/python3 setup.py egg_info --egg-base ../../build/courseworks build --build-base /home/fsp/puzzle_bot/Week1_ws/build/courseworks/build install --record /home/fsp/puzzle_bot/Week1_ws/build/courseworks/install.log --single-version-externally-managed
[1.886s] running egg_info
[1.888s] creating ../../build/courseworks/courseworks.egg-info
[1.888s] writing ../../build/courseworks/courseworks.egg-info/PKG-INFO
[1.889s] writing dependency_links to ../../build/courseworks/courseworks.egg-info/dependency_links.txt
[1.889s] writing entry points to ../../build/courseworks/courseworks.egg-info/entry_points.txt
[1.889s] writing requirements to ../../build/courseworks/courseworks.egg-info/requires.txt
[1.889s] writing top-level names to ../../build/courseworks/courseworks.egg-info/top_level.txt
[1.889s] writing manifest file '../../build/courseworks/courseworks.egg-info/SOURCES.txt'
[1.892s] reading manifest file '../../build/courseworks/courseworks.egg-info/SOURCES.txt'
[1.892s] writing manifest file '../../build/courseworks/courseworks.egg-info/SOURCES.txt'
[1.893s] running build
[1.893s] running build_py
[1.893s] creating /home/fsp/puzzle_bot/Week1_ws/build/courseworks/build
[1.893s] creating /home/fsp/puzzle_bot/Week1_ws/build/courseworks/build/lib
[1.893s] creating /home/fsp/puzzle_bot/Week1_ws/build/courseworks/build/lib/courseworks
[1.894s] copying courseworks/signal_generator.py -> /home/fsp/puzzle_bot/Week1_ws/build/courseworks/build/lib/courseworks
[1.894s] copying courseworks/__init__.py -> /home/fsp/puzzle_bot/Week1_ws/build/courseworks/build/lib/courseworks
[1.894s] running install
[1.894s] /usr/lib/python3/dist-packages/setuptools/command/install.py:34: SetuptoolsDeprecationWarning: setup.py install is deprecated. Use build and pip and other standards-based tools.
[1.894s]   warnings.warn(
[1.894s] running install_lib
[1.895s] creating /home/fsp/puzzle_bot/Week1_ws/install/courseworks/lib/python3.10/site-packages/courseworks
[1.896s] copying /home/fsp/puzzle_bot/Week1_ws/build/courseworks/build/lib/courseworks/signal_generator.py -> /home/fsp/puzzle_bot/Week1_ws/install/courseworks/lib/python3.10/site-packages/courseworks
[1.896s] copying /home/fsp/puzzle_bot/Week1_ws/build/courseworks/build/lib/courseworks/__init__.py -> /home/fsp/puzzle_bot/Week1_ws/install/courseworks/lib/python3.10/site-packages/courseworks
[1.897s] byte-compiling /home/fsp/puzzle_bot/Week1_ws/install/courseworks/lib/python3.10/site-packages/courseworks/signal_generator.py to signal_generator.cpython-310.pyc
[1.898s] byte-compiling /home/fsp/puzzle_bot/Week1_ws/install/courseworks/lib/python3.10/site-packages/courseworks/__init__.py to __init__.cpython-310.pyc
[1.898s] running install_data
[1.904s] creating /home/fsp/puzzle_bot/Week1_ws/install/courseworks/share/ament_index
[1.904s] creating /home/fsp/puzzle_bot/Week1_ws/install/courseworks/share/ament_index/resource_index
[1.904s] creating /home/fsp/puzzle_bot/Week1_ws/install/courseworks/share/ament_index/resource_index/packages
[1.904s] copying resource/courseworks -> /home/fsp/puzzle_bot/Week1_ws/install/courseworks/share/ament_index/resource_index/packages
[1.905s] copying package.xml -> /home/fsp/puzzle_bot/Week1_ws/install/courseworks/share/courseworks
[1.905s] running install_egg_info
[1.907s] Copying ../../build/courseworks/courseworks.egg-info to /home/fsp/puzzle_bot/Week1_ws/install/courseworks/lib/python3.10/site-packages/courseworks-0.0.0-py3.10.egg-info
[1.909s] running install_scripts
[1.942s] Installing signal_generator script to /home/fsp/puzzle_bot/Week1_ws/install/courseworks/lib/courseworks
[1.943s] writing list of installed files to '/home/fsp/puzzle_bot/Week1_ws/build/courseworks/install.log'
[1.986s] Invoked command in '/home/fsp/puzzle_bot/Week1_ws/src/courseworks' returned '0': PYTHONPATH=/home/fsp/puzzle_bot/Week1_ws/build/courseworks/prefix_override:/home/fsp/puzzle_bot/Week1_ws/install/courseworks/lib/python3.10/site-packages:${PYTHONPATH} /usr/bin/python3 setup.py egg_info --egg-base ../../build/courseworks build --build-base /home/fsp/puzzle_bot/Week1_ws/build/courseworks/build install --record /home/fsp/puzzle_bot/Week1_ws/build/courseworks/install.log --single-version-externally-managed
