[1.749s] Invoking command in '/home/fsp/ROS2_puzzle_bot/Week1_ws/src/courseworks': PYTHONPATH=/home/fsp/ROS2_puzzle_bot/Week1_ws/build/courseworks/prefix_override:/home/fsp/ROS2_puzzle_bot/Week1_ws/install/courseworks/lib/python3.10/site-packages:${PYTHONPATH} /usr/bin/python3 setup.py egg_info --egg-base ../../build/courseworks build --build-base /home/fsp/ROS2_puzzle_bot/Week1_ws/build/courseworks/build install --record /home/fsp/ROS2_puzzle_bot/Week1_ws/build/courseworks/install.log --single-version-externally-managed
[2.133s] running egg_info
[2.134s] writing ../../build/courseworks/courseworks.egg-info/PKG-INFO
[2.135s] writing dependency_links to ../../build/courseworks/courseworks.egg-info/dependency_links.txt
[2.135s] writing entry points to ../../build/courseworks/courseworks.egg-info/entry_points.txt
[2.135s] writing requirements to ../../build/courseworks/courseworks.egg-info/requires.txt
[2.136s] writing top-level names to ../../build/courseworks/courseworks.egg-info/top_level.txt
[2.139s] reading manifest file '../../build/courseworks/courseworks.egg-info/SOURCES.txt'
[2.141s] writing manifest file '../../build/courseworks/courseworks.egg-info/SOURCES.txt'
[2.141s] running build
[2.141s] running build_py
[2.142s] copying courseworks/process.py -> /home/fsp/ROS2_puzzle_bot/Week1_ws/build/courseworks/build/lib/courseworks
[2.142s] running install
[2.142s] /usr/lib/python3/dist-packages/setuptools/command/install.py:34: SetuptoolsDeprecationWarning: setup.py install is deprecated. Use build and pip and other standards-based tools.
[2.143s]   warnings.warn(
[2.143s] running install_lib
[2.145s] copying /home/fsp/ROS2_puzzle_bot/Week1_ws/build/courseworks/build/lib/courseworks/process.py -> /home/fsp/ROS2_puzzle_bot/Week1_ws/install/courseworks/lib/python3.10/site-packages/courseworks
[2.146s] byte-compiling /home/fsp/ROS2_puzzle_bot/Week1_ws/install/courseworks/lib/python3.10/site-packages/courseworks/process.py to process.cpython-310.pyc
[2.147s] running install_data
[2.149s] running install_egg_info
[2.152s] removing '/home/fsp/ROS2_puzzle_bot/Week1_ws/install/courseworks/lib/python3.10/site-packages/courseworks-0.0.0-py3.10.egg-info' (and everything under it)
[2.152s] Copying ../../build/courseworks/courseworks.egg-info to /home/fsp/ROS2_puzzle_bot/Week1_ws/install/courseworks/lib/python3.10/site-packages/courseworks-0.0.0-py3.10.egg-info
[2.154s] running install_scripts
[2.198s] Installing process script to /home/fsp/ROS2_puzzle_bot/Week1_ws/install/courseworks/lib/courseworks
[2.198s] Installing signal_generator script to /home/fsp/ROS2_puzzle_bot/Week1_ws/install/courseworks/lib/courseworks
[2.199s] writing list of installed files to '/home/fsp/ROS2_puzzle_bot/Week1_ws/build/courseworks/install.log'
[2.305s] Invoked command in '/home/fsp/ROS2_puzzle_bot/Week1_ws/src/courseworks' returned '0': PYTHONPATH=/home/fsp/ROS2_puzzle_bot/Week1_ws/build/courseworks/prefix_override:/home/fsp/ROS2_puzzle_bot/Week1_ws/install/courseworks/lib/python3.10/site-packages:${PYTHONPATH} /usr/bin/python3 setup.py egg_info --egg-base ../../build/courseworks build --build-base /home/fsp/ROS2_puzzle_bot/Week1_ws/build/courseworks/build install --record /home/fsp/ROS2_puzzle_bot/Week1_ws/build/courseworks/install.log --single-version-externally-managed
