[1.588s] DEBUG:colcon:Command line arguments: ['/usr/bin/colcon', 'build', '--symlink-install']
[1.588s] DEBUG:colcon:Parsed command line arguments: Namespace(log_base=None, log_level=None, verb_name='build', build_base='build', install_base='install', merge_install=False, symlink_install=True, test_result_base=None, continue_on_error=False, executor='parallel', parallel_workers=4, event_handlers=None, ignore_user_meta=False, metas=['./colcon.meta'], base_paths=['.'], packages_ignore=None, packages_ignore_regex=None, paths=None, packages_up_to=None, packages_up_to_regex=None, packages_above=None, packages_above_and_dependencies=None, packages_above_depth=None, packages_select_by_dep=None, packages_skip_by_dep=None, packages_skip_up_to=None, packages_select_build_failed=False, packages_skip_build_finished=False, packages_select_test_failures=False, packages_skip_test_passed=False, packages_select=None, packages_skip=None, packages_select_regex=None, packages_skip_regex=None, packages_start=None, packages_end=None, allow_overriding=[], cmake_args=None, cmake_target=None, cmake_target_skip_unavailable=False, cmake_clean_cache=False, cmake_clean_first=False, cmake_force_configure=False, ament_cmake_args=None, catkin_cmake_args=None, catkin_skip_building_tests=False, verb_parser=<colcon_defaults.argument_parser.defaults.DefaultArgumentsDecorator object at 0x7f434c4a5660>, verb_extension=<colcon_core.verb.build.BuildVerb object at 0x7f434c7699c0>, main=<bound method BuildVerb.main of <colcon_core.verb.build.BuildVerb object at 0x7f434c7699c0>>)
[1.679s] Level 1:colcon.colcon_core.package_discovery:discover_packages(colcon_meta) check parameters
[1.679s] Level 1:colcon.colcon_core.package_discovery:discover_packages(recursive) check parameters
[1.679s] Level 1:colcon.colcon_core.package_discovery:discover_packages(ignore) check parameters
[1.679s] Level 1:colcon.colcon_core.package_discovery:discover_packages(path) check parameters
[1.679s] Level 1:colcon.colcon_core.package_discovery:discover_packages(colcon_meta) discover
[1.679s] Level 1:colcon.colcon_core.package_discovery:discover_packages(recursive) discover
[1.679s] INFO:colcon.colcon_core.package_discovery:Crawling recursively for packages in '/home/fsp/TE3001-Robotics_Fundamentals/ROS2/miniChallenges_ws'
[1.679s] Level 1:colcon.colcon_core.package_identification:_identify(.) by extensions ['ignore', 'ignore_ament_install']
[1.679s] Level 1:colcon.colcon_core.package_identification:_identify(.) by extension 'ignore'
[1.680s] Level 1:colcon.colcon_core.package_identification:_identify(.) by extension 'ignore_ament_install'
[1.680s] Level 1:colcon.colcon_core.package_identification:_identify(.) by extensions ['colcon_pkg']
[1.680s] Level 1:colcon.colcon_core.package_identification:_identify(.) by extension 'colcon_pkg'
[1.680s] Level 1:colcon.colcon_core.package_identification:_identify(.) by extensions ['colcon_meta']
[1.680s] Level 1:colcon.colcon_core.package_identification:_identify(.) by extension 'colcon_meta'
[1.680s] Level 1:colcon.colcon_core.package_identification:_identify(.) by extensions ['ros']
[1.680s] Level 1:colcon.colcon_core.package_identification:_identify(.) by extension 'ros'
[1.695s] Level 1:colcon.colcon_core.package_identification:_identify(.) by extensions ['cmake', 'python']
[1.696s] Level 1:colcon.colcon_core.package_identification:_identify(.) by extension 'cmake'
[1.696s] Level 1:colcon.colcon_core.package_identification:_identify(.) by extension 'python'
[1.696s] Level 1:colcon.colcon_core.package_identification:_identify(.) by extensions ['python_setup_py']
[1.696s] Level 1:colcon.colcon_core.package_identification:_identify(.) by extension 'python_setup_py'
[1.696s] Level 1:colcon.colcon_core.package_identification:_identify(build) by extensions ['ignore', 'ignore_ament_install']
[1.696s] Level 1:colcon.colcon_core.package_identification:_identify(build) by extension 'ignore'
[1.696s] Level 1:colcon.colcon_core.package_identification:_identify(build) ignored
[1.696s] Level 1:colcon.colcon_core.package_identification:_identify(install) by extensions ['ignore', 'ignore_ament_install']
[1.697s] Level 1:colcon.colcon_core.package_identification:_identify(install) by extension 'ignore'
[1.697s] Level 1:colcon.colcon_core.package_identification:_identify(install) ignored
[1.697s] Level 1:colcon.colcon_core.package_identification:_identify(log) by extensions ['ignore', 'ignore_ament_install']
[1.697s] Level 1:colcon.colcon_core.package_identification:_identify(log) by extension 'ignore'
[1.697s] Level 1:colcon.colcon_core.package_identification:_identify(log) ignored
[1.697s] Level 1:colcon.colcon_core.package_identification:_identify(src) by extensions ['ignore', 'ignore_ament_install']
[1.697s] Level 1:colcon.colcon_core.package_identification:_identify(src) by extension 'ignore'
[1.697s] Level 1:colcon.colcon_core.package_identification:_identify(src) by extension 'ignore_ament_install'
[1.697s] Level 1:colcon.colcon_core.package_identification:_identify(src) by extensions ['colcon_pkg']
[1.697s] Level 1:colcon.colcon_core.package_identification:_identify(src) by extension 'colcon_pkg'
[1.697s] Level 1:colcon.colcon_core.package_identification:_identify(src) by extensions ['colcon_meta']
[1.697s] Level 1:colcon.colcon_core.package_identification:_identify(src) by extension 'colcon_meta'
[1.697s] Level 1:colcon.colcon_core.package_identification:_identify(src) by extensions ['ros']
[1.698s] Level 1:colcon.colcon_core.package_identification:_identify(src) by extension 'ros'
[1.698s] Level 1:colcon.colcon_core.package_identification:_identify(src) by extensions ['cmake', 'python']
[1.698s] Level 1:colcon.colcon_core.package_identification:_identify(src) by extension 'cmake'
[1.698s] Level 1:colcon.colcon_core.package_identification:_identify(src) by extension 'python'
[1.698s] Level 1:colcon.colcon_core.package_identification:_identify(src) by extensions ['python_setup_py']
[1.698s] Level 1:colcon.colcon_core.package_identification:_identify(src) by extension 'python_setup_py'
[1.698s] Level 1:colcon.colcon_core.package_identification:_identify(src/basic_comms) by extensions ['ignore', 'ignore_ament_install']
[1.698s] Level 1:colcon.colcon_core.package_identification:_identify(src/basic_comms) by extension 'ignore'
[1.698s] Level 1:colcon.colcon_core.package_identification:_identify(src/basic_comms) by extension 'ignore_ament_install'
[1.698s] Level 1:colcon.colcon_core.package_identification:_identify(src/basic_comms) by extensions ['colcon_pkg']
[1.698s] Level 1:colcon.colcon_core.package_identification:_identify(src/basic_comms) by extension 'colcon_pkg'
[1.698s] Level 1:colcon.colcon_core.package_identification:_identify(src/basic_comms) by extensions ['colcon_meta']
[1.698s] Level 1:colcon.colcon_core.package_identification:_identify(src/basic_comms) by extension 'colcon_meta'
[1.699s] Level 1:colcon.colcon_core.package_identification:_identify(src/basic_comms) by extensions ['ros']
[1.699s] Level 1:colcon.colcon_core.package_identification:_identify(src/basic_comms) by extension 'ros'
[1.702s] DEBUG:colcon.colcon_core.package_identification:Package 'src/basic_comms' with type 'ros.ament_python' and name 'basic_comms'
[1.702s] Level 1:colcon.colcon_core.package_identification:_identify(src/courseworks) by extensions ['ignore', 'ignore_ament_install']
[1.702s] Level 1:colcon.colcon_core.package_identification:_identify(src/courseworks) by extension 'ignore'
[1.702s] Level 1:colcon.colcon_core.package_identification:_identify(src/courseworks) by extension 'ignore_ament_install'
[1.703s] Level 1:colcon.colcon_core.package_identification:_identify(src/courseworks) by extensions ['colcon_pkg']
[1.703s] Level 1:colcon.colcon_core.package_identification:_identify(src/courseworks) by extension 'colcon_pkg'
[1.703s] Level 1:colcon.colcon_core.package_identification:_identify(src/courseworks) by extensions ['colcon_meta']
[1.703s] Level 1:colcon.colcon_core.package_identification:_identify(src/courseworks) by extension 'colcon_meta'
[1.703s] Level 1:colcon.colcon_core.package_identification:_identify(src/courseworks) by extensions ['ros']
[1.703s] Level 1:colcon.colcon_core.package_identification:_identify(src/courseworks) by extension 'ros'
[1.704s] DEBUG:colcon.colcon_core.package_identification:Package 'src/courseworks' with type 'ros.ament_python' and name 'courseworks'
[1.704s] Level 1:colcon.colcon_core.package_identification:_identify(src/custom_msgs) by extensions ['ignore', 'ignore_ament_install']
[1.704s] Level 1:colcon.colcon_core.package_identification:_identify(src/custom_msgs) by extension 'ignore'
[1.704s] Level 1:colcon.colcon_core.package_identification:_identify(src/custom_msgs) by extension 'ignore_ament_install'
[1.704s] Level 1:colcon.colcon_core.package_identification:_identify(src/custom_msgs) by extensions ['colcon_pkg']
[1.704s] Level 1:colcon.colcon_core.package_identification:_identify(src/custom_msgs) by extension 'colcon_pkg'
[1.704s] Level 1:colcon.colcon_core.package_identification:_identify(src/custom_msgs) by extensions ['colcon_meta']
[1.704s] Level 1:colcon.colcon_core.package_identification:_identify(src/custom_msgs) by extension 'colcon_meta'
[1.704s] Level 1:colcon.colcon_core.package_identification:_identify(src/custom_msgs) by extensions ['ros']
[1.704s] Level 1:colcon.colcon_core.package_identification:_identify(src/custom_msgs) by extension 'ros'
[1.705s] DEBUG:colcon.colcon_core.package_identification:Package 'src/custom_msgs' with type 'ros.ament_cmake' and name 'custom_msgs'
[1.705s] Level 1:colcon.colcon_core.package_identification:_identify(src/custom_msgs_2) by extensions ['ignore', 'ignore_ament_install']
[1.706s] Level 1:colcon.colcon_core.package_identification:_identify(src/custom_msgs_2) by extension 'ignore'
[1.706s] Level 1:colcon.colcon_core.package_identification:_identify(src/custom_msgs_2) by extension 'ignore_ament_install'
[1.706s] Level 1:colcon.colcon_core.package_identification:_identify(src/custom_msgs_2) by extensions ['colcon_pkg']
[1.706s] Level 1:colcon.colcon_core.package_identification:_identify(src/custom_msgs_2) by extension 'colcon_pkg'
[1.706s] Level 1:colcon.colcon_core.package_identification:_identify(src/custom_msgs_2) by extensions ['colcon_meta']
[1.706s] Level 1:colcon.colcon_core.package_identification:_identify(src/custom_msgs_2) by extension 'colcon_meta'
[1.706s] Level 1:colcon.colcon_core.package_identification:_identify(src/custom_msgs_2) by extensions ['ros']
[1.706s] Level 1:colcon.colcon_core.package_identification:_identify(src/custom_msgs_2) by extension 'ros'
[1.707s] DEBUG:colcon.colcon_core.package_identification:Package 'src/custom_msgs_2' with type 'ros.ament_cmake' and name 'custom_msgs'
[1.707s] Level 1:colcon.colcon_core.package_identification:_identify(src/signal_reconstruct) by extensions ['ignore', 'ignore_ament_install']
[1.707s] Level 1:colcon.colcon_core.package_identification:_identify(src/signal_reconstruct) by extension 'ignore'
[1.708s] Level 1:colcon.colcon_core.package_identification:_identify(src/signal_reconstruct) by extension 'ignore_ament_install'
[1.708s] Level 1:colcon.colcon_core.package_identification:_identify(src/signal_reconstruct) by extensions ['colcon_pkg']
[1.708s] Level 1:colcon.colcon_core.package_identification:_identify(src/signal_reconstruct) by extension 'colcon_pkg'
[1.708s] Level 1:colcon.colcon_core.package_identification:_identify(src/signal_reconstruct) by extensions ['colcon_meta']
[1.708s] Level 1:colcon.colcon_core.package_identification:_identify(src/signal_reconstruct) by extension 'colcon_meta'
[1.708s] Level 1:colcon.colcon_core.package_identification:_identify(src/signal_reconstruct) by extensions ['ros']
[1.708s] Level 1:colcon.colcon_core.package_identification:_identify(src/signal_reconstruct) by extension 'ros'
[1.709s] DEBUG:colcon.colcon_core.package_identification:Package 'src/signal_reconstruct' with type 'ros.ament_python' and name 'signal_reconstruct'
[1.709s] Level 1:colcon.colcon_core.package_discovery:discover_packages(recursive) using defaults
[1.709s] Level 1:colcon.colcon_core.package_discovery:discover_packages(ignore) discover
[1.709s] Level 1:colcon.colcon_core.package_discovery:discover_packages(ignore) using defaults
[1.709s] Level 1:colcon.colcon_core.package_discovery:discover_packages(path) discover
[1.709s] Level 1:colcon.colcon_core.package_discovery:discover_packages(path) using defaults
[1.850s] Level 1:colcon.colcon_core.package_discovery:discover_packages(prefix_path) check parameters
[1.850s] Level 1:colcon.colcon_core.package_discovery:discover_packages(prefix_path) discover
[1.897s] DEBUG:colcon.colcon_installed_package_information.package_discovery:Found 4 installed packages in /home/fsp/TE3001-Robotics_Fundamentals/ROS2/miniChallenges_ws/install
[1.920s] DEBUG:colcon.colcon_installed_package_information.package_discovery:Found 10 installed packages in /home/fsp/ROS2_puzzle_bot/xArm_ws/install
[1.943s] DEBUG:colcon.colcon_installed_package_information.package_discovery:Found 338 installed packages in /opt/ros/humble
[1.959s] Level 1:colcon.colcon_core.package_discovery:discover_packages(prefix_path) using defaults
[2.087s] ERROR:colcon:colcon build: Duplicate package names not supported:
- custom_msgs:
  - src/custom_msgs
  - src/custom_msgs_2
